Started by user [8mha:////4EpdBdCNuCwQa66fWYnPH3vw48K9Acxogji8zuYoZJVXAAAAlx+LCAAAAAAAAP9b85aBtbiIQTGjNKU4P08vOT+vOD8nVc83PyU1x6OyILUoJzMv2y+/JJUBAhiZGBgqihhk0NSjKK2vVLpcJb0ykYmByZOBLSc1L70kw4eBubQop4RByCcrsSxRPycxL10/uKQoMy/dGmicFJpxzhAa3d4CIIO1hIFbv7Q4tUg/MSU3Mw8AT2NAa8AAAAA=[0madmin
Building in workspace /var/lib/jenkins/workspace/OpenCOG_U1404_AtomSpace
[OpenCOG_U1404_AtomSpace] $ /bin/sh -xe /tmp/jenkins2866221274239722380.sh
+ COGDIR=../OpenCOG_U1404
+ . ../OpenCOG_U1404/build.docker/docker.env
+ CID=129b03943d85f40f05c6cb8a209d5a42dbc03a2e51a386760339b4d78d29e760
+ DKRUNROOT=docker exec --user root   129b03943d85f40f05c6cb8a209d5a42dbc03a2e51a386760339b4d78d29e760
+ DKRUNUSER=docker exec --user jenkins  129b03943d85f40f05c6cb8a209d5a42dbc03a2e51a386760339b4d78d29e760
+ UID=125
+ GID=132
+ LOGFILE=/var/lib/jenkins/jobs/OpenCOG_U1404_AtomSpace/builds/198/log
+ cat


**********************************************************
**********************************************************
**********************************************************
**********************************************************
*****                                                *****
*****                  Atomspace TEST                *****
*****                                                *****
**********************************************************
**********************************************************
**********************************************************
**********************************************************


+ echo GIT_COMMIT=
GIT_COMMIT=
+ echo GIT_BRANCH=
GIT_BRANCH=
+ echo GIT_URL=
GIT_URL=
+ WDIR=atomspace
+ JOBDIR=../OpenCOG_U1404/dependencies
+ cat
+ chmod +x ../OpenCOG_U1404/dependencies/job1
+ docker exec --user jenkins 129b03943d85f40f05c6cb8a209d5a42dbc03a2e51a386760339b4d78d29e760 bash dependencies/job1
+ pwd
+ cd atomspace
+ cd build
+ make -j8 test
CMake Warning (dev) in CMakeFiles/Makefile.cmake:
  Syntax Warning in cmake code at

    CMakeFiles/Makefile.cmake:338:37

  Argument not separated from preceding token by whitespace.
This warning is for project developers.  Use -Wno-dev to suppress it.

CMake Warning (dev) in CMakeFiles/Makefile.cmake:
  Syntax Warning in cmake code at

    CMakeFiles/Makefile.cmake:339:35

  Argument not separated from preceding token by whitespace.
This warning is for project developers.  Use -Wno-dev to suppress it.

/home/opencog
CMake Warning (dev) in CMakeFiles/Makefile.cmake:
  Syntax Warning in cmake code at

    CMakeFiles/Makefile.cmake:338:37

  Argument not separated from preceding token by whitespace.
This warning is for project developers.  Use -Wno-dev to suppress it.

CMake Warning (dev) in CMakeFiles/Makefile.cmake:
  Syntax Warning in cmake code at

    CMakeFiles/Makefile.cmake:339:35

  Argument not separated from preceding token by whitespace.
This warning is for project developers.  Use -Wno-dev to suppress it.

[  0%] Built target opencog_atom_types
[  1%] Built target atomproto
[  3%] Built target truthvalue
[  4%] Built target atombase
[  6%] Built target atomutils
[ 12%] Built target atomcore
[ 14%] Built target clearbox
[ 17%] Built target atomspace
[ 17%] Generating VariablesUTest.cpp
[ 17%] Generating BetaReduceUTest.cpp
[ 17%] Generating TVMergeUTest.cpp
[ 17%] Generating EvidenceCountTruthValueUTest.cpp
[ 17%] Generating SimpleTruthValueUTest.cpp
[ 17%] Generating DefineLinkUTest.cpp
[ 18%] Built target atomspaceutils
[ 18%] Built target lambda
[ 18%] Built target unify
[ 19%] Generating ThreadSafeHandleMapUTest.cpp
Scanning dependencies of target EvidenceCountTruthValueUTest
Scanning dependencies of target TVMergeUTest
Scanning dependencies of target SimpleTruthValueUTest
Scanning dependencies of target BetaReduceUTest
Scanning dependencies of target VariablesUTest
Scanning dependencies of target DefineLinkUTest
[ 19%] Building CXX object tests/truthvalue/CMakeFiles/TVMergeUTest.dir/TVMergeUTest.cpp.o
[ 19%] Building CXX object tests/atoms/CMakeFiles/VariablesUTest.dir/VariablesUTest.cpp.o
[ 19%] Building CXX object tests/truthvalue/CMakeFiles/SimpleTruthValueUTest.dir/SimpleTruthValueUTest.cpp.o
[ 19%] Building CXX object tests/atoms/CMakeFiles/BetaReduceUTest.dir/BetaReduceUTest.cpp.o
[ 19%] Building CXX object tests/atoms/CMakeFiles/DefineLinkUTest.dir/DefineLinkUTest.cpp.o
[ 20%] Building CXX object tests/truthvalue/CMakeFiles/EvidenceCountTruthValueUTest.dir/EvidenceCountTruthValueUTest.cpp.o
[ 24%] Built target smob
Scanning dependencies of target ThreadSafeHandleMapUTest
[ 24%] Building CXX object tests/atomspace/CMakeFiles/ThreadSafeHandleMapUTest.dir/ThreadSafeHandleMapUTest.cpp.o
[ 24%] Generating RemoveUTest.cpp
Scanning dependencies of target RemoveUTest
[ 25%] Building CXX object tests/atomspace/CMakeFiles/RemoveUTest.dir/RemoveUTest.cpp.o
[ 25%] Linking CXX executable EvidenceCountTruthValueUTest
[ 26%] Linking CXX executable SimpleTruthValueUTest
../../opencog/truthvalue/libtruthvalue.so: undefined reference to `opencog::FUZZY_TRUTH_VALUE'
../../opencog/truthvalue/libtruthvalue.so: undefined reference to `vtable for opencog::FloatValue'
../../opencog/truthvalue/libtruthvalue.so: undefined reference to `opencog::FloatValue::operator==(opencog::ProtoAtom const&) const'
../../opencog/truthvalue/libtruthvalue.so: undefined reference to `typeinfo for opencog::FloatValue'
../../opencog/truthvalue/libtruthvalue.so: undefined reference to `opencog::INDEFINITE_TRUTH_VALUE'
../../opencog/truthvalue/libtruthvalue.so: undefined reference to `opencog::COUNT_TRUTH_VALUE'
../../opencog/truthvalue/libtruthvalue.so: undefined reference to `opencog::PROBABILISTIC_TRUTH_VALUE'
../../opencog/truthvalue/libtruthvalue.so: undefined reference to `opencog::EVIDENCE_COUNT_TRUTH_VALUE'
../../opencog/truthvalue/libtruthvalue.so: undefined reference to `opencog::SIMPLE_TRUTH_VALUE'
../../opencog/truthvalue/libtruthvalue.so: undefined reference to `opencog::FloatValue::to_string(std::string const&) const'
../../opencog/truthvalue/libtruthvalue.so: undefined reference to `opencog::ATTENTION_VALUE'
collect2: error: ld returned 1 exit status
make[3]: *** [tests/truthvalue/EvidenceCountTruthValueUTest] Error 1
make[2]: *** [tests/truthvalue/CMakeFiles/EvidenceCountTruthValueUTest.dir/all] Error 2
make[2]: *** Waiting for unfinished jobs....
[ 26%] Built target SimpleTruthValueUTest
[ 26%] Linking CXX executable TVMergeUTest
[ 26%] Built target TVMergeUTest
[ 27%] Linking CXX executable DefineLinkUTest
[ 27%] Linking CXX executable BetaReduceUTest
[ 28%] Linking CXX executable VariablesUTest
[ 28%] Built target DefineLinkUTest
[ 28%] Built target BetaReduceUTest
[ 28%] Built target VariablesUTest
[ 28%] Linking CXX executable ThreadSafeHandleMapUTest
[ 28%] Built target ThreadSafeHandleMapUTest
[ 28%] Linking CXX executable RemoveUTest
[ 28%] Built target RemoveUTest
make[1]: *** [CMakeFiles/test.dir/rule] Error 2
make: *** [test] Error 2
+ DSTATUS=TESTFAIL
+ /var/lib/jenkins/status/updateStatus TESTFAIL /var/lib/jenkins/jobs/OpenCOG_U1404_AtomSpace/builds/198/log OpenCOG_U1404_AtomSpace
Already up-to-date.
