Started by user [8mha:////4L2jTPWu9zIb56dnp8RqVObesKKV2DVGI0jJXlam1DqAAAAAlx+LCAAAAAAAAP9b85aBtbiIQTGjNKU4P08vOT+vOD8nVc83PyU1x6OyILUoJzMv2y+/JJUBAhiZGBgqihhk0NSjKDWzXb3RdlLBUSYGJk8GtpzUvPSSDB8G5tKinBIGIZ+sxLJE/ZzEvHT94JKizLx0a6BxUmjGOUNodHsLgAzWEgZu/dLi1CL9xJTczDwAj6GcLcAAAAA=[0madmin
Building in workspace /var/lib/jenkins/workspace/OpenCOG_U1604_Opencog
[OpenCOG_U1604_Opencog] $ /bin/sh -xe /tmp/jenkins6731490508831248118.sh
+ COGDIR=../OpenCOG_U1604
+ . ../OpenCOG_U1604/build.docker/docker.env
+ CID=8d44f66c39565e3b3d37569921f39e7eedbc5321d6b83e57e4e1100c1b648006
+ DKRUNROOT=docker exec --user root   8d44f66c39565e3b3d37569921f39e7eedbc5321d6b83e57e4e1100c1b648006
+ DKRUNUSER=docker exec --user jenkins  8d44f66c39565e3b3d37569921f39e7eedbc5321d6b83e57e4e1100c1b648006
+ UID=125
+ GID=132
+ LOGFILE=/var/lib/jenkins/jobs/OpenCOG_U1604_Opencog/builds/355/log
+ cat


**********************************************************
**********************************************************
**********************************************************
**********************************************************
*****                                                *****
*****                  Opencog TEST                *****
*****                                                *****
**********************************************************
**********************************************************
**********************************************************
**********************************************************


+ echo GIT_COMMIT=
GIT_COMMIT=
+ echo GIT_BRANCH=
GIT_BRANCH=
+ echo GIT_URL=
GIT_URL=
+ WDIR=opencog/
+ JOBDIR=../OpenCOG_U1604/dependencies
+ cat
+ chmod +x ../OpenCOG_U1604/dependencies/job1
+ docker exec --user jenkins 8d44f66c39565e3b3d37569921f39e7eedbc5321d6b83e57e4e1100c1b648006 bash dependencies/job1
+ cd opencog/
+ cd build
+ make -j8 test
[  0%] Generating PLNRulesUTest.cpp
[  0%] Generating MOSESPLNSynergyUTest.cpp
[  0%] Built target octomap_atom_types
[  1%] Built target attention_atom_types
[  3%] Built target statistics
[  6%] Built target miner
[  6%] Built target patternminer_atom_types
[ 10%] Built target openpsi
[ 12%] Built target nlp_atom_types
[ 13%] Built target spacetime_atom_types
[ 22%] Built target server
[ 22%] Generating OpenPsiImplicatorUTest.cpp
[ 22%] Generating OpenPsiSCMUTest.cpp
[ 25%] Generating OpenPsiRulesUTest.cpp
[ 25%] Built target guile-miner
[ 27%] Built target attention-types
[ 29%] Built target octomap-types
[ 31%] Generating StatisticsUTest.cpp
Scanning dependencies of target MOSESPLNSynergyUTest
Scanning dependencies of target PLNRulesUTest
[ 34%] Built target patternminer-types
[ 36%] Built target dimensionalembedding
[ 37%] Building CXX object tests/pln/CMakeFiles/MOSESPLNSynergyUTest.dir/MOSESPLNSynergyUTest.cpp.o
[ 39%] Building CXX object tests/pln/rules/CMakeFiles/PLNRulesUTest.dir/PLNRulesUTest.cpp.o
[ 41%] Generating MinerUTest.cpp
Scanning dependencies of target OpenPsiSCMUTest
Scanning dependencies of target OpenPsiImplicatorUTest
Scanning dependencies of target StatisticsUTest
Scanning dependencies of target OpenPsiRulesUTest
[ 41%] Building CXX object tests/learning/statistics/CMakeFiles/StatisticsUTest.dir/StatisticsUTest.cpp.o
[ 41%] Building CXX object tests/openpsi/CMakeFiles/OpenPsiSCMUTest.dir/OpenPsiSCMUTest.cpp.o
[ 43%] Building CXX object tests/openpsi/CMakeFiles/OpenPsiImplicatorUTest.dir/OpenPsiImplicatorUTest.cpp.o
[ 43%] Building CXX object tests/openpsi/CMakeFiles/OpenPsiRulesUTest.dir/OpenPsiRulesUTest.cpp.o
[ 50%] Built target patternindex
Scanning dependencies of target MinerUTest
[ 58%] Built target attention
[ 58%] Building CXX object tests/learning/miner/CMakeFiles/MinerUTest.dir/MinerUTest.cpp.o
[ 58%] Generating ShellUTest.cpp
Scanning dependencies of target ShellUTest
[ 60%] Building CXX object tests/server/CMakeFiles/ShellUTest.dir/ShellUTest.cpp.o
[ 60%] Linking CXX executable StatisticsUTest
[ 60%] Built target StatisticsUTest
[ 60%] Generating CogServerUTest.cpp
Scanning dependencies of target CogServerUTest
[ 60%] Building CXX object tests/server/CMakeFiles/CogServerUTest.dir/CogServerUTest.cpp.o
[ 60%] Linking CXX executable MOSESPLNSynergyUTest
[ 60%] Built target MOSESPLNSynergyUTest
[ 60%] Generating AgentUTest.cpp
Scanning dependencies of target AgentUTest
[ 60%] Building CXX object tests/server/CMakeFiles/AgentUTest.dir/AgentUTest.cpp.o
[ 62%] Linking CXX executable OpenPsiRulesUTest
[ 62%] Built target OpenPsiRulesUTest
[ 67%] Built target atom_octomap
[ 67%] Generating DimEmbedUTest.cpp
[ 68%] Linking CXX executable OpenPsiSCMUTest
Scanning dependencies of target DimEmbedUTest
[ 70%] Building CXX object tests/learning/dimensionalembedding/CMakeFiles/DimEmbedUTest.dir/DimEmbedUTest.cpp.o
[ 70%] Linking CXX executable ShellUTest
[ 70%] Built target OpenPsiSCMUTest
[ 74%] Built target PatternMiner
[ 74%] Built target ShellUTest
[ 75%] Generating PatternIndexAPIUTest.cpp
[ 77%] Generating AttentionParamQueryUTest.cpp
Scanning dependencies of target AttentionParamQueryUTest
[ 77%] Building CXX object tests/attention/CMakeFiles/AttentionParamQueryUTest.dir/AttentionParamQueryUTest.cpp.o
Scanning dependencies of target PatternIndexAPIUTest
[ 77%] Building CXX object tests/learning/pattern-index/CMakeFiles/PatternIndexAPIUTest.dir/PatternIndexAPIUTest.cpp.o
[ 77%] Linking CXX executable OpenPsiImplicatorUTest
[ 77%] Linking CXX executable PLNRulesUTest
[ 77%] Built target OpenPsiImplicatorUTest
[ 79%] Generating HebbianCreationModuleUTest.cpp
Scanning dependencies of target HebbianCreationModuleUTest
[ 79%] Building CXX object tests/attention/CMakeFiles/HebbianCreationModuleUTest.dir/HebbianCreationModuleUTest.cpp.o
[ 79%] Built target PLNRulesUTest
[ 79%] Generating ImportanceDiffusionUTest.cpp
Scanning dependencies of target ImportanceDiffusionUTest
[ 79%] Building CXX object tests/attention/CMakeFiles/ImportanceDiffusionUTest.dir/ImportanceDiffusionUTest.cpp.o
[ 81%] Linking CXX executable CogServerUTest
[ 82%] Linking CXX executable AgentUTest
[ 82%] Built target CogServerUTest
[ 84%] Generating TimeSpaceAtomUTest.cpp
[ 84%] Built target AgentUTest
[ 84%] Generating AtomOcTreeUTest.cpp
Scanning dependencies of target TimeSpaceAtomUTest
[ 84%] Building CXX object tests/spacetime/CMakeFiles/TimeSpaceAtomUTest.dir/TimeSpaceAtomUTest.cpp.o
Scanning dependencies of target AtomOcTreeUTest
[ 86%] Linking CXX executable PatternIndexAPIUTest
[ 87%] Building CXX object tests/spacetime/CMakeFiles/AtomOcTreeUTest.dir/AtomOcTreeUTest.cpp.o
[ 89%] Linking CXX executable AttentionParamQueryUTest
CMakeFiles/PatternIndexAPIUTest.dir/PatternIndexAPIUTest.cpp.o: In function `PatternIndexAPIUTest::PatternIndexAPIUTest()':
/home/opencog/opencog/build/tests/learning/pattern-index/../../../../tests/learning/pattern-index/PatternIndexAPIUTest.cxxtest:76: warning: the use of `tmpnam' is dangerous, better use `mkstemp'
[ 89%] Built target PatternIndexAPIUTest
[ 89%] Generating OctoValueUTest.cpp
Scanning dependencies of target OctoValueUTest
[ 89%] Built target AttentionParamQueryUTest
[ 89%] Building CXX object tests/spacetime/CMakeFiles/OctoValueUTest.dir/OctoValueUTest.cpp.o
[ 89%] Generating PatternMinerUTest.cpp
Scanning dependencies of target PatternMinerUTest
[ 91%] Building CXX object tests/learning/PatternMiner/CMakeFiles/PatternMinerUTest.dir/PatternMinerUTest.cpp.o
[ 93%] Linking CXX executable MinerUTest
[ 93%] Built target MinerUTest
[ 94%] Linking CXX executable HebbianCreationModuleUTest
[ 94%] Built target HebbianCreationModuleUTest
[ 96%] Linking CXX executable ImportanceDiffusionUTest
[ 96%] Built target ImportanceDiffusionUTest
[ 96%] Linking CXX executable DimEmbedUTest
[ 96%] Built target DimEmbedUTest
[ 98%] Linking CXX executable OctoValueUTest
[ 98%] Built target OctoValueUTest
[ 98%] Linking CXX executable AtomOcTreeUTest
[ 98%] Built target AtomOcTreeUTest
[ 98%] Linking CXX executable PatternMinerUTest
[ 98%] Built target PatternMinerUTest
[100%] Linking CXX executable TimeSpaceAtomUTest
[100%] Built target TimeSpaceAtomUTest
Scanning dependencies of target tests
[100%] Built target tests
Scanning dependencies of target test
[100%] Running tests...
Test project /home/opencog/opencog/build/tests
      Start  1: AttentionParamQueryUTest
 1/19 Test  #1: AttentionParamQueryUTest .........   Passed    0.37 sec
      Start  2: ImportanceDiffusionUTest
 2/19 Test  #2: ImportanceDiffusionUTest .........   Passed    0.41 sec
      Start  3: HebbianCreationModuleUTest
 3/19 Test  #3: HebbianCreationModuleUTest .......   Passed    1.25 sec
      Start  4: CogServerUTest
 4/19 Test  #4: CogServerUTest ...................   Passed    0.84 sec
      Start  5: ShellUTest
 5/19 Test  #5: ShellUTest .......................***Failed  118.72 sec
Running cxxtest tests (5 tests)[0;32mopencog[1;32m> [0mEntering scheme shell; use ^D or a single . on a line by itself to exit.
[0;34mguile[1;34m> [0m(ConceptNode "42")

[0;34mguile[1;34m> [0m
[0;34mguile[1;34m> [0m[0;32mopencog[1;32m> [0mEntering scheme shell; use ^D or a single . on a line by itself to exit.
[0;34mguile[1;34m> [0m[0;32mopencog[1;32m> [0mExiting the shell
4
[0;34mguile[1;34m> [0m[0;32mopencog[1;32m> [0m[0;32mopencog[1;32m> [0mEntering scheme shell; use ^D or a single . on a line by itself to exit.
[0;34mguile[1;34m> [0m(ConceptNode "42")

[0;34mguile[1;34m> [0m
[0;34mguile[1;34m> [0m[0;32mopencog[1;32m> [0mEntering scheme shell; use ^D or a single . on a line by itself to exit.
[0;34mguile[1;34m> [0m[0;32mopencog[1;32m> [0mExiting the shell
4
[0;34mguile[1;34m> [0m[0;32mopencog[1;32m> [0mListening on port 17333
.[0;32mopencog[1;32m> [0mEntering scheme shell; use ^D or a single . on a line by itself to exit.
[0;34mguile[1;34m> [0m[0;34mguile[1;34m> [0m[0;32mopencog[1;32m> [0mEntering scheme shell; use ^D or a single . on a line by itself to exit.
[0;34mguile[1;34m> [0m[0;34mguile[1;34m> [0m[0;32mopencog[1;32m> [0mEntering scheme shell; use ^D or a single . on a line by itself to exit.
[0;34mguile[1;34m> [0m[0;34mguile[1;34m> [0mBacktrace:
           8 (apply-smob/1 #<catch-closure 281d640>)
           7 (apply-smob/1 #<catch-closure 28c5be0>)
In ice-9/boot-9.scm:
   2312:4  6 (save-module-excursion #<procedure 28644a0 at ice-9/evaâ€¦>)
In ice-9/eval-string.scm:
     38:6  5 (read-and-eval #<input: string 260ee70> #:lang _)
In unknown file:
           4 (sleep 41)
Exception thrown while printing backtrace:
In procedure cdr: Wrong type argument in position 1 (expecting pair): ()

ERROR: In procedure apply-smob/1:
In procedure SchemeEval::interrupt: User interrupt from keyboard
ABORT: user-interrupt
Listening on port 17333
Elapsed: 0
First elapsed: 0
Second elapsed: 0
.Listening on port 17333
Received 205 bytes: [0;32mopencog[1;32m> [0mEntering scheme shell; use ^D or a single . on a line by itself to exit.
[0;34mguile[1;34m> [0m(ConceptNode "B")
(ConceptNode "C")
(ConceptNode "A")

[0;34mguile[1;34m> [0m
.Listening on port 17333

In ShellUTest::testMessaging:
/home/opencog/opencog/build/tests/server/../../../tests/server/ShellUTest.cxxtest:76: Error: Expected (281 <= reso.size()), found (281 > 280)
Error: Create rep 29 of 30 in thread 9 failed
	Got: 280 >>>[0;32mopencog[1;32m> [0mEntering scheme shell; use ^D or a single . on a line by itself to exit.
[0;34mguile[1;34m> [0m[0;34mguile[1;34m> [0m(EvaluationLink
   (PredicateNode "visible face")
   (ListLink
      (NumberNode "19039.000000")
   )
)

[0;34mguile[1;34m> [0m<<<
Listening on port 17333
.
Failed 1 and Skipped 0 of 5 tests
Success rate: 80%

      Start  6: AgentUTest
 6/19 Test  #6: AgentUTest .......................   Passed    0.20 sec
      Start  7: AtomOcTreeUTest
 7/19 Test  #7: AtomOcTreeUTest ..................   Passed    0.04 sec
      Start  8: OctoValueUTest
 8/19 Test  #8: OctoValueUTest ...................   Passed    0.01 sec
      Start  9: TimeSpaceAtomUTest
 9/19 Test  #9: TimeSpaceAtomUTest ...............   Passed    0.05 sec
      Start 10: MOSESPLNSynergyUTest
10/19 Test #10: MOSESPLNSynergyUTest .............   Passed    5.29 sec
      Start 11: PLNRulesUTest
11/19 Test #11: PLNRulesUTest ....................   Passed    1.66 sec
      Start 12: OpenPsiRulesUTest
12/19 Test #12: OpenPsiRulesUTest ................   Passed    1.40 sec
      Start 13: OpenPsiImplicatorUTest
13/19 Test #13: OpenPsiImplicatorUTest ...........   Passed    0.41 sec
      Start 14: OpenPsiSCMUTest
14/19 Test #14: OpenPsiSCMUTest ..................   Passed    0.22 sec
      Start 15: DimEmbedUTest
15/19 Test #15: DimEmbedUTest ....................   Passed    0.21 sec
      Start 16: StatisticsUTest
16/19 Test #16: StatisticsUTest ..................   Passed    0.00 sec
      Start 17: PatternMinerUTest
17/19 Test #17: PatternMinerUTest ................   Passed    0.19 sec
      Start 18: PatternIndexAPIUTest
18/19 Test #18: PatternIndexAPIUTest .............   Passed    0.57 sec
      Start 19: MinerUTest
19/19 Test #19: MinerUTest .......................   Passed    5.04 sec

95% tests passed, 1 tests failed out of 19

Total Test time (real) = 136.92 sec

The following tests FAILED:
	  5 - ShellUTest (Failed)
Errors while running CTest
make[3]: *** [CMakeFiles/test] Error 8
make[2]: *** [CMakeFiles/test.dir/all] Error 2
CMakeFiles/test.dir/build.make:57: recipe for target 'CMakeFiles/test' failed
CMakeFiles/Makefile2:131: recipe for target 'CMakeFiles/test.dir/all' failed
CMakeFiles/Makefile2:138: recipe for target 'CMakeFiles/test.dir/rule' failed
Makefile:210: recipe for target 'test' failed
make[1]: *** [CMakeFiles/test.dir/rule] Error 2
make: *** [test] Error 2
+ DSTATUS=TESTFAIL
+ /var/lib/jenkins/status/updateStatus TESTFAIL /var/lib/jenkins/jobs/OpenCOG_U1604_Opencog/builds/355/log OpenCOG_U1604_Opencog
Auto packing the repository in background for optimum performance.
See "git help gc" for manual housekeeping.
error: The last gc run reported the following. Please correct the root cause
and remove .git/gc.log.
Automatic cleanup will not be performed until the file is removed.

error: pack-objects died of signal 15
error: failed to run repack

Already up-to-date.
