Started by upstream project "[8mha:////4HYLKC3QWnNL8UcNtRMb3SIghDGZXRDiSIrVjCiet8BaAAAAnx+LCAAAAAAAAP9b85aBtbiIQTGjNKU4P08vOT+vOD8nVc83PyU1x6OyILUoJzMv2y+/JJUBAhiZGBgqihhk0NSjKDWzXb3RdlLBUSYGJk8GtpzUvPSSDB8G5tKinBIGIZ+sxLJE/ZzEvHT94JKizLx0a6BxUmjGOUNodHsLgAzeEgZh/az8JH3/gtQ8Z3/3+FBDEwMTfQAfNa+iyAAAAA==[0mOpenCOG_U1404" build number [8mha:////4IszE1UMdlKxxeHYl5F2ZIa6SJK16M2leAAI2IOKti06AAAAnx+LCAAAAAAAAP9b85aBtbiIQTGjNKU4P08vOT+vOD8nVc83PyU1x6OyILUoJzMv2y+/JJUBAhiZGBgqihhk0NSjKDWzXb3RdlLBUSYGJk8GtpzUvPSSDB8G5tKinBIGIZ+sxLJE/ZzEvHT94JKizLx0a6BxUmjGOUNodHsLQIwSBhH9rPwkff+C1Dxnf/f4UEMTAxN9MwBt/P5CyQAAAA==[0m6
originally caused by:
 Started by user [8mha:////4L2jTPWu9zIb56dnp8RqVObesKKV2DVGI0jJXlam1DqAAAAAlx+LCAAAAAAAAP9b85aBtbiIQTGjNKU4P08vOT+vOD8nVc83PyU1x6OyILUoJzMv2y+/JJUBAhiZGBgqihhk0NSjKDWzXb3RdlLBUSYGJk8GtpzUvPSSDB8G5tKinBIGIZ+sxLJE/ZzEvHT94JKizLx0a6BxUmjGOUNodHsLgAzWEgZu/dLi1CL9xJTczDwAj6GcLcAAAAA=[0madmin
Building in workspace /var/lib/jenkins/workspace/OpenCOG_U1404_Moses
[OpenCOG_U1404_Moses] $ /bin/sh -xe /tmp/jenkins597122764930101080.sh
+ COGDIR=../OpenCOGCI
+ . ../OpenCOGCI/build.docker/docker.env
+ CID=33c8747ec151d10f168ac160aa1caa094e56abddd8d1b02fc6b2309b0bb3a749
+ DKRUNROOT=docker exec --user root   33c8747ec151d10f168ac160aa1caa094e56abddd8d1b02fc6b2309b0bb3a749
+ DKRUNUSER=docker exec --user jenkins  33c8747ec151d10f168ac160aa1caa094e56abddd8d1b02fc6b2309b0bb3a749
+ UID=125
+ GID=132
+ LOGFILE=/var/lib/jenkins/jobs/OpenCOG_U1404_Moses/builds/1/log
+ cat


**********************************************************
**********************************************************
**********************************************************
**********************************************************
*****                                                *****
*****                  MOSES TEST                    *****
*****                                                *****
**********************************************************
**********************************************************
**********************************************************
**********************************************************


+ echo GIT_COMMIT=
GIT_COMMIT=
+ echo GIT_BRANCH=
GIT_BRANCH=
+ echo GIT_URL=
GIT_URL=
+ WDIR=opencog/dependencies/moses
+ JOBDIR=../OpenCOGCI/dependencies
+ cat
+ chmod +x ../OpenCOGCI/dependencies/job1
+ docker exec --user jenkins 33c8747ec151d10f168ac160aa1caa094e56abddd8d1b02fc6b2309b0bb3a749 bash opencog/dependencies/job1
/home/opencog
+ pwd
+ cd opencog/dependencies/moses
+ cd build
+ make -j8 test
[  0%] Built target ant_scoring
[  2%] Built target moses_exec
[  6%] Built target feature_selection
[ 27%] Built target comboreduct
[ 29%] Built target annUTest
[ 33%] Built target comboant
[ 36%] Built target iostream_comboUTest
[ 36%] Built target listUTest
[ 37%] Built target messageUTest
[ 38%] Built target procedure_repositoryUTest
[ 40%] Built target procedure_callUTest
[ 41%] Built target vertexUTest
[ 43%] Built target interpreterUTest
[ 44%] Built target similarityUTest
[ 45%] Built target FoldReductUTest
[ 47%] Built target BooleanFullUTest
[ 48%] Built target MixedReductUTest
[ 50%] Built target ContinReductUTest
[ 52%] Built target ANNReductUTest
[ 52%] Built target FullReductUTest
[ 70%] Built target moses
[ 72%] Built target tableUTest
[ 73%] Built target BooleanReductUTest
[ 75%] Built target type_treeUTest
[ 76%] Built target scoringUTest
[ 77%] Built target representationUTest
[ 80%] Built target weightedUTest
[ 81%] Built target mixedUTest
[ 83%] Built target feature_selectionUTest
[ 84%] Built target AntUTest
[ 86%] Built target irisUTest
[ 87%] Built target KnobTurningUTest
[ 88%] Built target MOSESUTest
[ 90%] Built target NeighborSamplingUTest
[ 91%] Built target optimizationUTest
[ 93%] Built target iostream_scored_combo_treeUTest
[ 94%] Built target metapopulationUTest
[ 95%] Built target selectionUTest
[ 97%] Built target dynFeatSelUTest
[ 98%] Built target FieldSetUTest
[ 98%] Built target tests
[100%] Running tests...
Test project /home/opencog/opencog/dependencies/moses/build/tests
      Start  1: vertexUTest
 1/35 Test  #1: vertexUTest .......................   Passed    0.01 sec
      Start  2: messageUTest
 2/35 Test  #2: messageUTest ......................   Passed    0.00 sec
      Start  3: listUTest
 3/35 Test  #3: listUTest .........................   Passed    0.00 sec
      Start  4: similarityUTest
 4/35 Test  #4: similarityUTest ...................   Passed    0.00 sec
      Start  5: annUTest
 5/35 Test  #5: annUTest ..........................   Passed    0.00 sec
      Start  6: procedure_callUTest
 6/35 Test  #6: procedure_callUTest ...............   Passed    0.00 sec
      Start  7: procedure_repositoryUTest
 7/35 Test  #7: procedure_repositoryUTest .........   Passed    0.00 sec
      Start  8: interpreterUTest
 8/35 Test  #8: interpreterUTest ..................   Passed    0.00 sec
      Start  9: iostream_comboUTest
 9/35 Test  #9: iostream_comboUTest ...............   Passed    0.00 sec
      Start 10: BooleanReductUTest
10/35 Test #10: BooleanReductUTest ................   Passed    0.00 sec
      Start 11: BooleanFullUTest
11/35 Test #11: BooleanFullUTest ..................   Passed    0.09 sec
      Start 12: ContinReductUTest
12/35 Test #12: ContinReductUTest .................   Passed    0.01 sec
      Start 13: FullReductUTest
13/35 Test #13: FullReductUTest ...................   Passed    0.01 sec
      Start 14: MixedReductUTest
14/35 Test #14: MixedReductUTest ..................   Passed    0.06 sec
      Start 15: ANNReductUTest
15/35 Test #15: ANNReductUTest ....................   Passed    0.00 sec
      Start 16: FoldReductUTest
16/35 Test #16: FoldReductUTest ...................   Passed    0.00 sec
      Start 17: tableUTest
17/35 Test #17: tableUTest ........................   Passed    0.01 sec
      Start 18: type_treeUTest
18/35 Test #18: type_treeUTest ....................   Passed    0.18 sec
      Start 19: iostream_scored_combo_treeUTest
19/35 Test #19: iostream_scored_combo_treeUTest ...   Passed    0.01 sec
      Start 20: KnobTurningUTest
20/35 Test #20: KnobTurningUTest ..................   Passed    0.01 sec
      Start 21: NeighborSamplingUTest
21/35 Test #21: NeighborSamplingUTest .............   Passed    0.03 sec
      Start 22: FieldSetUTest
22/35 Test #22: FieldSetUTest .....................   Passed    0.09 sec
      Start 23: representationUTest
23/35 Test #23: representationUTest ...............   Passed    0.17 sec
      Start 24: scoringUTest
24/35 Test #24: scoringUTest ......................   Passed    0.02 sec
      Start 25: metapopulationUTest
25/35 Test #25: metapopulationUTest ...............   Passed    0.01 sec
      Start 26: optimizationUTest
26/35 Test #26: optimizationUTest .................   Passed    0.01 sec
      Start 27: MOSESUTest
27/35 Test #27: MOSESUTest ........................   Passed   27.09 sec
      Start 28: weightedUTest
28/35 Test #28: weightedUTest .....................   Passed   39.89 sec
      Start 29: mixedUTest
29/35 Test #29: mixedUTest ........................   Passed   16.41 sec
      Start 30: irisUTest
30/35 Test #30: irisUTest .........................   Passed   78.22 sec
      Start 31: selectionUTest
31/35 Test #31: selectionUTest ....................   Passed  159.79 sec
      Start 32: dynFeatSelUTest
32/35 Test #32: dynFeatSelUTest ...................***Failed   11.10 sec
      Start 33: AntUTest
Could not find executable AntUTest
Looked in the following places:
AntUTest
AntUTest
Release/AntUTest
Release/AntUTest
Debug/AntUTest
Debug/AntUTest
MinSizeRel/AntUTest
MinSizeRel/AntUTest
RelWithDebInfo/AntUTest
RelWithDebInfo/AntUTest
Deployment/AntUTest
Deployment/AntUTest
Development/AntUTest
Development/AntUTest
Unable to find executable: AntUTest
Unable to find executable: feature_selectionUTest
33/35 Test #33: AntUTest ..........................***Not Run   0.00 sec
      Start 34: feature_selectionUTest
Could not find executable feature_selectionUTest
Looked in the following places:
feature_selectionUTest
feature_selectionUTest
Release/feature_selectionUTest
Release/feature_selectionUTest
Debug/feature_selectionUTest
Debug/feature_selectionUTest
MinSizeRel/feature_selectionUTest
MinSizeRel/feature_selectionUTest
RelWithDebInfo/feature_selectionUTest
RelWithDebInfo/feature_selectionUTest
Deployment/feature_selectionUTest
Deployment/feature_selectionUTest
Development/feature_selectionUTest
Development/feature_selectionUTest
34/35 Test #34: feature_selectionUTest ............***Not Run   0.00 sec
      Start 35: CythonMoses
35/35 Test #35: CythonMoses .......................***Not Run   0.00 sec
Cannot create directory /home/opencog/opencog/dependencies/moses/build/tests/Testing/Temporary
Cannot create log file: LastTestsFailed.log

89% tests passed, 4 tests failed out of 35

Total Test time (real) = 333.25 sec

The following tests FAILED:
	 32 - dynFeatSelUTest (Failed)
	 33 - AntUTest (Not Run)
	 34 - feature_selectionUTest (Not Run)
	 35 - CythonMoses (BAD_COMMAND)
Errors while running CTest
CMakeFiles/test.dir/build.make:57: recipe for target 'CMakeFiles/test' failed
make[3]: *** [CMakeFiles/test] Error 8
CMakeFiles/Makefile2:131: recipe for target 'CMakeFiles/test.dir/all' failed
CMakeFiles/Makefile2:138: recipe for target 'CMakeFiles/test.dir/rule' failed
Makefile:210: recipe for target 'test' failed
make[2]: *** [CMakeFiles/test.dir/all] Error 2
make[1]: *** [CMakeFiles/test.dir/rule] Error 2
make: *** [test] Error 2
+ DSTATUS=TESTFAIL
+ /var/lib/jenkins/status/updateStatus TESTFAIL /var/lib/jenkins/jobs/OpenCOG_U1404_Moses/builds/1/log OpenCOG_U1404_Moses
Already up-to-date.
~/status/jobs ~/status
