Started by user [8mha:////4L2jTPWu9zIb56dnp8RqVObesKKV2DVGI0jJXlam1DqAAAAAlx+LCAAAAAAAAP9b85aBtbiIQTGjNKU4P08vOT+vOD8nVc83PyU1x6OyILUoJzMv2y+/JJUBAhiZGBgqihhk0NSjKDWzXb3RdlLBUSYGJk8GtpzUvPSSDB8G5tKinBIGIZ+sxLJE/ZzEvHT94JKizLx0a6BxUmjGOUNodHsLgAzWEgZu/dLi1CL9xJTczDwAj6GcLcAAAAA=[0madmin
Building in workspace /var/lib/jenkins/workspace/OpenCOG_U1710_Opencog
[OpenCOG_U1710_Opencog] $ /bin/sh -xe /tmp/jenkins7967153317190588574.sh
+ COGDIR=../OpenCOG_U1710
+ . ../OpenCOG_U1710/build.docker/docker.env
+ CID=501905cfe9b6eb5b115c1fed7d869f2b2c63c527cf1f2f47ea52e3113c01f14c
+ DKRUNROOT=docker exec --user root   501905cfe9b6eb5b115c1fed7d869f2b2c63c527cf1f2f47ea52e3113c01f14c
+ DKRUNUSER=docker exec --user jenkins  501905cfe9b6eb5b115c1fed7d869f2b2c63c527cf1f2f47ea52e3113c01f14c
+ UID=125
+ GID=132
+ LOGFILE=/var/lib/jenkins/jobs/OpenCOG_U1710_Opencog/builds/16/log
+ cat


**********************************************************
**********************************************************
**********************************************************
**********************************************************
*****                                                *****
*****                  Opencog TEST                *****
*****                                                *****
**********************************************************
**********************************************************
**********************************************************
**********************************************************


+ echo GIT_COMMIT=
GIT_COMMIT=
+ echo GIT_BRANCH=
GIT_BRANCH=
+ echo GIT_URL=
GIT_URL=
+ WDIR=opencog/
+ JOBDIR=../OpenCOG_U1710/dependencies
+ cat
+ chmod +x ../OpenCOG_U1710/dependencies/job1
+ docker exec --user jenkins 501905cfe9b6eb5b115c1fed7d869f2b2c63c527cf1f2f47ea52e3113c01f14c bash dependencies/job1
+ cd opencog/
+ cd build
+ make -j8 test
[  0%] Generating MOSESPLNSynergyUTest.cpp
[  1%] Generating PLNRulesUTest.cpp
[  1%] Built target nlp_atom_types
[  1%] Built target attention_atom_types
[  3%] Built target json_spirit
[  6%] Built target xpatternminer
[ 10%] Built target py-shell
[ 13%] Built target openpsi
[ 15%] Built target statistics
[ 16%] Built target patternminer_atom_types
[ 15%] Built target spacetime_atom_types
[ 16%] Built target agent_finder
[ 18%] Built target dimensionalembedding
[ 18%] Generating XPatternMinerUTest.cpp
[ 26%] Built target patternindex
[ 26%] Generating OpenPsiImplicatorUTest.cpp
[ 28%] Generating OpenPsiRulesUTest.cpp
[ 31%] Built target nlp-types
[ 33%] Built target attention-types
[ 35%] Built target atomspacepublishermodule
[ 36%] Generating StatisticsUTest.cpp
[ 36%] Generating OpenPsiSCMUTest.cpp
Scanning dependencies of target MOSESPLNSynergyUTest
Scanning dependencies of target PLNRulesUTest
[ 40%] Built target patternminer-types
[ 40%] Building CXX object tests/pln/CMakeFiles/MOSESPLNSynergyUTest.dir/MOSESPLNSynergyUTest.cpp.o
[ 40%] Building CXX object tests/pln/rules/CMakeFiles/PLNRulesUTest.dir/PLNRulesUTest.cpp.o
[ 40%] Generating PatternIndexAPIUTest.cpp
Scanning dependencies of target OpenPsiImplicatorUTest
Scanning dependencies of target OpenPsiRulesUTest
Scanning dependencies of target XPatternMinerUTest
[ 41%] Building CXX object tests/openpsi/CMakeFiles/OpenPsiImplicatorUTest.dir/OpenPsiImplicatorUTest.cpp.o
[ 41%] Building CXX object tests/openpsi/CMakeFiles/OpenPsiRulesUTest.dir/OpenPsiRulesUTest.cpp.o
Scanning dependencies of target StatisticsUTest
[ 43%] Building CXX object tests/learning/xpattern-miner/c++-based/CMakeFiles/XPatternMinerUTest.dir/XPatternMinerUTest.cpp.o
[ 43%] Building CXX object tests/learning/statistics/CMakeFiles/StatisticsUTest.dir/StatisticsUTest.cpp.o
Scanning dependencies of target OpenPsiSCMUTest
[ 45%] Building CXX object tests/openpsi/CMakeFiles/OpenPsiSCMUTest.dir/OpenPsiSCMUTest.cpp.o
Scanning dependencies of target PatternIndexAPIUTest
[ 46%] Building CXX object tests/learning/pattern-index/CMakeFiles/PatternIndexAPIUTest.dir/PatternIndexAPIUTest.cpp.o
[ 48%] Linking CXX executable StatisticsUTest
[ 48%] Built target StatisticsUTest
[ 56%] Built target server
[ 61%] Built target PatternMiner
[ 71%] Built target attention
[ 71%] Generating AtomSpacePublisherModuleUTest.cpp
Scanning dependencies of target AtomSpacePublisherModuleUTest
[ 73%] Building CXX object tests/persist/zmq/events/CMakeFiles/AtomSpacePublisherModuleUTest.dir/AtomSpacePublisherModuleUTest.cpp.o
[ 73%] Linking CXX executable PatternIndexAPIUTest
CMakeFiles/PatternIndexAPIUTest.dir/PatternIndexAPIUTest.cpp.o: In function `PatternIndexAPIUTest::PatternIndexAPIUTest()':
/home/opencog/opencog/build/tests/learning/pattern-index/../../../../tests/learning/pattern-index/PatternIndexAPIUTest.cxxtest:76: warning: the use of `tmpnam' is dangerous, better use `mkstemp'
[ 73%] Built target PatternIndexAPIUTest
[ 73%] Generating ShellUTest.cpp
Scanning dependencies of target ShellUTest
[ 75%] Building CXX object tests/server/CMakeFiles/ShellUTest.dir/ShellUTest.cpp.o
[ 76%] Linking CXX executable OpenPsiRulesUTest
[ 78%] Linking CXX executable MOSESPLNSynergyUTest
[ 78%] Built target OpenPsiRulesUTest
[ 78%] Generating CogServerUTest.cpp
[ 78%] Linking CXX executable OpenPsiImplicatorUTest
Scanning dependencies of target CogServerUTest
[ 78%] Built target MOSESPLNSynergyUTest
[ 80%] Building CXX object tests/server/CMakeFiles/CogServerUTest.dir/CogServerUTest.cpp.o
[ 80%] Generating AgentUTest.cpp
Scanning dependencies of target AgentUTest
[ 80%] Building CXX object tests/server/CMakeFiles/AgentUTest.dir/AgentUTest.cpp.o
[ 80%] Built target OpenPsiImplicatorUTest
[ 81%] Generating PyEvalUTest.cpp
[ 81%] Linking CXX executable OpenPsiSCMUTest
Scanning dependencies of target PyEvalUTest
[ 81%] Building CXX object tests/cython/CMakeFiles/PyEvalUTest.dir/PyEvalUTest.cpp.o
[ 81%] Built target OpenPsiSCMUTest
[ 83%] Built target PythonModule
[ 85%] Generating DimEmbedUTest.cpp
Scanning dependencies of target DimEmbedUTest
[ 85%] Building CXX object tests/learning/dimensionalembedding/CMakeFiles/DimEmbedUTest.dir/DimEmbedUTest.cpp.o
[ 86%] Linking CXX executable PLNRulesUTest
[ 86%] Built target PLNRulesUTest
[ 86%] Generating PatternMinerUTest.cpp
Scanning dependencies of target PatternMinerUTest
[ 88%] Building CXX object tests/learning/PatternMiner/CMakeFiles/PatternMinerUTest.dir/PatternMinerUTest.cpp.o
[ 88%] Linking CXX executable XPatternMinerUTest
[ 88%] Built target XPatternMinerUTest
[ 90%] Generating AttentionParamQueryUTest.cpp
Scanning dependencies of target AttentionParamQueryUTest
[ 90%] Building CXX object tests/attention/CMakeFiles/AttentionParamQueryUTest.dir/AttentionParamQueryUTest.cpp.o
[ 90%] Linking CXX executable ShellUTest
[ 90%] Built target ShellUTest
[ 91%] Generating PythonModuleUTest.cpp
Scanning dependencies of target PythonModuleUTest
[ 91%] Building CXX object tests/cython/CMakeFiles/PythonModuleUTest.dir/PythonModuleUTest.cpp.o
[ 93%] Linking CXX executable AgentUTest
[ 93%] Built target AgentUTest
[ 95%] Linking CXX executable PyEvalUTest
[ 95%] Built target PyEvalUTest
[ 95%] Linking CXX executable CogServerUTest
[ 95%] Built target CogServerUTest
[ 95%] Linking CXX executable PatternMinerUTest
[ 95%] Built target PatternMinerUTest
[ 96%] Linking CXX executable AttentionParamQueryUTest
[ 96%] Built target AttentionParamQueryUTest
[ 96%] Linking CXX executable AtomSpacePublisherModuleUTest
[ 96%] Built target AtomSpacePublisherModuleUTest
[ 98%] Linking CXX executable DimEmbedUTest
[ 98%] Built target DimEmbedUTest
[100%] Linking CXX executable PythonModuleUTest
[100%] Built target PythonModuleUTest
Scanning dependencies of target tests
[100%] Built target tests
Scanning dependencies of target test
[100%] Running tests...
Test project /home/opencog/opencog/build/tests
      Start  1: AttentionParamQueryUTest
 1/17 Test  #1: AttentionParamQueryUTest .........   Passed    0.02 sec
      Start  2: AtomSpacePublisherModuleUTest
 2/17 Test  #2: AtomSpacePublisherModuleUTest ....***Exception: Other  5.29 sec
Running cxxtest tests (1 test)[2018-01-30 04:38:10:715] [INFO] Using config file found at: /home/opencog/opencog/build/tests/persist/zmq/events/../../../../lib/opencog-test.conf

[2018-01-30 04:38:10:716] [DEBUG] [SystemActivityTable] constructor
[2018-01-30 04:38:10:858] [INFO] [global_python_initialize] Start
[2018-01-30 04:38:10:863] [INFO] [global_python_initialize] Adding OpenCog sys.path directories
[2018-01-30 04:38:10:863] [DEBUG] Python 'sys.path' is:
[2018-01-30 04:38:10:863] [DEBUG]      0 > /usr/local/share/opencog/python
[2018-01-30 04:38:10:863] [DEBUG]      1 > /usr/lib/python2.7
[2018-01-30 04:38:10:863] [DEBUG]      2 > /usr/lib/python2.7/plat-x86_64-linux-gnu
[2018-01-30 04:38:10:863] [DEBUG]      3 > /usr/lib/python2.7/lib-tk
[2018-01-30 04:38:10:863] [DEBUG]      4 > /usr/lib/python2.7/lib-old
[2018-01-30 04:38:10:863] [DEBUG]      5 > /usr/lib/python2.7/lib-dynload
[2018-01-30 04:38:10:863] [DEBUG]      6 > /usr/local/lib/python2.7/dist-packages
[2018-01-30 04:38:10:863] [DEBUG]      7 > /usr/lib/python2.7/dist-packages
[2018-01-30 04:38:10:863] [DEBUG]      8 > /usr/lib/python2.7/dist-packages/PILcompat
[2018-01-30 04:38:10:863] [DEBUG]      9 > /usr/lib/python2.7/dist-packages/gtk-2.0
[2018-01-30 04:38:10:877] [INFO] [global_python_initialize] Finish
[2018-01-30 04:38:10:877] [INFO] [global_python_initialize] Start
[2018-01-30 04:38:10:877] [INFO] PythonEval::initialize_python_objects_and_imports Finished initialising python evaluator.
[2018-01-30 04:38:10:877] [DEBUG] [SystemActivityTable] init
[2018-01-30 04:38:10:877] [INFO] Loading module "../../../../opencog/cogserver/modules/events/libatomspacepublishermodule.so"
[2018-01-30 04:38:10:898] [INFO] [AtomSpacePublisherModule] constructor
[2018-01-30 04:38:10:898] [DEBUG] registering opencog::Request "publisher-enable-signals"
[2018-01-30 04:38:10:899] [DEBUG] registering opencog::Request "publisher-disable-signals"
[2018-01-30 04:38:10:899] [INFO] Initializing AtomSpacePublisherModule.
AtomSpacePublisherModuleUTest: /usr/include/zmq.hpp:406: zmq::context_t::~context_t(): Assertion `rc == 0' failed.

      Start  3: CogServerUTest
 3/17 Test  #3: CogServerUTest ...................   Passed    0.75 sec
      Start  4: ShellUTest
 4/17 Test  #4: ShellUTest .......................   Passed  120.47 sec
      Start  5: AgentUTest
 5/17 Test  #5: AgentUTest .......................   Passed    0.10 sec
      Start  6: MOSESPLNSynergyUTest
 6/17 Test  #6: MOSESPLNSynergyUTest .............   Passed    7.80 sec
      Start  7: PLNRulesUTest
 7/17 Test  #7: PLNRulesUTest ....................   Passed    0.38 sec
      Start  8: OpenPsiRulesUTest
 8/17 Test  #8: OpenPsiRulesUTest ................   Passed    0.44 sec
      Start  9: OpenPsiImplicatorUTest
 9/17 Test  #9: OpenPsiImplicatorUTest ...........   Passed    0.20 sec
      Start 10: OpenPsiSCMUTest
10/17 Test #10: OpenPsiSCMUTest ..................   Passed    8.18 sec
      Start 11: PythonModuleUTest
11/17 Test #11: PythonModuleUTest ................   Passed    0.14 sec
      Start 12: PyEvalUTest
12/17 Test #12: PyEvalUTest ......................   Passed    0.08 sec
      Start 13: DimEmbedUTest
13/17 Test #13: DimEmbedUTest ....................   Passed    0.08 sec
      Start 14: StatisticsUTest
14/17 Test #14: StatisticsUTest ..................   Passed    0.00 sec
      Start 15: PatternMinerUTest
15/17 Test #15: PatternMinerUTest ................   Passed    0.08 sec
      Start 16: PatternIndexAPIUTest
16/17 Test #16: PatternIndexAPIUTest .............   Passed    0.39 sec
      Start 17: XPatternMinerUTest
17/17 Test #17: XPatternMinerUTest ...............   Passed    1.83 sec

94% tests passed, 1 tests failed out of 17

Total Test time (real) = 146.25 sec

The following tests FAILED:
	  2 - AtomSpacePublisherModuleUTest (OTHER_FAULT)
Errors while running CTest
CMakeFiles/test.dir/build.make:57: recipe for target 'CMakeFiles/test' failed
CMakeFiles/Makefile2:99: recipe for target 'CMakeFiles/test.dir/all' failed
make[3]: *** [CMakeFiles/test] Error 8
make[2]: *** [CMakeFiles/test.dir/all] Error 2
make[1]: *** [CMakeFiles/test.dir/rule] Error 2
make: *** [test] Error 2
CMakeFiles/Makefile2:106: recipe for target 'CMakeFiles/test.dir/rule' failed
Makefile:199: recipe for target 'test' failed
+ DSTATUS=TESTFAIL
+ /var/lib/jenkins/status/updateStatus TESTFAIL /var/lib/jenkins/jobs/OpenCOG_U1710_Opencog/builds/16/log OpenCOG_U1710_Opencog
Already up-to-date.
