Started by user [8mha:////4EpdBdCNuCwQa66fWYnPH3vw48K9Acxogji8zuYoZJVXAAAAlx+LCAAAAAAAAP9b85aBtbiIQTGjNKU4P08vOT+vOD8nVc83PyU1x6OyILUoJzMv2y+/JJUBAhiZGBgqihhk0NSjKK2vVLpcJb0ykYmByZOBLSc1L70kw4eBubQop4RByCcrsSxRPycxL10/uKQoMy/dGmicFJpxzhAa3d4CIIO1hIFbv7Q4tUg/MSU3Mw8AT2NAa8AAAAA=[0madmin
Building in workspace /var/lib/jenkins/workspace/OpenCOG_DebStab_AtomSpace
[OpenCOG_DebStab_AtomSpace] $ /bin/sh -xe /tmp/jenkins2184849002734700967.sh
+ COGDIR=../OpenCOG_DebStab
+ . ../OpenCOG_DebStab/build.docker/docker.env
+ CID=7523f9e3ab12d7163d92593510e1ba5ae6e28e82fa9f1823dd3d496dc664e142
+ DKRUNROOT=docker exec --user root   7523f9e3ab12d7163d92593510e1ba5ae6e28e82fa9f1823dd3d496dc664e142
+ DKRUNUSER=docker exec --user jenkins  7523f9e3ab12d7163d92593510e1ba5ae6e28e82fa9f1823dd3d496dc664e142
+ UID=125
+ GID=132
+ LOGFILE=/var/lib/jenkins/jobs/OpenCOG_DebStab_AtomSpace/builds/177/log
+ cat


**********************************************************
**********************************************************
**********************************************************
**********************************************************
*****                                                *****
*****                  Atomspace TEST                *****
*****                                                *****
**********************************************************
**********************************************************
**********************************************************
**********************************************************


+ echo GIT_COMMIT=
GIT_COMMIT=
+ echo GIT_BRANCH=
GIT_BRANCH=
+ echo GIT_URL=
GIT_URL=
+ WDIR=atomspace
+ JOBDIR=../OpenCOG_DebStab/dependencies
+ cat
+ chmod +x ../OpenCOG_DebStab/dependencies/job1
+ docker exec --user jenkins 7523f9e3ab12d7163d92593510e1ba5ae6e28e82fa9f1823dd3d496dc664e142 bash dependencies/job1
+ cd atomspace
+ cd build
+ make -j8 test
CMake Warning (dev) at CMakeFiles/Makefile.cmake:342:
  Syntax Warning in cmake code at column 37

  Argument not separated from preceding token by whitespace.
This warning is for project developers.  Use -Wno-dev to suppress it.

CMake Warning (dev) at CMakeFiles/Makefile.cmake:343:
  Syntax Warning in cmake code at column 35

  Argument not separated from preceding token by whitespace.
This warning is for project developers.  Use -Wno-dev to suppress it.

CMake Warning (dev) at CMakeFiles/Makefile.cmake:342:
  Syntax Warning in cmake code at column 37

  Argument not separated from preceding token by whitespace.
This warning is for project developers.  Use -Wno-dev to suppress it.

CMake Warning (dev) at CMakeFiles/Makefile.cmake:343:
  Syntax Warning in cmake code at column 35

  Argument not separated from preceding token by whitespace.
This warning is for project developers.  Use -Wno-dev to suppress it.

[  0%] Built target opencog_atom_types
[  0%] Built target py_atomspace_header
[  1%] Built target atomproto
[  3%] Built target truthvalue
[  6%] Built target atombase
[  7%] Built target atomutils
[ 13%] Built target atomcore
[ 14%] Built target clearbox
[ 16%] Built target atomspace
[ 16%] Generating EvidenceCountTruthValueUTest.cpp
[ 16%] Generating BetaReduceUTest.cpp
[ 16%] Generating TVMergeUTest.cpp
[ 16%] Generating SimpleTruthValueUTest.cpp
[ 16%] Generating VariablesUTest.cpp
[ 16%] Generating DefineLinkUTest.cpp
[ 17%] Built target atomspaceutils
[ 18%] Built target lambda
[ 18%] Generating ThreadSafeHandleMapUTest.cpp
[ 18%] Generating RemoveUTest.cpp
Scanning dependencies of target SimpleTruthValueUTest
Scanning dependencies of target EvidenceCountTruthValueUTest
Scanning dependencies of target BetaReduceUTest
Scanning dependencies of target VariablesUTest
Scanning dependencies of target DefineLinkUTest
Scanning dependencies of target TVMergeUTest
[ 18%] Building CXX object tests/truthvalue/CMakeFiles/SimpleTruthValueUTest.dir/SimpleTruthValueUTest.cpp.o
[ 18%] Building CXX object tests/atoms/CMakeFiles/VariablesUTest.dir/VariablesUTest.cpp.o
[ 18%] Building CXX object tests/truthvalue/CMakeFiles/TVMergeUTest.dir/TVMergeUTest.cpp.o
[ 18%] Building CXX object tests/atoms/CMakeFiles/DefineLinkUTest.dir/DefineLinkUTest.cpp.o
[ 19%] Building CXX object tests/truthvalue/CMakeFiles/EvidenceCountTruthValueUTest.dir/EvidenceCountTruthValueUTest.cpp.o
[ 19%] Building CXX object tests/atoms/CMakeFiles/BetaReduceUTest.dir/BetaReduceUTest.cpp.o
Scanning dependencies of target RemoveUTest
Scanning dependencies of target ThreadSafeHandleMapUTest
[ 19%] Building CXX object tests/atomspace/CMakeFiles/ThreadSafeHandleMapUTest.dir/ThreadSafeHandleMapUTest.cpp.o
[ 19%] Building CXX object tests/atomspace/CMakeFiles/RemoveUTest.dir/RemoveUTest.cpp.o
[ 19%] Linking CXX executable EvidenceCountTruthValueUTest
[ 19%] Linking CXX executable SimpleTruthValueUTest
[ 19%] Built target EvidenceCountTruthValueUTest
[ 19%] Generating NodeUTest.cpp
Scanning dependencies of target NodeUTest
[ 20%] Building CXX object tests/atomspace/CMakeFiles/NodeUTest.dir/NodeUTest.cpp.o
[ 20%] Built target SimpleTruthValueUTest
[ 20%] Generating AtomUTest.cpp
Scanning dependencies of target AtomUTest
[ 20%] Building CXX object tests/atomspace/CMakeFiles/AtomUTest.dir/AtomUTest.cpp.o
[ 22%] Linking CXX executable TVMergeUTest
[ 22%] Built target TVMergeUTest
[ 22%] Generating UseCountUTest.cpp
Scanning dependencies of target UseCountUTest
[ 22%] Building CXX object tests/atomspace/CMakeFiles/UseCountUTest.dir/UseCountUTest.cpp.o
[ 23%] Linking CXX executable DefineLinkUTest
[ 23%] Built target DefineLinkUTest
[ 23%] Generating AtomSpaceUTest.cpp
Scanning dependencies of target AtomSpaceUTest
[ 23%] Building CXX object tests/atomspace/CMakeFiles/AtomSpaceUTest.dir/AtomSpaceUTest.cpp.o
[ 24%] Linking CXX executable VariablesUTest
[ 25%] Linking CXX executable BetaReduceUTest
[ 25%] Built target VariablesUTest
[ 25%] Generating AtomSpaceAsyncUTest.cpp
[ 25%] Linking CXX executable ThreadSafeHandleMapUTest
Scanning dependencies of target AtomSpaceAsyncUTest
[ 25%] Building CXX object tests/atomspace/CMakeFiles/AtomSpaceAsyncUTest.dir/AtomSpaceAsyncUTest.cpp.o
[ 25%] Built target BetaReduceUTest
[ 25%] Generating ClassServerUTest.cpp
[ 25%] Built target ThreadSafeHandleMapUTest
[ 25%] Generating LinkUTest.cpp
Scanning dependencies of target ClassServerUTest
[ 25%] Building CXX object tests/atomspace/CMakeFiles/ClassServerUTest.dir/ClassServerUTest.cpp.o
Scanning dependencies of target LinkUTest
[ 25%] Building CXX object tests/atomspace/CMakeFiles/LinkUTest.dir/LinkUTest.cpp.o
[ 25%] Linking CXX executable NodeUTest
[ 25%] Built target NodeUTest
[ 25%] Generating TLBUTest.cpp
Scanning dependencies of target TLBUTest
[ 25%] Building CXX object tests/atomspace/CMakeFiles/TLBUTest.dir/TLBUTest.cpp.o
[ 27%] Linking CXX executable RemoveUTest
[ 27%] Built target RemoveUTest
[ 27%] Generating MultiSpaceUTest.cpp
Scanning dependencies of target MultiSpaceUTest
[ 27%] Building CXX object tests/atomspace/CMakeFiles/MultiSpaceUTest.dir/MultiSpaceUTest.cpp.o
[ 27%] Linking CXX executable AtomUTest
[ 27%] Built target AtomUTest
[ 27%] Generating AtomSpaceUtilsUTest.cpp
Scanning dependencies of target AtomSpaceUtilsUTest
[ 27%] Building CXX object tests/atomspaceutils/CMakeFiles/AtomSpaceUtilsUTest.dir/AtomSpaceUtilsUTest.cpp.o
[ 27%] Linking CXX executable UseCountUTest
[ 27%] Built target UseCountUTest
[ 28%] Linking CXX executable ClassServerUTest
[ 30%] Built target smob
[ 30%] Built target unify
[ 30%] Generating AtomTableUTest.cpp
[ 30%] Built target ClassServerUTest
Scanning dependencies of target AtomTableUTest
[ 30%] Generating RewriteLinkUTest.cpp
[ 30%] Building CXX object tests/atomspace/CMakeFiles/AtomTableUTest.dir/AtomTableUTest.cpp.o
Scanning dependencies of target RewriteLinkUTest
[ 30%] Building CXX object tests/atoms/CMakeFiles/RewriteLinkUTest.dir/RewriteLinkUTest.cpp.o
[ 30%] Linking CXX executable LinkUTest
[ 30%] Built target LinkUTest
[ 30%] Generating FreeLinkUTest.cpp
Scanning dependencies of target FreeLinkUTest
[ 30%] Building CXX object tests/atoms/CMakeFiles/FreeLinkUTest.dir/FreeLinkUTest.cpp.o
[ 30%] Linking CXX executable TLBUTest
[ 30%] Built target TLBUTest
[ 30%] Generating HashUTest.cpp
Scanning dependencies of target HashUTest
[ 30%] Building CXX object tests/atoms/CMakeFiles/HashUTest.dir/HashUTest.cpp.o
[ 30%] Linking CXX executable AtomSpaceAsyncUTest
[ 30%] Linking CXX executable AtomSpaceUtilsUTest
[ 30%] Built target AtomSpaceAsyncUTest
[ 30%] Generating ScopeLinkUTest.cpp
Scanning dependencies of target ScopeLinkUTest
[ 30%] Building CXX object tests/atoms/CMakeFiles/ScopeLinkUTest.dir/ScopeLinkUTest.cpp.o
[ 30%] Built target AtomSpaceUtilsUTest
[ 30%] Generating NeighborUTest.cpp
Scanning dependencies of target NeighborUTest
[ 30%] Building CXX object tests/atomutils/CMakeFiles/NeighborUTest.dir/NeighborUTest.cpp.o
[ 30%] Linking CXX executable MultiSpaceUTest
[ 32%] Linking CXX executable AtomSpaceUTest
[ 32%] Built target MultiSpaceUTest
[ 32%] Generating FuzzyUTest.cpp
[ 32%] Built target AtomSpaceUTest
[ 32%] Generating FindUtilsUTest.cpp
Scanning dependencies of target FuzzyUTest
[ 33%] Building CXX object tests/atomutils/CMakeFiles/FuzzyUTest.dir/FuzzyUTest.cpp.o
Scanning dependencies of target FindUtilsUTest
[ 33%] Building CXX object tests/atomutils/CMakeFiles/FindUtilsUTest.dir/FindUtilsUTest.cpp.o
[ 34%] Linking CXX executable AtomTableUTest
[ 34%] Built target AtomTableUTest
[ 34%] Generating AtomUtilsUTest.cpp
Scanning dependencies of target AtomUtilsUTest
[ 34%] Building CXX object tests/atomutils/CMakeFiles/AtomUtilsUTest.dir/AtomUtilsUTest.cpp.o
[ 34%] Linking CXX executable RewriteLinkUTest
[ 34%] Built target RewriteLinkUTest
[ 34%] Generating UnifyUTest.cpp
[ 34%] Linking CXX executable FreeLinkUTest
Scanning dependencies of target UnifyUTest
[ 34%] Building CXX object tests/unify/CMakeFiles/UnifyUTest.dir/UnifyUTest.cpp.o
[ 34%] Built target FreeLinkUTest
[ 34%] Generating GearmanUTest.cpp
[ 34%] Linking CXX executable HashUTest
Scanning dependencies of target GearmanUTest
[ 34%] Building CXX object tests/persist/gearman/CMakeFiles/GearmanUTest.dir/GearmanUTest.cpp.o
[ 34%] Built target HashUTest
[ 34%] Built target PythonEval
[ 37%] Built target query
[ 38%] Built target execution
[ 41%] Built target ruleengine
[ 41%] Generating ReductUTest.cpp
Scanning dependencies of target ReductUTest
[ 41%] Building CXX object tests/atoms/CMakeFiles/ReductUTest.dir/ReductUTest.cpp.o
[ 41%] Linking CXX executable NeighborUTest
[ 41%] Built target NeighborUTest
[ 41%] Generating QuotationUTest.cpp
Scanning dependencies of target QuotationUTest
[ 41%] Building CXX object tests/atoms/CMakeFiles/QuotationUTest.dir/QuotationUTest.cpp.o
[ 43%] Linking CXX executable ScopeLinkUTest
[ 43%] Linking CXX executable FuzzyUTest
[ 43%] Built target ScopeLinkUTest
[ 43%] Generating AlphaConvertUTest.cpp
Scanning dependencies of target AlphaConvertUTest
[ 43%] Building CXX object tests/atoms/CMakeFiles/AlphaConvertUTest.dir/AlphaConvertUTest.cpp.o
[ 43%] Built target FuzzyUTest
[ 43%] Linking CXX executable FindUtilsUTest
[ 43%] Generating StateLinkUTest.cpp
Scanning dependencies of target StateLinkUTest
[ 43%] Building CXX object tests/atoms/CMakeFiles/StateLinkUTest.dir/StateLinkUTest.cpp.o
[ 43%] Built target FindUtilsUTest
[ 43%] Generating MapLinkUTest.cpp
Scanning dependencies of target MapLinkUTest
[ 44%] Building CXX object tests/atoms/CMakeFiles/MapLinkUTest.dir/MapLinkUTest.cpp.o
[ 45%] Linking CXX executable AtomUtilsUTest
[ 45%] Built target AtomUtilsUTest
[ 45%] Generating DeleteLinkUTest.cpp
Scanning dependencies of target DeleteLinkUTest
[ 46%] Building CXX object tests/atoms/CMakeFiles/DeleteLinkUTest.dir/DeleteLinkUTest.cpp.o
[ 46%] Linking CXX executable GearmanUTest
[ 46%] Built target GearmanUTest
[ 46%] Generating RandomUTest.cpp
Scanning dependencies of target RandomUTest
[ 46%] Building CXX object tests/atoms/CMakeFiles/RandomUTest.dir/RandomUTest.cpp.o
[ 46%] Linking CXX executable ReductUTest
[ 46%] Built target ReductUTest
[ 46%] Generating EqualLinkUTest.cpp
Scanning dependencies of target EqualLinkUTest
[ 48%] Building CXX object tests/atoms/CMakeFiles/EqualLinkUTest.dir/EqualLinkUTest.cpp.o
[ 48%] Linking CXX executable QuotationUTest
[ 48%] Built target QuotationUTest
[ 48%] Generating StreamUTest.cpp
Scanning dependencies of target StreamUTest
[ 48%] Building CXX object tests/atoms/CMakeFiles/StreamUTest.dir/StreamUTest.cpp.o
[ 48%] Linking CXX executable AlphaConvertUTest
[ 48%] Linking CXX executable MapLinkUTest
[ 48%] Built target AlphaConvertUTest
[ 48%] Generating PutLinkUTest.cpp
[ 48%] Built target MapLinkUTest
[ 48%] Generating ExistsLinkUTest.cpp
[ 48%] Linking CXX executable RandomUTest
Scanning dependencies of target ExistsLinkUTest
[ 49%] Building CXX object tests/atoms/CMakeFiles/ExistsLinkUTest.dir/ExistsLinkUTest.cpp.o
Scanning dependencies of target PutLinkUTest
[ 50%] Linking CXX executable DeleteLinkUTest
[ 50%] Building CXX object tests/atoms/CMakeFiles/PutLinkUTest.dir/PutLinkUTest.cpp.o
[ 50%] Built target RandomUTest
[ 50%] Generating ParallelUTest.cpp
Scanning dependencies of target ParallelUTest
[ 50%] Built target DeleteLinkUTest
[ 51%] Generating ValueOfUTest.cpp
[ 51%] Building CXX object tests/atoms/CMakeFiles/ParallelUTest.dir/ParallelUTest.cpp.o
Scanning dependencies of target ValueOfUTest
[ 51%] Building CXX object tests/atoms/CMakeFiles/ValueOfUTest.dir/ValueOfUTest.cpp.o
[ 51%] Linking CXX executable StateLinkUTest
[ 51%] Built target StateLinkUTest
[ 51%] Linking CXX executable EqualLinkUTest
[ 53%] Built target attentionbank
[ 53%] Generating MultiAtomSpaceUTest.cpp
Scanning dependencies of target MultiAtomSpaceUTest
[ 54%] Building CXX object tests/scm/CMakeFiles/MultiAtomSpaceUTest.dir/MultiAtomSpaceUTest.cpp.o
[ 54%] Built target EqualLinkUTest
[ 54%] Generating MultiThreadUTest.cpp
Scanning dependencies of target MultiThreadUTest
[ 55%] Building CXX object tests/scm/CMakeFiles/MultiThreadUTest.dir/MultiThreadUTest.cpp.o
[ 55%] Linking CXX executable ExistsLinkUTest
[ 55%] Linking CXX executable ParallelUTest
[ 55%] Built target ExistsLinkUTest
[ 55%] Generating SCMPrimitiveUTest.cpp
Scanning dependencies of target SCMPrimitiveUTest
[ 55%] Building CXX object tests/scm/CMakeFiles/SCMPrimitiveUTest.dir/SCMPrimitiveUTest.cpp.o
[ 56%] Linking CXX executable StreamUTest
[ 56%] Built target ParallelUTest
[ 56%] Generating BasicSCMUTest.cpp
Scanning dependencies of target BasicSCMUTest
[ 56%] Building CXX object tests/scm/CMakeFiles/BasicSCMUTest.dir/BasicSCMUTest.cpp.o
[ 56%] Built target StreamUTest
[ 56%] Generating SCMUtilsUTest.cpp
Scanning dependencies of target SCMUtilsUTest
[ 56%] Building CXX object tests/scm/CMakeFiles/SCMUtilsUTest.dir/SCMUtilsUTest.cpp.o
[ 58%] Linking CXX executable UnifyUTest
[ 58%] Built target UnifyUTest
[ 58%] Linking CXX executable MultiThreadUTest
[ 58%] Generating SCMExecutionOutputUTest.cpp
Scanning dependencies of target SCMExecutionOutputUTest
[ 58%] Building CXX object tests/scm/CMakeFiles/SCMExecutionOutputUTest.dir/SCMExecutionOutputUTest.cpp.o
[ 58%] Built target MultiThreadUTest
[ 58%] Generating VectorAPIUTest.cpp
Scanning dependencies of target VectorAPIUTest
[ 58%] Building CXX object tests/matrix/CMakeFiles/VectorAPIUTest.dir/VectorAPIUTest.cpp.o
[ 59%] Linking CXX executable ValueOfUTest
[ 59%] Built target ValueOfUTest
[ 59%] Generating NoExceptionUTest.cpp
Scanning dependencies of target NoExceptionUTest
[ 59%] Building CXX object tests/query/CMakeFiles/NoExceptionUTest.dir/NoExceptionUTest.cpp.o
[ 59%] Linking CXX executable MultiAtomSpaceUTest
[ 59%] Built target MultiAtomSpaceUTest
[ 59%] Generating SudokuUTest.cpp
Scanning dependencies of target SudokuUTest
[ 59%] Building CXX object tests/query/CMakeFiles/SudokuUTest.dir/SudokuUTest.cpp.o
[ 60%] Linking CXX executable SCMPrimitiveUTest
[ 60%] Built target SCMPrimitiveUTest
[ 60%] Generating FirstNUTest.cpp
[ 60%] Linking CXX executable SCMUtilsUTest
Scanning dependencies of target FirstNUTest
[ 60%] Building CXX object tests/query/CMakeFiles/FirstNUTest.dir/FirstNUTest.cpp.o
[ 60%] Built target SCMUtilsUTest
[ 60%] Generating ArcanaUTest.cpp
Scanning dependencies of target ArcanaUTest
[ 60%] Building CXX object tests/query/CMakeFiles/ArcanaUTest.dir/ArcanaUTest.cpp.o
[ 60%] Linking CXX executable NoExceptionUTest
[ 60%] Linking CXX executable PutLinkUTest
[ 60%] Built target NoExceptionUTest
[ 60%] Generating UnorderedUTest.cpp
Scanning dependencies of target UnorderedUTest
[ 60%] Building CXX object tests/query/CMakeFiles/UnorderedUTest.dir/UnorderedUTest.cpp.o
[ 60%] Built target PutLinkUTest
[ 60%] Generating ConstantClausesUTest.cpp
Scanning dependencies of target ConstantClausesUTest
[ 60%] Building CXX object tests/query/CMakeFiles/ConstantClausesUTest.dir/ConstantClausesUTest.cpp.o
[ 61%] Linking CXX executable BasicSCMUTest
[ 61%] Linking CXX executable SCMExecutionOutputUTest
[ 61%] Built target BasicSCMUTest
[ 61%] Generating VarTypeNotUTest.cpp
[ 61%] Built target SCMExecutionOutputUTest
[ 61%] Generating ExecutionOutputUTest.cpp
Scanning dependencies of target VarTypeNotUTest
[ 61%] Building CXX object tests/query/CMakeFiles/VarTypeNotUTest.dir/VarTypeNotUTest.cpp.o
Scanning dependencies of target ExecutionOutputUTest
[ 61%] Building CXX object tests/query/CMakeFiles/ExecutionOutputUTest.dir/ExecutionOutputUTest.cpp.o
[ 62%] Linking CXX executable SudokuUTest
[ 62%] Built target SudokuUTest
[ 62%] Generating ScopeUTest.cpp
Scanning dependencies of target ScopeUTest
[ 62%] Building CXX object tests/query/CMakeFiles/ScopeUTest.dir/ScopeUTest.cpp.o
[ 62%] Linking CXX executable FirstNUTest
[ 62%] Built target FirstNUTest
[ 62%] Generating StackUTest.cpp
Scanning dependencies of target StackUTest
[ 62%] Building CXX object tests/query/CMakeFiles/StackUTest.dir/StackUTest.cpp.o
[ 64%] Linking CXX executable ArcanaUTest
[ 64%] Built target ArcanaUTest
[ 64%] Generating FiniteStateMachineUTest.cpp
Scanning dependencies of target FiniteStateMachineUTest
[ 65%] Building CXX object tests/query/CMakeFiles/FiniteStateMachineUTest.dir/FiniteStateMachineUTest.cpp.o
[ 65%] Linking CXX executable UnorderedUTest
[ 65%] Built target UnorderedUTest
[ 65%] Generating BigPatternUTest.cpp
Scanning dependencies of target BigPatternUTest
[ 65%] Building CXX object tests/query/CMakeFiles/BigPatternUTest.dir/BigPatternUTest.cpp.o
[ 65%] Linking CXX executable VarTypeNotUTest
[ 65%] Linking CXX executable ConstantClausesUTest
[ 65%] Built target VarTypeNotUTest
[ 65%] Generating ImplicationUTest.cpp
[ 65%] Built target ConstantClausesUTest
[ 65%] Generating BuggyLinkUTest.cpp
Scanning dependencies of target ImplicationUTest
[ 66%] Building CXX object tests/query/CMakeFiles/ImplicationUTest.dir/ImplicationUTest.cpp.o
Scanning dependencies of target BuggyLinkUTest
[ 66%] Building CXX object tests/query/CMakeFiles/BuggyLinkUTest.dir/BuggyLinkUTest.cpp.o
[ 66%] Linking CXX executable ScopeUTest
[ 66%] Built target ScopeUTest
[ 66%] Generating SubstitutionUTest.cpp
Scanning dependencies of target SubstitutionUTest
[ 66%] Building CXX object tests/query/CMakeFiles/SubstitutionUTest.dir/SubstitutionUTest.cpp.o
[ 66%] Linking CXX executable VectorAPIUTest
[ 66%] Linking CXX executable ExecutionOutputUTest
[ 66%] Built target VectorAPIUTest
[ 66%] Generating LoopPatternUTest.cpp
Scanning dependencies of target LoopPatternUTest
[ 66%] Building CXX object tests/query/CMakeFiles/LoopPatternUTest.dir/LoopPatternUTest.cpp.o
[ 66%] Built target ExecutionOutputUTest
[ 66%] Generating GreaterComputeUTest.cpp
Scanning dependencies of target GreaterComputeUTest
[ 66%] Building CXX object tests/query/CMakeFiles/GreaterComputeUTest.dir/GreaterComputeUTest.cpp.o
[ 67%] Linking CXX executable StackUTest
[ 67%] Built target StackUTest
[ 67%] Generating PatternUTest.cpp
Scanning dependencies of target PatternUTest
[ 69%] Linking CXX executable FiniteStateMachineUTest
[ 69%] Building CXX object tests/query/CMakeFiles/PatternUTest.dir/PatternUTest.cpp.o
[ 69%] Built target FiniteStateMachineUTest
[ 69%] Generating BooleanUTest.cpp
Scanning dependencies of target BooleanUTest
[ 69%] Building CXX object tests/query/CMakeFiles/BooleanUTest.dir/BooleanUTest.cpp.o
[ 69%] Linking CXX executable BuggyLinkUTest
[ 69%] Built target BuggyLinkUTest
[ 69%] Generating RecognizerUTest.cpp
[ 69%] Linking CXX executable BigPatternUTest
Scanning dependencies of target RecognizerUTest
[ 69%] Building CXX object tests/query/CMakeFiles/RecognizerUTest.dir/RecognizerUTest.cpp.o
[ 69%] Built target BigPatternUTest
[ 69%] Generating BuggyStackUTest.cpp
Scanning dependencies of target BuggyStackUTest
[ 69%] Building CXX object tests/query/CMakeFiles/BuggyStackUTest.dir/BuggyStackUTest.cpp.o
[ 69%] Linking CXX executable ImplicationUTest
[ 69%] Built target ImplicationUTest
[ 69%] Generating GetStateUTest.cpp
[ 69%] Linking CXX executable GreaterComputeUTest
[ 69%] Linking CXX executable SubstitutionUTest
Scanning dependencies of target GetStateUTest
[ 69%] Building CXX object tests/query/CMakeFiles/GetStateUTest.dir/GetStateUTest.cpp.o
[ 69%] Built target GreaterComputeUTest
[ 69%] Built target SubstitutionUTest
[ 69%] Generating UnquoteUTest.cpp
[ 69%] Generating StackMoreUTest.cpp
Scanning dependencies of target UnquoteUTest
[ 69%] Building CXX object tests/query/CMakeFiles/UnquoteUTest.dir/UnquoteUTest.cpp.o
Scanning dependencies of target StackMoreUTest
[ 69%] Building CXX object tests/query/CMakeFiles/StackMoreUTest.dir/StackMoreUTest.cpp.o
[ 69%] Linking CXX executable LoopPatternUTest
[ 69%] Built target LoopPatternUTest
[ 69%] Generating DefineUTest.cpp
Scanning dependencies of target DefineUTest
[ 69%] Building CXX object tests/query/CMakeFiles/DefineUTest.dir/DefineUTest.cpp.o
[ 70%] Linking CXX executable BooleanUTest
[ 70%] Built target BooleanUTest
[ 70%] Generating BuggyNotUTest.cpp
[ 70%] Linking CXX executable PatternUTest
[ 71%] Linking CXX executable RecognizerUTest
Scanning dependencies of target BuggyNotUTest
[ 71%] Building CXX object tests/query/CMakeFiles/BuggyNotUTest.dir/BuggyNotUTest.cpp.o
[ 71%] Built target RecognizerUTest
[ 71%] Generating DisconnectedUTest.cpp
[ 71%] Built target PatternUTest
[ 71%] Generating DeepTypeUTest.cpp
Scanning dependencies of target DisconnectedUTest
[ 71%] Building CXX object tests/query/CMakeFiles/DisconnectedUTest.dir/DisconnectedUTest.cpp.o
Scanning dependencies of target DeepTypeUTest
[ 71%] Linking CXX executable BuggyStackUTest
[ 71%] Building CXX object tests/query/CMakeFiles/DeepTypeUTest.dir/DeepTypeUTest.cpp.o
[ 71%] Built target BuggyStackUTest
[ 71%] Generating EinsteinUTest.cpp
Scanning dependencies of target EinsteinUTest
[ 71%] Building CXX object tests/query/CMakeFiles/EinsteinUTest.dir/EinsteinUTest.cpp.o
[ 71%] Linking CXX executable GetStateUTest
[ 71%] Built target GetStateUTest
[ 71%] Generating MatchLinkUTest.cpp
Scanning dependencies of target MatchLinkUTest
[ 71%] Building CXX object tests/query/CMakeFiles/MatchLinkUTest.dir/MatchLinkUTest.cpp.o
[ 72%] Linking CXX executable UnquoteUTest
[ 72%] Linking CXX executable StackMoreUTest
[ 72%] Built target UnquoteUTest
[ 72%] Generating BiggerPatternUTest.cpp
[ 72%] Built target StackMoreUTest
[ 72%] Generating GetLinkUTest.cpp
Scanning dependencies of target GetLinkUTest
Scanning dependencies of target BiggerPatternUTest
[ 72%] Building CXX object tests/query/CMakeFiles/BiggerPatternUTest.dir/BiggerPatternUTest.cpp.o
[ 74%] Building CXX object tests/query/CMakeFiles/GetLinkUTest.dir/GetLinkUTest.cpp.o
[ 74%] Linking CXX executable DefineUTest
[ 74%] Built target DefineUTest
[ 74%] Generating NotLinkUTest.cpp
Scanning dependencies of target NotLinkUTest
[ 74%] Building CXX object tests/query/CMakeFiles/NotLinkUTest.dir/NotLinkUTest.cpp.o
[ 75%] Linking CXX executable BuggyNotUTest
[ 75%] Built target BuggyNotUTest
[ 75%] Generating GreaterThanUTest.cpp
Scanning dependencies of target GreaterThanUTest
[ 76%] Building CXX object tests/query/CMakeFiles/GreaterThanUTest.dir/GreaterThanUTest.cpp.o
[ 76%] Linking CXX executable DeepTypeUTest
[ 76%] Linking CXX executable DisconnectedUTest
[ 76%] Built target DeepTypeUTest
[ 76%] Generating Boolean2NotUTest.cpp
[ 76%] Built target DisconnectedUTest
[ 76%] Generating SequenceUTest.cpp
Scanning dependencies of target Boolean2NotUTest
[ 76%] Building CXX object tests/query/CMakeFiles/Boolean2NotUTest.dir/Boolean2NotUTest.cpp.o
Scanning dependencies of target SequenceUTest
[ 76%] Building CXX object tests/query/CMakeFiles/SequenceUTest.dir/SequenceUTest.cpp.o
[ 76%] Linking CXX executable EinsteinUTest
[ 76%] Built target EinsteinUTest
[ 76%] Generating EvaluationUTest.cpp
Scanning dependencies of target EvaluationUTest
[ 76%] Building CXX object tests/query/CMakeFiles/EvaluationUTest.dir/EvaluationUTest.cpp.o
[ 76%] Linking CXX executable MatchLinkUTest
[ 76%] Built target MatchLinkUTest
[ 76%] Generating DontExecUTest.cpp
Scanning dependencies of target DontExecUTest
[ 77%] Building CXX object tests/query/CMakeFiles/DontExecUTest.dir/DontExecUTest.cpp.o
[ 77%] Linking CXX executable GetLinkUTest
[ 77%] Built target GetLinkUTest
[ 77%] Generating TypeChoiceUTest.cpp
Scanning dependencies of target TypeChoiceUTest
[ 77%] Building CXX object tests/query/CMakeFiles/TypeChoiceUTest.dir/TypeChoiceUTest.cpp.o
[ 77%] Linking CXX executable NotLinkUTest
[ 77%] Linking CXX executable GreaterThanUTest
[ 79%] Linking CXX executable BiggerPatternUTest
[ 80%] Linking CXX executable SequenceUTest
[ 80%] Built target NotLinkUTest
[ 80%] Generating GlobUTest.cpp
Scanning dependencies of target GlobUTest
[ 80%] Built target GreaterThanUTest
[ 81%] Building CXX object tests/query/CMakeFiles/GlobUTest.dir/GlobUTest.cpp.o
[ 81%] Generating BuggyQuoteUTest.cpp
[ 81%] Built target BiggerPatternUTest
[ 81%] Built target SequenceUTest
[ 81%] Generating PatternCrashUTest.cpp
[ 81%] Generating AbsentUTest.cpp
Scanning dependencies of target BuggyQuoteUTest
[ 81%] Building CXX object tests/query/CMakeFiles/BuggyQuoteUTest.dir/BuggyQuoteUTest.cpp.o
Scanning dependencies of target AbsentUTest
Scanning dependencies of target PatternCrashUTest
[ 81%] Building CXX object tests/query/CMakeFiles/AbsentUTest.dir/AbsentUTest.cpp.o
[ 81%] Building CXX object tests/query/CMakeFiles/PatternCrashUTest.dir/PatternCrashUTest.cpp.o
[ 81%] Linking CXX executable EvaluationUTest
[ 81%] Built target EvaluationUTest
[ 81%] Generating QuoteUTest.cpp
Scanning dependencies of target QuoteUTest
[ 81%] Building CXX object tests/query/CMakeFiles/QuoteUTest.dir/QuoteUTest.cpp.o
[ 81%] Linking CXX executable Boolean2NotUTest
[ 81%] Built target Boolean2NotUTest
[ 81%] Generating LocalQuoteUTest.cpp
Scanning dependencies of target LocalQuoteUTest
[ 82%] Building CXX object tests/query/CMakeFiles/LocalQuoteUTest.dir/LocalQuoteUTest.cpp.o
[ 82%] Linking CXX executable DontExecUTest
[ 82%] Built target DontExecUTest
[ 82%] Generating BuggyEqualUTest.cpp
Scanning dependencies of target BuggyEqualUTest
[ 82%] Building CXX object tests/query/CMakeFiles/BuggyEqualUTest.dir/BuggyEqualUTest.cpp.o
[ 83%] Linking CXX executable TypeChoiceUTest
[ 83%] Built target TypeChoiceUTest
[ 83%] Generating BuggySelfGroundUTest.cpp
Scanning dependencies of target BuggySelfGroundUTest
[ 83%] Building CXX object tests/query/CMakeFiles/BuggySelfGroundUTest.dir/BuggySelfGroundUTest.cpp.o
[ 83%] Linking CXX executable BuggyQuoteUTest
[ 83%] Built target BuggyQuoteUTest
[ 83%] Generating BuggyBindLinkUTest.cpp
Scanning dependencies of target BuggyBindLinkUTest
[ 83%] Building CXX object tests/query/CMakeFiles/BuggyBindLinkUTest.dir/BuggyBindLinkUTest.cpp.o
[ 83%] Linking CXX executable PatternCrashUTest
[ 83%] Linking CXX executable GlobUTest
[ 83%] Linking CXX executable AbsentUTest
[ 85%] Linking CXX executable QuoteUTest
[ 85%] Built target PatternCrashUTest
[ 85%] Generating ChoiceLinkUTest.cpp
Scanning dependencies of target ChoiceLinkUTest
[ 85%] Building CXX object tests/query/CMakeFiles/ChoiceLinkUTest.dir/ChoiceLinkUTest.cpp.o
[ 85%] Built target AbsentUTest
[ 85%] Built target GlobUTest
[ 85%] Generating NestedPutUTest.cpp
[ 85%] Built target QuoteUTest
[ 85%] Generating SingleUTest.cpp
[ 85%] Generating RuleUTest.cpp
Scanning dependencies of target NestedPutUTest
Scanning dependencies of target SingleUTest
[ 85%] Building CXX object tests/query/CMakeFiles/SingleUTest.dir/SingleUTest.cpp.o
[ 86%] Building CXX object tests/query/CMakeFiles/NestedPutUTest.dir/NestedPutUTest.cpp.o
Scanning dependencies of target RuleUTest
[ 86%] Building CXX object tests/rule-engine/CMakeFiles/RuleUTest.dir/RuleUTest.cpp.o
[ 86%] Linking CXX executable LocalQuoteUTest
[ 86%] Built target LocalQuoteUTest
[ 86%] Generating ChainerUtilsUTest.cpp
Scanning dependencies of target ChainerUtilsUTest
[ 86%] Building CXX object tests/rule-engine/CMakeFiles/ChainerUtilsUTest.dir/ChainerUtilsUTest.cpp.o
[ 87%] Linking CXX executable BuggyEqualUTest
[ 87%] Built target BuggyEqualUTest
[ 87%] Generating UREConfigUTest.cpp
Scanning dependencies of target UREConfigUTest
[ 87%] Building CXX object tests/rule-engine/CMakeFiles/UREConfigUTest.dir/UREConfigUTest.cpp.o
[ 88%] Linking CXX executable BuggySelfGroundUTest
[ 88%] Built target BuggySelfGroundUTest
[ 88%] Generating ForwardChainerUTest.cpp
Scanning dependencies of target ForwardChainerUTest
[ 90%] Building CXX object tests/rule-engine/forwardchainer/CMakeFiles/ForwardChainerUTest.dir/ForwardChainerUTest.cpp.o
[ 90%] Linking CXX executable BuggyBindLinkUTest
[ 90%] Built target BuggyBindLinkUTest
[ 90%] Generating ControlPolicyUTest.cpp
Scanning dependencies of target ControlPolicyUTest
[ 90%] Building CXX object tests/rule-engine/backwardchainer/CMakeFiles/ControlPolicyUTest.dir/ControlPolicyUTest.cpp.o
[ 91%] Linking CXX executable SingleUTest
[ 91%] Built target SingleUTest
[ 91%] Generating ActionSelectionUTest.cpp
[ 91%] Linking CXX executable ChoiceLinkUTest
Scanning dependencies of target ActionSelectionUTest
[ 91%] Building CXX object tests/rule-engine/backwardchainer/CMakeFiles/ActionSelectionUTest.dir/ActionSelectionUTest.cpp.o
[ 91%] Built target ChoiceLinkUTest
[ 91%] Generating BackwardChainerUTest.cpp
Scanning dependencies of target BackwardChainerUTest
[ 91%] Building CXX object tests/rule-engine/backwardchainer/CMakeFiles/BackwardChainerUTest.dir/BackwardChainerUTest.cpp.o
[ 91%] Linking CXX executable NestedPutUTest
[ 91%] Built target NestedPutUTest
[ 91%] Generating BITUTest.cpp
[ 92%] Linking CXX executable ChainerUtilsUTest
[ 92%] Built target ChainerUtilsUTest
[ 92%] Generating BetaDistributionUTest.cpp
Scanning dependencies of target BetaDistributionUTest
[ 92%] Building CXX object tests/rule-engine/backwardchainer/CMakeFiles/BetaDistributionUTest.dir/BetaDistributionUTest.cpp.o
Scanning dependencies of target BITUTest
[ 92%] Building CXX object tests/rule-engine/backwardchainer/CMakeFiles/BITUTest.dir/BITUTest.cpp.o
[ 92%] Linking CXX executable UREConfigUTest
[ 92%] Built target UREConfigUTest
[ 92%] Generating BankImplUTest.cpp
[ 93%] Linking CXX executable RuleUTest
Scanning dependencies of target BankImplUTest
[ 93%] Building CXX object tests/attentionbank/CMakeFiles/BankImplUTest.dir/BankImplUTest.cpp.o
[ 93%] Built target RuleUTest
[ 93%] Generating AttentionUTest.cpp
Scanning dependencies of target AttentionUTest
[ 93%] Building CXX object tests/attentionbank/CMakeFiles/AttentionUTest.dir/AttentionUTest.cpp.o
[ 93%] Linking CXX executable ForwardChainerUTest
[ 93%] Built target ForwardChainerUTest
[ 93%] Generating BankAsyncUTest.cpp
Scanning dependencies of target BankAsyncUTest
[ 93%] Building CXX object tests/attentionbank/CMakeFiles/BankAsyncUTest.dir/BankAsyncUTest.cpp.o
[ 95%] Linking CXX executable ControlPolicyUTest
[ 95%] Built target ControlPolicyUTest
[ 95%] Generating AttentionValueUTest.cpp
Scanning dependencies of target AttentionValueUTest
[ 95%] Building CXX object tests/attentionbank/CMakeFiles/AttentionValueUTest.dir/AttentionValueUTest.cpp.o
[ 96%] Linking CXX executable ActionSelectionUTest
[ 96%] Built target ActionSelectionUTest
[ 96%] Generating AttentionalFocusCBUTest.cpp
Scanning dependencies of target AttentionalFocusCBUTest
[ 96%] Building CXX object tests/attentionbank/CMakeFiles/AttentionalFocusCBUTest.dir/AttentionalFocusCBUTest.cpp.o
[ 96%] Linking CXX executable BetaDistributionUTest
[ 96%] Built target BetaDistributionUTest
[ 97%] Linking CXX executable AttentionUTest
[ 97%] Linking CXX executable BITUTest
[ 97%] Built target AttentionUTest
[ 97%] Built target BITUTest
[ 97%] Linking CXX executable BackwardChainerUTest
[ 97%] Built target BackwardChainerUTest
[ 98%] Linking CXX executable BankAsyncUTest
[ 98%] Built target BankAsyncUTest
[100%] Linking CXX executable AttentionValueUTest
[100%] Built target AttentionValueUTest
[100%] Linking CXX executable BankImplUTest
[100%] Linking CXX executable AttentionalFocusCBUTest
[100%] Built target BankImplUTest
[100%] Built target AttentionalFocusCBUTest
Scanning dependencies of target tests
[100%] Built target tests
Scanning dependencies of target test
[100%] Running tests...
Test project /home/opencog/atomspace/build/tests
        Start   1: SimpleTruthValueUTest
  1/114 Test   #1: SimpleTruthValueUTest ............   Passed    0.00 sec
        Start   2: EvidenceCountTruthValueUTest
  2/114 Test   #2: EvidenceCountTruthValueUTest .....   Passed    0.00 sec
        Start   3: TVMergeUTest
  3/114 Test   #3: TVMergeUTest .....................   Passed    0.00 sec
        Start   4: AtomTableUTest
  4/114 Test   #4: AtomTableUTest ...................   Passed    6.36 sec
        Start   5: ClassServerUTest
  5/114 Test   #5: ClassServerUTest .................   Passed    0.00 sec
        Start   6: AtomUTest
  6/114 Test   #6: AtomUTest ........................   Passed    0.00 sec
        Start   7: NodeUTest
  7/114 Test   #7: NodeUTest ........................   Passed    0.00 sec
        Start   8: LinkUTest
  8/114 Test   #8: LinkUTest ........................   Passed    0.00 sec
        Start   9: TLBUTest
  9/114 Test   #9: TLBUTest .........................   Passed    0.00 sec
        Start  10: AtomSpaceUTest
 10/114 Test  #10: AtomSpaceUTest ...................   Passed    0.01 sec
        Start  11: AtomSpaceAsyncUTest
 11/114 Test  #11: AtomSpaceAsyncUTest ..............   Passed    7.54 sec
        Start  12: UseCountUTest
 12/114 Test  #12: UseCountUTest ....................   Passed    7.22 sec
        Start  13: MultiSpaceUTest
 13/114 Test  #13: MultiSpaceUTest ..................   Passed    0.00 sec
        Start  14: RemoveUTest
 14/114 Test  #14: RemoveUTest ......................   Passed    0.03 sec
        Start  15: ThreadSafeHandleMapUTest
 15/114 Test  #15: ThreadSafeHandleMapUTest .........   Passed    0.31 sec
        Start  16: FreeLinkUTest
 16/114 Test  #16: FreeLinkUTest ....................   Passed    0.19 sec
        Start  17: MapLinkUTest
 17/114 Test  #17: MapLinkUTest .....................   Passed    1.26 sec
        Start  18: ParallelUTest
 18/114 Test  #18: ParallelUTest ....................   Passed   11.29 sec
        Start  19: RandomUTest
 19/114 Test  #19: RandomUTest ......................   Passed    0.76 sec
        Start  20: ReductUTest
 20/114 Test  #20: ReductUTest ......................   Passed    0.21 sec
        Start  21: RewriteLinkUTest
 21/114 Test  #21: RewriteLinkUTest .................   Passed    0.32 sec
        Start  22: ScopeLinkUTest
 22/114 Test  #22: ScopeLinkUTest ...................   Passed    0.19 sec
        Start  23: PutLinkUTest
 23/114 Test  #23: PutLinkUTest .....................   Passed    1.00 sec
        Start  24: QuotationUTest
 24/114 Test  #24: QuotationUTest ...................   Passed    0.20 sec
        Start  25: HashUTest
 25/114 Test  #25: HashUTest ........................   Passed    1.27 sec
        Start  26: AlphaConvertUTest
 26/114 Test  #26: AlphaConvertUTest ................   Passed    0.01 sec
        Start  27: BetaReduceUTest
 27/114 Test  #27: BetaReduceUTest ..................   Passed    0.01 sec
        Start  28: DefineLinkUTest
 28/114 Test  #28: DefineLinkUTest ..................   Passed    0.05 sec
        Start  29: DeleteLinkUTest
 29/114 Test  #29: DeleteLinkUTest ..................   Passed    0.01 sec
        Start  30: EqualLinkUTest
 30/114 Test  #30: EqualLinkUTest ...................   Passed    0.01 sec
        Start  31: StateLinkUTest
 31/114 Test  #31: StateLinkUTest ...................   Passed    0.01 sec
        Start  32: VariablesUTest
 32/114 Test  #32: VariablesUTest ...................   Passed    0.00 sec
        Start  33: ExistsLinkUTest
 33/114 Test  #33: ExistsLinkUTest ..................   Passed    0.01 sec
        Start  34: ValueOfUTest
 34/114 Test  #34: ValueOfUTest .....................   Passed    0.03 sec
        Start  35: StreamUTest
 35/114 Test  #35: StreamUTest ......................   Passed    0.30 sec
        Start  36: AtomUtilsUTest
 36/114 Test  #36: AtomUtilsUTest ...................   Passed    0.01 sec
        Start  37: FindUtilsUTest
 37/114 Test  #37: FindUtilsUTest ...................   Passed    0.00 sec
        Start  38: FuzzyUTest
 38/114 Test  #38: FuzzyUTest .......................   Passed    0.02 sec
        Start  39: NeighborUTest
 39/114 Test  #39: NeighborUTest ....................   Passed    0.00 sec
        Start  40: UnifyUTest
 40/114 Test  #40: UnifyUTest .......................   Passed    8.31 sec
        Start  41: AtomSpaceUtilsUTest
 41/114 Test  #41: AtomSpaceUtilsUTest ..............   Passed    0.00 sec
        Start  42: AttentionValueUTest
 42/114 Test  #42: AttentionValueUTest ..............   Passed    0.02 sec
        Start  43: AttentionUTest
 43/114 Test  #43: AttentionUTest ...................   Passed    0.03 sec
        Start  44: BankImplUTest
 44/114 Test  #44: BankImplUTest ....................   Passed    0.01 sec
        Start  45: BankAsyncUTest
 45/114 Test  #45: BankAsyncUTest ...................   Passed    0.01 sec
        Start  46: AttentionalFocusCBUTest
 46/114 Test  #46: AttentionalFocusCBUTest ..........   Passed    0.41 sec
        Start  47: GearmanUTest
 47/114 Test  #47: GearmanUTest .....................   Passed    2.28 sec
        Start  48: BasicSCMUTest
 48/114 Test  #48: BasicSCMUTest ....................   Passed    0.93 sec
        Start  49: SCMPrimitiveUTest
 49/114 Test  #49: SCMPrimitiveUTest ................   Passed    0.48 sec
        Start  50: MultiAtomSpaceUTest
 50/114 Test  #50: MultiAtomSpaceUTest ..............   Passed    1.03 sec
        Start  51: MultiThreadUTest
 51/114 Test  #51: MultiThreadUTest .................   Passed    3.76 sec
        Start  52: SCMUtilsUTest
 52/114 Test  #52: SCMUtilsUTest ....................   Passed    0.35 sec
        Start  53: SCMExecutionOutputUTest
 53/114 Test  #53: SCMExecutionOutputUTest ..........   Passed    0.27 sec
        Start  54: VectorAPIUTest
 54/114 Test  #54: VectorAPIUTest ...................***Failed    5.24 sec
Running cxxtest tests (6 tests);;; note: auto-compilation is enabled, set GUILE_AUTO_COMPILE=0
;;;       or pass the --no-auto-compile argument to disable.
;;; compiling ../../../tests/matrix/basic-api.scm
;;; compiling /home/opencog/atomspace/opencog/scm/opencog/persist.scm
;;; compiled /home/jenkins/.cache/guile/ccache/2.2-LE-8-3.A/home/opencog/atomspace/opencog/scm/opencog/persist.scm.go
;;; compiling /home/opencog/atomspace/build/opencog/scm/opencog/matrix.scm
;;; compiled /home/jenkins/.cache/guile/ccache/2.2-LE-8-3.A/home/opencog/atomspace/build/opencog/scm/opencog/matrix.scm.go
;;; compiling /home/opencog/atomspace/build/opencog/scm/opencog/matrix/object-api.scm
;;; compiled /home/jenkins/.cache/guile/ccache/2.2-LE-8-3.A/home/opencog/atomspace/build/opencog/scm/opencog/matrix/object-api.scm.go
;;; compiling /home/opencog/atomspace/build/opencog/scm/opencog/matrix/dynamic.scm
;;; compiled /home/jenkins/.cache/guile/ccache/2.2-LE-8-3.A/home/opencog/atomspace/build/opencog/scm/opencog/matrix/dynamic.scm.go
;;; compiling /home/opencog/atomspace/build/opencog/scm/opencog/matrix/support.scm
;;; compiled /home/jenkins/.cache/guile/ccache/2.2-LE-8-3.A/home/opencog/atomspace/build/opencog/scm/opencog/matrix/support.scm.go
;;; compiling /home/opencog/atomspace/build/opencog/scm/opencog/matrix/transpose.scm
;;; compiled /home/jenkins/.cache/guile/ccache/2.2-LE-8-3.A/home/opencog/atomspace/build/opencog/scm/opencog/matrix/transpose.scm.go
;;; compiling /home/opencog/atomspace/build/opencog/scm/opencog/matrix/report-api.scm
;;; compiled /home/jenkins/.cache/guile/ccache/2.2-LE-8-3.A/home/opencog/atomspace/build/opencog/scm/opencog/matrix/report-api.scm.go
;;; compiling /home/opencog/atomspace/build/opencog/scm/opencog/matrix/fold-api.scm
;;; compiled /home/jenkins/.cache/guile/ccache/2.2-LE-8-3.A/home/opencog/atomspace/build/opencog/scm/opencog/matrix/fold-api.scm.go
;;; compiling /home/opencog/atomspace/build/opencog/scm/opencog/matrix/loop-api.scm
;;; compiled /home/jenkins/.cache/guile/ccache/2.2-LE-8-3.A/home/opencog/atomspace/build/opencog/scm/opencog/matrix/loop-api.scm.go
;;; compiling /home/opencog/atomspace/build/opencog/scm/opencog/matrix/bin-count.scm
;;; compiled /home/jenkins/.cache/guile/ccache/2.2-LE-8-3.A/home/opencog/atomspace/build/opencog/scm/opencog/matrix/bin-count.scm.go
;;; compiling /home/opencog/atomspace/build/opencog/scm/opencog/matrix/symmetric-mi.scm
;;; compiled /home/jenkins/.cache/guile/ccache/2.2-LE-8-3.A/home/opencog/atomspace/build/opencog/scm/opencog/matrix/symmetric-mi.scm.go
;;; compiling /home/opencog/atomspace/build/opencog/scm/opencog/matrix/cosine.scm
;;; compiled /home/jenkins/.cache/guile/ccache/2.2-LE-8-3.A/home/opencog/atomspace/build/opencog/scm/opencog/matrix/cosine.scm.go
;;; compiling /home/opencog/atomspace/build/opencog/scm/opencog/matrix/entropy.scm
;;; compiled /home/jenkins/.cache/guile/ccache/2.2-LE-8-3.A/home/opencog/atomspace/build/opencog/scm/opencog/matrix/entropy.scm.go
;;; compiling /home/opencog/atomspace/build/opencog/scm/opencog/matrix/compute-mi.scm
;;; compiled /home/jenkins/.cache/guile/ccache/2.2-LE-8-3.A/home/opencog/atomspace/build/opencog/scm/opencog/matrix/compute-mi.scm.go
;;; compiling /home/opencog/atomspace/build/opencog/scm/opencog/matrix/trans-batch.scm
;;; compiled /home/jenkins/.cache/guile/ccache/2.2-LE-8-3.A/home/opencog/atomspace/build/opencog/scm/opencog/matrix/trans-batch.scm.go
;;; compiling /home/opencog/atomspace/build/opencog/scm/opencog/matrix/filter.scm
;;; opencog/matrix/filter.scm:129:28: warning: possibly unbound variable `PAIR'
;;; compiled /home/jenkins/.cache/guile/ccache/2.2-LE-8-3.A/home/opencog/atomspace/build/opencog/scm/opencog/matrix/filter.scm.go
;;; compiling /home/opencog/atomspace/build/opencog/scm/opencog/matrix/similarity-api.scm
;;; compiled /home/jenkins/.cache/guile/ccache/2.2-LE-8-3.A/home/opencog/atomspace/build/opencog/scm/opencog/matrix/similarity-api.scm.go
;;; compiling /home/opencog/atomspace/build/opencog/scm/opencog/matrix/thresh-pca.scm
;;; compiled [2018-09-09 22:15:17:295] [DEBUG] BEGIN TEST: test_basic
Load of data >>>
Got >>>#t
Got >>>#t
[2018-09-09 22:15:17:335] [DEBUG] END TEST: test_basic
.[2018-09-09 22:15:17:337] [DEBUG] BEGIN TEST: test_marginals
Load of data >>>
[2018-09-09 22:15:17:377] [ERROR] Cannot connect to database: could not connect to server: No such file or directory
	Is the server running locally and accepting
	connections on Unix domain socket "/var/run/postgresql/.s.PGSQL.5432"?
 (/home/opencog/atomspace/opencog/persist/sql/multi-driver/ll-pg-cxx.cc:54)
	Stack Trace:
	2: Logger.cc:491	  opencog::Logger::logva(opencog::Logger::Level, char const*, __va_list_tag*)
	3: Logger.cc:503	  opencog::Logger::Error::operator()(char const*, ...)
	4: exceptions.cc:55	  opencog::StandardException::parse_error_message(char const*, __va_list_tag*, bool)
	5: exceptions.cc:82	  opencog::StandardException::parse_error_message(char const*, char const*, __va_list_tag*, bool)
	6: exceptions.cc:142	  opencog::RuntimeException::RuntimeException(char const*, char const*, ...)
	7: ll-pg-cxx.cc:55	  LLPGConnection::LLPGConnection(char const*)
	8: SQLAtomStorage.cc:106	  opencog::SQLAtomStorage::init(char const*)
	9: SQLAtomStorage.cc:161	  opencog::SQLAtomStorage::SQLAtomStorage(std::__cxx11::basic_string<char, std::char_traits<char>, std::allocator<char> >)
	10: SQLPersistSCM.cc:98	  opencog::SQLPersistSCM::do_open(std::__cxx11::basic_string<char, std::char_traits<char>, std::allocator<char> > const&)
	11: SchemePrimitive.h:315	  void opencog::SchemePrimitiveBase<void, opencog::SQLPersistSCM, std::__cxx11::basic_string<char, std::char_traits<char>, std::allocator<char> > const&>::conv_call_method<0ul>(scm_unused_struct*, std::integer_sequence<unsigned long, 0ul>)
	12: SchemePrimitive.cc:162	  opencog::PrimitiveEnviron::do_call(scm_unused_struct*, scm_unused_struct*)
	13: vm-engine.c:787	vm_regular_engine()
	14: vm.c:1258	scm_call_n()
	15: eval.c:502	scm_call_3()
	16: vm-engine.c:787	vm_regular_engine()
	17: vm.c:1258	scm_call_n()
	18: throw.c:139	catch()
	19: SchemeEval.cc:590	  opencog::SchemeEval::do_eval(std::__cxx11::basic_string<char, std::char_traits<char>, std::allocator<char> > const&)
	20: SchemeEval.cc:509	  opencog::SchemeEval::c_wrap_eval(void*)
	21: continuations.c:422	c_body()
	22: vm-engine.c:787	vm_regular_engine()
	23: vm.c:1258	scm_call_n()
	24: throw.c:139	catch()
	25: continuations.c:367	scm_i_with_continuation_barrier()
	26: continuations.c:461	scm_c_with_continuation_barrier()
	27: [0x21097] ??() ??:0
	28: threads.c:690	with_guile()
	29: [0x1b3c2] ??() ??:0
	30: threads.c:711	scm_with_guile()
	31: SchemeEval.cc:480	  opencog::SchemeEval::eval_expr(std::__cxx11::basic_string<char, std::char_traits<char>, std::allocator<char> > const&)
	32: SchemeEval.h:161	  opencog::SchemeEval::eval(std::__cxx11::basic_string<char, std::char_traits<char>, std::allocator<char> > const&)
	33: VectorAPIUTest.cxxtest:175	  VectorAPIUTest::test_marginals()
	34: RealDescriptions.cpp:125	  CxxTest::RealTestDescription::run()
	35: TestRunner.h:104	  CxxTest::TestRunner::runTest(CxxTest::TestDescription&)
	36: VectorAPIUTest.cpp:20	main()
	37: [0x202e1] ??() ??:0
	38: [0xdfba] ??() ??:0


In VectorAPIUTest::test_marginals:
/home/opencog/atomspace/build/tests/matrix/../../../tests/matrix/VectorAPIUTest.cxxtest:176: Error: Test failed: Caught scm error during eval
/home/opencog/atomspace/build/tests/matrix/../../../tests/matrix/VectorAPIUTest.cxxtest:176: Error: Assertion failed: (false == eval->eval_error())
[2018-09-09 22:15:17:510] [ERROR] No backing store (/home/opencog/atomspace/opencog/atomspace/AtomSpace.cc:312)
	Stack Trace:
	2: Logger.cc:491	  opencog::Logger::logva(opencog::Logger::Level, char const*, __va_list_tag*)
	3: Logger.cc:503	  opencog::Logger::Error::operator()(char const*, ...)
	4: exceptions.cc:55	  opencog::StandardException::parse_error_message(char const*, __va_list_tag*, bool)
	5: exceptions.cc:82	  opencog::StandardException::parse_error_message(char const*, char const*, __va_list_tag*, bool)
	6: exceptions.cc:142	  opencog::RuntimeException::RuntimeException(char const*, char const*, ...)
	7: AtomSpace.cc:312	  opencog::AtomSpace::store_atom(opencog::Handle const&)
	8: shared_ptr_base.h:926	  std::__shared_ptr<opencog::Atom, (__gnu_cxx::_Lock_policy)2>::__shared_ptr(std::__shared_ptr<opencog::Atom, (__gnu_cxx::_Lock_policy)2> const&)
	9: shared_ptr_base.h:661	  std::__shared_count<(__gnu_cxx::_Lock_policy)2>::~__shared_count()
	10: SchemePrimitive.cc:162	  opencog::PrimitiveEnviron::do_call(scm_unused_struct*, scm_unused_struct*)
	11: vm-engine.c:787	vm_regular_engine()
	12: vm.c:1258	scm_call_n()
	13: eval.c:502	scm_call_3()
	14: vm-engine.c:787	vm_regular_engine()
	15: vm.c:1258	scm_call_n()
	16: throw.c:139	catch()
	17: SchemeEval.cc:590	  opencog::SchemeEval::do_eval(std::__cxx11::basic_string<char, std::char_traits<char>, std::allocator<char> > const&)
	18: SchemeEval.cc:509	  opencog::SchemeEval::c_wrap_eval(void*)
	19: continuations.c:422	c_body()
	20: vm-engine.c:787	vm_regular_engine()
	21: vm.c:1258	scm_call_n()
	22: throw.c:139	catch()
	23: continuations.c:367	scm_i_with_continuation_barrier()
	24: continuations.c:461	scm_c_with_continuation_barrier()
	25: [0x21097] ??() ??:0
	26: threads.c:690	with_guile()
	27: [0x1b3c2] ??() ??:0
	28: threads.c:711	scm_with_guile()
	29: SchemeEval.cc:480	  opencog::SchemeEval::eval_expr(std::__cxx11::basic_string<char, std::char_traits<char>, std::allocator<char> > const&)
	30: SchemeEval.h:161	  opencog::SchemeEval::eval(std::__cxx11::basic_string<char, std::char_traits<char>, std::allocator<char> > const&)
	31: VectorAPIUTest.cxxtest:179	  VectorAPIUTest::test_marginals()
	32: RealDescriptions.cpp:125	  CxxTest::RealTestDescription::run()
	33: TestRunner.h:104	  CxxTest::TestRunner::runTest(CxxTest::TestDescription&)
	34: VectorAPIUTest.cpp:20	main()
	35: [0x202e1] ??() ??:0
	36: [0xdfba] ??() ??:0

Batch >>>Start computing the basis
Support: found num left= 3 num right= 4 in 0 secs
Finished left norm marginals in 0 secs
Finished left totals in 0 secs
Finished right norm marginals in 0 secs
Finished right totals in 0 secs
Done with wild-card count N(x,*) and N(*,y) in 0 secs
Total count N(*,*) = 22.0 = 22.0
Finished column (left) norm averages in 0 secs
Finished row (right) norm averages in 0 secs
Going to do individual pair frequencies
Done computing 7 pairs in 0 secs
Start computing log P(*,y)
Done computing 4 left-wilds in 0 secs
Done with -log P(*,y), start -log P(x,*)
Done computing 3 right-wilds in 0 secs
Backtrace:
           8 (apply-smob/1 #<catch-closure 55e32d685ea0>)
           7 (apply-smob/1 #<catch-closure 55e32d685da0>)
In ice-9/boot-9.scm:
   2312:4  6 (save-module-excursion #<procedure 55e32d683b00 at ice-â€¦>)
In ice-9/eval-string.scm:
     38:6  5 (read-and-eval #<input: string 55e32daab000> #:lang _)
In opencog/matrix/compute-mi.scm:
    577:8  4 (batch-all-pair-mi _)
   427:24  3 (_ _ . _)
In unknown file:
           2 (opencog-extension store-atom (#))
In ice-9/boot-9.scm:
   751:25  1 (dispatch-exception 0 C++-EXCEPTION ("store-atom" "Noâ€¦"))
In unknown file:
           0 (apply-smob/1 #<catch-closure 55e32d685d60> # "store-aâ€¦" â€¦)

ERROR: In procedure apply-smob/1:
In procedure store-atom: No backing store (/home/opencog/atomspace/opencog/atomspace/AtomSpace.cc:312)
Function args:
((EvaluationLink (ctv 0 0 22)
   (PredicateNode "foo")
   (ListLink
      (AnyNode "left-wild")
      (AnyNode "right-wild")
   )
)
)
ABORT: C++-EXCEPTION
/home/opencog/atomspace/build/tests/matrix/../../../tests/matrix/VectorAPIUTest.cxxtest:181: Error: Test failed: Caught scm error during eval
/home/opencog/atomspace/build/tests/matrix/../../../tests/matrix/VectorAPIUTest.cxxtest:181: Error: Assertion failed: (false == eval->eval_error())
[2018-09-09 22:15:17:608] [ERROR] sql-close: Error: Database not open (/home/opencog/atomspace/opencog/persist/sql/multi-driver/SQLPersistSCM.cc:118)
	Stack Trace:
	2: Logger.cc:491	  opencog::Logger::logva(opencog::Logger::Level, char const*, __va_list_tag*)
	3: Logger.cc:503	  opencog::Logger::Error::operator()(char const*, ...)
	4: exceptions.cc:55	  opencog::StandardException::parse_error_message(char const*, __va_list_tag*, bool)
	5: exceptions.cc:82	  opencog::StandardException::parse_error_message(char const*, char const*, __va_list_tag*, bool)
	6: exceptions.cc:142	  opencog::RuntimeException::RuntimeException(char const*, char const*, ...)
	7: SQLPersistSCM.cc:119	  opencog::SQLPersistSCM::do_close()
	8: SchemePrimitive.h:433	  opencog::SchemePrimitive<void, opencog::SQLPersistSCM>::invoke(scm_unused_struct*)
	9: SchemePrimitive.cc:162	  opencog::PrimitiveEnviron::do_call(scm_unused_struct*, scm_unused_struct*)
	10: vm-engine.c:787	vm_regular_engine()
	11: vm.c:1258	scm_call_n()
	12: eval.c:502	scm_call_3()
	13: vm-engine.c:787	vm_regular_engine()
	14: vm.c:1258	scm_call_n()
	15: throw.c:139	catch()
	16: SchemeEval.cc:590	  opencog::SchemeEval::do_eval(std::__cxx11::basic_string<char, std::char_traits<char>, std::allocator<char> > const&)
	17: SchemeEval.cc:509	  opencog::SchemeEval::c_wrap_eval(void*)
	18: continuations.c:422	c_body()
	19: vm-engine.c:787	vm_regular_engine()
	20: vm.c:1258	scm_call_n()
	21: throw.c:139	catch()
	22: continuations.c:367	scm_i_with_continuation_barrier()
	23: continuations.c:461	scm_c_with_continuation_barrier()
	24: [0x21097] ??() ??:0
	25: threads.c:690	with_guile()
	26: [0x1b3c2] ??() ??:0
	27: threads.c:711	scm_with_guile()
	28: SchemeEval.cc:480	  opencog::SchemeEval::eval_expr(std::__cxx11::basic_string<char, std::char_traits<char>, std::allocator<char> > const&)
	29: SchemeEval.h:161	  opencog::SchemeEval::eval(std::__cxx11::basic_string<char, std::char_traits<char>, std::allocator<char> > const&)
	30: VectorAPIUTest.cxxtest:183	  VectorAPIUTest::test_marginals()
	31: RealDescriptions.cpp:125	  CxxTest::RealTestDescription::run()
	32: TestRunner.h:104	  CxxTest::TestRunner::runTest(CxxTest::TestDescription&)
	33: VectorAPIUTest.cpp:20	main()
	34: [0x202e1] ??() ??:0
	35: [0xdfba] ??() ??:0

/home/opencog/atomspace/build/tests/matrix/../../../tests/matrix/VectorAPIUTest.cxxtest:184: Error: Test failed: Caught scm error during eval
/home/opencog/atomspace/build/tests/matrix/../../../tests/matrix/VectorAPIUTest.cxxtest:184: Error: Assertion failed: (false == eval->eval_error())
---------------------------------------------------------
Expect Left size=3 got=3
Expect Right size=4 got=4
Expect Wild-wild count=22 got=22.0
Expect chicken stars=3 got=3
Expect dog stars=3 got=3
Expect table stars=1 got=1
Expect legs stars=3 got=3
Expect eyes stars=2 got=2
Expect wings stars=1 got=1
Expect snouts stars=1 got=1
---------------------------------------------------------
Expect chicken support=3 got=3.0
Expect dog support=3 got=3.0
Expect table support=1 got=1.0
Expect legs support=3 got=3.0
Expect eyes support=2 got=2.0
Expect wings support=1 got=1.0
Expect snouts support=1 got=1.0
---------------------------------------------------------
Expect chicken count=11 got=11.0
Expect dog count=7 got=7.0
Expect table count=4 got=4.0
Expect legs count=11 got=11.0
Expect eyes count=4 got=4.0
Expect wings count=6 got=6.0
Expect snouts count=1 got=1.0
---------------------------------------------------------
Expect chicken support set size=3 got=3
Expect chicken support=3 got=3
Expect dog support=3 got=3
Expect table support=1 got=1
Expect legs stars=3 got=3
Expect wings stars=1 got=1
Expect eyes stars=2 got=2
Expect snouts stars=1 got=1
Expect total support left=7 got=7.0
Expect total support right=7 got=7.0
Expect total count left=22 got=22.0
Expect total count right=22 got=22.0
---------------------------------------------------------
Expect chicken wild-freq=0.500000 got=0.5
Expect dog wild-freq=0.318182 got=0.3181818181818182
Expect table wild-freq=0.181818 got=0.18181818181818182
---------------------------------------------------------
Expect total right support=2.636364 got=2.6363636363636362
Expect total left support=2.181818 got=2.1818181818181817
Expect total right count=8.454545 got=8.454545454545455
Expect total left count=7.909091 got=7.909090909090909
---------------------------------------------------------
Expect left dimension=3 got=3
Expect right dimension=4 got=4
Expect num-pairs=7 got=7
Expect total-count=22 got=22.0
Expect report right support=2.636364 got=2.6363636363636362
Expect report left support=2.181818 got=2.1818181818181817
Expect report right count=8.454545 got=8.454545454545455
Expect report left count=7.909091 got=7.909090909090909
---------------------------------------------------------
Expect chicken wild-mi=0.153481 got=Backtrace:
           6 (apply-smob/1 #<catch-closure 55e32df86a20>)
           5 (apply-smob/1 #<catch-closure 55e32df86920>)
In ice-9/boot-9.scm:
   2312:4  4 (save-module-excursion #<procedure 55e32e102560 at ice-â€¦>)
In ice-9/eval-string.scm:
     38:6  3 (read-and-eval #<input: string 55e32df37070> #:lang _)
In unknown file:
           2 (scm-error misc-error #f "~A ~S" ("No such value! Dâ€¦" â€¦) â€¦)
In ice-9/boot-9.scm:
   751:25  1 (dispatch-exception 0 misc-error (#f "~A ~S" ("Noâ€¦" â€¦) â€¦))
In unknown file:
           0 (apply-smob/1 #<catch-closure 55e32df868e0> misc-error # â€¦)

ERROR: In procedure apply-smob/1:
No such value! Did you forget to compute frequencies?
 (EvaluationLink
   (PredicateNode "foo")
   (ListLink
      (WordNode "chicken")
      (AnyNode "right-wild")
   )
)

ABORT: misc-error
/home/opencog/atomspace/build/tests/matrix/../../../tests/matrix/VectorAPIUTest.cxxtest:373: Error: Test failed: Caught scm error during eval
/home/opencog/atomspace/build/tests/matrix/../../../tests/matrix/VectorAPIUTest.cxxtest:373: Error: Assertion failed: (false == eval->eval_error())
/home/opencog/atomspace/build/tests/matrix/../../../tests/matrix/VectorAPIUTest.cxxtest:373: Error: Test failed: chicken wild-mi
/home/opencog/atomspace/build/tests/matrix/../../../tests/matrix/VectorAPIUTest.cxxtest:373: Error: Expected (chmi-1.0e-9 < atof(num.c_str())), found (0.1534 >= 0.0000)
Expect dog wild-mi=0.169400 got=Backtrace:
           6 (apply-smob/1 #<catch-closure 55e32ddb96a0>)
           5 (apply-smob/1 #<catch-closure 55e32ddb95a0>)
In ice-9/boot-9.scm:
   2312:4  4 (save-module-excursion #<procedure 55e32ddc4de0 at ice-â€¦>)
In ice-9/eval-string.scm:
     38:6  3 (read-and-eval #<input: string 55e32e1420e0> #:lang _)
In unknown file:
           2 (scm-error misc-error #f "~A ~S" ("No such value! Dâ€¦" â€¦) â€¦)
In ice-9/boot-9.scm:
   751:25  1 (dispatch-exception 0 misc-error (#f "~A ~S" ("Noâ€¦" â€¦) â€¦))
In unknown file:
           0 (apply-smob/1 #<catch-closure 55e32ddb9560> misc-error # â€¦)

ERROR: In procedure apply-smob/1:
No such value! Did you forget to compute frequencies?
 (EvaluationLink
   (PredicateNode "foo")
   (ListLink
      (WordNode "dog")
      (AnyNode "right-wild")
   )
)

ABORT: misc-error
/home/opencog/atomspace/build/tests/matrix/../../../tests/matrix/VectorAPIUTest.cxxtest:383: Error: Test failed: Caught scm error during eval
/home/opencog/atomspace/build/tests/matrix/../../../tests/matrix/VectorAPIUTest.cxxtest:383: Error: Assertion failed: (false == eval->eval_error())
/home/opencog/atomspace/build/tests/matrix/../../../tests/matrix/VectorAPIUTest.cxxtest:383: Error: Test failed: dog wild-mi
/home/opencog/atomspace/build/tests/matrix/../../../tests/matrix/VectorAPIUTest.cxxtest:383: Error: Expected (domi-1.0e-9 < atof(num.c_str())), found (0.1694 >= 0.0000)
Expect table wild-mi=0.181818 got=Backtrace:
           6 (apply-smob/1 #<catch-closure 55e32e211ec0>)
           5 (apply-smob/1 #<catch-closure 55e32e211dc0>)
In ice-9/boot-9.scm:
   2312:4  4 (save-module-excursion #<procedure 55e32e1971c0 at ice-â€¦>)
In ice-9/eval-string.scm:
     38:6  3 (read-and-eval #<input: string 55e32e23bbd0> #:lang _)
In unknown file:
           2 (scm-error misc-error #f "~A ~S" ("No such value! Dâ€¦" â€¦) â€¦)
In ice-9/boot-9.scm:
   751:25  1 (dispatch-exception 0 misc-error (#f "~A ~S" ("Noâ€¦" â€¦) â€¦))
In unknown file:
           0 (apply-smob/1 #<catch-closure 55e32e211d80> misc-error # â€¦)

ERROR: In procedure apply-smob/1:
No such value! Did you forget to compute frequencies?
 (EvaluationLink
   (PredicateNode "foo")
   (ListLink
      (WordNode "table")
      (AnyNode "right-wild")
   )
)

ABORT: misc-error
/home/opencog/atomspace/build/tests/matrix/../../../tests/matrix/VectorAPIUTest.cxxtest:393: Error: Test failed: Caught scm error during eval
/home/opencog/atomspace/build/tests/matrix/../../../tests/matrix/VectorAPIUTest.cxxtest:393: Error: Assertion failed: (false == eval->eval_error())
/home/opencog/atomspace/build/tests/matrix/../../../tests/matrix/VectorAPIUTest.cxxtest:393: Error: Test failed: table wild-mi
/home/opencog/atomspace/build/tests/matrix/../../../tests/matrix/VectorAPIUTest.cxxtest:393: Error: Expected (tami-1.0e-9 < atof(num.c_str())), found (0.1818 >= 0.0000)
Expect report total mi=0.504700 got=Backtrace:
           6 (apply-smob/1 #<catch-closure 55e32df03d80>)
           5 (apply-smob/1 #<catch-closure 55e32df03c80>)
In ice-9/boot-9.scm:
   2312:4  4 (save-module-excursion #<procedure 55e32dea7680 at ice-â€¦>)
In ice-9/eval-string.scm:
     38:6  3 (read-and-eval #<input: string 55e32e04dc40> #:lang _)
In unknown file:
           2 (cog-value-ref () 0)
In ice-9/boot-9.scm:
   751:25  1 (dispatch-exception 0 wrong-type-arg ("cog-value-ref" â€¦))
In unknown file:
           0 (apply-smob/1 #<catch-closure 55e32df03c40> # "cog-valâ€¦" â€¦)

ERROR: In procedure apply-smob/1:
In procedure cog-value-ref: Wrong type argument in position 1 (expecting opencog value): ()
ABORT: wrong-type-arg
/home/opencog/atomspace/build/tests/matrix/../../../tests/matrix/VectorAPIUTest.cxxtest:396: Error: Test failed: Caught scm error during eval
/home/opencog/atomspace/build/tests/matrix/../../../tests/matrix/VectorAPIUTest.cxxtest:396: Error: Assertion failed: (false == eval->eval_error())
/home/opencog/atomspace/build/tests/matrix/../../../tests/matrix/VectorAPIUTest.cxxtest:396: Error: Test failed: report total mi
/home/opencog/atomspace/build/tests/matrix/../../../tests/matrix/VectorAPIUTest.cxxtest:396: Error: Expected (chmi+domi+tami-1.0e-9 < atof(num.c_str())), found (0.5047 >= 0.0000)
[2018-09-09 22:15:17:725] [DEBUG] END TEST: test_marginals
[2018-09-09 22:15:17:728] [DEBUG] BEGIN TEST: test_cosines
Load of data >>>
Expect product (table,dog)=16.000000 got=16.0
Expect cosine (table,dog)=0.872872 got=0.8728715609439696
Expect product (chicken,table)=12.000000 got=12.0
Expect cosine (chicken,table)=0.428571 got=0.42857142857142855
Expect product (chicken,dog)=16.000000 got=16.0
Expect cosine (chicken,dog)=0.498784 got=0.4987837491108398
[2018-09-09 22:15:17:730] [DEBUG] END TEST: test_cosines
.[2018-09-09 22:15:17:732] [DEBUG] BEGIN TEST: test_fold
Load of data >>>
Expect length (table - dog)=2.236068 got=2.23606797749979
Expect length (chicken - dog)=6.164414 got=6.164414002968976
[2018-09-09 22:15:17:733] [DEBUG] END TEST: test_fold
.[2018-09-09 22:15:17:736] [DEBUG] BEGIN TEST: test_transpose
Load of data >>>
Support compute >>>Finished left norm marginals in 0 secs
Finished left totals in 0 secs
Finished right norm marginals in 0 secs
Finished right totals in 0 secs
#t
Transpose compute >>>Finished mmt norm marginals in 0 secs
Finished mmt totals in 0 secs
Finished mtm norm marginals in 0 secs
Finished mtm totals in 0 secs
#t
Expect mmt chicken =77.000000 got=77.0
Expect mmt dog =53.000000 got=53.0
Expect mmt table =44.000000 got=44.0
Expect mtm legs =77.000000 got=77.0
Expect mtm eyes =36.000000 got=36.0
Expect mtm wings =66.000000 got=66.0
Expect mtm snouts =7.000000 got=7.0
Expect api mmt chicken =77.000000 got=77.0
Expect api mmt dog =53.000000 got=53.0
Expect api mmt table =44.000000 got=44.0
Expect api mtm legs =77.000000 got=77.0
Expect api mtm eyes =36.000000 got=36.0
Expect api mtm wings =66.000000 got=66.0
Expect api mtm snouts =7.000000 got=7.0
Expect total-mmt =174.000000 got=174.0
Expect total-mtm =186.000000 got=186.0
Expect total-mmt =174.000000 got=174.0
Expect total-mtm =186.000000 got=186.0
[2018-09-09 22:15:17:740] [DEBUG] END TEST: test_transpose
.[2018-09-09 22:15:17:743] [DEBUG] BEGIN TEST: test_symmetric_mi
Load of data >>>
Support compute >>>Finished left norm marginals in 0 secs
Finished left totals in 0 secs
Finished right norm marginals in 0 secs
Finished right totals in 0 secs
#t
Transpose compute >>>Finished mmt norm marginals in 0 secs
Finished mmt totals in 0 secs
Finished mtm norm marginals in 0 secs
Finished mtm totals in 0 secs
#t
Expect chicken-dog fmi=-0.551763 got=-0.5517634994093722
Expect chicken-dog fmi again=-0.551763 got=-0.5517634994093722
Expect chicken-table fmi=-0.698312 got=-0.6983121627623141
Expect dog-table fmi=0.255591 got=0.25559142264823176
Expect chicken-chicken fmi=0.524080 got=0.5240802585741339
Expect dog-dog fmi=0.379420 got=0.3794200095010901
Expect table-table fmi=0.524080 got=0.5240802585741339
Expect wings-eyes fmi=-0.090198 got=-0.09019780897157814
Expect eyes-wings=-0.090198 got=-0.09019780897157814
Expect wings-eyes fmi=-0.090198 got=-0.09019780897157814
Expect eyes-legs fmi=-0.090198 got=-0.09019780897157814
Expect eyes-snouts fmi=0.561879 got=0.561878887608115
Expect wings-wings fmi=0.620296 got=0.6202955738334369
Expect wings-legs fmi=-0.602097 got=-0.6020968475030112
Expect legs-legs fmi=0.363138 got=0.36313773433631225
Expect legs-snouts fmi=0.465017 got=0.465017348355526
Expect snouts-snouts fmi=1.924449 got=1.9244489669928233
[2018-09-09 22:15:17:754] [DEBUG] END TEST: test_symmetric_mi
.
Failed 1 and Skipped 0 of 6 tests
Success rate: 83%
/home/jenkins/.cache/guile/ccache/2.2-LE-8-3.A/home/opencog/atomspace/build/opencog/scm/opencog/matrix/thresh-pca.scm.go
;;; compiled /home/jenkins/.cache/guile/ccache/2.2-LE-8-3.A/home/opencog/atomspace/tests/matrix/basic-api.scm.go
;;; compiling ../../../tests/matrix/basic-data.scm
;;; compiled /home/jenkins/.cache/guile/ccache/2.2-LE-8-3.A/home/opencog/atomspace/tests/matrix/basic-data.scm.go
;;; compiling /home/opencog/atomspace/opencog/scm/opencog/persist-sql.scm
;;; compiled /home/jenkins/.cache/guile/ccache/2.2-LE-8-3.A/home/opencog/atomspace/opencog/scm/opencog/persist-sql.scm.go

        Start  55: PatternUTest
 55/114 Test  #55: PatternUTest .....................   Passed    0.02 sec
        Start  56: StackUTest
 56/114 Test  #56: StackUTest .......................   Passed    0.01 sec
        Start  57: BigPatternUTest
 57/114 Test  #57: BigPatternUTest ..................   Passed    0.01 sec
        Start  58: BiggerPatternUTest
 58/114 Test  #58: BiggerPatternUTest ...............   Passed    0.02 sec
        Start  59: LoopPatternUTest
 59/114 Test  #59: LoopPatternUTest .................   Passed    0.01 sec
        Start  60: BooleanUTest
 60/114 Test  #60: BooleanUTest .....................   Passed    0.02 sec
        Start  61: Boolean2NotUTest
 61/114 Test  #61: Boolean2NotUTest .................   Passed    0.02 sec
        Start  62: ConstantClausesUTest
 62/114 Test  #62: ConstantClausesUTest .............   Passed    0.37 sec
        Start  63: PatternCrashUTest
 63/114 Test  #63: PatternCrashUTest ................   Passed    0.19 sec
        Start  64: DisconnectedUTest
 64/114 Test  #64: DisconnectedUTest ................   Passed    0.62 sec
        Start  65: ImplicationUTest
 65/114 Test  #65: ImplicationUTest .................   Passed    0.19 sec
        Start  66: ExecutionOutputUTest
 66/114 Test  #66: ExecutionOutputUTest .............   Passed    0.22 sec
        Start  67: BuggyStackUTest
 67/114 Test  #67: BuggyStackUTest ..................   Passed    0.34 sec
        Start  68: VarTypeNotUTest
 68/114 Test  #68: VarTypeNotUTest ..................   Passed    0.32 sec
        Start  69: BuggyNotUTest
 69/114 Test  #69: BuggyNotUTest ....................   Passed    0.31 sec
        Start  70: MatchLinkUTest
 70/114 Test  #70: MatchLinkUTest ...................   Passed    0.41 sec
        Start  71: UnorderedUTest
 71/114 Test  #71: UnorderedUTest ...................   Passed    0.79 sec
        Start  72: StackMoreUTest
 72/114 Test  #72: StackMoreUTest ...................   Passed    2.32 sec
        Start  73: GlobUTest
 73/114 Test  #73: GlobUTest ........................   Passed    1.14 sec
        Start  74: RecognizerUTest
 74/114 Test  #74: RecognizerUTest ..................   Passed    0.34 sec
        Start  75: ArcanaUTest
 75/114 Test  #75: ArcanaUTest ......................   Passed    4.59 sec
        Start  76: SubstitutionUTest
 76/114 Test  #76: SubstitutionUTest ................   Passed    0.29 sec
        Start  77: GetLinkUTest
 77/114 Test  #77: GetLinkUTest .....................   Passed    0.31 sec
        Start  78: NotLinkUTest
 78/114 Test  #78: NotLinkUTest .....................   Passed    0.19 sec
        Start  79: GetStateUTest
 79/114 Test  #79: GetStateUTest ....................   Passed    1.21 sec
        Start  80: DeepTypeUTest
 80/114 Test  #80: DeepTypeUTest ....................   Passed    0.31 sec
        Start  81: GreaterThanUTest
 81/114 Test  #81: GreaterThanUTest .................   Passed    0.36 sec
        Start  82: GreaterComputeUTest
 82/114 Test  #82: GreaterComputeUTest ..............   Passed    0.28 sec
        Start  83: SequenceUTest
 83/114 Test  #83: SequenceUTest ....................   Passed    0.48 sec
        Start  84: EvaluationUTest
 84/114 Test  #84: EvaluationUTest ..................   Passed    0.50 sec
        Start  85: DontExecUTest
 85/114 Test  #85: DontExecUTest ....................   Passed    0.35 sec
        Start  86: QuoteUTest
 86/114 Test  #86: QuoteUTest .......................   Passed    0.62 sec
        Start  87: UnquoteUTest
 87/114 Test  #87: UnquoteUTest .....................   Passed    0.01 sec
        Start  88: LocalQuoteUTest
 88/114 Test  #88: LocalQuoteUTest ..................   Passed    0.01 sec
        Start  89: BuggyLinkUTest
 89/114 Test  #89: BuggyLinkUTest ...................   Passed    0.25 sec
        Start  90: BuggyQuoteUTest
 90/114 Test  #90: BuggyQuoteUTest ..................   Passed    0.25 sec
        Start  91: BuggyEqualUTest
 91/114 Test  #91: BuggyEqualUTest ..................   Passed    0.32 sec
        Start  92: BuggySelfGroundUTest
 92/114 Test  #92: BuggySelfGroundUTest .............   Passed    0.22 sec
        Start  93: BuggyBindLinkUTest
 93/114 Test  #93: BuggyBindLinkUTest ...............   Passed    0.28 sec
        Start  94: ChoiceLinkUTest
 94/114 Test  #94: ChoiceLinkUTest ..................   Passed    0.97 sec
        Start  95: DefineUTest
 95/114 Test  #95: DefineUTest ......................   Passed    0.32 sec
        Start  96: FiniteStateMachineUTest
 96/114 Test  #96: FiniteStateMachineUTest ..........   Passed    0.25 sec
        Start  97: AbsentUTest
 97/114 Test  #97: AbsentUTest ......................   Passed    0.51 sec
        Start  98: SingleUTest
 98/114 Test  #98: SingleUTest ......................   Passed    0.23 sec
        Start  99: ScopeUTest
 99/114 Test  #99: ScopeUTest .......................   Passed    0.69 sec
        Start 100: NestedPutUTest
100/114 Test #100: NestedPutUTest ...................   Passed    0.23 sec
        Start 101: FirstNUTest
101/114 Test #101: FirstNUTest ......................   Passed    0.32 sec
        Start 102: SudokuUTest
102/114 Test #102: SudokuUTest ......................   Passed    0.46 sec
        Start 103: EinsteinUTest
103/114 Test #103: EinsteinUTest ....................   Passed    5.04 sec
        Start 104: TypeChoiceUTest
104/114 Test #104: TypeChoiceUTest ..................   Passed    0.01 sec
        Start 105: NoExceptionUTest
105/114 Test #105: NoExceptionUTest .................   Passed    0.32 sec
        Start 106: ChainerUtilsUTest
106/114 Test #106: ChainerUtilsUTest ................   Passed    0.18 sec
        Start 107: UREConfigUTest
107/114 Test #107: UREConfigUTest ...................   Passed    0.38 sec
        Start 108: RuleUTest
108/114 Test #108: RuleUTest ........................   Passed    0.71 sec
        Start 109: ForwardChainerUTest
109/114 Test #109: ForwardChainerUTest ..............   Passed    1.60 sec
        Start 110: BetaDistributionUTest
110/114 Test #110: BetaDistributionUTest ............   Passed    0.02 sec
        Start 111: BackwardChainerUTest
111/114 Test #111: BackwardChainerUTest .............   Passed    4.21 sec
        Start 112: ActionSelectionUTest
112/114 Test #112: ActionSelectionUTest .............   Passed    0.01 sec
        Start 113: ControlPolicyUTest
113/114 Test #113: ControlPolicyUTest ...............   Passed    0.29 sec
        Start 114: BITUTest
114/114 Test #114: BITUTest .........................   Passed    1.66 sec

99% tests passed, 1 tests failed out of 114

Total Test time (real) =  98.70 sec

The following tests FAILED:
	 54 - VectorAPIUTest (Failed)
Errors while running CTest
CMakeFiles/test.dir/build.make:57: recipe for target 'CMakeFiles/test' failed
CMakeFiles/Makefile2:99: recipe for target 'CMakeFiles/test.dir/all' failed
make[3]: *** [CMakeFiles/test] Error 8
make[2]: *** [CMakeFiles/test.dir/all] Error 2
make[1]: *** [CMakeFiles/test.dir/rule] Error 2
make: *** [test] Error 2
CMakeFiles/Makefile2:106: recipe for target 'CMakeFiles/test.dir/rule' failed
Makefile:197: recipe for target 'test' failed
+ DSTATUS=TESTFAIL
+ /var/lib/jenkins/status/updateStatus TESTFAIL /var/lib/jenkins/jobs/OpenCOG_DebStab_AtomSpace/builds/177/log OpenCOG_DebStab_AtomSpace
Already up-to-date.
