Started by user [8mha:////4L2jTPWu9zIb56dnp8RqVObesKKV2DVGI0jJXlam1DqAAAAAlx+LCAAAAAAAAP9b85aBtbiIQTGjNKU4P08vOT+vOD8nVc83PyU1x6OyILUoJzMv2y+/JJUBAhiZGBgqihhk0NSjKDWzXb3RdlLBUSYGJk8GtpzUvPSSDB8G5tKinBIGIZ+sxLJE/ZzEvHT94JKizLx0a6BxUmjGOUNodHsLgAzWEgZu/dLi1CL9xJTczDwAj6GcLcAAAAA=[0madmin
Building in workspace /var/lib/jenkins/workspace/OpenCOG_U1710_AtomSpace
[OpenCOG_U1710_AtomSpace] $ /bin/sh -xe /tmp/jenkins7040894931355491318.sh
+ COGDIR=../OpenCOG_U1710
+ . ../OpenCOG_U1710/build.docker/docker.env
+ CID=3a39f8dd9f634347854c7a6864a48739b1190da04f19d96f7691629334f3c72f
+ DKRUNROOT=docker exec --user root   3a39f8dd9f634347854c7a6864a48739b1190da04f19d96f7691629334f3c72f
+ DKRUNUSER=docker exec --user jenkins  3a39f8dd9f634347854c7a6864a48739b1190da04f19d96f7691629334f3c72f
+ UID=125
+ GID=132
+ LOGFILE=/var/lib/jenkins/jobs/OpenCOG_U1710_AtomSpace/builds/3/log
+ cat


**********************************************************
**********************************************************
**********************************************************
**********************************************************
*****                                                *****
*****                  Atomspace TEST                *****
*****                                                *****
**********************************************************
**********************************************************
**********************************************************
**********************************************************


+ echo GIT_COMMIT=
GIT_COMMIT=
+ echo GIT_BRANCH=
GIT_BRANCH=
+ echo GIT_URL=
GIT_URL=
+ WDIR=atomspace
+ JOBDIR=../OpenCOG_U1710/dependencies
+ cat
+ chmod +x ../OpenCOG_U1710/dependencies/job1
+ docker exec --user jenkins 3a39f8dd9f634347854c7a6864a48739b1190da04f19d96f7691629334f3c72f bash dependencies/job1
+ cd atomspace
+ cd build
+ make -j8 test
[  0%] Built target opencog_atom_types
[  1%] Built target truthvalue
[  3%] Built target atombase
[  4%] Built target attentionbank
[  5%] Built target atomutils
[ 11%] Built target atomcore
[ 14%] Built target atomspace
[ 15%] Built target clearbox
[ 15%] Generating EvidenceCountTruthValueUTest.cpp
[ 15%] Generating BetaReduceUTest.cpp
[ 15%] Generating TVMergeUTest.cpp
[ 15%] Generating AttentionValueUTest.cpp
[ 15%] Generating ComposeLinkUTest.cpp
[ 15%] Generating SimpleTruthValueUTest.cpp
[ 17%] Built target lambda
[ 17%] Built target atomspaceutils
[ 17%] Generating DefineLinkUTest.cpp
[ 17%] Generating VariablesUTest.cpp
Scanning dependencies of target TVMergeUTest
Scanning dependencies of target EvidenceCountTruthValueUTest
Scanning dependencies of target BetaReduceUTest
Scanning dependencies of target SimpleTruthValueUTest
Scanning dependencies of target DefineLinkUTest
Scanning dependencies of target VariablesUTest
Scanning dependencies of target ComposeLinkUTest
Scanning dependencies of target AttentionValueUTest
[ 17%] Building CXX object tests/atoms/CMakeFiles/DefineLinkUTest.dir/DefineLinkUTest.cpp.o
[ 17%] Building CXX object tests/truthvalue/CMakeFiles/SimpleTruthValueUTest.dir/SimpleTruthValueUTest.cpp.o
[ 18%] Building CXX object tests/truthvalue/CMakeFiles/TVMergeUTest.dir/TVMergeUTest.cpp.o
[ 20%] Building CXX object tests/atoms/CMakeFiles/VariablesUTest.dir/VariablesUTest.cpp.o
[ 21%] Building CXX object tests/truthvalue/CMakeFiles/EvidenceCountTruthValueUTest.dir/EvidenceCountTruthValueUTest.cpp.o
[ 21%] Building CXX object tests/truthvalue/CMakeFiles/AttentionValueUTest.dir/AttentionValueUTest.cpp.o
[ 22%] Building CXX object tests/atoms/CMakeFiles/BetaReduceUTest.dir/BetaReduceUTest.cpp.o
[ 22%] Building CXX object tests/atoms/CMakeFiles/ComposeLinkUTest.dir/ComposeLinkUTest.cpp.o
[ 22%] Linking CXX executable SimpleTruthValueUTest
[ 22%] Linking CXX executable TVMergeUTest
[ 23%] Linking CXX executable EvidenceCountTruthValueUTest
[ 23%] Built target SimpleTruthValueUTest
[ 23%] Built target EvidenceCountTruthValueUTest
[ 23%] Built target TVMergeUTest
[ 23%] Generating AttentionUTest.cpp
[ 24%] Generating AtomSpaceUtilsUTest.cpp
Scanning dependencies of target AtomSpaceUtilsUTest
[ 24%] Built target unify
[ 24%] Building CXX object tests/atomspaceutils/CMakeFiles/AtomSpaceUtilsUTest.dir/AtomSpaceUtilsUTest.cpp.o
Scanning dependencies of target AttentionUTest
[ 24%] Building CXX object tests/attentionbank/CMakeFiles/AttentionUTest.dir/AttentionUTest.cpp.o
[ 25%] Built target type_constructors
[ 25%] Linking CXX executable BetaReduceUTest
[ 27%] Built target atomspace_cython
[ 27%] Built target BetaReduceUTest
[ 27%] Linking CXX executable DefineLinkUTest
[ 27%] Linking CXX executable ComposeLinkUTest
[ 27%] Built target DefineLinkUTest
[ 27%] Built target ComposeLinkUTest
[ 27%] Generating TLBUTest.cpp
[ 27%] Generating AtomUTest.cpp
[ 27%] Generating NodeUTest.cpp
[ 27%] Linking CXX executable VariablesUTest
Scanning dependencies of target NodeUTest
[ 28%] Building CXX object tests/atomspace/CMakeFiles/NodeUTest.dir/NodeUTest.cpp.o
[ 30%] Built target smob
Scanning dependencies of target TLBUTest
Scanning dependencies of target AtomUTest
[ 30%] Building CXX object tests/atomspace/CMakeFiles/TLBUTest.dir/TLBUTest.cpp.o
[ 30%] Building CXX object tests/atomspace/CMakeFiles/AtomUTest.dir/AtomUTest.cpp.o
[ 30%] Built target VariablesUTest
[ 30%] Linking CXX executable AttentionValueUTest
[ 30%] Generating LinkUTest.cpp
[ 30%] Built target AttentionValueUTest
Scanning dependencies of target LinkUTest
[ 30%] Generating AtomSpaceAsyncUTest.cpp
[ 30%] Building CXX object tests/atomspace/CMakeFiles/LinkUTest.dir/LinkUTest.cpp.o
[ 30%] Generating UseCountUTest.cpp
Scanning dependencies of target AtomSpaceAsyncUTest
Scanning dependencies of target UseCountUTest
[ 30%] Building CXX object tests/atomspace/CMakeFiles/AtomSpaceAsyncUTest.dir/AtomSpaceAsyncUTest.cpp.o
[ 30%] Building CXX object tests/atomspace/CMakeFiles/UseCountUTest.dir/UseCountUTest.cpp.o
[ 30%] Linking CXX executable AtomSpaceUtilsUTest
[ 30%] Built target AtomSpaceUtilsUTest
[ 30%] Generating ClassServerUTest.cpp
[ 30%] Linking CXX executable AttentionUTest
[ 30%] Linking CXX executable NodeUTest
Scanning dependencies of target ClassServerUTest
[ 30%] Built target AttentionUTest
[ 30%] Building CXX object tests/atomspace/CMakeFiles/ClassServerUTest.dir/ClassServerUTest.cpp.o
[ 30%] Generating AtomSpaceUTest.cpp
[ 30%] Built target NodeUTest
[ 30%] Linking CXX executable TLBUTest
Scanning dependencies of target AtomSpaceUTest
[ 30%] Generating AtomSpaceImplUTest.cpp
[ 30%] Building CXX object tests/atomspace/CMakeFiles/AtomSpaceUTest.dir/AtomSpaceUTest.cpp.o
[ 30%] Built target TLBUTest
[ 30%] Generating MultiSpaceUTest.cpp
Scanning dependencies of target AtomSpaceImplUTest
[ 31%] Building CXX object tests/atomspace/CMakeFiles/AtomSpaceImplUTest.dir/AtomSpaceImplUTest.cpp.o
Scanning dependencies of target MultiSpaceUTest
[ 31%] Building CXX object tests/atomspace/CMakeFiles/MultiSpaceUTest.dir/MultiSpaceUTest.cpp.o
[ 31%] Linking CXX executable LinkUTest
[ 31%] Linking CXX executable AtomUTest
[ 31%] Built target LinkUTest
[ 31%] Generating RemoveUTest.cpp
[ 31%] Built target AtomUTest
[ 31%] Generating ThreadSafeHandleMapUTest.cpp
Scanning dependencies of target RemoveUTest
[ 31%] Building CXX object tests/atomspace/CMakeFiles/RemoveUTest.dir/RemoveUTest.cpp.o
Scanning dependencies of target ThreadSafeHandleMapUTest
[ 31%] Building CXX object tests/atomspace/CMakeFiles/ThreadSafeHandleMapUTest.dir/ThreadSafeHandleMapUTest.cpp.o
[ 32%] Linking CXX executable UseCountUTest
[ 32%] Linking CXX executable ClassServerUTest
[ 32%] Built target UseCountUTest
[ 32%] Generating RewriteLinkUTest.cpp
[ 32%] Built target ClassServerUTest
[ 32%] Generating FreeLinkUTest.cpp
Scanning dependencies of target RewriteLinkUTest
[ 34%] Building CXX object tests/atoms/CMakeFiles/RewriteLinkUTest.dir/RewriteLinkUTest.cpp.o
Scanning dependencies of target FreeLinkUTest
[ 35%] Building CXX object tests/atoms/CMakeFiles/FreeLinkUTest.dir/FreeLinkUTest.cpp.o
[ 35%] Linking CXX executable AtomSpaceAsyncUTest
[ 35%] Built target AtomSpaceAsyncUTest
[ 35%] Generating ScopeLinkUTest.cpp
Scanning dependencies of target ScopeLinkUTest
[ 35%] Building CXX object tests/atoms/CMakeFiles/ScopeLinkUTest.dir/ScopeLinkUTest.cpp.o
[ 35%] Linking CXX executable ThreadSafeHandleMapUTest
[ 36%] Linking CXX executable MultiSpaceUTest
[ 36%] Built target ThreadSafeHandleMapUTest
[ 36%] Built target MultiSpaceUTest
[ 36%] Linking CXX executable AtomSpaceImplUTest
[ 36%] Generating AlphaConvertUTest.cpp
[ 36%] Linking CXX executable RemoveUTest
[ 36%] Generating FindUtilsUTest.cpp
[ 36%] Built target AtomSpaceImplUTest
[ 36%] Generating AtomUtilsUTest.cpp
Scanning dependencies of target AlphaConvertUTest
[ 36%] Building CXX object tests/atoms/CMakeFiles/AlphaConvertUTest.dir/AlphaConvertUTest.cpp.o
[ 36%] Built target RemoveUTest
Scanning dependencies of target FindUtilsUTest
[ 36%] Building CXX object tests/atomutils/CMakeFiles/FindUtilsUTest.dir/FindUtilsUTest.cpp.o
[ 36%] Linking CXX executable FreeLinkUTest
[ 36%] Generating FuzzyUTest.cpp
Scanning dependencies of target AtomUtilsUTest
[ 36%] Building CXX object tests/atomutils/CMakeFiles/AtomUtilsUTest.dir/AtomUtilsUTest.cpp.o
[ 36%] Built target FreeLinkUTest
Scanning dependencies of target FuzzyUTest
[ 36%] Building CXX object tests/atomutils/CMakeFiles/FuzzyUTest.dir/FuzzyUTest.cpp.o
[ 36%] Linking CXX executable AtomSpaceUTest
[ 36%] Linking CXX executable RewriteLinkUTest
[ 36%] Generating NeighborUTest.cpp
[ 36%] Built target AtomSpaceUTest
[ 36%] Built target RewriteLinkUTest
Scanning dependencies of target NeighborUTest
[ 37%] Generating UnifyUTest.cpp
[ 38%] Building CXX object tests/atomutils/CMakeFiles/NeighborUTest.dir/NeighborUTest.cpp.o
[ 40%] Built target PythonEval
[ 42%] Built target query
[ 42%] Generating AtomTableUTest.cpp
Scanning dependencies of target UnifyUTest
[ 42%] Building CXX object tests/unify/CMakeFiles/UnifyUTest.dir/UnifyUTest.cpp.o
Scanning dependencies of target AtomTableUTest
[ 42%] Building CXX object tests/atomspace/CMakeFiles/AtomTableUTest.dir/AtomTableUTest.cpp.o
[ 43%] Linking CXX executable ScopeLinkUTest
[ 43%] Built target ScopeLinkUTest
[ 43%] Built target utilities_cython
[ 44%] Built target execution
[ 44%] Generating PythonEvalUTest.cpp
Scanning dependencies of target PythonEvalUTest
[ 44%] Building CXX object tests/cython/CMakeFiles/PythonEvalUTest.dir/PythonEvalUTest.cpp.o
[ 45%] Linking CXX executable FindUtilsUTest
[ 45%] Built target FindUtilsUTest
[ 45%] Linking CXX executable FuzzyUTest
[ 45%] Linking CXX executable AlphaConvertUTest
[ 45%] Generating ReductUTest.cpp
[ 45%] Built target FuzzyUTest
[ 47%] Linking CXX executable AtomUtilsUTest
[ 47%] Built target AlphaConvertUTest
[ 47%] Built target AtomUtilsUTest
Scanning dependencies of target ReductUTest
[ 47%] Generating ParallelUTest.cpp
[ 47%] Generating RandomUTest.cpp
[ 48%] Generating MapLinkUTest.cpp
[ 49%] Building CXX object tests/atoms/CMakeFiles/ReductUTest.dir/ReductUTest.cpp.o
Scanning dependencies of target RandomUTest
Scanning dependencies of target MapLinkUTest
Scanning dependencies of target ParallelUTest
[ 49%] Building CXX object tests/atoms/CMakeFiles/RandomUTest.dir/RandomUTest.cpp.o
[ 49%] Building CXX object tests/atoms/CMakeFiles/ParallelUTest.dir/ParallelUTest.cpp.o
[ 49%] Building CXX object tests/atoms/CMakeFiles/MapLinkUTest.dir/MapLinkUTest.cpp.o
[ 49%] Linking CXX executable NeighborUTest
[ 49%] Built target NeighborUTest
[ 49%] Generating EqualLinkUTest.cpp
Scanning dependencies of target EqualLinkUTest
[ 49%] Building CXX object tests/atoms/CMakeFiles/EqualLinkUTest.dir/EqualLinkUTest.cpp.o
[ 50%] Linking CXX executable AtomTableUTest
[ 50%] Built target AtomTableUTest
[ 50%] Generating DeleteLinkUTest.cpp
[ 51%] Linking CXX executable PythonEvalUTest
Scanning dependencies of target DeleteLinkUTest
[ 51%] Building CXX object tests/atoms/CMakeFiles/DeleteLinkUTest.dir/DeleteLinkUTest.cpp.o
[ 51%] Built target PythonEvalUTest
[ 51%] Generating PutLinkUTest.cpp
Scanning dependencies of target PutLinkUTest
[ 51%] Building CXX object tests/atoms/CMakeFiles/PutLinkUTest.dir/PutLinkUTest.cpp.o
[ 51%] Linking CXX executable ParallelUTest
[ 51%] Built target ParallelUTest
[ 52%] Linking CXX executable RandomUTest
[ 52%] Linking CXX executable ReductUTest
[ 52%] Built target RandomUTest
[ 52%] Generating SCMPrimitiveUTest.cpp
[ 52%] Generating StateLinkUTest.cpp
[ 52%] Built target ReductUTest
[ 54%] Generating BasicSCMUTest.cpp
Scanning dependencies of target StateLinkUTest
Scanning dependencies of target SCMPrimitiveUTest
[ 54%] Building CXX object tests/atoms/CMakeFiles/StateLinkUTest.dir/StateLinkUTest.cpp.o
[ 54%] Linking CXX executable MapLinkUTest
[ 54%] Linking CXX executable EqualLinkUTest
[ 54%] Building CXX object tests/scm/CMakeFiles/SCMPrimitiveUTest.dir/SCMPrimitiveUTest.cpp.o
Scanning dependencies of target BasicSCMUTest
[ 54%] Building CXX object tests/scm/CMakeFiles/BasicSCMUTest.dir/BasicSCMUTest.cpp.o
[ 54%] Built target MapLinkUTest
[ 54%] Built target EqualLinkUTest
[ 54%] Generating MultiThreadUTest.cpp
[ 54%] Generating MultiAtomSpaceUTest.cpp
Scanning dependencies of target MultiAtomSpaceUTest
Scanning dependencies of target MultiThreadUTest
[ 54%] Building CXX object tests/scm/CMakeFiles/MultiThreadUTest.dir/MultiThreadUTest.cpp.o
[ 54%] Building CXX object tests/scm/CMakeFiles/MultiAtomSpaceUTest.dir/MultiAtomSpaceUTest.cpp.o
[ 54%] Linking CXX executable DeleteLinkUTest
[ 54%] Built target DeleteLinkUTest
[ 55%] Generating SCMUtilsUTest.cpp
Scanning dependencies of target SCMUtilsUTest
[ 55%] Building CXX object tests/scm/CMakeFiles/SCMUtilsUTest.dir/SCMUtilsUTest.cpp.o
[ 55%] Linking CXX executable UnifyUTest
[ 55%] Built target UnifyUTest
[ 55%] Linking CXX executable SCMPrimitiveUTest
[ 56%] Generating SCMExecutionOutputUTest.cpp
[ 56%] Built target SCMPrimitiveUTest
Scanning dependencies of target SCMExecutionOutputUTest
[ 56%] Generating EinsteinUTest.cpp
[ 56%] Building CXX object tests/scm/CMakeFiles/SCMExecutionOutputUTest.dir/SCMExecutionOutputUTest.cpp.o
Scanning dependencies of target EinsteinUTest
[ 57%] Building CXX object tests/query/CMakeFiles/EinsteinUTest.dir/EinsteinUTest.cpp.o
[ 57%] Linking CXX executable StateLinkUTest
[ 57%] Built target StateLinkUTest
[ 57%] Linking CXX executable MultiThreadUTest
[ 57%] Generating SudokuUTest.cpp
Scanning dependencies of target SudokuUTest
[ 57%] Built target MultiThreadUTest
[ 57%] Building CXX object tests/query/CMakeFiles/SudokuUTest.dir/SudokuUTest.cpp.o
[ 57%] Generating AttentionalFocusCBUTest.cpp
[ 57%] Linking CXX executable PutLinkUTest
Scanning dependencies of target AttentionalFocusCBUTest
[ 57%] Building CXX object tests/query/CMakeFiles/AttentionalFocusCBUTest.dir/AttentionalFocusCBUTest.cpp.o
[ 57%] Linking CXX executable MultiAtomSpaceUTest
[ 57%] Built target PutLinkUTest
[ 57%] Built target MultiAtomSpaceUTest
[ 57%] Linking CXX executable BasicSCMUTest
[ 57%] Generating FirstNUTest.cpp
[ 57%] Linking CXX executable SCMUtilsUTest
[ 57%] Generating ScopeUTest.cpp
[ 57%] Built target BasicSCMUTest
Scanning dependencies of target FirstNUTest
[ 58%] Building CXX object tests/query/CMakeFiles/FirstNUTest.dir/FirstNUTest.cpp.o
[ 58%] Generating SingleUTest.cpp
Scanning dependencies of target ScopeUTest
[ 58%] Building CXX object tests/query/CMakeFiles/ScopeUTest.dir/ScopeUTest.cpp.o
[ 58%] Built target SCMUtilsUTest
Scanning dependencies of target SingleUTest
[ 60%] Building CXX object tests/query/CMakeFiles/SingleUTest.dir/SingleUTest.cpp.o
[ 60%] Generating BuggySelfGroundUTest.cpp
[ 60%] Linking CXX executable EinsteinUTest
Scanning dependencies of target BuggySelfGroundUTest
[ 60%] Building CXX object tests/query/CMakeFiles/BuggySelfGroundUTest.dir/BuggySelfGroundUTest.cpp.o
[ 60%] Built target EinsteinUTest
[ 60%] Generating DefineUTest.cpp
Scanning dependencies of target DefineUTest
[ 60%] Building CXX object tests/query/CMakeFiles/DefineUTest.dir/DefineUTest.cpp.o
[ 61%] Linking CXX executable SudokuUTest
[ 61%] Linking CXX executable SCMExecutionOutputUTest
[ 61%] Built target SudokuUTest
[ 61%] Built target SCMExecutionOutputUTest
[ 61%] Generating GreaterComputeUTest.cpp
Scanning dependencies of target GreaterComputeUTest
[ 61%] Building CXX object tests/query/CMakeFiles/GreaterComputeUTest.dir/GreaterComputeUTest.cpp.o
[ 61%] Generating BuggyLinkUTest.cpp
[ 61%] Linking CXX executable AttentionalFocusCBUTest
Scanning dependencies of target BuggyLinkUTest
[ 61%] Building CXX object tests/query/CMakeFiles/BuggyLinkUTest.dir/BuggyLinkUTest.cpp.o
[ 61%] Built target AttentionalFocusCBUTest
[ 61%] Generating VarTypeNotUTest.cpp
[ 61%] Linking CXX executable SingleUTest
Scanning dependencies of target VarTypeNotUTest
[ 61%] Building CXX object tests/query/CMakeFiles/VarTypeNotUTest.dir/VarTypeNotUTest.cpp.o
[ 61%] Built target SingleUTest
[ 61%] Generating DeepTypeUTest.cpp
Scanning dependencies of target DeepTypeUTest
[ 61%] Building CXX object tests/query/CMakeFiles/DeepTypeUTest.dir/DeepTypeUTest.cpp.o
[ 61%] Linking CXX executable FirstNUTest
[ 61%] Built target FirstNUTest
[ 61%] Linking CXX executable ScopeUTest
[ 61%] Linking CXX executable BuggySelfGroundUTest
[ 61%] Generating DontExecUTest.cpp
[ 61%] Built target ScopeUTest
[ 61%] Built target BuggySelfGroundUTest
Scanning dependencies of target DontExecUTest
[ 61%] Generating ExecutionOutputUTest.cpp
[ 61%] Generating ImplicationUTest.cpp
[ 61%] Building CXX object tests/query/CMakeFiles/DontExecUTest.dir/DontExecUTest.cpp.o
Scanning dependencies of target ImplicationUTest
Scanning dependencies of target ExecutionOutputUTest
[ 62%] Building CXX object tests/query/CMakeFiles/ImplicationUTest.dir/ImplicationUTest.cpp.o
[ 62%] Building CXX object tests/query/CMakeFiles/ExecutionOutputUTest.dir/ExecutionOutputUTest.cpp.o
[ 63%] Linking CXX executable DefineUTest
[ 63%] Built target DefineUTest
[ 64%] Generating PatternCrashUTest.cpp
Scanning dependencies of target PatternCrashUTest
[ 64%] Building CXX object tests/query/CMakeFiles/PatternCrashUTest.dir/PatternCrashUTest.cpp.o
[ 65%] Linking CXX executable GreaterComputeUTest
[ 65%] Built target GreaterComputeUTest
[ 65%] Generating ConstantClausesUTest.cpp
[ 65%] Linking CXX executable BuggyLinkUTest
Scanning dependencies of target ConstantClausesUTest
[ 65%] Building CXX object tests/query/CMakeFiles/ConstantClausesUTest.dir/ConstantClausesUTest.cpp.o
[ 65%] Built target BuggyLinkUTest
[ 67%] Generating StackUTest.cpp
Scanning dependencies of target StackUTest
[ 67%] Building CXX object tests/query/CMakeFiles/StackUTest.dir/StackUTest.cpp.o
[ 67%] Linking CXX executable VarTypeNotUTest
[ 67%] Built target VarTypeNotUTest
[ 68%] Linking CXX executable DeepTypeUTest
[ 68%] Generating PatternUTest.cpp
[ 68%] Built target DeepTypeUTest
[ 68%] Generating BuggyStackUTest.cpp
Scanning dependencies of target PatternUTest
[ 68%] Building CXX object tests/query/CMakeFiles/PatternUTest.dir/PatternUTest.cpp.o
Scanning dependencies of target BuggyStackUTest
[ 68%] Building CXX object tests/query/CMakeFiles/BuggyStackUTest.dir/BuggyStackUTest.cpp.o
[ 68%] Linking CXX executable DontExecUTest
[ 68%] Built target DontExecUTest
[ 69%] Generating BuggyNotUTest.cpp
[ 69%] Linking CXX executable ImplicationUTest
[ 69%] Built target ImplicationUTest
[ 69%] Linking CXX executable ExecutionOutputUTest
[ 69%] Built target ExecutionOutputUTest
Scanning dependencies of target BuggyNotUTest
[ 69%] Generating GetStateUTest.cpp
[ 69%] Linking CXX executable PatternCrashUTest
[ 69%] Building CXX object tests/query/CMakeFiles/BuggyNotUTest.dir/BuggyNotUTest.cpp.o
[ 70%] Linking CXX executable BuggyStackUTest
[ 70%] Linking CXX executable ConstantClausesUTest
[ 70%] Linking CXX executable StackUTest
[ 70%] Built target PatternCrashUTest
[ 70%] Built target ConstantClausesUTest
[ 70%] Built target StackUTest
[ 70%] Built target BuggyStackUTest
[ 70%] Generating LoopPatternUTest.cpp
[ 70%] Generating TypeChoiceUTest.cpp
[ 70%] Generating DisconnectedUTest.cpp
Scanning dependencies of target GetStateUTest
[ 70%] Generating Boolean2NotUTest.cpp
[ 70%] Building CXX object tests/query/CMakeFiles/GetStateUTest.dir/GetStateUTest.cpp.o
[ 71%] Generating QuoteUTest.cpp
Scanning dependencies of target TypeChoiceUTest
Scanning dependencies of target QuoteUTest
[ 72%] Building CXX object tests/query/CMakeFiles/TypeChoiceUTest.dir/TypeChoiceUTest.cpp.o
[ 72%] Building CXX object tests/query/CMakeFiles/QuoteUTest.dir/QuoteUTest.cpp.o
Scanning dependencies of target LoopPatternUTest
[ 72%] Building CXX object tests/query/CMakeFiles/LoopPatternUTest.dir/LoopPatternUTest.cpp.o
Scanning dependencies of target Boolean2NotUTest
Scanning dependencies of target DisconnectedUTest
[ 74%] Building CXX object tests/query/CMakeFiles/Boolean2NotUTest.dir/Boolean2NotUTest.cpp.o
[ 75%] Building CXX object tests/query/CMakeFiles/DisconnectedUTest.dir/DisconnectedUTest.cpp.o
[ 76%] Linking CXX executable PatternUTest
[ 76%] Built target PatternUTest
[ 76%] Generating BuggyEqualUTest.cpp
Scanning dependencies of target BuggyEqualUTest
[ 77%] Building CXX object tests/query/CMakeFiles/BuggyEqualUTest.dir/BuggyEqualUTest.cpp.o
[ 77%] Linking CXX executable BuggyNotUTest
[ 77%] Built target BuggyNotUTest
[ 78%] Linking CXX executable GetStateUTest
[ 78%] Generating BigPatternUTest.cpp
[ 78%] Built target GetStateUTest
Scanning dependencies of target BigPatternUTest
[ 78%] Building CXX object tests/query/CMakeFiles/BigPatternUTest.dir/BigPatternUTest.cpp.o
[ 78%] Generating AbsentUTest.cpp
Scanning dependencies of target AbsentUTest
[ 78%] Building CXX object tests/query/CMakeFiles/AbsentUTest.dir/AbsentUTest.cpp.o
[ 78%] Linking CXX executable TypeChoiceUTest
[ 78%] Built target TypeChoiceUTest
[ 78%] Linking CXX executable DisconnectedUTest
[ 78%] Generating MatchLinkUTest.cpp
[ 78%] Built target DisconnectedUTest
Scanning dependencies of target MatchLinkUTest
[ 78%] Building CXX object tests/query/CMakeFiles/MatchLinkUTest.dir/MatchLinkUTest.cpp.o
[ 78%] Generating ArcanaUTest.cpp
Scanning dependencies of target ArcanaUTest
[ 80%] Building CXX object tests/query/CMakeFiles/ArcanaUTest.dir/ArcanaUTest.cpp.o
[ 80%] Linking CXX executable QuoteUTest
[ 80%] Linking CXX executable LoopPatternUTest
[ 80%] Built target QuoteUTest
[ 80%] Linking CXX executable Boolean2NotUTest
[ 80%] Built target LoopPatternUTest
[ 80%] Linking CXX executable BuggyEqualUTest
[ 80%] Generating BooleanUTest.cpp
[ 80%] Generating BiggerPatternUTest.cpp
[ 80%] Built target BuggyEqualUTest
[ 80%] Built target Boolean2NotUTest
Scanning dependencies of target BooleanUTest
[ 80%] Generating GlobUTest.cpp
[ 80%] Generating StackMoreUTest.cpp
[ 80%] Building CXX object tests/query/CMakeFiles/BooleanUTest.dir/BooleanUTest.cpp.o
Scanning dependencies of target BiggerPatternUTest
[ 80%] Building CXX object tests/query/CMakeFiles/BiggerPatternUTest.dir/BiggerPatternUTest.cpp.o
Scanning dependencies of target StackMoreUTest
[ 80%] Building CXX object tests/query/CMakeFiles/StackMoreUTest.dir/StackMoreUTest.cpp.o
Scanning dependencies of target GlobUTest
[ 80%] Building CXX object tests/query/CMakeFiles/GlobUTest.dir/GlobUTest.cpp.o
[ 80%] Linking CXX executable AbsentUTest
[ 80%] Built target AbsentUTest
[ 80%] Generating FiniteStateMachineUTest.cpp
[ 81%] Linking CXX executable BigPatternUTest
Scanning dependencies of target FiniteStateMachineUTest
[ 81%] Building CXX object tests/query/CMakeFiles/FiniteStateMachineUTest.dir/FiniteStateMachineUTest.cpp.o
[ 81%] Built target BigPatternUTest
[ 81%] Generating RecognizerUTest.cpp
Scanning dependencies of target RecognizerUTest
[ 81%] Building CXX object tests/query/CMakeFiles/RecognizerUTest.dir/RecognizerUTest.cpp.o
[ 82%] Linking CXX executable MatchLinkUTest
[ 82%] Built target MatchLinkUTest
[ 82%] Linking CXX executable ArcanaUTest
[ 82%] Generating BuggyQuoteUTest.cpp
[ 82%] Built target ArcanaUTest
Scanning dependencies of target BuggyQuoteUTest
[ 82%] Building CXX object tests/query/CMakeFiles/BuggyQuoteUTest.dir/BuggyQuoteUTest.cpp.o
[ 83%] Generating SubstitutionUTest.cpp
[ 83%] Linking CXX executable StackMoreUTest
Scanning dependencies of target SubstitutionUTest
[ 83%] Building CXX object tests/query/CMakeFiles/SubstitutionUTest.dir/SubstitutionUTest.cpp.o
[ 83%] Built target StackMoreUTest
[ 83%] Linking CXX executable GlobUTest
[ 84%] Generating EvaluationUTest.cpp
[ 84%] Linking CXX executable BooleanUTest
[ 84%] Built target GlobUTest
Scanning dependencies of target EvaluationUTest
[ 84%] Building CXX object tests/query/CMakeFiles/EvaluationUTest.dir/EvaluationUTest.cpp.o
[ 84%] Generating NoExceptionUTest.cpp
[ 84%] Built target BooleanUTest
[ 84%] Generating GreaterThanUTest.cpp
Scanning dependencies of target NoExceptionUTest
[ 84%] Building CXX object tests/query/CMakeFiles/NoExceptionUTest.dir/NoExceptionUTest.cpp.o
Scanning dependencies of target GreaterThanUTest
[ 84%] Building CXX object tests/query/CMakeFiles/GreaterThanUTest.dir/GreaterThanUTest.cpp.o
[ 84%] Linking CXX executable BiggerPatternUTest
[ 84%] Built target BiggerPatternUTest
[ 84%] Generating UnorderedUTest.cpp
[ 84%] Linking CXX executable FiniteStateMachineUTest
Scanning dependencies of target UnorderedUTest
[ 84%] Building CXX object tests/query/CMakeFiles/UnorderedUTest.dir/UnorderedUTest.cpp.o
[ 84%] Built target FiniteStateMachineUTest
[ 85%] Generating UnquoteUTest.cpp
Scanning dependencies of target UnquoteUTest
[ 85%] Building CXX object tests/query/CMakeFiles/UnquoteUTest.dir/UnquoteUTest.cpp.o
[ 85%] Linking CXX executable RecognizerUTest
[ 85%] Built target RecognizerUTest
[ 87%] Linking CXX executable BuggyQuoteUTest
[ 87%] Built target BuggyQuoteUTest
[ 87%] Generating SequenceUTest.cpp
[ 87%] Generating ChoiceLinkUTest.cpp
[ 87%] Linking CXX executable SubstitutionUTest
Scanning dependencies of target ChoiceLinkUTest
Scanning dependencies of target SequenceUTest
[ 88%] Building CXX object tests/query/CMakeFiles/SequenceUTest.dir/SequenceUTest.cpp.o
[ 89%] Building CXX object tests/query/CMakeFiles/ChoiceLinkUTest.dir/ChoiceLinkUTest.cpp.o
[ 89%] Built target SubstitutionUTest
[ 90%] Generating GetLinkUTest.cpp
Scanning dependencies of target GetLinkUTest
[ 90%] Building CXX object tests/query/CMakeFiles/GetLinkUTest.dir/GetLinkUTest.cpp.o
[ 90%] Linking CXX executable EvaluationUTest
[ 90%] Linking CXX executable NoExceptionUTest
[ 90%] Built target EvaluationUTest
[ 90%] Built target NoExceptionUTest
[ 90%] Generating LocalQuoteUTest.cpp
[ 90%] Linking CXX executable GreaterThanUTest
Scanning dependencies of target LocalQuoteUTest
[ 94%] Built target ruleengine
[ 95%] Building CXX object tests/query/CMakeFiles/LocalQuoteUTest.dir/LocalQuoteUTest.cpp.o
[ 95%] Built target GreaterThanUTest
[ 95%] Generating PythonUtilitiesUTest.cpp
[ 95%] Generating UREConfigUTest.cpp
Scanning dependencies of target PythonUtilitiesUTest
[ 95%] Building CXX object tests/cython/CMakeFiles/PythonUtilitiesUTest.dir/PythonUtilitiesUTest.cpp.o
Scanning dependencies of target UREConfigUTest
[ 95%] Building CXX object tests/rule-engine/CMakeFiles/UREConfigUTest.dir/UREConfigUTest.cpp.o
[ 95%] Linking CXX executable UnorderedUTest
[ 95%] Built target UnorderedUTest
[ 95%] Generating ChainerUtilsUTest.cpp
Scanning dependencies of target ChainerUtilsUTest
[ 95%] Building CXX object tests/rule-engine/CMakeFiles/ChainerUtilsUTest.dir/ChainerUtilsUTest.cpp.o
[ 95%] Linking CXX executable UnquoteUTest
[ 95%] Built target UnquoteUTest
[ 95%] Generating RuleUTest.cpp
[ 95%] Linking CXX executable ChoiceLinkUTest
Scanning dependencies of target RuleUTest
[ 95%] Building CXX object tests/rule-engine/CMakeFiles/RuleUTest.dir/RuleUTest.cpp.o
[ 95%] Built target ChoiceLinkUTest
[ 95%] Linking CXX executable SequenceUTest
[ 95%] Generating ForwardChainerUTest.cpp
[ 95%] Built target SequenceUTest
[ 95%] Generating BackwardChainerUTest.cpp
[ 95%] Linking CXX executable GetLinkUTest
Scanning dependencies of target ForwardChainerUTest
[ 95%] Building CXX object tests/rule-engine/forwardchainer/CMakeFiles/ForwardChainerUTest.dir/ForwardChainerUTest.cpp.o
[ 95%] Built target GetLinkUTest
[ 95%] Linking CXX executable PythonUtilitiesUTest
[ 95%] Generating BetaDistributionUTest.cpp
Scanning dependencies of target BackwardChainerUTest
[ 95%] Building CXX object tests/rule-engine/backwardchainer/CMakeFiles/BackwardChainerUTest.dir/BackwardChainerUTest.cpp.o
[ 95%] Built target PythonUtilitiesUTest
Scanning dependencies of target BetaDistributionUTest
[ 95%] Generating ActionSelectionUTest.cpp
[ 95%] Building CXX object tests/rule-engine/backwardchainer/CMakeFiles/BetaDistributionUTest.dir/BetaDistributionUTest.cpp.o
[ 95%] Linking CXX executable LocalQuoteUTest
Scanning dependencies of target ActionSelectionUTest
[ 95%] Building CXX object tests/rule-engine/backwardchainer/CMakeFiles/ActionSelectionUTest.dir/ActionSelectionUTest.cpp.o
[ 95%] Built target LocalQuoteUTest
[ 95%] Linking CXX executable UREConfigUTest
[ 96%] Generating ControlPolicyUTest.cpp
[ 96%] Built target UREConfigUTest
Scanning dependencies of target ControlPolicyUTest
[ 96%] Generating BITUTest.cpp
[ 96%] Building CXX object tests/rule-engine/backwardchainer/CMakeFiles/ControlPolicyUTest.dir/ControlPolicyUTest.cpp.o
Scanning dependencies of target BITUTest
[ 97%] Building CXX object tests/rule-engine/backwardchainer/CMakeFiles/BITUTest.dir/BITUTest.cpp.o
[ 97%] Linking CXX executable ChainerUtilsUTest
[ 97%] Built target ChainerUtilsUTest
[ 97%] Linking CXX executable RuleUTest
[ 97%] Built target RuleUTest
[ 97%] Linking CXX executable ForwardChainerUTest
[ 98%] Linking CXX executable BetaDistributionUTest
[ 98%] Built target ForwardChainerUTest
[ 98%] Built target BetaDistributionUTest
[ 98%] Linking CXX executable BackwardChainerUTest
[100%] Linking CXX executable ActionSelectionUTest
[100%] Built target BackwardChainerUTest
[100%] Linking CXX executable ControlPolicyUTest
[100%] Linking CXX executable BITUTest
[100%] Built target ControlPolicyUTest
[100%] Built target BITUTest
[100%] Built target ActionSelectionUTest
Scanning dependencies of target tests
[100%] Built target tests
Scanning dependencies of target test
[100%] Running tests...
Test project /home/opencog/atomspace/build/tests
        Start   1: SimpleTruthValueUTest
  1/106 Test   #1: SimpleTruthValueUTest ............   Passed    0.01 sec
        Start   2: EvidenceCountTruthValueUTest
  2/106 Test   #2: EvidenceCountTruthValueUTest .....   Passed    0.00 sec
        Start   3: TVMergeUTest
  3/106 Test   #3: TVMergeUTest .....................   Passed    0.00 sec
        Start   4: AttentionValueUTest
  4/106 Test   #4: AttentionValueUTest ..............   Passed    0.19 sec
        Start   5: AtomTableUTest
  5/106 Test   #5: AtomTableUTest ...................   Passed    3.41 sec
        Start   6: ClassServerUTest
  6/106 Test   #6: ClassServerUTest .................   Passed    0.00 sec
        Start   7: AtomUTest
  7/106 Test   #7: AtomUTest ........................   Passed    0.00 sec
        Start   8: NodeUTest
  8/106 Test   #8: NodeUTest ........................   Passed    0.00 sec
        Start   9: LinkUTest
  9/106 Test   #9: LinkUTest ........................   Passed    0.00 sec
        Start  10: TLBUTest
 10/106 Test  #10: TLBUTest .........................   Passed    0.00 sec
        Start  11: AtomSpaceUTest
 11/106 Test  #11: AtomSpaceUTest ...................   Passed    0.13 sec
        Start  12: AtomSpaceImplUTest
 12/106 Test  #12: AtomSpaceImplUTest ...............   Passed    0.03 sec
        Start  13: AtomSpaceAsyncUTest
 13/106 Test  #13: AtomSpaceAsyncUTest ..............   Passed    5.46 sec
        Start  14: UseCountUTest
 14/106 Test  #14: UseCountUTest ....................   Passed    3.90 sec
        Start  15: MultiSpaceUTest
 15/106 Test  #15: MultiSpaceUTest ..................   Passed    0.00 sec
        Start  16: RemoveUTest
 16/106 Test  #16: RemoveUTest ......................   Passed    0.17 sec
        Start  17: ThreadSafeHandleMapUTest
 17/106 Test  #17: ThreadSafeHandleMapUTest .........   Passed    4.45 sec
        Start  18: FreeLinkUTest
 18/106 Test  #18: FreeLinkUTest ....................   Passed    0.18 sec
        Start  19: MapLinkUTest
 19/106 Test  #19: MapLinkUTest .....................   Passed    0.39 sec
        Start  20: ParallelUTest
 20/106 Test  #20: ParallelUTest ....................   Passed   11.20 sec
        Start  21: RandomUTest
 21/106 Test  #21: RandomUTest ......................   Passed    0.52 sec
        Start  22: ReductUTest
 22/106 Test  #22: ReductUTest ......................   Passed    2.15 sec
        Start  23: RewriteLinkUTest
 23/106 Test  #23: RewriteLinkUTest .................   Passed    0.19 sec
        Start  24: ScopeLinkUTest
 24/106 Test  #24: ScopeLinkUTest ...................   Passed    0.38 sec
        Start  25: AlphaConvertUTest
 25/106 Test  #25: AlphaConvertUTest ................   Passed    0.05 sec
        Start  26: BetaReduceUTest
 26/106 Test  #26: BetaReduceUTest ..................   Passed    0.05 sec
        Start  27: DefineLinkUTest
 27/106 Test  #27: DefineLinkUTest ..................   Passed    0.44 sec
        Start  28: DeleteLinkUTest
 28/106 Test  #28: DeleteLinkUTest ..................   Passed    0.04 sec
        Start  29: EqualLinkUTest
 29/106 Test  #29: EqualLinkUTest ...................   Passed    0.15 sec
        Start  30: PutLinkUTest
 30/106 Test  #30: PutLinkUTest .....................   Passed    2.14 sec
        Start  31: StateLinkUTest
 31/106 Test  #31: StateLinkUTest ...................   Passed    0.04 sec
        Start  32: VariablesUTest
 32/106 Test  #32: VariablesUTest ...................   Passed    0.00 sec
        Start  33: ComposeLinkUTest
 33/106 Test  #33: ComposeLinkUTest .................   Passed    0.12 sec
        Start  34: AtomUtilsUTest
 34/106 Test  #34: AtomUtilsUTest ...................   Passed    0.01 sec
        Start  35: FindUtilsUTest
 35/106 Test  #35: FindUtilsUTest ...................   Passed    0.01 sec
        Start  36: FuzzyUTest
 36/106 Test  #36: FuzzyUTest .......................   Passed    0.14 sec
        Start  37: NeighborUTest
 37/106 Test  #37: NeighborUTest ....................   Passed    0.00 sec
        Start  38: UnifyUTest
 38/106 Test  #38: UnifyUTest .......................   Passed    5.72 sec
        Start  39: AtomSpaceUtilsUTest
 39/106 Test  #39: AtomSpaceUtilsUTest ..............   Passed    0.00 sec
        Start  40: AttentionUTest
 40/106 Test  #40: AttentionUTest ...................   Passed    0.01 sec
        Start  41: BasicSCMUTest
 41/106 Test  #41: BasicSCMUTest ....................***Failed    0.33 sec
Running cxxtest tests (15 tests)[2018-01-25 15:59:26:455] [DEBUG] BEGIN TEST: test_utf8

In BasicSCMUTest::test_utf8:
/home/opencog/atomspace/build/tests/scm/../../../tests/scm/BasicSCMUTest.cxxtest:150: Error: Test failed: Failed to eval a UTF-8 string
/home/opencog/atomspace/build/tests/scm/../../../tests/scm/BasicSCMUTest.cxxtest:150: Error: Assertion failed: !eval_err
/home/opencog/atomspace/build/tests/scm/../../../tests/scm/BasicSCMUTest.cxxtest:155: Error: Test failed: Failed to eval a UTF-8 string
/home/opencog/atomspace/build/tests/scm/../../../tests/scm/BasicSCMUTest.cxxtest:155: Error: Assertion failed: !eval_err
[2018-01-25 15:59:26:479] [DEBUG] BEGIN TEST: test_single_atom
typedefs now loaded!
check_node(Node,ola amigos,0.200000,0.300000)
check node (Node "ola amigos" (stv 0.200000 0.300000))
check_node(SentenceNode,Watashi mo sou ooimasu,0.520000,0.543300)
check node (SentenceNode "Watashi mo sou ooimasu" (stv 0.520000 0.543300))
check_node(DocumentNode,Blamoo yadda,0.852000,0.954330)
check node (DocumentNode "Blamoo yadda" (stv 0.852000 0.954330))
check_node(WordNode,The Bird is the Word,0.765200,0.115400)
check node (WordNode "The Bird is the Word" (stv 0.765200 0.115400))
check_node(LemmaNode,When life gives you lemmas, make conjugations,0.476500,0.611540)
check node (LemmaNode "When life gives you lemmas, make conjugations" (stv 0.476500 0.611540))
check_node(PartOfSpeechNode,„ÅØ„Å´„Åå„ÅÜ„Çä„Å†„Åù„ÅÜ„Åß„ÅÇ„Å£„Å¶„Çã„ÅÆ„Åã„ÅØ„Å°„Çá„Å£„Å®‰∏çÂÆâ„Åß„Åô„ÅåÁøªË®≥„ÇΩ„Éï„Éà„Åß„ÇÑ„Åè„Åó „Å¶„Åø„Åæ„Åó„Åü„ÄÇ,0.347650,0.336110)
check node (PartOfSpeechNode "„ÅØ„Å´„Åå„ÅÜ„Çä„Å†„Åù„ÅÜ„Åß„ÅÇ„Å£„Å¶„Çã„ÅÆ„Åã„ÅØ„Å°„Çá„Å£„Å®‰∏çÂÆâ„Åß„Åô„ÅåÁøªË®≥„ÇΩ„Éï„Éà„Åß„ÇÑ„Åè„Åó „Å¶„Åø„Åæ„Åó„Åü„ÄÇ" (stv 0.347650 0.336110))
In BasicSCMUTest::test_single_atom:
/home/opencog/atomspace/build/tests/scm/../../../tests/scm/BasicSCMUTest.cxxtest:169: Error: Test failed: Failed to create a node
/home/opencog/atomspace/build/tests/scm/../../../tests/scm/BasicSCMUTest.cxxtest:169: Error: Assertion failed: !eval_err
/home/opencog/atomspace/build/tests/scm/../../../tests/scm/BasicSCMUTest.cxxtest:173: Error: Test failed: Failed to find handle
/home/opencog/atomspace/build/tests/scm/../../../tests/scm/BasicSCMUTest.cxxtest:173: Error: Assertion failed: h != nullptr
/home/opencog/atomspace/build/tests/scm/../../../tests/scm/BasicSCMUTest.cxxtest:176: Error: Test failed: Failed to find node
/home/opencog/atomspace/build/tests/scm/../../../tests/scm/BasicSCMUTest.cxxtest:176: Error: Assertion failed: n != nullptr
[2018-01-25 15:59:26:607] [DEBUG] END TEST: test_single_atom
[2018-01-25 15:59:26:609] [DEBUG] BEGIN TEST: test_extract
[2018-01-25 15:59:26:609] [DEBUG] END TEST: test_extract
.[2018-01-25 15:59:26:611] [DEBUG] BEGIN TEST: test_clear
rs = 
.[2018-01-25 15:59:26:614] [DEBUG] BEGIN TEST: test_extract_hypergraph
rs = 
.[2018-01-25 15:59:26:616] [DEBUG] BEGIN TEST: test_link_tv_setting
[2018-01-25 15:59:26:616] [DEBUG] END TEST: test_link_tv_setting
.check_link(ReferenceLink,WordInstanceNode,WordNode,0.650000,0.450000)
[2018-01-25 15:59:26:618] [DEBUG] BEGIN TEST: test_reference_link
check_link (ReferenceLink (stv 0.650000 0.450000) (WordInstanceNode "the@401c28c2-9de3-453f-b6d8-1b56061d127e") (WordNode "the") )
[2018-01-25 15:59:26:618] [DEBUG] END TEST: test_reference_link
.check_link(WordInstanceLink,WordInstanceNode,ParseNode,1.000000,1.000000)
[2018-01-25 15:59:26:620] [DEBUG] BEGIN TEST: test_word_instance_link
check_link (WordInstanceLink (stv 1.000000 1.000000) (WordInstanceNode "the@401c28c2-9de3-453f-b6d8-1b56061d127e") (ParseNode "sentence@8c13ec38-0295-4632-9205-e095035e4364_parse_0") )
[2018-01-25 15:59:26:620] [DEBUG] END TEST: test_word_instance_link
.check_link(InheritanceLink,WordInstanceNode,DefinedLinguisticConceptNode,1.000000,1.000000)
[2018-01-25 15:59:26:621] [DEBUG] BEGIN TEST: test_inheritance_link
check_link (InheritanceLink (stv 1.000000 1.000000) (WordInstanceNode "blue@6fdd848e-a69c-4b6c-a9a2-376e09789096") (DefinedLinguisticConceptNode "hyp") )
[2018-01-25 15:59:26:622] [DEBUG] END TEST: test_inheritance_link
.[2018-01-25 15:59:26:623] [DEBUG] BEGIN TEST: test_values
.[2018-01-25 15:59:26:627] [DEBUG] BEGIN TEST: test_value_list
.[2018-01-25 15:59:26:630] [DEBUG] BEGIN TEST: test_truth_value
.check_parse_link(ParseLink,ParseNode,SentenceNode,1.000000,1.000000)
[2018-01-25 15:59:26:632] [DEBUG] BEGIN TEST: test_parse_link
[2018-01-25 15:59:26:632] [DEBUG] END TEST: test_parse_link
.check_parse_link(LemmaLink,WordInstanceNode,WordNode,1.000000,1.000000)
[2018-01-25 15:59:26:634] [DEBUG] BEGIN TEST: test_lemma_link
[2018-01-25 15:59:26:634] [DEBUG] END TEST: test_lemma_link
.check_link(PartOfSpeechLink,WordInstanceNode,DefinedLinguisticConceptNode,1.000000,1.000000)
[2018-01-25 15:59:26:636] [DEBUG] BEGIN TEST: test_part_of_speech_link
check_link (PartOfSpeechLink (stv 1.000000 1.000000) (WordInstanceNode "blue@6fdd848e-a69c-4b6c-a9a2-376e09789096") (DefinedLinguisticConceptNode "adj") )
[2018-01-25 15:59:26:636] [DEBUG] END TEST: test_part_of_speech_link
.
Failed 2 and Skipped 0 of 15 tests
Success rate: 86%
;;; note: auto-compilation is enabled, set GUILE_AUTO_COMPILE=0
;;;       or pass the --no-auto-compile argument to disable.
;;; compiling ../../../tests/scm/typedefs.scm
;;; compiled /home/jenkins/.cache/guile/ccache/2.0-LE-8-2.0/home/opencog/atomspace/tests/scm/typedefs.scm.go

        Start  42: SCMPrimitiveUTest
 42/106 Test  #42: SCMPrimitiveUTest ................   Passed    0.92 sec
        Start  43: MultiAtomSpaceUTest
 43/106 Test  #43: MultiAtomSpaceUTest ..............   Passed    0.74 sec
        Start  44: MultiThreadUTest
 44/106 Test  #44: MultiThreadUTest .................   Passed    9.56 sec
        Start  45: SCMUtilsUTest
 45/106 Test  #45: SCMUtilsUTest ....................   Passed    0.19 sec
        Start  46: SCMExecutionOutputUTest
 46/106 Test  #46: SCMExecutionOutputUTest ..........   Passed    0.34 sec
        Start  47: PatternUTest
 47/106 Test  #47: PatternUTest .....................   Passed    0.06 sec
        Start  48: StackUTest
 48/106 Test  #48: StackUTest .......................   Passed    0.06 sec
        Start  49: BigPatternUTest
 49/106 Test  #49: BigPatternUTest ..................   Passed    0.09 sec
        Start  50: BiggerPatternUTest
 50/106 Test  #50: BiggerPatternUTest ...............   Passed    0.04 sec
        Start  51: LoopPatternUTest
 51/106 Test  #51: LoopPatternUTest .................   Passed    0.15 sec
        Start  52: BooleanUTest
 52/106 Test  #52: BooleanUTest .....................   Passed    0.04 sec
        Start  53: Boolean2NotUTest
 53/106 Test  #53: Boolean2NotUTest .................   Passed    0.15 sec
        Start  54: ConstantClausesUTest
 54/106 Test  #54: ConstantClausesUTest .............   Passed    0.33 sec
        Start  55: PatternCrashUTest
 55/106 Test  #55: PatternCrashUTest ................   Passed    0.22 sec
        Start  56: DisconnectedUTest
 56/106 Test  #56: DisconnectedUTest ................   Passed    0.89 sec
        Start  57: ImplicationUTest
 57/106 Test  #57: ImplicationUTest .................   Passed    0.24 sec
        Start  58: ExecutionOutputUTest
 58/106 Test  #58: ExecutionOutputUTest .............   Passed    0.22 sec
        Start  59: BuggyStackUTest
 59/106 Test  #59: BuggyStackUTest ..................   Passed    0.21 sec
        Start  60: VarTypeNotUTest
 60/106 Test  #60: VarTypeNotUTest ..................   Passed    0.39 sec
        Start  61: BuggyNotUTest
 61/106 Test  #61: BuggyNotUTest ....................   Passed    0.19 sec
        Start  62: MatchLinkUTest
 62/106 Test  #62: MatchLinkUTest ...................   Passed    0.34 sec
        Start  63: UnorderedUTest
 63/106 Test  #63: UnorderedUTest ...................   Passed    0.41 sec
        Start  64: StackMoreUTest
 64/106 Test  #64: StackMoreUTest ...................   Passed    1.16 sec
        Start  65: GlobUTest
 65/106 Test  #65: GlobUTest ........................   Passed    0.27 sec
        Start  66: RecognizerUTest
 66/106 Test  #66: RecognizerUTest ..................   Passed    0.26 sec
        Start  67: ArcanaUTest
 67/106 Test  #67: ArcanaUTest ......................   Passed    4.39 sec
        Start  68: SubstitutionUTest
 68/106 Test  #68: SubstitutionUTest ................   Passed    0.16 sec
        Start  69: GetLinkUTest
 69/106 Test  #69: GetLinkUTest .....................   Passed    0.16 sec
        Start  70: GetStateUTest
 70/106 Test  #70: GetStateUTest ....................   Passed    1.99 sec
        Start  71: DeepTypeUTest
 71/106 Test  #71: DeepTypeUTest ....................   Passed    0.19 sec
        Start  72: GreaterThanUTest
 72/106 Test  #72: GreaterThanUTest .................   Passed    0.29 sec
        Start  73: GreaterComputeUTest
 73/106 Test  #73: GreaterComputeUTest ..............   Passed    0.22 sec
        Start  74: SequenceUTest
 74/106 Test  #74: SequenceUTest ....................   Passed    0.29 sec
        Start  75: EvaluationUTest
 75/106 Test  #75: EvaluationUTest ..................   Passed    0.19 sec
        Start  76: DontExecUTest
 76/106 Test  #76: DontExecUTest ....................   Passed    0.90 sec
        Start  77: QuoteUTest
 77/106 Test  #77: QuoteUTest .......................   Passed    0.63 sec
        Start  78: UnquoteUTest
 78/106 Test  #78: UnquoteUTest .....................   Passed    0.04 sec
        Start  79: LocalQuoteUTest
 79/106 Test  #79: LocalQuoteUTest ..................   Passed    0.03 sec
        Start  80: BuggyLinkUTest
 80/106 Test  #80: BuggyLinkUTest ...................   Passed    0.20 sec
        Start  81: BuggyQuoteUTest
 81/106 Test  #81: BuggyQuoteUTest ..................   Passed    0.30 sec
        Start  82: BuggyEqualUTest
 82/106 Test  #82: BuggyEqualUTest ..................   Passed    0.10 sec
        Start  83: BuggySelfGroundUTest
 83/106 Test  #83: BuggySelfGroundUTest .............   Passed    0.22 sec
        Start  84: ChoiceLinkUTest
 84/106 Test  #84: ChoiceLinkUTest ..................   Passed    0.67 sec
        Start  85: DefineUTest
 85/106 Test  #85: DefineUTest ......................   Passed    0.19 sec
        Start  86: FiniteStateMachineUTest
 86/106 Test  #86: FiniteStateMachineUTest ..........   Passed    0.14 sec
        Start  87: AbsentUTest
 87/106 Test  #87: AbsentUTest ......................   Passed    0.34 sec
        Start  88: SingleUTest
 88/106 Test  #88: SingleUTest ......................   Passed    0.12 sec
        Start  89: ScopeUTest
 89/106 Test  #89: ScopeUTest .......................   Passed    0.56 sec
        Start  90: FirstNUTest
 90/106 Test  #90: FirstNUTest ......................   Passed    0.30 sec
        Start  91: AttentionalFocusCBUTest
 91/106 Test  #91: AttentionalFocusCBUTest ..........   Passed    0.20 sec
        Start  92: SudokuUTest
 92/106 Test  #92: SudokuUTest ......................   Passed    0.19 sec
        Start  93: EinsteinUTest
 93/106 Test  #93: EinsteinUTest ....................   Passed    5.12 sec
        Start  94: TypeChoiceUTest
 94/106 Test  #94: TypeChoiceUTest ..................   Passed    0.05 sec
        Start  95: NoExceptionUTest
 95/106 Test  #95: NoExceptionUTest .................   Passed    0.17 sec
        Start  96: ChainerUtilsUTest
 96/106 Test  #96: ChainerUtilsUTest ................   Passed    0.08 sec
        Start  97: UREConfigUTest
 97/106 Test  #97: UREConfigUTest ...................   Passed    0.24 sec
        Start  98: RuleUTest
 98/106 Test  #98: RuleUTest ........................   Passed    0.41 sec
        Start  99: ForwardChainerUTest
 99/106 Test  #99: ForwardChainerUTest ..............   Passed    1.20 sec
        Start 100: BetaDistributionUTest
100/106 Test #100: BetaDistributionUTest ............   Passed    0.02 sec
        Start 101: BackwardChainerUTest
101/106 Test #101: BackwardChainerUTest .............   Passed    3.58 sec
        Start 102: ActionSelectionUTest
102/106 Test #102: ActionSelectionUTest .............   Passed    0.01 sec
        Start 103: ControlPolicyUTest
103/106 Test #103: ControlPolicyUTest ...............   Passed    0.13 sec
        Start 104: BITUTest
104/106 Test #104: BITUTest .........................   Passed    0.40 sec
        Start 105: PythonEvalUTest
105/106 Test #105: PythonEvalUTest ..................   Passed    0.39 sec
        Start 106: PythonUtilitiesUTest
106/106 Test #106: PythonUtilitiesUTest .............   Passed    0.03 sec

99% tests passed, 1 tests failed out of 106

Total Test time (real) =  84.85 sec

The following tests FAILED:
	 41 - BasicSCMUTest (Failed)
Errors while running CTest
CMakeFiles/test.dir/build.make:57: recipe for target 'CMakeFiles/test' failed
make[3]: *** [CMakeFiles/test] Error 8
make[2]: *** [CMakeFiles/test.dir/all] Error 2
CMakeFiles/Makefile2:67: recipe for target 'CMakeFiles/test.dir/all' failed
make[1]: *** [CMakeFiles/test.dir/rule] Error 2
CMakeFiles/Makefile2:74: recipe for target 'CMakeFiles/test.dir/rule' failed
Makefile:186: recipe for target 'test' failed
make: *** [test] Error 2
+ DSTATUS=TESTFAIL
+ /var/lib/jenkins/status/updateStatus TESTFAIL /var/lib/jenkins/jobs/OpenCOG_U1710_AtomSpace/builds/3/log OpenCOG_U1710_AtomSpace
Already up-to-date.
~/status/jobs ~/status
