Started by user [8mha:////4EpdBdCNuCwQa66fWYnPH3vw48K9Acxogji8zuYoZJVXAAAAlx+LCAAAAAAAAP9b85aBtbiIQTGjNKU4P08vOT+vOD8nVc83PyU1x6OyILUoJzMv2y+/JJUBAhiZGBgqihhk0NSjKK2vVLpcJb0ykYmByZOBLSc1L70kw4eBubQop4RByCcrsSxRPycxL10/uKQoMy/dGmicFJpxzhAa3d4CIIO1hIFbv7Q4tUg/MSU3Mw8AT2NAa8AAAAA=[0madmin
Building in workspace /var/lib/jenkins/workspace/OpenCOG_DebStab_Opencog
[OpenCOG_DebStab_Opencog] $ /bin/sh -xe /tmp/jenkins6592416538027201070.sh
+ COGDIR=../OpenCOG_DebStab
+ . ../OpenCOG_DebStab/build.docker/docker.env
+ CID=c37abaf662dd4a34ff89a52dc45a963b07b99211ae02eb2bf2332b3c8a79bf27
+ DKRUNROOT=docker exec --user root   c37abaf662dd4a34ff89a52dc45a963b07b99211ae02eb2bf2332b3c8a79bf27
+ DKRUNUSER=docker exec --user jenkins  c37abaf662dd4a34ff89a52dc45a963b07b99211ae02eb2bf2332b3c8a79bf27
+ UID=125
+ GID=132
+ LOGFILE=/var/lib/jenkins/jobs/OpenCOG_DebStab_Opencog/builds/190/log
+ cat


**********************************************************
**********************************************************
**********************************************************
**********************************************************
*****                                                *****
*****                  Opencog TEST                *****
*****                                                *****
**********************************************************
**********************************************************
**********************************************************
**********************************************************


+ echo GIT_COMMIT=
GIT_COMMIT=
+ echo GIT_BRANCH=
GIT_BRANCH=
+ echo GIT_URL=
GIT_URL=
+ WDIR=opencog/
+ JOBDIR=../OpenCOG_DebStab/dependencies
+ cat
+ chmod +x ../OpenCOG_DebStab/dependencies/job1
+ docker exec --user jenkins c37abaf662dd4a34ff89a52dc45a963b07b99211ae02eb2bf2332b3c8a79bf27 bash dependencies/job1
+ cd opencog/
+ cd build
+ make -j8 test
CMake Warning (dev) at CMakeFiles/Makefile.cmake:344:
  Syntax Warning in cmake code at column 60

  Argument not separated from preceding token by whitespace.
This warning is for project developers.  Use -Wno-dev to suppress it.

CMake Warning (dev) at CMakeFiles/Makefile.cmake:347:
  Syntax Warning in cmake code at column 44

  Argument not separated from preceding token by whitespace.
This warning is for project developers.  Use -Wno-dev to suppress it.

CMake Warning (dev) at CMakeFiles/Makefile.cmake:348:
  Syntax Warning in cmake code at column 44

  Argument not separated from preceding token by whitespace.
This warning is for project developers.  Use -Wno-dev to suppress it.

CMake Warning (dev) at CMakeFiles/Makefile.cmake:351:
  Syntax Warning in cmake code at column 50

  Argument not separated from preceding token by whitespace.
This warning is for project developers.  Use -Wno-dev to suppress it.

CMake Warning (dev) at CMakeFiles/Makefile.cmake:353:
  Syntax Warning in cmake code at column 43

  Argument not separated from preceding token by whitespace.
This warning is for project developers.  Use -Wno-dev to suppress it.

CMake Warning (dev) at CMakeFiles/Makefile.cmake:354:
  Syntax Warning in cmake code at column 35

  Argument not separated from preceding token by whitespace.
This warning is for project developers.  Use -Wno-dev to suppress it.

CMake Warning (dev) at CMakeFiles/Makefile.cmake:355:
  Syntax Warning in cmake code at column 47

  Argument not separated from preceding token by whitespace.
This warning is for project developers.  Use -Wno-dev to suppress it.

CMake Warning (dev) at CMakeFiles/Makefile.cmake:361:
  Syntax Warning in cmake code at column 47

  Argument not separated from preceding token by whitespace.
This warning is for project developers.  Use -Wno-dev to suppress it.

CMake Warning (dev) at CMakeFiles/Makefile.cmake:372:
  Syntax Warning in cmake code at column 38

  Argument not separated from preceding token by whitespace.
This warning is for project developers.  Use -Wno-dev to suppress it.

CMake Warning (dev) at CMakeFiles/Makefile.cmake:373:
  Syntax Warning in cmake code at column 39

  Argument not separated from preceding token by whitespace.
This warning is for project developers.  Use -Wno-dev to suppress it.

CMake Warning (dev) at CMakeFiles/Makefile.cmake:375:
  Syntax Warning in cmake code at column 49

  Argument not separated from preceding token by whitespace.
This warning is for project developers.  Use -Wno-dev to suppress it.

CMake Warning (dev) at CMakeFiles/Makefile.cmake:376:
  Syntax Warning in cmake code at column 31

  Argument not separated from preceding token by whitespace.
This warning is for project developers.  Use -Wno-dev to suppress it.

CMake Warning (dev) at CMakeFiles/Makefile.cmake:377:
  Syntax Warning in cmake code at column 61

  Argument not separated from preceding token by whitespace.
This warning is for project developers.  Use -Wno-dev to suppress it.

CMake Warning (dev) at CMakeFiles/Makefile.cmake:378:
  Syntax Warning in cmake code at column 43

  Argument not separated from preceding token by whitespace.
This warning is for project developers.  Use -Wno-dev to suppress it.

CMake Warning (dev) at CMakeFiles/Makefile.cmake:379:
  Syntax Warning in cmake code at column 53

  Argument not separated from preceding token by whitespace.
This warning is for project developers.  Use -Wno-dev to suppress it.

CMake Warning (dev) at CMakeFiles/Makefile.cmake:380:
  Syntax Warning in cmake code at column 41

  Argument not separated from preceding token by whitespace.
This warning is for project developers.  Use -Wno-dev to suppress it.

CMake Warning (dev) at CMakeFiles/Makefile.cmake:381:
  Syntax Warning in cmake code at column 49

  Argument not separated from preceding token by whitespace.
This warning is for project developers.  Use -Wno-dev to suppress it.

CMake Warning (dev) at CMakeFiles/Makefile.cmake:382:
  Syntax Warning in cmake code at column 43

  Argument not separated from preceding token by whitespace.
This warning is for project developers.  Use -Wno-dev to suppress it.

CMake Warning (dev) at CMakeFiles/Makefile.cmake:383:
  Syntax Warning in cmake code at column 35

  Argument not separated from preceding token by whitespace.
This warning is for project developers.  Use -Wno-dev to suppress it.

CMake Warning (dev) at CMakeFiles/Makefile.cmake:384:
  Syntax Warning in cmake code at column 51

  Argument not separated from preceding token by whitespace.
This warning is for project developers.  Use -Wno-dev to suppress it.

CMake Warning (dev) at CMakeFiles/Makefile.cmake:344:
  Syntax Warning in cmake code at column 60

  Argument not separated from preceding token by whitespace.
This warning is for project developers.  Use -Wno-dev to suppress it.

CMake Warning (dev) at CMakeFiles/Makefile.cmake:347:
  Syntax Warning in cmake code at column 44

  Argument not separated from preceding token by whitespace.
This warning is for project developers.  Use -Wno-dev to suppress it.

CMake Warning (dev) at CMakeFiles/Makefile.cmake:348:
  Syntax Warning in cmake code at column 44

  Argument not separated from preceding token by whitespace.
This warning is for project developers.  Use -Wno-dev to suppress it.

CMake Warning (dev) at CMakeFiles/Makefile.cmake:351:
  Syntax Warning in cmake code at column 50

  Argument not separated from preceding token by whitespace.
This warning is for project developers.  Use -Wno-dev to suppress it.

CMake Warning (dev) at CMakeFiles/Makefile.cmake:353:
  Syntax Warning in cmake code at column 43

  Argument not separated from preceding token by whitespace.
This warning is for project developers.  Use -Wno-dev to suppress it.

CMake Warning (dev) at CMakeFiles/Makefile.cmake:354:
  Syntax Warning in cmake code at column 35

  Argument not separated from preceding token by whitespace.
This warning is for project developers.  Use -Wno-dev to suppress it.

CMake Warning (dev) at CMakeFiles/Makefile.cmake:355:
  Syntax Warning in cmake code at column 47

  Argument not separated from preceding token by whitespace.
This warning is for project developers.  Use -Wno-dev to suppress it.

CMake Warning (dev) at CMakeFiles/Makefile.cmake:361:
  Syntax Warning in cmake code at column 47

  Argument not separated from preceding token by whitespace.
This warning is for project developers.  Use -Wno-dev to suppress it.

CMake Warning (dev) at CMakeFiles/Makefile.cmake:372:
  Syntax Warning in cmake code at column 38

  Argument not separated from preceding token by whitespace.
This warning is for project developers.  Use -Wno-dev to suppress it.

CMake Warning (dev) at CMakeFiles/Makefile.cmake:373:
  Syntax Warning in cmake code at column 39

  Argument not separated from preceding token by whitespace.
This warning is for project developers.  Use -Wno-dev to suppress it.

CMake Warning (dev) at CMakeFiles/Makefile.cmake:375:
  Syntax Warning in cmake code at column 49

  Argument not separated from preceding token by whitespace.
This warning is for project developers.  Use -Wno-dev to suppress it.

CMake Warning (dev) at CMakeFiles/Makefile.cmake:376:
  Syntax Warning in cmake code at column 31

  Argument not separated from preceding token by whitespace.
This warning is for project developers.  Use -Wno-dev to suppress it.

CMake Warning (dev) at CMakeFiles/Makefile.cmake:377:
  Syntax Warning in cmake code at column 61

  Argument not separated from preceding token by whitespace.
This warning is for project developers.  Use -Wno-dev to suppress it.

CMake Warning (dev) at CMakeFiles/Makefile.cmake:378:
  Syntax Warning in cmake code at column 43

  Argument not separated from preceding token by whitespace.
This warning is for project developers.  Use -Wno-dev to suppress it.

CMake Warning (dev) at CMakeFiles/Makefile.cmake:379:
  Syntax Warning in cmake code at column 53

  Argument not separated from preceding token by whitespace.
This warning is for project developers.  Use -Wno-dev to suppress it.

CMake Warning (dev) at CMakeFiles/Makefile.cmake:380:
  Syntax Warning in cmake code at column 41

  Argument not separated from preceding token by whitespace.
This warning is for project developers.  Use -Wno-dev to suppress it.

CMake Warning (dev) at CMakeFiles/Makefile.cmake:381:
  Syntax Warning in cmake code at column 49

  Argument not separated from preceding token by whitespace.
This warning is for project developers.  Use -Wno-dev to suppress it.

CMake Warning (dev) at CMakeFiles/Makefile.cmake:382:
  Syntax Warning in cmake code at column 43

  Argument not separated from preceding token by whitespace.
This warning is for project developers.  Use -Wno-dev to suppress it.

CMake Warning (dev) at CMakeFiles/Makefile.cmake:383:
  Syntax Warning in cmake code at column 35

  Argument not separated from preceding token by whitespace.
This warning is for project developers.  Use -Wno-dev to suppress it.

CMake Warning (dev) at CMakeFiles/Makefile.cmake:384:
  Syntax Warning in cmake code at column 51

  Argument not separated from preceding token by whitespace.
This warning is for project developers.  Use -Wno-dev to suppress it.

[  0%] Generating PLNRulesUTest.cpp
[  0%] Generating MOSESPLNSynergyUTest.cpp
[  0%] Built target attention_atom_types
[  3%] Built target patternminer_atom_types
[  3%] Built target statistics
[  9%] Built target miner
[ 12%] Built target openpsi
[ 22%] Built target server
[ 22%] Built target nlp_atom_types
[ 25%] Generating MinerUTest.cpp
[ 29%] Generating StatisticsUTest.cpp
[ 29%] Built target spacetime_atom_types
[ 29%] Built target attention-types
[ 29%] Generating AgentUTest.cpp
[ 35%] Built target patternminer-types
[ 35%] Generating ShellUTest.cpp
[ 35%] Generating CogServerUTest.cpp
[ 35%] Generating OpenPsiSCMUTest.cpp
Scanning dependencies of target MOSESPLNSynergyUTest
Scanning dependencies of target PLNRulesUTest
Scanning dependencies of target StatisticsUTest
[ 35%] Building CXX object tests/pln/CMakeFiles/MOSESPLNSynergyUTest.dir/MOSESPLNSynergyUTest.cpp.o
[ 35%] Building CXX object tests/learning/statistics/CMakeFiles/StatisticsUTest.dir/StatisticsUTest.cpp.o
[ 35%] Building CXX object tests/pln/rules/CMakeFiles/PLNRulesUTest.dir/PLNRulesUTest.cpp.o
Scanning dependencies of target AgentUTest
Scanning dependencies of target ShellUTest
Scanning dependencies of target CogServerUTest
Scanning dependencies of target MinerUTest
[ 35%] Building CXX object tests/server/CMakeFiles/AgentUTest.dir/AgentUTest.cpp.o
[ 35%] Building CXX object tests/server/CMakeFiles/ShellUTest.dir/ShellUTest.cpp.o
[ 38%] Building CXX object tests/server/CMakeFiles/CogServerUTest.dir/CogServerUTest.cpp.o
[ 38%] Building CXX object tests/learning/miner/CMakeFiles/MinerUTest.dir/MinerUTest.cpp.o
Scanning dependencies of target OpenPsiSCMUTest
[ 41%] Building CXX object tests/openpsi/CMakeFiles/OpenPsiSCMUTest.dir/OpenPsiSCMUTest.cpp.o
[ 41%] Linking CXX executable StatisticsUTest
[ 41%] Built target StatisticsUTest
[ 45%] Generating OpenPsiImplicatorUTest.cpp
Scanning dependencies of target OpenPsiImplicatorUTest
[ 45%] Building CXX object tests/openpsi/CMakeFiles/OpenPsiImplicatorUTest.dir/OpenPsiImplicatorUTest.cpp.o
[ 45%] Linking CXX executable MOSESPLNSynergyUTest
[ 45%] Linking CXX executable OpenPsiSCMUTest
[ 45%] Built target MOSESPLNSynergyUTest
[ 45%] Linking CXX executable ShellUTest
[ 45%] Generating OpenPsiRulesUTest.cpp
[ 45%] Built target OpenPsiSCMUTest
Scanning dependencies of target OpenPsiRulesUTest
[ 48%] Built target dimensionalembedding
[ 48%] Linking CXX executable AgentUTest
[ 51%] Building CXX object tests/openpsi/CMakeFiles/OpenPsiRulesUTest.dir/OpenPsiRulesUTest.cpp.o
[ 54%] Built target PatternMiner
[ 54%] Built target ShellUTest
[ 64%] Built target patternindex
[ 64%] Generating DimEmbedUTest.cpp
[ 77%] Built target attention
[ 80%] Generating PatternMinerUTest.cpp
[ 80%] Built target AgentUTest
Scanning dependencies of target DimEmbedUTest
[ 80%] Generating PatternIndexAPIUTest.cpp
[ 83%] Building CXX object tests/learning/dimensionalembedding/CMakeFiles/DimEmbedUTest.dir/DimEmbedUTest.cpp.o
Scanning dependencies of target PatternMinerUTest
[ 83%] Building CXX object tests/learning/PatternMiner/CMakeFiles/PatternMinerUTest.dir/PatternMinerUTest.cpp.o
Scanning dependencies of target PatternIndexAPIUTest
[ 83%] Building CXX object tests/learning/pattern-index/CMakeFiles/PatternIndexAPIUTest.dir/PatternIndexAPIUTest.cpp.o
[ 87%] Linking CXX executable PLNRulesUTest
[ 87%] Linking CXX executable CogServerUTest
[ 87%] Built target PLNRulesUTest
[ 87%] Generating HebbianCreationModuleUTest.cpp
[ 87%] Built target CogServerUTest
[ 90%] Generating AttentionParamQueryUTest.cpp
Scanning dependencies of target HebbianCreationModuleUTest
[ 90%] Building CXX object tests/attention/CMakeFiles/HebbianCreationModuleUTest.dir/HebbianCreationModuleUTest.cpp.o
Scanning dependencies of target AttentionParamQueryUTest
[ 90%] Building CXX object tests/attention/CMakeFiles/AttentionParamQueryUTest.dir/AttentionParamQueryUTest.cpp.o
[ 90%] Linking CXX executable OpenPsiImplicatorUTest
[ 90%] Built target OpenPsiImplicatorUTest
[ 90%] Generating ImportanceDiffusionUTest.cpp
[ 90%] Linking CXX executable OpenPsiRulesUTest
Scanning dependencies of target ImportanceDiffusionUTest
[ 93%] Linking CXX executable PatternIndexAPIUTest
[ 93%] Building CXX object tests/attention/CMakeFiles/ImportanceDiffusionUTest.dir/ImportanceDiffusionUTest.cpp.o
[ 93%] Built target OpenPsiRulesUTest
CMakeFiles/PatternIndexAPIUTest.dir/PatternIndexAPIUTest.cpp.o: In function `PatternIndexAPIUTest::PatternIndexAPIUTest()':
/home/opencog/opencog/build/tests/learning/pattern-index/../../../../tests/learning/pattern-index/PatternIndexAPIUTest.cxxtest:76: warning: the use of `tmpnam' is dangerous, better use `mkstemp'
[ 93%] Built target PatternIndexAPIUTest
[ 93%] Linking CXX executable MinerUTest
[ 93%] Built target MinerUTest
[ 93%] Linking CXX executable PatternMinerUTest
[ 93%] Built target PatternMinerUTest
[ 93%] Linking CXX executable AttentionParamQueryUTest
[ 93%] Built target AttentionParamQueryUTest
[ 96%] Linking CXX executable HebbianCreationModuleUTest
[ 96%] Built target HebbianCreationModuleUTest
[ 96%] Linking CXX executable DimEmbedUTest
[ 96%] Built target DimEmbedUTest
[100%] Linking CXX executable ImportanceDiffusionUTest
[100%] Built target ImportanceDiffusionUTest
Scanning dependencies of target tests
[100%] Built target tests
Scanning dependencies of target test
[100%] Running tests...
Test project /home/opencog/opencog/build/tests
      Start  1: AttentionParamQueryUTest
 1/16 Test  #1: AttentionParamQueryUTest .........***Failed    0.38 sec
Running cxxtest tests (4 tests)...
In AttentionParamQueryUTest::test_get_params:
/home/opencog/opencog/build/tests/attention/../../../tests/attention/AttentionParamQueryUTest.cxxtest:89: Error: Expected (5 == hseq.size()), found (5 != 27)
Failed 1 and Skipped 0 of 4 tests
Success rate: 75%
;;; note: auto-compilation is enabled, set GUILE_AUTO_COMPILE=0
;;;       or pass the --no-auto-compile argument to disable.
;;; compiling /usr/local/share/opencog/scm/opencog/attention/default-param-values.scm
;;; compiled /home/jenkins/.cache/guile/ccache/2.2-LE-8-3.A/usr/local/share/opencog/scm/opencog/attention/default-param-values.scm.go

      Start  2: ImportanceDiffusionUTest
 2/16 Test  #2: ImportanceDiffusionUTest .........   Passed    0.40 sec
      Start  3: HebbianCreationModuleUTest
 3/16 Test  #3: HebbianCreationModuleUTest .......   Passed    1.22 sec
      Start  4: CogServerUTest
 4/16 Test  #4: CogServerUTest ...................   Passed    0.84 sec
      Start  5: ShellUTest
 5/16 Test  #5: ShellUTest .......................   Passed  120.15 sec
      Start  6: AgentUTest
 6/16 Test  #6: AgentUTest .......................   Passed    0.19 sec
      Start  7: MOSESPLNSynergyUTest
 7/16 Test  #7: MOSESPLNSynergyUTest .............   Passed    5.20 sec
      Start  8: PLNRulesUTest
 8/16 Test  #8: PLNRulesUTest ....................   Passed    1.69 sec
      Start  9: OpenPsiRulesUTest
 9/16 Test  #9: OpenPsiRulesUTest ................   Passed    1.63 sec
      Start 10: OpenPsiImplicatorUTest
10/16 Test #10: OpenPsiImplicatorUTest ...........   Passed    0.39 sec
      Start 11: OpenPsiSCMUTest
11/16 Test #11: OpenPsiSCMUTest ..................   Passed    0.22 sec
      Start 12: DimEmbedUTest
12/16 Test #12: DimEmbedUTest ....................   Passed    0.20 sec
      Start 13: StatisticsUTest
13/16 Test #13: StatisticsUTest ..................   Passed    0.01 sec
      Start 14: PatternMinerUTest
14/16 Test #14: PatternMinerUTest ................   Passed    0.19 sec
      Start 15: PatternIndexAPIUTest
15/16 Test #15: PatternIndexAPIUTest .............   Passed    0.44 sec
      Start 16: MinerUTest
16/16 Test #16: MinerUTest .......................   Passed    8.57 sec

94% tests passed, 1 tests failed out of 16

Total Test time (real) = 141.72 sec

The following tests FAILED:
	  1 - AttentionParamQueryUTest (Failed)
Errors while running CTest
CMakeFiles/test.dir/build.make:57: recipe for target 'CMakeFiles/test' failed
CMakeFiles/Makefile2:99: recipe for target 'CMakeFiles/test.dir/all' failed
make[3]: *** [CMakeFiles/test] Error 8
make[2]: *** [CMakeFiles/test.dir/all] Error 2
make[1]: *** [CMakeFiles/test.dir/rule] Error 2
make: *** [test] Error 2
CMakeFiles/Makefile2:106: recipe for target 'CMakeFiles/test.dir/rule' failed
Makefile:197: recipe for target 'test' failed
+ DSTATUS=TESTFAIL
+ /var/lib/jenkins/status/updateStatus TESTFAIL /var/lib/jenkins/jobs/OpenCOG_DebStab_Opencog/builds/190/log OpenCOG_DebStab_Opencog
Already up-to-date.
