Started by user [8mha:////4L2jTPWu9zIb56dnp8RqVObesKKV2DVGI0jJXlam1DqAAAAAlx+LCAAAAAAAAP9b85aBtbiIQTGjNKU4P08vOT+vOD8nVc83PyU1x6OyILUoJzMv2y+/JJUBAhiZGBgqihhk0NSjKDWzXb3RdlLBUSYGJk8GtpzUvPSSDB8G5tKinBIGIZ+sxLJE/ZzEvHT94JKizLx0a6BxUmjGOUNodHsLgAzWEgZu/dLi1CL9xJTczDwAj6GcLcAAAAA=[0madmin
Building in workspace /var/lib/jenkins/workspace/OpenCOG_U1604_Opencog
[OpenCOG_U1604_Opencog] $ /bin/sh -xe /tmp/jenkins4354604191815455310.sh
+ COGDIR=../OpenCOG_U1604
+ . ../OpenCOG_U1604/build.docker/docker.env
+ CID=ee5596ee015ad628767ce9e8a6f82b4716423801350ecb630df7f6cefc69d575
+ DKRUNROOT=docker exec --user root   ee5596ee015ad628767ce9e8a6f82b4716423801350ecb630df7f6cefc69d575
+ DKRUNUSER=docker exec --user jenkins  ee5596ee015ad628767ce9e8a6f82b4716423801350ecb630df7f6cefc69d575
+ UID=125
+ GID=132
+ LOGFILE=/var/lib/jenkins/jobs/OpenCOG_U1604_Opencog/builds/25/log
+ cat


**********************************************************
**********************************************************
**********************************************************
**********************************************************
*****                                                *****
*****                  Opencog TEST                *****
*****                                                *****
**********************************************************
**********************************************************
**********************************************************
**********************************************************


+ echo GIT_COMMIT=
GIT_COMMIT=
+ echo GIT_BRANCH=
GIT_BRANCH=
+ echo GIT_URL=
GIT_URL=
+ WDIR=opencog/
+ JOBDIR=../OpenCOG_U1604/dependencies
+ cat
+ chmod +x ../OpenCOG_U1604/dependencies/job1
+ docker exec --user jenkins ee5596ee015ad628767ce9e8a6f82b4716423801350ecb630df7f6cefc69d575 bash dependencies/job1
+ cd opencog/
+ cd build
+ make -j8 test
[  0%] Generating PLNRulesUTest.cpp
[  0%] Generating MOSESPLNSynergyUTest.cpp
[  0%] Built target nlp_atom_types
[  3%] Built target atom_octomap
[  6%] Built target attention_atom_types
[  7%] Built target json_spirit
[ 10%] Built target openpsi
[ 14%] Built target xpatternminer
[ 14%] Built target spacetime_atom_types
[ 15%] Built target patternminer_atom_types
[ 17%] Built target statistics
[ 18%] Built target agent_finder
[ 21%] Built target py-shell
[ 23%] Built target dimensionalembedding
[ 23%] Generating XPatternMinerUTest.cpp
[ 25%] Built target attention-types
[ 25%] Generating AtomOcTreeUTest.cpp
[ 32%] Built target patternindex
[ 34%] Built target nlp-types
[ 35%] Built target atomspacepublishermodule
[ 35%] Generating TimeSpaceAtomUTest.cpp
[ 35%] Generating OpenPsiSCMUTest.cpp
[ 35%] Generating OpenPsiImplicatorUTest.cpp
Scanning dependencies of target PLNRulesUTest
Scanning dependencies of target AtomOcTreeUTest
Scanning dependencies of target TimeSpaceAtomUTest
[ 37%] Building CXX object tests/spacetime/CMakeFiles/AtomOcTreeUTest.dir/AtomOcTreeUTest.cpp.o
[ 39%] Generating OpenPsiRulesUTest.cpp
Scanning dependencies of target XPatternMinerUTest
[ 39%] Building CXX object tests/spacetime/CMakeFiles/TimeSpaceAtomUTest.dir/TimeSpaceAtomUTest.cpp.o
[ 40%] Building CXX object tests/pln/rules/CMakeFiles/PLNRulesUTest.dir/PLNRulesUTest.cpp.o
[ 42%] Building CXX object tests/learning/xpattern-miner/c++-based/CMakeFiles/XPatternMinerUTest.dir/XPatternMinerUTest.cpp.o
Scanning dependencies of target OpenPsiSCMUTest
Scanning dependencies of target OpenPsiImplicatorUTest
[ 42%] Building CXX object tests/openpsi/CMakeFiles/OpenPsiSCMUTest.dir/OpenPsiSCMUTest.cpp.o
[ 43%] Building CXX object tests/openpsi/CMakeFiles/OpenPsiImplicatorUTest.dir/OpenPsiImplicatorUTest.cpp.o
Scanning dependencies of target MOSESPLNSynergyUTest
[ 43%] Building CXX object tests/pln/CMakeFiles/MOSESPLNSynergyUTest.dir/MOSESPLNSynergyUTest.cpp.o
Scanning dependencies of target OpenPsiRulesUTest
[ 43%] Building CXX object tests/openpsi/CMakeFiles/OpenPsiRulesUTest.dir/OpenPsiRulesUTest.cpp.o
[ 43%] Linking CXX executable OpenPsiImplicatorUTest
[ 45%] Linking CXX executable OpenPsiRulesUTest
[ 45%] Linking CXX executable AtomOcTreeUTest
[ 46%] Linking CXX executable OpenPsiSCMUTest
[ 48%] Linking CXX executable MOSESPLNSynergyUTest
[ 48%] Built target AtomOcTreeUTest
[ 48%] Built target OpenPsiSCMUTest
[ 48%] Built target OpenPsiRulesUTest
[ 48%] Built target OpenPsiImplicatorUTest
[ 48%] Built target MOSESPLNSynergyUTest
[ 50%] Built target patternminer-types
[ 50%] Linking CXX executable PLNRulesUTest
[ 57%] Built target server
[ 60%] Built target PatternMiner
[ 60%] Built target PLNRulesUTest
[ 62%] Generating PatternIndexAPIUTest.cpp
[ 64%] Generating StatisticsUTest.cpp
[ 64%] Generating CogServerUTest.cpp
[ 71%] Built target attention
[ 71%] Generating ShellUTest.cpp
[ 73%] Generating AtomSpacePublisherModuleUTest.cpp
Scanning dependencies of target StatisticsUTest
Scanning dependencies of target PatternIndexAPIUTest
[ 73%] Building CXX object tests/learning/statistics/CMakeFiles/StatisticsUTest.dir/StatisticsUTest.cpp.o
[ 73%] Building CXX object tests/learning/pattern-index/CMakeFiles/PatternIndexAPIUTest.dir/PatternIndexAPIUTest.cpp.o
Scanning dependencies of target CogServerUTest
[ 75%] Building CXX object tests/server/CMakeFiles/CogServerUTest.dir/CogServerUTest.cpp.o
[ 76%] Linking CXX executable TimeSpaceAtomUTest
Scanning dependencies of target ShellUTest
[ 76%] Generating AgentUTest.cpp
[ 78%] Building CXX object tests/server/CMakeFiles/ShellUTest.dir/ShellUTest.cpp.o
[ 78%] Built target TimeSpaceAtomUTest
Scanning dependencies of target AtomSpacePublisherModuleUTest
Scanning dependencies of target AgentUTest
[ 78%] Building CXX object tests/persist/zmq/events/CMakeFiles/AtomSpacePublisherModuleUTest.dir/AtomSpacePublisherModuleUTest.cpp.o
[ 81%] Built target PythonModule
[ 81%] Building CXX object tests/server/CMakeFiles/AgentUTest.dir/AgentUTest.cpp.o
[ 82%] Generating PyEvalUTest.cpp
[ 82%] Linking CXX executable XPatternMinerUTest
Scanning dependencies of target PyEvalUTest
[ 82%] Building CXX object tests/cython/CMakeFiles/PyEvalUTest.dir/PyEvalUTest.cpp.o
[ 82%] Built target XPatternMinerUTest
[ 84%] Generating DimEmbedUTest.cpp
Scanning dependencies of target DimEmbedUTest
[ 84%] Building CXX object tests/learning/dimensionalembedding/CMakeFiles/DimEmbedUTest.dir/DimEmbedUTest.cpp.o
[ 85%] Linking CXX executable StatisticsUTest
[ 85%] Built target StatisticsUTest
[ 87%] Generating PatternMinerUTest.cpp
[ 89%] Linking CXX executable PatternIndexAPIUTest
CMakeFiles/PatternIndexAPIUTest.dir/PatternIndexAPIUTest.cpp.o: In function `PatternIndexAPIUTest::PatternIndexAPIUTest()':
/home/opencog/opencog/build/tests/learning/pattern-index/../../../../tests/learning/pattern-index/PatternIndexAPIUTest.cxxtest:76: warning: the use of `tmpnam' is dangerous, better use `mkstemp'
Scanning dependencies of target PatternMinerUTest
[ 89%] Built target PatternIndexAPIUTest
[ 89%] Building CXX object tests/learning/PatternMiner/CMakeFiles/PatternMinerUTest.dir/PatternMinerUTest.cpp.o
[ 89%] Generating AttentionParamQueryUTest.cpp
[ 89%] Linking CXX executable ShellUTest
[ 89%] Built target ShellUTest
Scanning dependencies of target AttentionParamQueryUTest
[ 89%] Generating PythonModuleUTest.cpp
[ 89%] Building CXX object tests/attention/CMakeFiles/AttentionParamQueryUTest.dir/AttentionParamQueryUTest.cpp.o
[ 90%] Linking CXX executable AgentUTest
[ 90%] Linking CXX executable CogServerUTest
Scanning dependencies of target PythonModuleUTest
[ 90%] Building CXX object tests/cython/CMakeFiles/PythonModuleUTest.dir/PythonModuleUTest.cpp.o
[ 90%] Built target AgentUTest
[ 90%] Built target CogServerUTest
[ 92%] Linking CXX executable PyEvalUTest
[ 92%] Built target PyEvalUTest
[ 92%] Linking CXX executable PatternMinerUTest
[ 92%] Built target PatternMinerUTest
[ 93%] Linking CXX executable DimEmbedUTest
[ 95%] Linking CXX executable AttentionParamQueryUTest
[ 95%] Built target DimEmbedUTest
[ 95%] Built target AttentionParamQueryUTest
[ 96%] Linking CXX executable PythonModuleUTest
[ 96%] Built target PythonModuleUTest
[ 98%] Linking CXX executable AtomSpacePublisherModuleUTest
[ 98%] Built target AtomSpacePublisherModuleUTest
Scanning dependencies of target tests
[ 98%] Built target tests
Scanning dependencies of target test
[100%] Running tests...
Test project /home/opencog/opencog/build/tests
      Start  1: AttentionParamQueryUTest
 1/25 Test  #1: AttentionParamQueryUTest .........   Passed    0.44 sec
      Start  2: AtomSpacePublisherModuleUTest
 2/25 Test  #2: AtomSpacePublisherModuleUTest ....***Exception: Other  5.63 sec
Running cxxtest tests (1 test)[2018-01-25 17:21:17:893] [INFO] Using config file found at: /home/opencog/opencog/build/tests/persist/zmq/events/../../../../lib/opencog-test.conf

[2018-01-25 17:21:17:893] [DEBUG] [SystemActivityTable] constructor
[2018-01-25 17:21:17:943] [INFO] [global_python_initialize] Start
[2018-01-25 17:21:17:950] [INFO] [global_python_initialize] Adding OpenCog sys.path directories
[2018-01-25 17:21:17:950] [DEBUG] Python 'sys.path' is:
[2018-01-25 17:21:17:950] [DEBUG]      0 > /usr/local/share/opencog/python
[2018-01-25 17:21:17:950] [DEBUG]      1 > /usr/lib/python2.7
[2018-01-25 17:21:17:950] [DEBUG]      2 > /usr/lib/python2.7/plat-x86_64-linux-gnu
[2018-01-25 17:21:17:950] [DEBUG]      3 > /usr/lib/python2.7/lib-tk
[2018-01-25 17:21:17:950] [DEBUG]      4 > /usr/lib/python2.7/lib-old
[2018-01-25 17:21:17:950] [DEBUG]      5 > /usr/lib/python2.7/lib-dynload
[2018-01-25 17:21:17:950] [DEBUG]      6 > /usr/local/lib/python2.7/dist-packages
[2018-01-25 17:21:17:950] [DEBUG]      7 > /usr/lib/python2.7/dist-packages
[2018-01-25 17:21:17:950] [DEBUG]      8 > /usr/lib/python2.7/dist-packages/PILcompat
[2018-01-25 17:21:17:950] [DEBUG]      9 > /usr/lib/python2.7/dist-packages/gtk-2.0
[2018-01-25 17:21:18:128] [INFO] [global_python_initialize] Finish
[2018-01-25 17:21:18:128] [INFO] [global_python_initialize] Start
[2018-01-25 17:21:18:128] [INFO] PythonEval::initialize_python_objects_and_imports Finished initialising python evaluator.
[2018-01-25 17:21:18:128] [DEBUG] [SystemActivityTable] init
[2018-01-25 17:21:18:128] [INFO] Loading module "../../../../opencog/cogserver/modules/events/libatomspacepublishermodule.so"
[2018-01-25 17:21:18:148] [INFO] [AtomSpacePublisherModule] constructor
[2018-01-25 17:21:18:148] [DEBUG] registering opencog::Request "publisher-enable-signals"
[2018-01-25 17:21:18:148] [DEBUG] registering opencog::Request "publisher-disable-signals"
[2018-01-25 17:21:18:148] [INFO] Initializing AtomSpacePublisherModule.
AtomSpacePublisherModuleUTest: /usr/include/zmq.hpp:406: zmq::context_t::~context_t(): Assertion `rc == 0' failed.

      Start  3: CogServerUTest
 3/25 Test  #3: CogServerUTest ...................   Passed    0.75 sec
      Start  4: ShellUTest
 4/25 Test  #4: ShellUTest .......................***Failed  118.35 sec
Running cxxtest tests (5 tests)[0;32mopencog[1;32m> [0mEntering scheme shell; use ^D or a single . on a line by itself to exit.
[0;34mguile[1;34m> [0m(ConceptNode "42")

[0;34mguile[1;34m> [0m
[0;34mguile[1;34m> [0m[0;32mopencog[1;32m> [0mEntering scheme shell; use ^D or a single . on a line by itself to exit.
[0;34mguile[1;34m> [0m[0;32mopencog[1;32m> [0mExiting the shell
4
[0;34mguile[1;34m> [0m[0;32mopencog[1;32m> [0m[0;32mopencog[1;32m> [0mEntering scheme shell; use ^D or a single . on a line by itself to exit.
[0;34mguile[1;34m> [0m(ConceptNode "42")

[0;34mguile[1;34m> [0m
[0;34mguile[1;34m> [0m[0;32mopencog[1;32m> [0mEntering scheme shell; use ^D or a single . on a line by itself to exit.
[0;34mguile[1;34m> [0m[0;32mopencog[1;32m> [0mExiting the shell
4
[0;34mguile[1;34m> [0m[0;32mopencog[1;32m> [0mListening on port 17333
.[0;32mopencog[1;32m> [0mEntering scheme shell; use ^D or a single . on a line by itself to exit.
[0;34mguile[1;34m> [0m[0;34mguile[1;34m> [0m[0;32mopencog[1;32m> [0mEntering scheme shell; use ^D or a single . on a line by itself to exit.
[0;34mguile[1;34m> [0m[0;34mguile[1;34m> [0m[0;32mopencog[1;32m> [0mEntering scheme shell; use ^D or a single . on a line by itself to exit.
[0;34mguile[1;34m> [0m[0;34mguile[1;34m> [0mListening on port 17333
Elapsed: 0
First elapsed: 0
Second elapsed: 0
.Listening on port 17333
Received 205 bytes: [0;32mopencog[1;32m> [0mEntering scheme shell; use ^D or a single . on a line by itself to exit.
[0;34mguile[1;34m> [0m(ConceptNode "C")
(ConceptNode "B")
(ConceptNode "A")

[0;34mguile[1;34m> [0m
.Listening on port 17333

In ShellUTest::testMessaging:
/home/opencog/opencog/build/tests/server/../../../tests/server/ShellUTest.cxxtest:76: Error: Expected (281 <= reso.size()), found (281 > 280)
Error: Create rep 9 of 30 in thread 7 failed
	Got: 280 >>>[0;32mopencog[1;32m> [0mEntering scheme shell; use ^D or a single . on a line by itself to exit.
[0;34mguile[1;34m> [0m[0;34mguile[1;34m> [0m(EvaluationLink
   (PredicateNode "visible face")
   (ListLink
      (NumberNode "17019.000000")
   )
)

[0;34mguile[1;34m> [0m<<<
Listening on port 17333
.
Failed 1 and Skipped 0 of 5 tests
Success rate: 80%

      Start  5: AgentUTest
 5/25 Test  #5: AgentUTest .......................   Passed    0.21 sec
      Start  6: AtomOcTreeUTest
 6/25 Test  #6: AtomOcTreeUTest ..................***Exception: SegFault  0.09 sec
Running cxxtest tests (1 test)
generating example map

      Start  7: TimeSpaceAtomUTest
 7/25 Test  #7: TimeSpaceAtomUTest ...............***Exception: SegFault  0.08 sec
Running cxxtest tests (1 test)
generating example map

      Start  8: AnaphoraTest
 8/25 Test  #8: AnaphoraTest .....................***Failed    5.02 sec
Testing the bfs function ... ;;; note: auto-compilation is enabled, set GUILE_AUTO_COMPILE=0
;;;       or pass the --no-auto-compile argument to disable.
;;; compiling /usr/local/share/opencog/scm/opencog/atom-types.scm
;;; compiling /usr/local/share/opencog/scm/opencog/nlp.scm
;;; compiled /home/jenkins/.cache/guile/ccache/2.0-LE-8-2.0/usr/local/share/opencog/scm/opencog/nlp.scm.go
;;; compiling /usr/local/share/opencog/scm/opencog/nlp/types/nlp_types.scm
;;; compiled /home/jenkins/.cache/guile/ccache/2.0-LE-8-2.0/usr/local/share/opencog/scm/opencog/nlp/types/nlp_types.scm.go
;;; compiling /usr/local/share/opencog/scm/opencog/nlp/nlp-utils.scm
;;; compiled /home/jenkins/.cache/guile/ccache/2.0-LE-8-2.0/usr/local/share/opencog/scm/opencog/nlp/nlp-utils.scm.go
;;; compiling /usr/local/share/opencog/scm/opencog/nlp/relex-utils.scm
;;; compiled /home/jenkins/.cache/guile/ccache/2.0-LE-8-2.0/usr/local/share/opencog/scm/opencog/nlp/relex-utils.scm.go
;;; compiling /usr/local/share/opencog/scm/opencog/nlp/processing-utils.scm
;;; opencog/nlp/processing-utils.scm:214:32: warning: possibly unbound variable `nlp-parse'
;;; compiled /home/jenkins/.cache/guile/ccache/2.0-LE-8-2.0/usr/local/share/opencog/scm/opencog/nlp/processing-utils.scm.go
;;; compiling /usr/local/share/opencog/scm/opencog/attention.scm
;;; compiled /home/jenkins/.cache/guile/ccache/2.0-LE-8-2.0/usr/local/share/opencog/scm/opencog/attention.scm.go
;;; compiling /usr/local/share/opencog/scm/opencog/attention/attention_types.scm
;;; compiled /home/jenkins/.cache/guile/ccache/2.0-LE-8-2.0/usr/local/share/opencog/scm/opencog/attention/attention_types.scm.go
;;; compiling /usr/local/share/opencog/scm/opencog/attention/default-param-values.scm
;;; compiled /home/jenkins/.cache/guile/ccache/2.0-LE-8-2.0/usr/local/share/opencog/scm/opencog/attention/default-param-values.scm.go
;;; compiling /usr/local/share/opencog/scm/opencog/spacetime.scm
;;; compiled /home/jenkins/.cache/guile/ccache/2.0-LE-8-2.0/usr/local/share/opencog/scm/opencog/spacetime.scm.go
;;; compiling /usr/local/share/opencog/scm/opencog/spacetime/spacetime_types.scm
;;; compiled /home/jenkins/.cache/guile/ccache/2.0-LE-8-2.0/usr/local/share/opencog/scm/opencog/spacetime/spacetime_types.scm.go
;;; compiled /home/jenkins/.cache/guile/ccache/2.0-LE-8-2.0/usr/local/share/opencog/scm/opencog/atom-types.scm.go
;;; compiling /usr/local/share/opencog/scm/opencog/query.scm
;;; compiled /home/jenkins/.cache/guile/ccache/2.0-LE-8-2.0/usr/local/share/opencog/scm/opencog/query.scm.go
;;; compiling /home/opencog/opencog/build/tests/nlp/../../../opencog/nlp/anaphora/rules/getChildren.scm
;;; compiled /home/jenkins/.cache/guile/ccache/2.0-LE-8-2.0/home/opencog/opencog/opencog/nlp/anaphora/rules/getChildren.scm.go
;;; compiling /home/opencog/opencog/build/tests/nlp/../../../opencog/nlp/anaphora/rules/getNumberNode_WordInstanceNode.scm
;;; compiled /home/jenkins/.cache/guile/ccache/2.0-LE-8-2.0/home/opencog/opencog/opencog/nlp/anaphora/rules/getNumberNode_WordInstanceNode.scm.go
;;; compiling /home/opencog/opencog/build/tests/nlp/../../../opencog/nlp/anaphora/rules/getNumberNode_ParseNode.scm
;;; compiled /home/jenkins/.cache/guile/ccache/2.0-LE-8-2.0/home/opencog/opencog/opencog/nlp/anaphora/rules/getNumberNode_ParseNode.scm.go
;;; compiling /home/opencog/opencog/build/tests/nlp/../../../opencog/nlp/anaphora/rules/connectRootsToParseNodes.scm
;;; compiled /home/jenkins/.cache/guile/ccache/2.0-LE-8-2.0/home/opencog/opencog/opencog/nlp/anaphora/rules/connectRootsToParseNodes.scm.go
;;; compiling /home/opencog/opencog/build/tests/nlp/../../../opencog/nlp/anaphora/rules/getAllNumberNodes.scm
;;; compiled /home/jenkins/.cache/guile/ccache/2.0-LE-8-2.0/home/opencog/opencog/opencog/nlp/anaphora/rules/getAllNumberNodes.scm.go
;;; compiling /home/opencog/opencog/build/tests/nlp/../../../opencog/nlp/anaphora/rules/getAllParseNodes.scm
;;; compiled /home/jenkins/.cache/guile/ccache/2.0-LE-8-2.0/home/opencog/opencog/opencog/nlp/anaphora/rules/getAllParseNodes.scm.go
;;; compiling /home/opencog/opencog/build/tests/nlp/../../../opencog/nlp/anaphora/rules/getConjunction.scm
;;; compiled /home/jenkins/.cache/guile/ccache/2.0-LE-8-2.0/home/opencog/opencog/opencog/nlp/anaphora/rules/getConjunction.scm.go
;;; compiling /home/opencog/opencog/build/tests/nlp/../../../opencog/nlp/anaphora/rules/getParseNode.scm
;;; compiled /home/jenkins/.cache/guile/ccache/2.0-LE-8-2.0/home/opencog/opencog/opencog/nlp/anaphora/rules/getParseNode.scm.go
;;; compiling /home/opencog/opencog/build/tests/nlp/../../../opencog/nlp/anaphora/rules/getWords.scm
;;; compiled /home/jenkins/.cache/guile/ccache/2.0-LE-8-2.0/home/opencog/opencog/opencog/nlp/anaphora/rules/getWords.scm.go
;;; compiling /home/opencog/opencog/build/tests/nlp/../../../opencog/nlp/anaphora/rules/isIt.scm
;;; compiled /home/jenkins/.cache/guile/ccache/2.0-LE-8-2.0/home/opencog/opencog/opencog/nlp/anaphora/rules/isIt.scm.go
;;; compiling /home/opencog/opencog/build/tests/nlp/../../../opencog/nlp/anaphora/rules/filters/filter-#1.scm
;;; compiled /home/jenkins/.cache/guile/ccache/2.0-LE-8-2.0/home/opencog/opencog/opencog/nlp/anaphora/rules/filters/filter-#1.scm.go
;;; compiling /home/opencog/opencog/build/tests/nlp/../../../opencog/nlp/anaphora/rules/filters/filter-#2.scm
;;; compiled /home/jenkins/.cache/guile/ccache/2.0-LE-8-2.0/home/opencog/opencog/opencog/nlp/anaphora/rules/filters/filter-#2.scm.go
;;; compiling /home/opencog/opencog/build/tests/nlp/../../../opencog/nlp/anaphora/rules/filters/filter-#3.scm
;;; compiled /home/jenkins/.cache/guile/ccache/2.0-LE-8-2.0/home/opencog/opencog/opencog/nlp/anaphora/rules/filters/filter-#3.scm.go
;;; compiling /home/opencog/opencog/build/tests/nlp/../../../opencog/nlp/anaphora/rules/filters/filter-#4.scm
;;; compiled /home/jenkins/.cache/guile/ccache/2.0-LE-8-2.0/home/opencog/opencog/opencog/nlp/anaphora/rules/filters/filter-#4.scm.go
;;; compiling /home/opencog/opencog/build/tests/nlp/../../../opencog/nlp/anaphora/rules/filters/filter-#5.scm
;;; compiled /home/jenkins/.cache/guile/ccache/2.0-LE-8-2.0/home/opencog/opencog/opencog/nlp/anaphora/rules/filters/filter-#5.scm.go
;;; compiling /home/opencog/opencog/build/tests/nlp/../../../opencog/nlp/anaphora/rules/filters/filter-#6.scm
;;; compiled /home/jenkins/.cache/guile/ccache/2.0-LE-8-2.0/home/opencog/opencog/opencog/nlp/anaphora/rules/filters/filter-#6.scm.go
;;; compiling /home/opencog/opencog/build/tests/nlp/../../../opencog/nlp/anaphora/rules/filters/filter-#7.scm
;;; compiled /home/jenkins/.cache/guile/ccache/2.0-LE-8-2.0/home/opencog/opencog/opencog/nlp/anaphora/rules/filters/filter-#7.scm.go
;;; compiling /home/opencog/opencog/build/tests/nlp/../../../opencog/nlp/anaphora/rules/filters/filter-#8.scm
;;; compiled /home/jenkins/.cache/guile/ccache/2.0-LE-8-2.0/home/opencog/opencog/opencog/nlp/anaphora/rules/filters/filter-#8.scm.go
;;; compiling /home/opencog/opencog/build/tests/nlp/../../../opencog/nlp/anaphora/rules/filters/filter-#9.scm
;;; compiled /home/jenkins/.cache/guile/ccache/2.0-LE-8-2.0/home/opencog/opencog/opencog/nlp/anaphora/rules/filters/filter-#9.scm.go
;;; compiling /home/opencog/opencog/build/tests/nlp/../../../opencog/nlp/anaphora/rules/filters/filter-#10.scm
;;; compiled /home/jenkins/.cache/guile/ccache/2.0-LE-8-2.0/home/opencog/opencog/opencog/nlp/anaphora/rules/filters/filter-#10.scm.go
;;; compiling /home/opencog/opencog/build/tests/nlp/../../../opencog/nlp/anaphora/rules/filters/filter-#11.scm
;;; compiled /home/jenkins/.cache/guile/ccache/2.0-LE-8-2.0/home/opencog/opencog/opencog/nlp/anaphora/rules/filters/filter-#11.scm.go
;;; compiling /home/opencog/opencog/build/tests/nlp/../../../opencog/nlp/anaphora/rules/filters/filter-#12.scm
;;; compiled /home/jenkins/.cache/guile/ccache/2.0-LE-8-2.0/home/opencog/opencog/opencog/nlp/anaphora/rules/filters/filter-#12.scm.go
;;; compiling /home/opencog/opencog/build/tests/nlp/../../../opencog/nlp/anaphora/rules/filters/filter-#13.scm
;;; compiled /home/jenkins/.cache/guile/ccache/2.0-LE-8-2.0/home/opencog/opencog/opencog/nlp/anaphora/rules/filters/filter-#13.scm.go
;;; compiling /home/opencog/opencog/build/tests/nlp/../../../opencog/nlp/anaphora/rules/filters/filter-#14.scm
;;;ok
test_conjunctions (test_anaphora.AnaphoraUnitTester) ... FAIL
Testing the getWords function ... ok
test_pleonastic_if (test_anaphora.AnaphoraUnitTester) ...  compiled /home/jenkins/.cache/guile/ccache/2.0-LE-8-2.0/home/opencog/opencog/opencog/nlp/anaphora/rules/filters/filter-#14.scm.go
;;; compiling /home/opencog/opencog/build/tests/nlp/../../../opencog/nlp/anaphora/rules/filters/filter-#15.scm
;;; compiled /home/jenkins/.cache/guile/ccache/2.0-LE-8-2.0/home/opencog/opencog/opencog/nlp/anaphora/rules/filters/filter-#15.scm.go
;;; compiling /home/opencog/opencog/build/tests/nlp/../../../opencog/nlp/anaphora/rules/filters/filter-#16.scm
;;; compiled /home/jenkins/.cache/guile/ccache/2.0-LE-8-2.0/home/opencog/opencog/opencog/nlp/anaphora/rules/filters/filter-#16.scm.go
;;; compiling /home/opencog/opencog/build/tests/nlp/../../../opencog/nlp/anaphora/rules/filters/filter-#17.scm
;;; compiled /home/jenkins/.cache/guile/ccache/2.0-LE-8-2.0/home/opencog/opencog/opencog/nlp/anaphora/rules/filters/filter-#17.scm.go
;;; compiling /home/opencog/opencog/build/tests/nlp/../../../opencog/nlp/anaphora/rules/filters/filter-#18.scm
;;; compiled /home/jenkins/.cache/guile/ccache/2.0-LE-8-2.0/home/opencog/opencog/opencog/nlp/anaphora/rules/filters/filter-#18.scm.go
;;; compiling /home/opencog/opencog/build/tests/nlp/../../../opencog/nlp/anaphora/rules/pre-process/pre-process-#1.scm
;;; compiled /home/jenkins/.cache/guile/ccache/2.0-LE-8-2.0/home/opencog/opencog/opencog/nlp/anaphora/rules/pre-process/pre-process-#1.scm.go
;;; compiling /home/opencog/opencog/build/tests/nlp/../../../opencog/nlp/anaphora/rules/pre-process/pre-process-#2.scm
;;; compiled /home/jenkins/.cache/guile/ccache/2.0-LE-8-2.0/home/opencog/opencog/opencog/nlp/anaphora/rules/pre-process/pre-process-#2.scm.go
;;; compiling /home/opencog/opencog/build/tests/nlp/../../../opencog/nlp/anaphora/rules/pre-process/pre-process-#3.scm
;;; compiled /home/jenkins/.cache/guile/ccache/2.0-LE-8-2.0/home/opencog/opencog/opencog/nlp/anaphora/rules/pre-process/pre-process-#3.scm.go
;;; compiling /home/opencog/opencog/build/tests/nlp/../../../opencog/nlp/anaphora/rules/pleonastic-it/pleonastic-it-#1.scm
;;; compiled /home/jenkins/.cache/guile/ccache/2.0-LE-8-2.0/home/opencog/opencog/opencog/nlp/anaphora/rules/pleonastic-it/pleonastic-it-#1.scm.go
;;; compiling /home/opencog/opencog/build/tests/nlp/../../../opencog/nlp/anaphora/rules/pleonastic-it/pleonastic-it-#2.scm
;;; compiled /home/jenkins/.cache/guile/ccache/2.0-LE-8-2.0/home/opencog/opencog/opencog/nlp/anaphora/rules/pleonastic-it/pleonastic-it-#2.scm.go
;;; compiling /home/opencog/opencog/build/tests/nlp/../../../opencog/nlp/anaphora/rules/pleonastic-it/pleonastic-it-#3.scm
;;; compiled /home/jenkins/.cache/guile/ccache/2.0-LE-8-2.0/home/opencog/opencog/opencog/nlp/anaphora/rules/pleonastic-it/pleonastic-it-#3.scm.go
;;; compiling /home/opencog/opencog/build/tests/nlp/../../../tests/nlp/anaphora/data/bfs.scm
;;; compiled /home/jenkins/.cache/guile/ccache/2.0-LE-8-2.0/home/opencog/opencog/tests/nlp/anaphora/data/bfs.scm.go
;;; compiling /home/opencog/opencog/build/tests/nlp/../../../tests/nlp/anaphora/data/conjunction.scm
;;; compiled /home/jenkins/.cache/guile/ccache/2.0-LE-8-2.0/home/opencog/opencog/tests/nlp/anaphora/data/conjunction.scm.go
;;; compiling /home/opencog/opencog/build/tests/nlp/../../../tests/nlp/anaphora/data/getWords.scm
;;; compiled /home/jenkins/.cache/guile/ccache/2.0-LE-8-2.0/home/opencog/opencog/tests/nlp/anaphora/data/getWords.scm.go
;;; compiling /home/opencog/opencog/build/tests/nlp/../../../tests/nlp/anaphora/data/pleonastic_it/data_#1.scm
;;; compiled /home/jenkins/.cache/guile/ccache/2.0-LE-8-2.0/home/opencog/opencog/tests/nlp/anaphora/data/pleonastic_it/data_#1.scm.go
;;; compiling /home/opencog/opencog/build/tests/nlp/../../../tests/nlp/anaphora/data/pleonastic_it/data_#2.scm
;;; compiled /home/jenkins/.cache/guile/ccache/2.0-LE-8-2.0/home/opencog/opencog/tests/nlp/anaphora/data/pleonastic_it/data_#2.scm.go
;;; compiling /home/opencog/opencog/build/tests/nlp/../../../tests/nlp/anaphora/data/pleonastic_it/data_#3.scm
;;; compiled /home/jenkins/.cache/guile/ccache/2.0-LE-8-2.0/home/opencog/opencog/tests/nlp/anaphora/data/pleonastic_it/data_#3.scm.go
;;; comFAIL
Testing the propose function ... FAIL

======================================================================
FAIL: test_conjunctions (test_anaphora.AnaphoraUnitTester)
----------------------------------------------------------------------
Traceback (most recent call last):
  File "/home/opencog/opencog/tests/nlp/anaphora/test_anaphora.py", line 430, in test_conjunctions
    self.assertFalse(self.hobbsAgent.pleonastic_it(self.getWord('waitresses')))
AssertionError: True is not false

======================================================================
FAIL: test_pleonastic_if (test_anaphora.AnaphoraUnitTester)
----------------------------------------------------------------------
Traceback (most recent call last):
  File "/home/opencog/opencog/tests/nlp/anaphora/test_anaphora.py", line 417, in test_pleonastic_if
    self.assertFalse(self.hobbsAgent.pleonastic_it(self.getWord('it')))
AssertionError: True is not false

======================================================================
FAIL: Testing the propose function
----------------------------------------------------------------------
Traceback (most recent call last):
  File "/home/opencog/opencog/tests/nlp/anaphora/test_anaphora.py", line 378, in test_propose
    filter_1()
  File "/home/opencog/opencog/tests/nlp/anaphora/test_anaphora.py", line 94, in filter_1
    self.assertTrue(self.hobbsAgent.propose(self.getWord('antecedent')))
AssertionError: False is not true

----------------------------------------------------------------------
Ran 5 tests in 4.743s

FAILED (failures=3)
accepted 
[(WordInstanceNode "b") ; [7176733813256336297][1]
, (WordInstanceNode "b") ; [7176733813256336297][1]
, (WordInstanceNode "c") ; [1954536943936637625][1]
]
accepted 
[(WordInstanceNode "c") ; [1954536943936637625][1]
, (WordInstanceNode "b") ; [7176733813256336297][1]
, (WordInstanceNode "c") ; [1954536943936637625][1]
, (WordInstanceNode "d") ; [7920996617400663969][1]
, (WordInstanceNode "e") ; [811631232188714808][1]
, (WordInstanceNode "f") ; [825601903258358495][1]
]
accepted 
[(WordInstanceNode "d") ; [7920996617400663969][1]
, (WordInstanceNode "b") ; [7176733813256336297][1]
, (WordInstanceNode "c") ; [1954536943936637625][1]
, (WordInstanceNode "d") ; [7920996617400663969][1]
, (WordInstanceNode "e") ; [811631232188714808][1]
, (WordInstanceNode "f") ; [825601903258358495][1]
, (WordInstanceNode "g") ; [7550112285569995374][1]
]
accepted 
[(WordInstanceNode "e") ; [811631232188714808][1]
, (WordInstanceNode "b") ; [7176733813256336297][1]
, (WordInstanceNode "c") ; [1954536943936637625][1]
, (WordInstanceNode "d") ; [7920996617400663969][1]
, (WordInstanceNode "e") ; [811631232188714808][1]
, (WordInstanceNode "f") ; [825601903258358495][1]
, (WordInstanceNode "g") ; [7550112285569995374][1]
]
accepted 
[(WordInstanceNode "f") ; [825601903258358495][1]
, (WordInstanceNode "b") ; [7176733813256336297][1]
, (WordInstanceNode "c") ; [1954536943936637625][1]
, (WordInstanceNode "d") ; [7920996617400663969][1]
, (WordInstanceNode "e") ; [811631232188714808][1]
, (WordInstanceNode "f") ; [825601903258358495][1]
, (WordInstanceNode "g") ; [7550112285569995374][1]
]
accepted 
[(WordInstanceNode "g") ; [7550112285569995374][1]
, (WordInstanceNode "b") ; [7176733813256336297][1]
, (WordInstanceNode "c") ; [1954536943936637625][1]
, (WordInstanceNode "d") ; [7920996617400663969][1]
, (WordInstanceNode "e") ; [811631232188714808][1]
, (WordInstanceNode "f") ; [825601903258358495][1]
, (WordInstanceNode "g") ; [7550112285569995374][1]
]
Testing filter #1...
piling /home/opencog/opencog/build/tests/nlp/../../../tests/nlp/anaphora/data/pleonastic_it/data_#4.scm
;;; compiled /home/jenkins/.cache/guile/ccache/2.0-LE-8-2.0/home/opencog/opencog/tests/nlp/anaphora/data/pleonastic_it/data_#4.scm.go
;;; compiling /home/opencog/opencog/build/tests/nlp/../../../tests/nlp/anaphora/data/propose/filter-#1/data_#1.scm
;;; compiled /home/jenkins/.cache/guile/ccache/2.0-LE-8-2.0/home/opencog/opencog/tests/nlp/anaphora/data/propose/filter-#1/data_#1.scm.go

      Start  9: MOSESPLNSynergyUTest
 9/25 Test  #9: MOSESPLNSynergyUTest .............   Passed    9.08 sec
      Start 10: PLNRulesUTest
10/25 Test #10: PLNRulesUTest ....................   Passed    1.21 sec
      Start 11: PythonPLNTest
11/25 Test #11: PythonPLNTest ....................   Passed    0.22 sec
      Start 12: OpenPsiRulesUTest
12/25 Test #12: OpenPsiRulesUTest ................   Passed    1.17 sec
      Start 13: OpenPsiImplicatorUTest
13/25 Test #13: OpenPsiImplicatorUTest ...........   Passed    0.69 sec
      Start 14: OpenPsiSCMUTest
14/25 Test #14: OpenPsiSCMUTest ..................***Failed    8.27 sec
Running cxxtest tests (8 tests)[2018-01-25 17:23:40:441] [INFO] BEGIN TEST: test_psi_get_action
[2018-01-25 17:23:40:441] [INFO] END TEST: test_psi_get_action
.[2018-01-25 17:23:40:443] [INFO] BEGIN TEST: test_psi_get_context
[2018-01-25 17:23:40:443] [INFO] END TEST: test_psi_get_context
.[2018-01-25 17:23:40:445] [INFO] BEGIN TEST: test_psi_get_goal
[2018-01-25 17:23:40:445] [INFO] END TEST: test_psi_get_goal
.[2018-01-25 17:23:40:447] [INFO] BEGIN TEST: test_psi_satisfiable__predicate
[2018-01-25 17:23:40:448] [INFO] END TEST: test_psi_satisfiable__predicate
.[2018-01-25 17:23:40:450] [INFO] BEGIN TEST: test_psi_select_rules
[2018-01-25 17:23:40:451] [INFO] END TEST: test_psi_select_rules
.[2018-01-25 17:23:40:453] [INFO] BEGIN TEST: test_psi_get_satisfiable_rules
[2018-01-25 17:23:40:455] [INFO] END TEST: test_psi_get_satisfiable_rules
.[2018-01-25 17:23:40:457] [INFO] BEGIN TEST: test_psi_step_1
[2018-01-25 17:23:40:461] [INFO] END TEST: test_psi_step_1
.[2018-01-25 17:23:40:463] [INFO] BEGIN TEST: test_psi_run_and_psi_halt

In OpenPsiSCMUTest::test_psi_run_and_psi_halt:
/home/opencog/opencog/build/tests/openpsi/../../../tests/openpsi/OpenPsiSCMUTest.cxxtest:394: Error: Expected ("#t\n" == result_2), found (#t
 != "#f\n")
/home/opencog/opencog/build/tests/openpsi/../../../tests/openpsi/OpenPsiSCMUTest.cxxtest:402: Error: Expected ("#t\n" == result_2), found (#t
 != "#f\n")
[2018-01-25 17:23:48:474] [INFO] END TEST: test_psi_run_and_psi_halt
Failed 1 and Skipped 0 of 8 tests
Success rate: 87%

      Start 15: PythonModuleUTest
15/25 Test #15: PythonModuleUTest ................   Passed    0.46 sec
      Start 16: PyEvalUTest
16/25 Test #16: PyEvalUTest ......................   Passed    0.23 sec
      Start 17: CythonServer
17/25 Test #17: CythonServer .....................   Passed    0.21 sec
      Start 18: CythonStatistics
18/25 Test #18: CythonStatistics .................   Passed    0.08 sec
      Start 19: RestApiTest
19/25 Test #19: RestApiTest ......................***Failed    2.73 sec
/home/opencog/opencog/opencog/python/web/api/apiatomcollection.py:4: ExtDeprecationWarning: Importing flask.ext.restful is deprecated, use flask_restful instead.
  from flask.ext.restful import Resource, reqparse, marshal
/home/opencog/opencog/opencog/python/web/api/apiatomcollection.py:4: ExtDeprecationWarning: Importing flask.ext.restful.reqparse is deprecated, use flask_restful.reqparse instead.
  from flask.ext.restful import Resource, reqparse, marshal
/home/opencog/opencog/opencog/python/web/api/mappers.py:12: ExtDeprecationWarning: Importing flask.ext.restful.fields is deprecated, use flask_restful.fields instead.
  from flask.ext.restful import fields, marshal
/home/opencog/opencog/opencog/python/web/api/apiatomcollection.py:8: ExtDeprecationWarning: Importing flask.ext.restful.utils is deprecated, use flask_restful.utils instead.
  from flask.ext.restful.utils import cors
/home/opencog/opencog/opencog/python/web/api/apiatomcollection.py:8: ExtDeprecationWarning: Importing flask.ext.restful.utils.cors is deprecated, use flask_restful.utils.cors instead.
  from flask.ext.restful.utils import cors
test_restapi.TestRESTApi.test_a_post_and_get_node ... ok
test_restapi.TestRESTApi.test_b_post_and_get_link ... ok
test_restapi.TestRESTApi.test_c_put_and_get_tv_av_node ... ok
test_restapi.TestRESTApi.test_d_put_and_get_tv_av_link ... ok
test_restapi.TestRESTApi.test_e_post_revise_existing_node ... ok
test_restapi.TestRESTApi.test_f_post_revise_existing_link ... ok
test_restapi.TestRESTApi.test_g_delete_node ... FAIL
test_restapi.TestRESTApi.test_h_delete_link ... ok
test_restapi.TestRESTApi.test_j_get_types ... ok
test_restapi.TestRESTApi.test_k_tv_filter ... ok
test_restapi.TestRESTApi.test_l_include_incoming_outgoing ... ok
test_restapi.TestRESTApi.test_m_scheme_command ... ok
test_restapi.TestRESTApi.test_n_dot_export ... ok

======================================================================
FAIL: test_restapi.TestRESTApi.test_g_delete_node
----------------------------------------------------------------------
Traceback (most recent call last):
  File "/usr/local/lib/python2.7/dist-packages/nose/case.py", line 197, in runTest
    self.test(*self.arg)
  File "/home/opencog/opencog/tests/python/restapi/test_restapi.py", line 368, in test_g_delete_node
    assert delete_result['success']
AssertionError

----------------------------------------------------------------------
Ran 13 tests in 2.460s

FAILED (failures=1)
{u'truthvalue': {u'type': u'simple', u'details': {u'count': 0.4, u'strength': 0.5}}, u'outgoing': [2, 4], u'type': u'InheritanceLink'}
{u'truthvalue': {u'type': u'simple', u'details': {u'count': 0.9, u'strength': 1.0}}, u'outgoing': [9, 12], u'type': u'InheritanceLink'}
{u'truthvalue': {u'type': u'simple', u'details': {u'count': 0.9, u'strength': 1.0}}, u'outgoing': [16, 19], u'type': u'InheritanceLink'}
{u'truthvalue': {u'type': u'simple', u'details': {u'count': 0.95, u'strength': 0.1}}, u'outgoing': [16, 19], u'type': u'InheritanceLink'}
{u'truthvalue': {u'type': u'simple', u'details': {u'count': 0.9, u'strength': 1.0}}, u'outgoing': [22, 25], u'type': u'InheritanceLink'}

      Start 20: BlendingTest
20/25 Test #20: BlendingTest .....................   Passed    0.59 sec
      Start 21: DimEmbedUTest
21/25 Test #21: DimEmbedUTest ....................   Passed    0.10 sec
      Start 22: StatisticsUTest
22/25 Test #22: StatisticsUTest ..................   Passed    0.06 sec
      Start 23: PatternMinerUTest
23/25 Test #23: PatternMinerUTest ................   Passed    0.23 sec
      Start 24: PatternIndexAPIUTest
24/25 Test #24: PatternIndexAPIUTest .............   Passed    8.04 sec
      Start 25: XPatternMinerUTest
25/25 Test #25: XPatternMinerUTest ...............   Passed    2.16 sec

72% tests passed, 7 tests failed out of 25

Total Test time (real) = 166.44 sec

The following tests FAILED:
	  2 - AtomSpacePublisherModuleUTest (OTHER_FAULT)
	  4 - ShellUTest (Failed)
	  6 - AtomOcTreeUTest (SEGFAULT)
	  7 - TimeSpaceAtomUTest (SEGFAULT)
	  8 - AnaphoraTest (Failed)
	 14 - OpenPsiSCMUTest (Failed)
	 19 - RestApiTest (Failed)
Errors while running CTest
make[3]: *** [CMakeFiles/test] Error 8
CMakeFiles/test.dir/build.make:57: recipe for target 'CMakeFiles/test' failed
make[2]: *** [CMakeFiles/test.dir/all] Error 2
CMakeFiles/Makefile2:99: recipe for target 'CMakeFiles/test.dir/all' failed
CMakeFiles/Makefile2:106: recipe for target 'CMakeFiles/test.dir/rule' failed
Makefile:197: recipe for target 'test' failed
make[1]: *** [CMakeFiles/test.dir/rule] Error 2
make: *** [test] Error 2
+ DSTATUS=TESTFAIL
+ /var/lib/jenkins/status/updateStatus TESTFAIL /var/lib/jenkins/jobs/OpenCOG_U1604_Opencog/builds/25/log OpenCOG_U1604_Opencog
Already up-to-date.
~/status/jobs ~/status
