Started by upstream project "[8mha:////4HYLKC3QWnNL8UcNtRMb3SIghDGZXRDiSIrVjCiet8BaAAAAnx+LCAAAAAAAAP9b85aBtbiIQTGjNKU4P08vOT+vOD8nVc83PyU1x6OyILUoJzMv2y+/JJUBAhiZGBgqihhk0NSjKDWzXb3RdlLBUSYGJk8GtpzUvPSSDB8G5tKinBIGIZ+sxLJE/ZzEvHT94JKizLx0a6BxUmjGOUNodHsLgAzeEgZh/az8JH3/gtQ8Z3/3+FBDEwMTfQAfNa+iyAAAAA==[0mOpenCOG_U1404" build number [8mha:////4PMM9ow38QGeNvkhzn1Zf2Z+WjFhddnUt5fY86BhKV1VAAAAoR+LCAAAAAAAAP9b85aBtbiIQTGjNKU4P08vOT+vOD8nVc83PyU1x6OyILUoJzMv2y+/JJUBAhiZGBgqihhk0NSjKDWzXb3RdlLBUSYGJk8GtpzUvPSSDB8G5tKinBIGIZ+sxLJE/ZzEvHT94JKizLx0a6BxUmjGOUNodHsLgAymEgZR/az8JH3/gtQ8Z3/3+FBDEwMTfUNDAPpIGd3KAAAA[0m11
originally caused by:
 Started by an SCM change
Building in workspace /var/lib/jenkins/workspace/OpenCOG_U1404_AtomSpace
[OpenCOG_U1404_AtomSpace] $ /bin/sh -xe /tmp/jenkins5291418034747281777.sh
+ COGDIR=../OpenCOG_U1404
+ . ../OpenCOG_U1404/build.docker/docker.env
+ CID=4fb68f894e6ac41651e6eda99fa96140613167ab3fb24759b1bcd8f29a15f06d
+ DKRUNROOT=docker exec --user root   4fb68f894e6ac41651e6eda99fa96140613167ab3fb24759b1bcd8f29a15f06d
+ DKRUNUSER=docker exec --user jenkins  4fb68f894e6ac41651e6eda99fa96140613167ab3fb24759b1bcd8f29a15f06d
+ UID=125
+ GID=132
+ LOGFILE=/var/lib/jenkins/jobs/OpenCOG_U1404_AtomSpace/builds/6/log
+ cat


**********************************************************
**********************************************************
**********************************************************
**********************************************************
*****                                                *****
*****                  Atomspace TEST                *****
*****                                                *****
**********************************************************
**********************************************************
**********************************************************
**********************************************************


+ echo GIT_COMMIT=
GIT_COMMIT=
+ echo GIT_BRANCH=
GIT_BRANCH=
+ echo GIT_URL=
GIT_URL=
+ WDIR=opencog/dependencies/atomspace
+ JOBDIR=../OpenCOG_U1404/dependencies
+ cat
+ chmod +x ../OpenCOG_U1404/dependencies/job1
+ docker exec --user jenkins 4fb68f894e6ac41651e6eda99fa96140613167ab3fb24759b1bcd8f29a15f06d bash opencog/dependencies/job1
/home/opencog
+ pwd
+ cd opencog/dependencies/atomspace
+ cd build
+ make -j8 test
[  1%] Built target opencog_atom_types
[  3%] Built target truthvalue
[  5%] Built target atombase
[  8%] [  8%] Built target attentionbank
Built target atomutils
[ 17%] Built target atomcore
[ 20%] [ 21%] Built target clearbox
Built target atomspace
[ 22%] [ 22%] [ 22%] [ 22%] [ 22%] Generating BetaReduceUTest.cpp
Generating EvidenceCountTruthValueUTest.cpp
Generating AttentionValueUTest.cpp
Generating TVMergeUTest.cpp
[ 22%] Generating SimpleTruthValueUTest.cpp
[ 24%] [ 25%] Built target atomspaceutils
Built target lambda
Built target type_constructors
[ 25%] [ 25%] [ 25%] Generating DefineLinkUTest.cpp
Generating VariablesUTest.cpp
Generating ComposeLinkUTest.cpp
Scanning dependencies of target BetaReduceUTest
Scanning dependencies of target EvidenceCountTruthValueUTest
Scanning dependencies of target SimpleTruthValueUTest
Scanning dependencies of target TVMergeUTest
[ 25%] Scanning dependencies of target AttentionValueUTest
[ 25%] [ 25%] [ 25%] Scanning dependencies of target DefineLinkUTest
Building CXX object tests/atoms/CMakeFiles/BetaReduceUTest.dir/BetaReduceUTest.cpp.o
Building CXX object tests/truthvalue/CMakeFiles/EvidenceCountTruthValueUTest.dir/EvidenceCountTruthValueUTest.cpp.o
[ 25%] Building CXX object tests/truthvalue/CMakeFiles/SimpleTruthValueUTest.dir/SimpleTruthValueUTest.cpp.o
Building CXX object tests/truthvalue/CMakeFiles/TVMergeUTest.dir/TVMergeUTest.cpp.o
[ 25%] Scanning dependencies of target ComposeLinkUTest
Building CXX object tests/truthvalue/CMakeFiles/AttentionValueUTest.dir/AttentionValueUTest.cpp.o
Scanning dependencies of target VariablesUTest
Building CXX object tests/atoms/CMakeFiles/DefineLinkUTest.dir/DefineLinkUTest.cpp.o
[ 25%] [ 26%] Building CXX object tests/atoms/CMakeFiles/ComposeLinkUTest.dir/ComposeLinkUTest.cpp.o
Building CXX object tests/atoms/CMakeFiles/VariablesUTest.dir/VariablesUTest.cpp.o
Linking CXX executable EvidenceCountTruthValueUTest
[ 26%] Built target EvidenceCountTruthValueUTest
[ 26%] Built target unify
[ 26%] Generating AtomSpaceUtilsUTest.cpp
Scanning dependencies of target AtomSpaceUtilsUTest
[ 27%] Building CXX object tests/atomspaceutils/CMakeFiles/AtomSpaceUtilsUTest.dir/AtomSpaceUtilsUTest.cpp.o
Linking CXX executable SimpleTruthValueUTest
[ 27%] Built target SimpleTruthValueUTest
[ 27%] Generating AttentionUTest.cpp
Scanning dependencies of target AttentionUTest
[ 28%] Building CXX object tests/attentionbank/CMakeFiles/AttentionUTest.dir/AttentionUTest.cpp.o
Linking CXX executable TVMergeUTest
[ 28%] Built target TVMergeUTest
[ 32%] Built target smob
[ 33%] Built target atomspace_cython
[ 35%] Built target query
[ 35%] Generating AtomTableUTest.cpp
Scanning dependencies of target AtomTableUTest
[ 35%] Building CXX object tests/atomspace/CMakeFiles/AtomTableUTest.dir/AtomTableUTest.cpp.o
Linking CXX executable DefineLinkUTest
[ 35%] Built target DefineLinkUTest
Linking CXX executable ComposeLinkUTest
[ 36%] Generating ClassServerUTest.cpp
Linking CXX executable VariablesUTest
Scanning dependencies of target ClassServerUTest
[ 36%] Building CXX object tests/atomspace/CMakeFiles/ClassServerUTest.dir/ClassServerUTest.cpp.o
[ 36%] Built target ComposeLinkUTest
[ 36%] Generating AtomUTest.cpp
[ 36%] Built target VariablesUTest
[ 36%] Scanning dependencies of target AtomUTest
Generating NodeUTest.cpp
[ 37%] Building CXX object tests/atomspace/CMakeFiles/AtomUTest.dir/AtomUTest.cpp.o
Scanning dependencies of target NodeUTest
[ 38%] Linking CXX executable BetaReduceUTest
Building CXX object tests/atomspace/CMakeFiles/NodeUTest.dir/NodeUTest.cpp.o
[ 38%] Built target BetaReduceUTest
[ 38%] Generating LinkUTest.cpp
Scanning dependencies of target LinkUTest
[ 40%] Building CXX object tests/atomspace/CMakeFiles/LinkUTest.dir/LinkUTest.cpp.o
Linking CXX executable AttentionValueUTest
[ 40%] Built target AttentionValueUTest
[ 40%] Generating TLBUTest.cpp
Scanning dependencies of target TLBUTest
[ 41%] Building CXX object tests/atomspace/CMakeFiles/TLBUTest.dir/TLBUTest.cpp.o
Linking CXX executable AtomSpaceUtilsUTest
[ 41%] Built target AtomSpaceUtilsUTest
[ 41%] Generating AtomSpaceUTest.cpp
Linking CXX executable AttentionUTest
Scanning dependencies of target AtomSpaceUTest
[ 41%] Building CXX object tests/atomspace/CMakeFiles/AtomSpaceUTest.dir/AtomSpaceUTest.cpp.o
[ 41%] Built target AttentionUTest
[ 41%] Generating AtomSpaceImplUTest.cpp
Scanning dependencies of target AtomSpaceImplUTest
[ 42%] Building CXX object tests/atomspace/CMakeFiles/AtomSpaceImplUTest.dir/AtomSpaceImplUTest.cpp.o
Linking CXX executable NodeUTest
[ 42%] Built target NodeUTest
[ 42%] Generating AtomSpaceAsyncUTest.cpp
Scanning dependencies of target AtomSpaceAsyncUTest
[ 42%] Building CXX object tests/atomspace/CMakeFiles/AtomSpaceAsyncUTest.dir/AtomSpaceAsyncUTest.cpp.o
Linking CXX executable ClassServerUTest
[ 42%] Built target ClassServerUTest
[ 42%] Generating UseCountUTest.cpp
Scanning dependencies of target UseCountUTest
[ 43%] Building CXX object tests/atomspace/CMakeFiles/UseCountUTest.dir/UseCountUTest.cpp.o
Linking CXX executable LinkUTest
[ 43%] Built target LinkUTest
[ 43%] Generating MultiSpaceUTest.cpp
Scanning dependencies of target MultiSpaceUTest
[ 44%] Building CXX object tests/atomspace/CMakeFiles/MultiSpaceUTest.dir/MultiSpaceUTest.cpp.o
Linking CXX executable TLBUTest
Linking CXX executable AtomTableUTest
[ 44%] Built target TLBUTest
[ 44%] Generating RemoveUTest.cpp
Scanning dependencies of target RemoveUTest
[ 44%] Building CXX object tests/atomspace/CMakeFiles/RemoveUTest.dir/RemoveUTest.cpp.o
[ 44%] Built target AtomTableUTest
[ 44%] Generating ThreadSafeHandleMapUTest.cpp
Scanning dependencies of target ThreadSafeHandleMapUTest
[ 45%] Building CXX object tests/atomspace/CMakeFiles/ThreadSafeHandleMapUTest.dir/ThreadSafeHandleMapUTest.cpp.o
Linking CXX executable AtomUTest
[ 45%] Built target AtomUTest
[ 45%] Generating FreeLinkUTest.cpp
Scanning dependencies of target FreeLinkUTest
[ 46%] Building CXX object tests/atoms/CMakeFiles/FreeLinkUTest.dir/FreeLinkUTest.cpp.o
Linking CXX executable UseCountUTest
[ 46%] Built target UseCountUTest
[ 47%] Generating RewriteLinkUTest.cpp
Scanning dependencies of target RewriteLinkUTest
[ 47%] Building CXX object tests/atoms/CMakeFiles/RewriteLinkUTest.dir/RewriteLinkUTest.cpp.o
Linking CXX executable ThreadSafeHandleMapUTest
Linking CXX executable FreeLinkUTest
[ 47%] Built target ThreadSafeHandleMapUTest
[ 47%] Generating ScopeLinkUTest.cpp
Scanning dependencies of target ScopeLinkUTest
[ 47%] Building CXX object tests/atoms/CMakeFiles/ScopeLinkUTest.dir/ScopeLinkUTest.cpp.o
[ 47%] Built target FreeLinkUTest
[ 47%] Generating AlphaConvertUTest.cpp
Scanning dependencies of target AlphaConvertUTest
[ 47%] Building CXX object tests/atoms/CMakeFiles/AlphaConvertUTest.dir/AlphaConvertUTest.cpp.o
Linking CXX executable AtomSpaceAsyncUTest
[ 47%] Built target AtomSpaceAsyncUTest
[ 47%] Generating AtomUtilsUTest.cpp
Scanning dependencies of target AtomUtilsUTest
[ 47%] Building CXX object tests/atomutils/CMakeFiles/AtomUtilsUTest.dir/AtomUtilsUTest.cpp.o
Linking CXX executable MultiSpaceUTest
Linking CXX executable RemoveUTest
[ 47%] Built target MultiSpaceUTest
[ 47%] Generating FindUtilsUTest.cpp
Scanning dependencies of target FindUtilsUTest
[ 47%] Building CXX object tests/atomutils/CMakeFiles/FindUtilsUTest.dir/FindUtilsUTest.cpp.o
[ 47%] Built target RemoveUTest
[ 47%] Generating FuzzyUTest.cpp
Scanning dependencies of target FuzzyUTest
[ 47%] Building CXX object tests/atomutils/CMakeFiles/FuzzyUTest.dir/FuzzyUTest.cpp.o
Linking CXX executable AtomSpaceImplUTest
[ 47%] Built target AtomSpaceImplUTest
[ 47%] Generating NeighborUTest.cpp
Scanning dependencies of target NeighborUTest
[ 48%] Building CXX object tests/atomutils/CMakeFiles/NeighborUTest.dir/NeighborUTest.cpp.o
Linking CXX executable AtomSpaceUTest
[ 48%] Built target AtomSpaceUTest
[ 48%] Generating UnifyUTest.cpp
Linking CXX executable RewriteLinkUTest
Scanning dependencies of target UnifyUTest
[ 48%] Building CXX object tests/unify/CMakeFiles/UnifyUTest.dir/UnifyUTest.cpp.o
[ 48%] Built target RewriteLinkUTest
[ 50%] Built target PythonEval
[ 51%] Built target utilities_cython
[ 52%] Built target execution
[ 53%] Generating PythonUtilitiesUTest.cpp
Scanning dependencies of target PythonUtilitiesUTest
[ 53%] Building CXX object tests/cython/CMakeFiles/PythonUtilitiesUTest.dir/PythonUtilitiesUTest.cpp.o
Linking CXX executable ScopeLinkUTest
[ 53%] Built target ScopeLinkUTest
[ 53%] Generating MapLinkUTest.cpp
Scanning dependencies of target MapLinkUTest
Linking CXX executable AlphaConvertUTest
[ 53%] Building CXX object tests/atoms/CMakeFiles/MapLinkUTest.dir/MapLinkUTest.cpp.o
[ 53%] Built target AlphaConvertUTest
[ 53%] Generating ParallelUTest.cpp
Scanning dependencies of target ParallelUTest
[ 53%] Building CXX object tests/atoms/CMakeFiles/ParallelUTest.dir/ParallelUTest.cpp.o
Linking CXX executable AtomUtilsUTest
Linking CXX executable FuzzyUTest
Linking CXX executable FindUtilsUTest
[ 53%] Built target AtomUtilsUTest
[ 54%] Generating RandomUTest.cpp
Scanning dependencies of target RandomUTest
[ 54%] [ 54%] Built target FuzzyUTest
Building CXX object tests/atoms/CMakeFiles/RandomUTest.dir/RandomUTest.cpp.o
[ 55%] [ 55%] Generating ReductUTest.cpp
Built target FindUtilsUTest
[ 55%] Generating DeleteLinkUTest.cpp
Scanning dependencies of target ReductUTest
Scanning dependencies of target DeleteLinkUTest
[ 55%] [ 55%] Building CXX object tests/atoms/CMakeFiles/ReductUTest.dir/ReductUTest.cpp.o
Building CXX object tests/atoms/CMakeFiles/DeleteLinkUTest.dir/DeleteLinkUTest.cpp.o
Linking CXX executable NeighborUTest
[ 55%] Built target NeighborUTest
[ 55%] Generating EqualLinkUTest.cpp
Scanning dependencies of target EqualLinkUTest
[ 55%] Building CXX object tests/atoms/CMakeFiles/EqualLinkUTest.dir/EqualLinkUTest.cpp.o
Linking CXX executable PythonUtilitiesUTest
[ 55%] Built target PythonUtilitiesUTest
[ 56%] Generating PutLinkUTest.cpp
Scanning dependencies of target PutLinkUTest
[ 56%] Building CXX object tests/atoms/CMakeFiles/PutLinkUTest.dir/PutLinkUTest.cpp.o
Linking CXX executable ParallelUTest
[ 56%] Built target ParallelUTest
[ 57%] Generating StateLinkUTest.cpp
Scanning dependencies of target StateLinkUTest
[ 57%] Building CXX object tests/atoms/CMakeFiles/StateLinkUTest.dir/StateLinkUTest.cpp.o
Linking CXX executable MapLinkUTest
[ 57%] Built target MapLinkUTest
[ 57%] Generating BasicSCMUTest.cpp
Scanning dependencies of target BasicSCMUTest
[ 57%] Building CXX object tests/scm/CMakeFiles/BasicSCMUTest.dir/BasicSCMUTest.cpp.o
Linking CXX executable RandomUTest
[ 57%] Built target RandomUTest
[ 57%] Generating SCMPrimitiveUTest.cpp
Scanning dependencies of target SCMPrimitiveUTest
[ 57%] Building CXX object tests/scm/CMakeFiles/SCMPrimitiveUTest.dir/SCMPrimitiveUTest.cpp.o
Linking CXX executable DeleteLinkUTest
[ 57%] Built target DeleteLinkUTest
[ 57%] Generating MultiAtomSpaceUTest.cpp
Scanning dependencies of target MultiAtomSpaceUTest
[ 57%] Building CXX object tests/scm/CMakeFiles/MultiAtomSpaceUTest.dir/MultiAtomSpaceUTest.cpp.o
Linking CXX executable ReductUTest
[ 57%] Built target ReductUTest
[ 57%] Generating MultiThreadUTest.cpp
Scanning dependencies of target MultiThreadUTest
[ 57%] Building CXX object tests/scm/CMakeFiles/MultiThreadUTest.dir/MultiThreadUTest.cpp.o
Linking CXX executable EqualLinkUTest
[ 57%] Built target EqualLinkUTest
[ 58%] Generating SCMUtilsUTest.cpp
Scanning dependencies of target SCMUtilsUTest
[ 58%] Building CXX object tests/scm/CMakeFiles/SCMUtilsUTest.dir/SCMUtilsUTest.cpp.o
Linking CXX executable SCMPrimitiveUTest
[ 58%] Built target SCMPrimitiveUTest
[ 60%] Generating SCMExecutionOutputUTest.cpp
Scanning dependencies of target SCMExecutionOutputUTest
[ 60%] Building CXX object tests/scm/CMakeFiles/SCMExecutionOutputUTest.dir/SCMExecutionOutputUTest.cpp.o
Linking CXX executable StateLinkUTest
[ 60%] Built target StateLinkUTest
[ 60%] Generating PatternUTest.cpp
Scanning dependencies of target PatternUTest
[ 60%] Building CXX object tests/query/CMakeFiles/PatternUTest.dir/PatternUTest.cpp.o
Linking CXX executable MultiThreadUTest
Linking CXX executable SCMUtilsUTest
[ 60%] Built target MultiThreadUTest
[ 60%] Generating StackUTest.cpp
[ 60%] Built target SCMUtilsUTest
[ 60%] Generating BigPatternUTest.cpp
Scanning dependencies of target StackUTest
[ 60%] Building CXX object tests/query/CMakeFiles/StackUTest.dir/StackUTest.cpp.o
Scanning dependencies of target BigPatternUTest
[ 61%] Building CXX object tests/query/CMakeFiles/BigPatternUTest.dir/BigPatternUTest.cpp.o
Linking CXX executable BasicSCMUTest
[ 61%] Built target BasicSCMUTest
[ 61%] Generating BiggerPatternUTest.cpp
Scanning dependencies of target BiggerPatternUTest
[ 61%] Building CXX object tests/query/CMakeFiles/BiggerPatternUTest.dir/BiggerPatternUTest.cpp.o
Linking CXX executable MultiAtomSpaceUTest
Linking CXX executable PutLinkUTest
[ 61%] Built target MultiAtomSpaceUTest
[ 61%] Generating LoopPatternUTest.cpp
Scanning dependencies of target LoopPatternUTest
[ 62%] Building CXX object tests/query/CMakeFiles/LoopPatternUTest.dir/LoopPatternUTest.cpp.o
[ 62%] Built target PutLinkUTest
[ 62%] Generating BooleanUTest.cpp
Scanning dependencies of target BooleanUTest
[ 62%] Building CXX object tests/query/CMakeFiles/BooleanUTest.dir/BooleanUTest.cpp.o
Linking CXX executable UnifyUTest
[ 62%] Built target UnifyUTest
[ 62%] Generating Boolean2NotUTest.cpp
Scanning dependencies of target Boolean2NotUTest
[ 63%] Building CXX object tests/query/CMakeFiles/Boolean2NotUTest.dir/Boolean2NotUTest.cpp.o
Linking CXX executable SCMExecutionOutputUTest
[ 63%] Built target SCMExecutionOutputUTest
[ 64%] Generating ConstantClausesUTest.cpp
Linking CXX executable StackUTest
Scanning dependencies of target ConstantClausesUTest
[ 64%] Building CXX object tests/query/CMakeFiles/ConstantClausesUTest.dir/ConstantClausesUTest.cpp.o
[ 64%] Built target StackUTest
[ 64%] Generating PatternCrashUTest.cpp
Scanning dependencies of target PatternCrashUTest
[ 65%] Building CXX object tests/query/CMakeFiles/PatternCrashUTest.dir/PatternCrashUTest.cpp.o
Linking CXX executable BigPatternUTest
[ 65%] Built target BigPatternUTest
[ 66%] Generating DisconnectedUTest.cpp
Scanning dependencies of target DisconnectedUTest
[ 66%] Building CXX object tests/query/CMakeFiles/DisconnectedUTest.dir/DisconnectedUTest.cpp.o
Linking CXX executable PatternUTest
[ 66%] Built target PatternUTest
[ 66%] Generating ImplicationUTest.cpp
Scanning dependencies of target ImplicationUTest
[ 66%] Building CXX object tests/query/CMakeFiles/ImplicationUTest.dir/ImplicationUTest.cpp.o
Linking CXX executable LoopPatternUTest
[ 66%] Built target LoopPatternUTest
[ 67%] Generating ExecutionOutputUTest.cpp
Scanning dependencies of target ExecutionOutputUTest
[ 67%] Building CXX object tests/query/CMakeFiles/ExecutionOutputUTest.dir/ExecutionOutputUTest.cpp.o
Linking CXX executable BiggerPatternUTest
[ 67%] Built target BiggerPatternUTest
[ 67%] Generating BuggyStackUTest.cpp
Scanning dependencies of target BuggyStackUTest
[ 67%] Building CXX object tests/query/CMakeFiles/BuggyStackUTest.dir/BuggyStackUTest.cpp.o
Linking CXX executable BooleanUTest
[ 67%] Built target BooleanUTest
[ 67%] Generating VarTypeNotUTest.cpp
Scanning dependencies of target VarTypeNotUTest
[ 67%] Building CXX object tests/query/CMakeFiles/VarTypeNotUTest.dir/VarTypeNotUTest.cpp.o
Linking CXX executable ConstantClausesUTest
[ 67%] Built target ConstantClausesUTest
[ 68%] Generating BuggyNotUTest.cpp
Linking CXX executable DisconnectedUTest
Scanning dependencies of target BuggyNotUTest
[ 68%] Building CXX object tests/query/CMakeFiles/BuggyNotUTest.dir/BuggyNotUTest.cpp.o
[ 68%] Built target DisconnectedUTest
[ 68%] Generating MatchLinkUTest.cpp
Linking CXX executable PatternCrashUTest
Scanning dependencies of target MatchLinkUTest
[ 70%] Building CXX object tests/query/CMakeFiles/MatchLinkUTest.dir/MatchLinkUTest.cpp.o
[ 70%] Linking CXX executable Boolean2NotUTest
Built target PatternCrashUTest
[ 70%] Generating UnorderedUTest.cpp
Scanning dependencies of target UnorderedUTest
[ 71%] Building CXX object tests/query/CMakeFiles/UnorderedUTest.dir/UnorderedUTest.cpp.o
[ 71%] Built target Boolean2NotUTest
[ 72%] Generating StackMoreUTest.cpp
Scanning dependencies of target StackMoreUTest
[ 72%] Building CXX object tests/query/CMakeFiles/StackMoreUTest.dir/StackMoreUTest.cpp.o
Linking CXX executable BuggyStackUTest
[ 72%] Built target BuggyStackUTest
[ 72%] Generating GlobUTest.cpp
Scanning dependencies of target GlobUTest
[ 73%] Building CXX object tests/query/CMakeFiles/GlobUTest.dir/GlobUTest.cpp.o
Linking CXX executable ImplicationUTest
Linking CXX executable VarTypeNotUTest
[ 73%] Built target ImplicationUTest
[ 73%] Generating RecognizerUTest.cpp
Scanning dependencies of target RecognizerUTest
[ 73%] Building CXX object tests/query/CMakeFiles/RecognizerUTest.dir/RecognizerUTest.cpp.o
[ 73%] Built target VarTypeNotUTest
[ 73%] Generating ArcanaUTest.cpp
Scanning dependencies of target ArcanaUTest
[ 74%] Building CXX object tests/query/CMakeFiles/ArcanaUTest.dir/ArcanaUTest.cpp.o
Linking CXX executable ExecutionOutputUTest
[ 74%] Built target ExecutionOutputUTest
[ 74%] Generating SubstitutionUTest.cpp
Scanning dependencies of target SubstitutionUTest
[ 74%] Building CXX object tests/query/CMakeFiles/SubstitutionUTest.dir/SubstitutionUTest.cpp.o
Linking CXX executable BuggyNotUTest
Linking CXX executable MatchLinkUTest
[ 74%] Built target BuggyNotUTest
[ 74%] Generating GetLinkUTest.cpp
Scanning dependencies of target GetLinkUTest
[ 75%] Building CXX object tests/query/CMakeFiles/GetLinkUTest.dir/GetLinkUTest.cpp.o
[ 75%] Built target MatchLinkUTest
[ 75%] Generating GetStateUTest.cpp
Scanning dependencies of target GetStateUTest
[ 75%] Building CXX object tests/query/CMakeFiles/GetStateUTest.dir/GetStateUTest.cpp.o
Linking CXX executable StackMoreUTest
Linking CXX executable UnorderedUTest
[ 75%] Built target StackMoreUTest
[ 76%] Generating DeepTypeUTest.cpp
[ 76%] Built target UnorderedUTest
Scanning dependencies of target DeepTypeUTest
[ 76%] [ 76%] Generating GreaterThanUTest.cpp
Building CXX object tests/query/CMakeFiles/DeepTypeUTest.dir/DeepTypeUTest.cpp.o
Scanning dependencies of target GreaterThanUTest
[ 77%] Building CXX object tests/query/CMakeFiles/GreaterThanUTest.dir/GreaterThanUTest.cpp.o
Linking CXX executable RecognizerUTest
Linking CXX executable GlobUTest
[ 77%] Built target RecognizerUTest
[ 77%] Generating GreaterComputeUTest.cpp
Scanning dependencies of target GreaterComputeUTest
[ 77%] [ 77%] Building CXX object tests/query/CMakeFiles/GreaterComputeUTest.dir/GreaterComputeUTest.cpp.o
Built target GlobUTest
[ 77%] Generating SequenceUTest.cpp
Scanning dependencies of target SequenceUTest
[ 77%] Building CXX object tests/query/CMakeFiles/SequenceUTest.dir/SequenceUTest.cpp.o
Linking CXX executable ArcanaUTest
[ 77%] Built target ArcanaUTest
[ 78%] Generating EvaluationUTest.cpp
Scanning dependencies of target EvaluationUTest
[ 78%] Building CXX object tests/query/CMakeFiles/EvaluationUTest.dir/EvaluationUTest.cpp.o
Linking CXX executable SubstitutionUTest
[ 78%] Built target SubstitutionUTest
[ 78%] Generating DontExecUTest.cpp
Scanning dependencies of target DontExecUTest
[ 78%] Building CXX object tests/query/CMakeFiles/DontExecUTest.dir/DontExecUTest.cpp.o
Linking CXX executable GetStateUTest
[ 78%] Built target GetStateUTest
[ 78%] Generating QuoteUTest.cpp
Scanning dependencies of target QuoteUTest
[ 78%] Building CXX object tests/query/CMakeFiles/QuoteUTest.dir/QuoteUTest.cpp.o
Linking CXX executable GetLinkUTest
Linking CXX executable GreaterThanUTest
[ 78%] Built target GetLinkUTest
[ 78%] Generating UnquoteUTest.cpp
Scanning dependencies of target UnquoteUTest
[ 78%] Building CXX object tests/query/CMakeFiles/UnquoteUTest.dir/UnquoteUTest.cpp.o
[ 78%] Built target GreaterThanUTest
[ 78%] Generating LocalQuoteUTest.cpp
Linking CXX executable DeepTypeUTest
Scanning dependencies of target LocalQuoteUTest
[ 78%] Building CXX object tests/query/CMakeFiles/LocalQuoteUTest.dir/LocalQuoteUTest.cpp.o
[ 78%] Built target DeepTypeUTest
[ 78%] Generating BuggyLinkUTest.cpp
Scanning dependencies of target BuggyLinkUTest
[ 78%] Building CXX object tests/query/CMakeFiles/BuggyLinkUTest.dir/BuggyLinkUTest.cpp.o
Linking CXX executable GreaterComputeUTest
[ 78%] Built target GreaterComputeUTest
[ 78%] Generating BuggyQuoteUTest.cpp
Scanning dependencies of target BuggyQuoteUTest
[ 78%] Building CXX object tests/query/CMakeFiles/BuggyQuoteUTest.dir/BuggyQuoteUTest.cpp.o
Linking CXX executable SequenceUTest
[ 78%] Built target SequenceUTest
[ 78%] Generating BuggyEqualUTest.cpp
Scanning dependencies of target BuggyEqualUTest
[ 80%] Building CXX object tests/query/CMakeFiles/BuggyEqualUTest.dir/BuggyEqualUTest.cpp.o
Linking CXX executable EvaluationUTest
[ 80%] Built target EvaluationUTest
[ 81%] Generating BuggySelfGroundUTest.cpp
Scanning dependencies of target BuggySelfGroundUTest
[ 81%] Building CXX object tests/query/CMakeFiles/BuggySelfGroundUTest.dir/BuggySelfGroundUTest.cpp.o
Linking CXX executable DontExecUTest
[ 81%] Built target DontExecUTest
[ 81%] Generating ChoiceLinkUTest.cpp
Scanning dependencies of target ChoiceLinkUTest
[ 81%] Building CXX object tests/query/CMakeFiles/ChoiceLinkUTest.dir/ChoiceLinkUTest.cpp.o
Linking CXX executable BuggyLinkUTest
[ 81%] Built target BuggyLinkUTest
[ 82%] Generating DefineUTest.cpp
Linking CXX executable QuoteUTest
Scanning dependencies of target DefineUTest
[ 82%] Building CXX object tests/query/CMakeFiles/DefineUTest.dir/DefineUTest.cpp.o
[ 82%] Built target QuoteUTest
[ 83%] Generating FiniteStateMachineUTest.cpp
Scanning dependencies of target FiniteStateMachineUTest
[ 83%] Building CXX object tests/query/CMakeFiles/FiniteStateMachineUTest.dir/FiniteStateMachineUTest.cpp.o
Linking CXX executable UnquoteUTest
[ 83%] Built target UnquoteUTest
[ 83%] Linking CXX executable LocalQuoteUTest
Generating AbsentUTest.cpp
Scanning dependencies of target AbsentUTest
[ 83%] Building CXX object tests/query/CMakeFiles/AbsentUTest.dir/AbsentUTest.cpp.o
[ 83%] Built target LocalQuoteUTest
[ 83%] Generating SingleUTest.cpp
Scanning dependencies of target SingleUTest
[ 83%] Building CXX object tests/query/CMakeFiles/SingleUTest.dir/SingleUTest.cpp.o
Linking CXX executable BuggyQuoteUTest
[ 83%] Built target BuggyQuoteUTest
[ 84%] Generating ScopeUTest.cpp
Scanning dependencies of target ScopeUTest
[ 84%] Building CXX object tests/query/CMakeFiles/ScopeUTest.dir/ScopeUTest.cpp.o
Linking CXX executable BuggyEqualUTest
[ 84%] Built target BuggyEqualUTest
[ 84%] Generating FirstNUTest.cpp
Linking CXX executable BuggySelfGroundUTest
Scanning dependencies of target FirstNUTest
[ 85%] Building CXX object tests/query/CMakeFiles/FirstNUTest.dir/FirstNUTest.cpp.o
[ 85%] Built target BuggySelfGroundUTest
[ 85%] Generating AttentionalFocusCBUTest.cpp
Scanning dependencies of target AttentionalFocusCBUTest
[ 86%] Building CXX object tests/query/CMakeFiles/AttentionalFocusCBUTest.dir/AttentionalFocusCBUTest.cpp.o
Linking CXX executable ChoiceLinkUTest
[ 86%] Built target ChoiceLinkUTest
[ 87%] Generating SudokuUTest.cpp
Scanning dependencies of target SudokuUTest
[ 87%] Building CXX object tests/query/CMakeFiles/SudokuUTest.dir/SudokuUTest.cpp.o
Linking CXX executable DefineUTest
[ 87%] Built target DefineUTest
[ 88%] Generating EinsteinUTest.cpp
Scanning dependencies of target EinsteinUTest
[ 88%] Building CXX object tests/query/CMakeFiles/EinsteinUTest.dir/EinsteinUTest.cpp.o
Linking CXX executable SingleUTest
[ 88%] Built target SingleUTest
[ 88%] Generating TypeChoiceUTest.cpp
Scanning dependencies of target TypeChoiceUTest
[ 88%] Linking CXX executable FiniteStateMachineUTest
Building CXX object tests/query/CMakeFiles/TypeChoiceUTest.dir/TypeChoiceUTest.cpp.o
[ 88%] Built target FiniteStateMachineUTest
[ 88%] Generating NoExceptionUTest.cpp
Scanning dependencies of target NoExceptionUTest
[ 88%] Building CXX object tests/query/CMakeFiles/NoExceptionUTest.dir/NoExceptionUTest.cpp.o
Linking CXX executable AbsentUTest
[ 88%] Built target AbsentUTest
[ 94%] Built target ruleengine
[ 94%] Generating PythonEvalUTest.cpp
Scanning dependencies of target PythonEvalUTest
[ 94%] Linking CXX executable AttentionalFocusCBUTest
Building CXX object tests/cython/CMakeFiles/PythonEvalUTest.dir/PythonEvalUTest.cpp.o
Linking CXX executable FirstNUTest
[ 94%] Built target AttentionalFocusCBUTest
Linking CXX executable ScopeUTest
[ 94%] Generating ForwardChainerUTest.cpp
[ 94%] Built target FirstNUTest
[ 94%] Generating BetaDistributionUTest.cpp
Scanning dependencies of target ForwardChainerUTest
Scanning dependencies of target BetaDistributionUTest
[ 94%] Building CXX object tests/rule-engine/forwardchainer/CMakeFiles/ForwardChainerUTest.dir/ForwardChainerUTest.cpp.o
[ 95%] Building CXX object tests/rule-engine/backwardchainer/CMakeFiles/BetaDistributionUTest.dir/BetaDistributionUTest.cpp.o
[ 95%] Built target ScopeUTest
[ 95%] Generating BackwardChainerUTest.cpp
Scanning dependencies of target BackwardChainerUTest
[ 96%] Building CXX object tests/rule-engine/backwardchainer/CMakeFiles/BackwardChainerUTest.dir/BackwardChainerUTest.cpp.o
Linking CXX executable SudokuUTest
[ 96%] Built target SudokuUTest
[ 96%] Generating ActionSelectionUTest.cpp
Scanning dependencies of target ActionSelectionUTest
[ 97%] Building CXX object tests/rule-engine/backwardchainer/CMakeFiles/ActionSelectionUTest.dir/ActionSelectionUTest.cpp.o
Linking CXX executable NoExceptionUTest
[ 97%] Built target NoExceptionUTest
[ 97%] Generating ControlPolicyUTest.cpp
Scanning dependencies of target ControlPolicyUTest
[ 97%] Building CXX object tests/rule-engine/backwardchainer/CMakeFiles/ControlPolicyUTest.dir/ControlPolicyUTest.cpp.o
Linking CXX executable EinsteinUTest
[ 97%] Built target EinsteinUTest
[ 97%] Generating BITUTest.cpp
Scanning dependencies of target BITUTest
[ 97%] Building CXX object tests/rule-engine/backwardchainer/CMakeFiles/BITUTest.dir/BITUTest.cpp.o
Linking CXX executable TypeChoiceUTest
[ 97%] Built target TypeChoiceUTest
[ 98%] Generating ChainerUtilsUTest.cpp
Scanning dependencies of target ChainerUtilsUTest
[ 98%] Building CXX object tests/rule-engine/CMakeFiles/ChainerUtilsUTest.dir/ChainerUtilsUTest.cpp.o
Linking CXX executable PythonEvalUTest
[ 98%] Built target PythonEvalUTest
[ 98%] Generating UREConfigUTest.cpp
Scanning dependencies of target UREConfigUTest
[100%] Building CXX object tests/rule-engine/CMakeFiles/UREConfigUTest.dir/UREConfigUTest.cpp.o
Linking CXX executable BetaDistributionUTest
[100%] Built target BetaDistributionUTest
[100%] Generating RuleUTest.cpp
Scanning dependencies of target RuleUTest
[100%] Building CXX object tests/rule-engine/CMakeFiles/RuleUTest.dir/RuleUTest.cpp.o
Linking CXX executable ForwardChainerUTest
[100%] Built target ForwardChainerUTest
Linking CXX executable ActionSelectionUTest
[100%] Built target ActionSelectionUTest
Linking CXX executable ControlPolicyUTest
[100%] Built target ControlPolicyUTest
Linking CXX executable BackwardChainerUTest
[100%] Built target BackwardChainerUTest
Linking CXX executable ChainerUtilsUTest
[100%] Built target ChainerUtilsUTest
Linking CXX executable UREConfigUTest
Linking CXX executable BITUTest
[100%] Built target UREConfigUTest
[100%] Built target BITUTest
Linking CXX executable RuleUTest
[100%] Built target RuleUTest
Scanning dependencies of target tests
[100%] Built target tests
Scanning dependencies of target test
[100%] Running tests...
Test project /home/opencog/opencog/dependencies/atomspace/build/tests
        Start   1: SimpleTruthValueUTest
  1/111 Test   #1: SimpleTruthValueUTest ............   Passed    0.00 sec
        Start   2: EvidenceCountTruthValueUTest
  2/111 Test   #2: EvidenceCountTruthValueUTest .....   Passed    0.00 sec
        Start   3: TVMergeUTest
  3/111 Test   #3: TVMergeUTest .....................   Passed    0.00 sec
        Start   4: AttentionValueUTest
  4/111 Test   #4: AttentionValueUTest ..............   Passed    0.03 sec
        Start   5: AtomTableUTest
  5/111 Test   #5: AtomTableUTest ...................   Passed    0.85 sec
        Start   6: ClassServerUTest
  6/111 Test   #6: ClassServerUTest .................   Passed    0.00 sec
        Start   7: AtomUTest
  7/111 Test   #7: AtomUTest ........................   Passed    0.00 sec
        Start   8: NodeUTest
  8/111 Test   #8: NodeUTest ........................   Passed    0.00 sec
        Start   9: LinkUTest
  9/111 Test   #9: LinkUTest ........................   Passed    0.00 sec
        Start  10: TLBUTest
 10/111 Test  #10: TLBUTest .........................   Passed    0.00 sec
        Start  11: AtomSpaceUTest
 11/111 Test  #11: AtomSpaceUTest ...................   Passed    0.02 sec
        Start  12: AtomSpaceImplUTest
 12/111 Test  #12: AtomSpaceImplUTest ...............   Passed    0.01 sec
        Start  13: AtomSpaceAsyncUTest
 13/111 Test  #13: AtomSpaceAsyncUTest ..............   Passed    5.28 sec
        Start  14: UseCountUTest
 14/111 Test  #14: UseCountUTest ....................   Passed    4.26 sec
        Start  15: MultiSpaceUTest
 15/111 Test  #15: MultiSpaceUTest ..................   Passed    0.01 sec
        Start  16: RemoveUTest
 16/111 Test  #16: RemoveUTest ......................   Passed    0.01 sec
        Start  17: ThreadSafeHandleMapUTest
 17/111 Test  #17: ThreadSafeHandleMapUTest .........   Passed    0.33 sec
        Start  18: FreeLinkUTest
 18/111 Test  #18: FreeLinkUTest ....................   Passed    0.06 sec
        Start  19: MapLinkUTest
 19/111 Test  #19: MapLinkUTest .....................   Passed    0.15 sec
        Start  20: ParallelUTest
 20/111 Test  #20: ParallelUTest ....................   Passed   11.11 sec
        Start  21: RandomUTest
 21/111 Test  #21: RandomUTest ......................   Passed    0.44 sec
        Start  22: ReductUTest
 22/111 Test  #22: ReductUTest ......................   Passed    0.07 sec
        Start  23: RewriteLinkUTest
 23/111 Test  #23: RewriteLinkUTest .................   Passed    0.08 sec
        Start  24: ScopeLinkUTest
 24/111 Test  #24: ScopeLinkUTest ...................   Passed    0.11 sec
        Start  25: AlphaConvertUTest
 25/111 Test  #25: AlphaConvertUTest ................   Passed    0.01 sec
        Start  26: BetaReduceUTest
 26/111 Test  #26: BetaReduceUTest ..................   Passed    0.00 sec
        Start  27: DefineLinkUTest
 27/111 Test  #27: DefineLinkUTest ..................   Passed    0.05 sec
        Start  28: DeleteLinkUTest
 28/111 Test  #28: DeleteLinkUTest ..................   Passed    0.01 sec
        Start  29: EqualLinkUTest
 29/111 Test  #29: EqualLinkUTest ...................   Passed    0.01 sec
        Start  30: PutLinkUTest
 30/111 Test  #30: PutLinkUTest .....................   Passed    0.28 sec
        Start  31: StateLinkUTest
 31/111 Test  #31: StateLinkUTest ...................   Passed    0.01 sec
        Start  32: VariablesUTest
 32/111 Test  #32: VariablesUTest ...................   Passed    0.00 sec
        Start  33: ComposeLinkUTest
 33/111 Test  #33: ComposeLinkUTest .................   Passed    0.00 sec
        Start  34: AtomUtilsUTest
 34/111 Test  #34: AtomUtilsUTest ...................   Passed    0.00 sec
        Start  35: FindUtilsUTest
 35/111 Test  #35: FindUtilsUTest ...................   Passed    0.00 sec
        Start  36: FuzzyUTest
 36/111 Test  #36: FuzzyUTest .......................   Passed    0.01 sec
        Start  37: NeighborUTest
 37/111 Test  #37: NeighborUTest ....................   Passed    0.00 sec
        Start  38: UnifyUTest
 38/111 Test  #38: UnifyUTest .......................   Passed    7.98 sec
        Start  39: AtomSpaceUtilsUTest
 39/111 Test  #39: AtomSpaceUtilsUTest ..............   Passed    0.00 sec
        Start  40: AttentionUTest
 40/111 Test  #40: AttentionUTest ...................   Passed    0.01 sec
        Start  41: BasicSCMUTest
 41/111 Test  #41: BasicSCMUTest ....................***Failed    0.19 sec
Running cxxtest tests (15 tests)[2018-01-17 02:26:57:725] [DEBUG] BEGIN TEST: test_utf8

In BasicSCMUTest::test_utf8:
/home/opencog/opencog/dependencies/atomspace/tests/scm/BasicSCMUTest.cxxtest:150: Error: Test failed: Failed to eval a UTF-8 string
/home/opencog/opencog/dependencies/atomspace/tests/scm/BasicSCMUTest.cxxtest:150: Error: Assertion failed: !eval_err
/home/opencog/opencog/dependencies/atomspace/tests/scm/BasicSCMUTest.cxxtest:155: Error: Test failed: Failed to eval a UTF-8 string
/home/opencog/opencog/dependencies/atomspace/tests/scm/BasicSCMUTest.cxxtest:155: Error: Assertion failed: !eval_err
[2018-01-17 02:26:57:737] [DEBUG] BEGIN TEST: test_single_atom
typedefs now loaded!
check_node(Node,ola amigos,0.200000,0.300000)
check node (Node "ola amigos" (stv 0.200000 0.300000))
check_node(SentenceNode,Watashi mo sou ooimasu,0.520000,0.543300)
check node (SentenceNode "Watashi mo sou ooimasu" (stv 0.520000 0.543300))
check_node(DocumentNode,Blamoo yadda,0.852000,0.954330)
check node (DocumentNode "Blamoo yadda" (stv 0.852000 0.954330))
check_node(WordNode,The Bird is the Word,0.765200,0.115400)
check node (WordNode "The Bird is the Word" (stv 0.765200 0.115400))
check_node(LemmaNode,When life gives you lemmas, make conjugations,0.476500,0.611540)
check node (LemmaNode "When life gives you lemmas, make conjugations" (stv 0.476500 0.611540))
check_node(PartOfSpeechNode,„ÅØ„Å´„Åå„ÅÜ„Çä„Å†„Åù„ÅÜ„Åß„ÅÇ„Å£„Å¶„Çã„ÅÆ„Åã„ÅØ„Å°„Çá„Å£„Å®‰∏çÂÆâ„Åß„Åô„ÅåÁøªË®≥„ÇΩ„Éï„Éà„Åß„ÇÑ„Åè„Åó „Å¶„Åø„Åæ„Åó„Åü„ÄÇ,0.347650,0.336110)
check node (PartOfSpeechNode "„ÅØ„Å´„Åå„ÅÜ„Çä„Å†„Åù„ÅÜ„Åß„ÅÇ„Å£„Å¶„Çã„ÅÆ„Åã„ÅØ„Å°„Çá„Å£„Å®‰∏çÂÆâ„Åß„Åô„ÅåÁøªË®≥„ÇΩ„Éï„Éà„Åß„ÇÑ„Åè„Åó „Å¶„Åø„Åæ„Åó„Åü„ÄÇ" (stv 0.347650 0.336110))
In BasicSCMUTest::test_single_atom:
/home/opencog/opencog/dependencies/atomspace/tests/scm/BasicSCMUTest.cxxtest:169: Error: Test failed: Failed to create a node
/home/opencog/opencog/dependencies/atomspace/tests/scm/BasicSCMUTest.cxxtest:169: Error: Assertion failed: !eval_err
/home/opencog/opencog/dependencies/atomspace/tests/scm/BasicSCMUTest.cxxtest:173: Error: Test failed: Failed to find handle
/home/opencog/opencog/dependencies/atomspace/tests/scm/BasicSCMUTest.cxxtest:173: Error: Assertion failed: h != nullptr
/home/opencog/opencog/dependencies/atomspace/tests/scm/BasicSCMUTest.cxxtest:176: Error: Test failed: Failed to find node
/home/opencog/opencog/dependencies/atomspace/tests/scm/BasicSCMUTest.cxxtest:176: Error: Assertion failed: n != nullptr
[2018-01-17 02:26:57:808] [DEBUG] END TEST: test_single_atom
[2018-01-17 02:26:57:811] [DEBUG] BEGIN TEST: test_extract
[2018-01-17 02:26:57:812] [DEBUG] END TEST: test_extract
.[2018-01-17 02:26:57:815] [DEBUG] BEGIN TEST: test_clear
rs = 
.[2018-01-17 02:26:57:819] [DEBUG] BEGIN TEST: test_extract_hypergraph
rs = 
.[2018-01-17 02:26:57:822] [DEBUG] BEGIN TEST: test_link_tv_setting
[2018-01-17 02:26:57:822] [DEBUG] END TEST: test_link_tv_setting
.check_link(ReferenceLink,WordInstanceNode,WordNode,0.650000,0.450000)
[2018-01-17 02:26:57:826] [DEBUG] BEGIN TEST: test_reference_link
check_link (ReferenceLink (stv 0.650000 0.450000) (WordInstanceNode "the@401c28c2-9de3-453f-b6d8-1b56061d127e") (WordNode "the") )
[2018-01-17 02:26:57:826] [DEBUG] END TEST: test_reference_link
.check_link(WordInstanceLink,WordInstanceNode,ParseNode,1.000000,1.000000)
[2018-01-17 02:26:57:829] [DEBUG] BEGIN TEST: test_word_instance_link
check_link (WordInstanceLink (stv 1.000000 1.000000) (WordInstanceNode "the@401c28c2-9de3-453f-b6d8-1b56061d127e") (ParseNode "sentence@8c13ec38-0295-4632-9205-e095035e4364_parse_0") )
[2018-01-17 02:26:57:829] [DEBUG] END TEST: test_word_instance_link
.check_link(InheritanceLink,WordInstanceNode,DefinedLinguisticConceptNode,1.000000,1.000000)
[2018-01-17 02:26:57:832] [DEBUG] BEGIN TEST: test_inheritance_link
check_link (InheritanceLink (stv 1.000000 1.000000) (WordInstanceNode "blue@6fdd848e-a69c-4b6c-a9a2-376e09789096") (DefinedLinguisticConceptNode "hyp") )
[2018-01-17 02:26:57:833] [DEBUG] END TEST: test_inheritance_link
.[2018-01-17 02:26:57:836] [DEBUG] BEGIN TEST: test_values
.[2018-01-17 02:26:57:840] [DEBUG] BEGIN TEST: test_value_list
.[2018-01-17 02:26:57:845] [DEBUG] BEGIN TEST: test_truth_value
.check_parse_link(ParseLink,ParseNode,SentenceNode,1.000000,1.000000)
[2018-01-17 02:26:57:848] [DEBUG] BEGIN TEST: test_parse_link
[2018-01-17 02:26:57:848] [DEBUG] END TEST: test_parse_link
.check_parse_link(LemmaLink,WordInstanceNode,WordNode,1.000000,1.000000)
[2018-01-17 02:26:57:852] [DEBUG] BEGIN TEST: test_lemma_link
[2018-01-17 02:26:57:852] [DEBUG] END TEST: test_lemma_link
.check_link(PartOfSpeechLink,WordInstanceNode,DefinedLinguisticConceptNode,1.000000,1.000000)
[2018-01-17 02:26:57:855] [DEBUG] BEGIN TEST: test_part_of_speech_link
check_link (PartOfSpeechLink (stv 1.000000 1.000000) (WordInstanceNode "blue@6fdd848e-a69c-4b6c-a9a2-376e09789096") (DefinedLinguisticConceptNode "adj") )
[2018-01-17 02:26:57:855] [DEBUG] END TEST: test_part_of_speech_link
.
Failed 2 and Skipped 0 of 15 tests
Success rate: 86%
;;; note: auto-compilation is enabled, set GUILE_AUTO_COMPILE=0
;;;       or pass the --no-auto-compile argument to disable.
;;; compiling ../../../tests/scm/typedefs.scm
;;; compiled /home/jenkins/.cache/guile/ccache/2.0-LE-8-2.0/home/opencog/opencog/dependencies/atomspace/tests/scm/typedefs.scm.go

        Start  42: SCMPrimitiveUTest
 42/111 Test  #42: SCMPrimitiveUTest ................   Passed    0.60 sec
        Start  43: MultiAtomSpaceUTest
 43/111 Test  #43: MultiAtomSpaceUTest ..............   Passed    0.52 sec
        Start  44: MultiThreadUTest
 44/111 Test  #44: MultiThreadUTest .................   Passed   11.44 sec
        Start  45: SCMUtilsUTest
 45/111 Test  #45: SCMUtilsUTest ....................   Passed    0.07 sec
        Start  46: SCMExecutionOutputUTest
 46/111 Test  #46: SCMExecutionOutputUTest ..........   Passed    0.22 sec
        Start  47: PatternUTest
 47/111 Test  #47: PatternUTest .....................   Passed    0.01 sec
        Start  48: StackUTest
 48/111 Test  #48: StackUTest .......................   Passed    0.01 sec
        Start  49: BigPatternUTest
 49/111 Test  #49: BigPatternUTest ..................   Passed    0.01 sec
        Start  50: BiggerPatternUTest
 50/111 Test  #50: BiggerPatternUTest ...............   Passed    0.01 sec
        Start  51: LoopPatternUTest
 51/111 Test  #51: LoopPatternUTest .................   Passed    0.01 sec
        Start  52: BooleanUTest
 52/111 Test  #52: BooleanUTest .....................   Passed    0.01 sec
        Start  53: Boolean2NotUTest
 53/111 Test  #53: Boolean2NotUTest .................   Passed    0.01 sec
        Start  54: ConstantClausesUTest
 54/111 Test  #54: ConstantClausesUTest .............   Passed    0.08 sec
        Start  55: PatternCrashUTest
 55/111 Test  #55: PatternCrashUTest ................   Passed    0.07 sec
        Start  56: DisconnectedUTest
 56/111 Test  #56: DisconnectedUTest ................   Passed    0.26 sec
        Start  57: ImplicationUTest
 57/111 Test  #57: ImplicationUTest .................   Passed    0.06 sec
        Start  58: ExecutionOutputUTest
 58/111 Test  #58: ExecutionOutputUTest .............   Passed    0.06 sec
        Start  59: BuggyStackUTest
 59/111 Test  #59: BuggyStackUTest ..................   Passed    0.08 sec
        Start  60: VarTypeNotUTest
 60/111 Test  #60: VarTypeNotUTest ..................   Passed    0.07 sec
        Start  61: BuggyNotUTest
 61/111 Test  #61: BuggyNotUTest ....................   Passed    0.07 sec
        Start  62: MatchLinkUTest
 62/111 Test  #62: MatchLinkUTest ...................   Passed    0.08 sec
        Start  63: UnorderedUTest
 63/111 Test  #63: UnorderedUTest ...................   Passed    0.12 sec
        Start  64: StackMoreUTest
 64/111 Test  #64: StackMoreUTest ...................   Passed    0.29 sec
        Start  65: GlobUTest
 65/111 Test  #65: GlobUTest ........................   Passed    0.18 sec
        Start  66: RecognizerUTest
 66/111 Test  #66: RecognizerUTest ..................   Passed    0.11 sec
        Start  67: ArcanaUTest
 67/111 Test  #67: ArcanaUTest ......................   Passed    4.18 sec
        Start  68: SubstitutionUTest
 68/111 Test  #68: SubstitutionUTest ................   Passed    0.07 sec
        Start  69: GetLinkUTest
 69/111 Test  #69: GetLinkUTest .....................   Passed    0.08 sec
        Start  70: GetStateUTest
 70/111 Test  #70: GetStateUTest ....................   Passed    1.65 sec
        Start  71: DeepTypeUTest
 71/111 Test  #71: DeepTypeUTest ....................   Passed    0.08 sec
        Start  72: GreaterThanUTest
 72/111 Test  #72: GreaterThanUTest .................   Passed    0.08 sec
        Start  73: GreaterComputeUTest
 73/111 Test  #73: GreaterComputeUTest ..............   Passed    0.08 sec
        Start  74: SequenceUTest
 74/111 Test  #74: SequenceUTest ....................   Passed    0.12 sec
        Start  75: EvaluationUTest
 75/111 Test  #75: EvaluationUTest ..................   Passed    0.11 sec
        Start  76: DontExecUTest
 76/111 Test  #76: DontExecUTest ....................   Passed    0.15 sec
        Start  77: QuoteUTest
 77/111 Test  #77: QuoteUTest .......................   Passed    0.10 sec
        Start  78: UnquoteUTest
 78/111 Test  #78: UnquoteUTest .....................   Passed    0.01 sec
        Start  79: LocalQuoteUTest
 79/111 Test  #79: LocalQuoteUTest ..................   Passed    0.01 sec
        Start  80: BuggyLinkUTest
 80/111 Test  #80: BuggyLinkUTest ...................   Passed    0.06 sec
        Start  81: BuggyQuoteUTest
 81/111 Test  #81: BuggyQuoteUTest ..................   Passed    0.09 sec
        Start  82: BuggyEqualUTest
 82/111 Test  #82: BuggyEqualUTest ..................   Passed    0.07 sec
        Start  83: BuggySelfGroundUTest
 83/111 Test  #83: BuggySelfGroundUTest .............   Passed    0.07 sec
        Start  84: ChoiceLinkUTest
 84/111 Test  #84: ChoiceLinkUTest ..................   Passed    0.16 sec
        Start  85: DefineUTest
 85/111 Test  #85: DefineUTest ......................   Passed    0.07 sec
        Start  86: FiniteStateMachineUTest
 86/111 Test  #86: FiniteStateMachineUTest ..........   Passed    0.08 sec
        Start  87: AbsentUTest
 87/111 Test  #87: AbsentUTest ......................   Passed    0.09 sec
        Start  88: SingleUTest
 88/111 Test  #88: SingleUTest ......................   Passed    0.07 sec
        Start  89: ScopeUTest
 89/111 Test  #89: ScopeUTest .......................   Passed    0.16 sec
        Start  90: FirstNUTest
 90/111 Test  #90: FirstNUTest ......................   Passed    0.11 sec
        Start  91: AttentionalFocusCBUTest
 91/111 Test  #91: AttentionalFocusCBUTest ..........   Passed    0.07 sec
        Start  92: SudokuUTest
 92/111 Test  #92: SudokuUTest ......................   Passed    0.08 sec
        Start  93: EinsteinUTest
 93/111 Test  #93: EinsteinUTest ....................   Passed    6.56 sec
        Start  94: TypeChoiceUTest
 94/111 Test  #94: TypeChoiceUTest ..................   Passed    0.01 sec
        Start  95: NoExceptionUTest
 95/111 Test  #95: NoExceptionUTest .................   Passed    0.07 sec
        Start  96: ChainerUtilsUTest
 96/111 Test  #96: ChainerUtilsUTest ................   Passed    0.06 sec
        Start  97: UREConfigUTest
 97/111 Test  #97: UREConfigUTest ...................   Passed    0.08 sec
        Start  98: RuleUTest
 98/111 Test  #98: RuleUTest ........................   Passed    0.16 sec
        Start  99: ForwardChainerUTest
 99/111 Test  #99: ForwardChainerUTest ..............   Passed    1.10 sec
        Start 100: BetaDistributionUTest
100/111 Test #100: BetaDistributionUTest ............   Passed    0.01 sec
        Start 101: BackwardChainerUTest
101/111 Test #101: BackwardChainerUTest .............   Passed    3.51 sec
        Start 102: ActionSelectionUTest
102/111 Test #102: ActionSelectionUTest .............   Passed    0.01 sec
        Start 103: ControlPolicyUTest
103/111 Test #103: ControlPolicyUTest ...............   Passed    0.07 sec
        Start 104: BITUTest
104/111 Test #104: BITUTest .........................   Passed    0.18 sec
        Start 105: PythonEvalUTest
105/111 Test #105: PythonEvalUTest ..................   Passed    0.15 sec
        Start 106: PythonUtilitiesUTest
106/111 Test #106: PythonUtilitiesUTest .............   Passed    0.02 sec
        Start 107: Cython
107/111 Test #107: Cython ...........................   Passed    1.73 sec
        Start 108: CythonAtomSpace
108/111 Test #108: CythonAtomSpace ..................   Passed    1.07 sec
        Start 109: CythonUtilities
109/111 Test #109: CythonUtilities ..................   Passed    0.06 sec
        Start 110: CythonBindlink
110/111 Test #110: CythonBindlink ...................   Passed    0.06 sec
        Start 111: CythonGuile
111/111 Test #111: CythonGuile ......................***Exception: SegFault  0.17 sec
test_a_load_core_types (test_pattern.SchemeTest) ... ok
test_b_load_file (test_pattern.SchemeTest) ... ok
test_c_eval (test_pattern.SchemeTest) ... ok
test_unifier (test_pattern.SchemeTest) ... 


98% tests passed, 2 tests failed out of 111

Total Test time (real) =  68.91 sec

The following tests FAILED:
	 41 - BasicSCMUTest (Failed)
	111 - CythonGuile (SEGFAULT)
Errors while running CTest
make[3]: *** [CMakeFiles/test] Error 8
make[2]: *** [CMakeFiles/test.dir/all] Error 2
make[1]: *** [CMakeFiles/test.dir/rule] Error 2
make: *** [test] Error 2
+ DSTATUS=TESTFAIL
+ /var/lib/jenkins/status/updateStatus TESTFAIL /var/lib/jenkins/jobs/OpenCOG_U1404_AtomSpace/builds/6/log OpenCOG_U1404_AtomSpace
Already up-to-date.
~/status/jobs ~/status
