Started by user [8mha:////4L2jTPWu9zIb56dnp8RqVObesKKV2DVGI0jJXlam1DqAAAAAlx+LCAAAAAAAAP9b85aBtbiIQTGjNKU4P08vOT+vOD8nVc83PyU1x6OyILUoJzMv2y+/JJUBAhiZGBgqihhk0NSjKDWzXb3RdlLBUSYGJk8GtpzUvPSSDB8G5tKinBIGIZ+sxLJE/ZzEvHT94JKizLx0a6BxUmjGOUNodHsLgAzWEgZu/dLi1CL9xJTczDwAj6GcLcAAAAA=[0madmin
Building in workspace /var/lib/jenkins/workspace/OpenCOG_DebStab_AtomSpace
[OpenCOG_DebStab_AtomSpace] $ /bin/sh -xe /tmp/jenkins6330335478990746293.sh
+ COGDIR=../OpenCOG_DebStab
+ . ../OpenCOG_DebStab/build.docker/docker.env
+ CID=7409db9b3487d30623275eb21350983349bb3c59c16c765670a850e134495307
+ DKRUNROOT=docker exec --user root   7409db9b3487d30623275eb21350983349bb3c59c16c765670a850e134495307
+ DKRUNUSER=docker exec --user jenkins  7409db9b3487d30623275eb21350983349bb3c59c16c765670a850e134495307
+ UID=125
+ GID=132
+ LOGFILE=/var/lib/jenkins/jobs/OpenCOG_DebStab_AtomSpace/builds/347/log
+ cat


**********************************************************
**********************************************************
**********************************************************
**********************************************************
*****                                                *****
*****                  Atomspace TEST                *****
*****                                                *****
**********************************************************
**********************************************************
**********************************************************
**********************************************************


+ echo GIT_COMMIT=
GIT_COMMIT=
+ echo GIT_BRANCH=
GIT_BRANCH=
+ echo GIT_URL=
GIT_URL=
+ WDIR=atomspace
+ JOBDIR=../OpenCOG_DebStab/dependencies
+ cat
+ chmod +x ../OpenCOG_DebStab/dependencies/job1
+ docker exec --user jenkins 7409db9b3487d30623275eb21350983349bb3c59c16c765670a850e134495307 bash dependencies/job1
+ cd atomspace
+ cd build
+ make -j8 test
[  0%] Built target opencog_atom_types
[  1%] Built target persist-pg
[  1%] Built target py_atomspace_header
[  1%] Built target atom_types
[  3%] Built target value
[  4%] Built target truthvalue
[  5%] Built target atombase
[  6%] Built target atomutils
[ 11%] Built target atomcore
[ 13%] Built target atomspace
[ 13%] Built target clearbox
[ 13%] Generating BetaReduceUTest.cpp
[ 13%] Generating DefineLinkUTest.cpp
[ 13%] Generating TVMergeUTest.cpp
[ 13%] Generating VariablesUTest.cpp
[ 13%] Generating EvidenceCountTruthValueUTest.cpp
[ 14%] Built target atomspaceutils
[ 15%] Built target type_constructors
[ 17%] Built target lambda
[ 17%] Generating SimpleTruthValueUTest.cpp
[ 17%] Generating AtomSpaceUtilsUTest.cpp
[ 17%] Built target sql-support
Scanning dependencies of target TVMergeUTest
Scanning dependencies of target EvidenceCountTruthValueUTest
Scanning dependencies of target DefineLinkUTest
Scanning dependencies of target VariablesUTest
[ 18%] Building CXX object tests/atoms/truthvalue/CMakeFiles/TVMergeUTest.dir/TVMergeUTest.cpp.o
Scanning dependencies of target BetaReduceUTest
[ 19%] Building CXX object tests/atoms/CMakeFiles/DefineLinkUTest.dir/DefineLinkUTest.cpp.o
[ 19%] Building CXX object tests/atoms/CMakeFiles/VariablesUTest.dir/VariablesUTest.cpp.o
[ 19%] Building CXX object tests/atoms/truthvalue/CMakeFiles/EvidenceCountTruthValueUTest.dir/EvidenceCountTruthValueUTest.cpp.o
Scanning dependencies of target SimpleTruthValueUTest
[ 19%] Building CXX object tests/atoms/CMakeFiles/BetaReduceUTest.dir/BetaReduceUTest.cpp.o
[ 19%] Building CXX object tests/atoms/truthvalue/CMakeFiles/SimpleTruthValueUTest.dir/SimpleTruthValueUTest.cpp.o
Scanning dependencies of target AtomSpaceUtilsUTest
[ 19%] Building CXX object tests/atomspaceutils/CMakeFiles/AtomSpaceUtilsUTest.dir/AtomSpaceUtilsUTest.cpp.o
[ 22%] Built target smob
[ 22%] Built target unify
[ 22%] Generating ThreadSafeHandleMapUTest.cpp
Scanning dependencies of target ThreadSafeHandleMapUTest
[ 22%] Building CXX object tests/atomspace/CMakeFiles/ThreadSafeHandleMapUTest.dir/ThreadSafeHandleMapUTest.cpp.o
[ 23%] Linking CXX executable EvidenceCountTruthValueUTest
[ 23%] Built target EvidenceCountTruthValueUTest
[ 23%] Generating RemoveUTest.cpp
[ 23%] Linking CXX executable SimpleTruthValueUTest
Scanning dependencies of target RemoveUTest
[ 24%] Building CXX object tests/atomspace/CMakeFiles/RemoveUTest.dir/RemoveUTest.cpp.o
[ 24%] Built target SimpleTruthValueUTest
[ 24%] Generating NodeUTest.cpp
Scanning dependencies of target NodeUTest
[ 24%] Building CXX object tests/atomspace/CMakeFiles/NodeUTest.dir/NodeUTest.cpp.o
[ 24%] Linking CXX executable TVMergeUTest
[ 24%] Built target TVMergeUTest
[ 24%] Generating AtomUTest.cpp
Scanning dependencies of target AtomUTest
[ 24%] Building CXX object tests/atomspace/CMakeFiles/AtomUTest.dir/AtomUTest.cpp.o
[ 24%] Linking CXX executable AtomSpaceUtilsUTest
[ 24%] Built target AtomSpaceUtilsUTest
[ 24%] Generating UseCountUTest.cpp
Scanning dependencies of target UseCountUTest
[ 24%] Building CXX object tests/atomspace/CMakeFiles/UseCountUTest.dir/UseCountUTest.cpp.o
[ 24%] Linking CXX executable DefineLinkUTest
[ 24%] Built target DefineLinkUTest
[ 24%] Generating COWSpaceUTest.cpp
Scanning dependencies of target COWSpaceUTest
[ 24%] Building CXX object tests/atomspace/CMakeFiles/COWSpaceUTest.dir/COWSpaceUTest.cpp.o
[ 24%] Linking CXX executable VariablesUTest
[ 25%] Linking CXX executable BetaReduceUTest
[ 25%] Built target VariablesUTest
[ 25%] Generating AtomTableUTest.cpp
Scanning dependencies of target AtomTableUTest
[ 25%] Building CXX object tests/atomspace/CMakeFiles/AtomTableUTest.dir/AtomTableUTest.cpp.o
[ 25%] Built target BetaReduceUTest
[ 25%] Generating AtomSpaceUTest.cpp
[ 25%] Linking CXX executable ThreadSafeHandleMapUTest
Scanning dependencies of target AtomSpaceUTest
[ 25%] Building CXX object tests/atomspace/CMakeFiles/AtomSpaceUTest.dir/AtomSpaceUTest.cpp.o
[ 25%] Built target ThreadSafeHandleMapUTest
[ 25%] Generating AtomSpaceAsyncUTest.cpp
Scanning dependencies of target AtomSpaceAsyncUTest
[ 25%] Building CXX object tests/atomspace/CMakeFiles/AtomSpaceAsyncUTest.dir/AtomSpaceAsyncUTest.cpp.o
[ 25%] Linking CXX executable NodeUTest
[ 25%] Built target NodeUTest
[ 25%] Generating ClassServerUTest.cpp
Scanning dependencies of target ClassServerUTest
[ 25%] Building CXX object tests/atomspace/CMakeFiles/ClassServerUTest.dir/ClassServerUTest.cpp.o
[ 25%] Linking CXX executable AtomUTest
[ 25%] Built target AtomUTest
[ 25%] Generating LinkUTest.cpp
Scanning dependencies of target LinkUTest
[ 25%] Building CXX object tests/atomspace/CMakeFiles/LinkUTest.dir/LinkUTest.cpp.o
[ 25%] Linking CXX executable RemoveUTest
[ 25%] Linking CXX executable ClassServerUTest
[ 25%] Built target RemoveUTest
[ 25%] Generating TLBUTest.cpp
Scanning dependencies of target TLBUTest
[ 25%] Linking CXX executable COWSpaceUTest
[ 25%] Building CXX object tests/atomspace/CMakeFiles/TLBUTest.dir/TLBUTest.cpp.o
[ 25%] Built target ClassServerUTest
[ 25%] Generating MultiSpaceUTest.cpp
Scanning dependencies of target MultiSpaceUTest
[ 25%] Building CXX object tests/atomspace/CMakeFiles/MultiSpaceUTest.dir/MultiSpaceUTest.cpp.o
[ 25%] Built target COWSpaceUTest
[ 25%] Generating RewriteLinkUTest.cpp
Scanning dependencies of target RewriteLinkUTest
[ 25%] Linking CXX executable UseCountUTest
[ 25%] Building CXX object tests/atoms/CMakeFiles/RewriteLinkUTest.dir/RewriteLinkUTest.cpp.o
[ 25%] Built target UseCountUTest
[ 25%] Generating FreeLinkUTest.cpp
Scanning dependencies of target FreeLinkUTest
[ 25%] Building CXX object tests/atoms/CMakeFiles/FreeLinkUTest.dir/FreeLinkUTest.cpp.o
[ 26%] Linking CXX executable AtomTableUTest
[ 26%] Built target AtomTableUTest
[ 26%] Generating HashUTest.cpp
Scanning dependencies of target HashUTest
[ 26%] Building CXX object tests/atoms/CMakeFiles/HashUTest.dir/HashUTest.cpp.o
[ 27%] Linking CXX executable LinkUTest
[ 27%] Built target LinkUTest
[ 27%] Generating ScopeLinkUTest.cpp
Scanning dependencies of target ScopeLinkUTest
[ 28%] Building CXX object tests/atoms/CMakeFiles/ScopeLinkUTest.dir/ScopeLinkUTest.cpp.o
[ 28%] Linking CXX executable AtomSpaceAsyncUTest
[ 28%] Linking CXX executable TLBUTest
[ 28%] Built target AtomSpaceAsyncUTest
[ 28%] Generating NeighborUTest.cpp
Scanning dependencies of target NeighborUTest
[ 28%] Building CXX object tests/atomutils/CMakeFiles/NeighborUTest.dir/NeighborUTest.cpp.o
[ 28%] Built target TLBUTest
[ 28%] Generating FuzzyUTest.cpp
Scanning dependencies of target FuzzyUTest
[ 28%] Building CXX object tests/atomutils/CMakeFiles/FuzzyUTest.dir/FuzzyUTest.cpp.o
[ 29%] Linking CXX executable AtomSpaceUTest
[ 29%] Built target AtomSpaceUTest
[ 29%] Generating FindUtilsUTest.cpp
Scanning dependencies of target FindUtilsUTest
[ 29%] Building CXX object tests/atomutils/CMakeFiles/FindUtilsUTest.dir/FindUtilsUTest.cpp.o
[ 29%] Linking CXX executable FreeLinkUTest
[ 29%] Built target FreeLinkUTest
[ 29%] Generating AtomUtilsUTest.cpp
Scanning dependencies of target AtomUtilsUTest
[ 29%] Building CXX object tests/atomutils/CMakeFiles/AtomUtilsUTest.dir/AtomUtilsUTest.cpp.o
[ 29%] Linking CXX executable RewriteLinkUTest
[ 29%] Built target RewriteLinkUTest
[ 29%] Generating UnifyUTest.cpp
[ 29%] Linking CXX executable HashUTest
Scanning dependencies of target UnifyUTest
[ 30%] Building CXX object tests/unify/CMakeFiles/UnifyUTest.dir/UnifyUTest.cpp.o
[ 30%] Built target HashUTest
[ 31%] Built target dist-gearman
[ 31%] Built target persist
[ 34%] Built target persist-sql
[ 34%] Built target PythonEval
[ 36%] Built target query
[ 36%] Generating GearmanUTest.cpp
[ 37%] Linking CXX executable MultiSpaceUTest
Scanning dependencies of target GearmanUTest
[ 37%] Building CXX object tests/persist/gearman/CMakeFiles/GearmanUTest.dir/GearmanUTest.cpp.o
[ 37%] Built target MultiSpaceUTest
[ 37%] Built target utilities_cython
[ 39%] Built target execution
[ 40%] Built target attentionbank
[ 43%] Built target ruleengine
[ 44%] Built target atomspace_cython
[ 44%] Generating ReductUTest.cpp
Scanning dependencies of target ReductUTest
[ 44%] Building CXX object tests/atoms/CMakeFiles/ReductUTest.dir/ReductUTest.cpp.o
[ 45%] Linking CXX executable FuzzyUTest
[ 46%] Linking CXX executable NeighborUTest
[ 46%] Linking CXX executable ScopeLinkUTest
[ 46%] Built target FuzzyUTest
[ 46%] Generating QuotationUTest.cpp
[ 46%] Built target NeighborUTest
Scanning dependencies of target QuotationUTest
[ 46%] Generating AlphaConvertUTest.cpp
[ 46%] Building CXX object tests/atoms/CMakeFiles/QuotationUTest.dir/QuotationUTest.cpp.o
[ 46%] Built target ScopeLinkUTest
[ 46%] Generating StateLinkUTest.cpp
Scanning dependencies of target AlphaConvertUTest
[ 46%] Building CXX object tests/atoms/CMakeFiles/AlphaConvertUTest.dir/AlphaConvertUTest.cpp.o
Scanning dependencies of target StateLinkUTest
[ 46%] Building CXX object tests/atoms/CMakeFiles/StateLinkUTest.dir/StateLinkUTest.cpp.o
[ 46%] Linking CXX executable FindUtilsUTest
[ 46%] Built target FindUtilsUTest
[ 46%] Generating MapLinkUTest.cpp
Scanning dependencies of target MapLinkUTest
[ 46%] Building CXX object tests/atoms/CMakeFiles/MapLinkUTest.dir/MapLinkUTest.cpp.o
[ 47%] Linking CXX executable AtomUtilsUTest
[ 47%] Built target AtomUtilsUTest
[ 47%] Generating DeleteLinkUTest.cpp
Scanning dependencies of target DeleteLinkUTest
[ 47%] Building CXX object tests/atoms/CMakeFiles/DeleteLinkUTest.dir/DeleteLinkUTest.cpp.o
[ 47%] Linking CXX executable GearmanUTest
[ 47%] Built target GearmanUTest
[ 47%] Generating IdenticalLinkUTest.cpp
Scanning dependencies of target IdenticalLinkUTest
[ 47%] Building CXX object tests/atoms/CMakeFiles/IdenticalLinkUTest.dir/IdenticalLinkUTest.cpp.o
[ 47%] Linking CXX executable ReductUTest
[ 47%] Built target ReductUTest
[ 47%] Generating RandomUTest.cpp
Scanning dependencies of target RandomUTest
[ 47%] Building CXX object tests/atoms/CMakeFiles/RandomUTest.dir/RandomUTest.cpp.o
[ 47%] Linking CXX executable QuotationUTest
[ 47%] Built target QuotationUTest
[ 47%] Linking CXX executable AlphaConvertUTest
[ 47%] Generating EqualLinkUTest.cpp
Scanning dependencies of target EqualLinkUTest
[ 47%] Building CXX object tests/atoms/CMakeFiles/EqualLinkUTest.dir/EqualLinkUTest.cpp.o
[ 47%] Built target AlphaConvertUTest
[ 47%] Generating StreamUTest.cpp
Scanning dependencies of target StreamUTest
[ 48%] Building CXX object tests/atoms/CMakeFiles/StreamUTest.dir/StreamUTest.cpp.o
[ 48%] Linking CXX executable MapLinkUTest
[ 48%] Linking CXX executable StateLinkUTest
[ 48%] Built target MapLinkUTest
[ 50%] Generating PutLinkUTest.cpp
[ 50%] Built target StateLinkUTest
[ 50%] Generating GroundedSchemaLocalUTest.cpp
Scanning dependencies of target PutLinkUTest
Scanning dependencies of target GroundedSchemaLocalUTest
[ 50%] Building CXX object tests/atoms/CMakeFiles/PutLinkUTest.dir/PutLinkUTest.cpp.o
[ 50%] Building CXX object tests/atoms/CMakeFiles/GroundedSchemaLocalUTest.dir/GroundedSchemaLocalUTest.cpp.o
[ 51%] Linking CXX executable IdenticalLinkUTest
[ 51%] Built target IdenticalLinkUTest
[ 51%] Generating ExistsLinkUTest.cpp
Scanning dependencies of target ExistsLinkUTest
[ 51%] Building CXX object tests/atoms/CMakeFiles/ExistsLinkUTest.dir/ExistsLinkUTest.cpp.o
[ 51%] Linking CXX executable DeleteLinkUTest
[ 51%] Built target DeleteLinkUTest
[ 51%] Generating ParallelUTest.cpp
Scanning dependencies of target ParallelUTest
[ 51%] Building CXX object tests/atoms/CMakeFiles/ParallelUTest.dir/ParallelUTest.cpp.o
[ 51%] Linking CXX executable RandomUTest
[ 51%] Built target RandomUTest
[ 51%] Generating ValueOfUTest.cpp
Scanning dependencies of target ValueOfUTest
[ 52%] Building CXX object tests/atoms/CMakeFiles/ValueOfUTest.dir/ValueOfUTest.cpp.o
[ 52%] Linking CXX executable EqualLinkUTest
[ 52%] Built target EqualLinkUTest
[ 52%] Generating BankImplUTest.cpp
Scanning dependencies of target BankImplUTest
[ 52%] Building CXX object tests/attentionbank/CMakeFiles/BankImplUTest.dir/BankImplUTest.cpp.o
[ 52%] Linking CXX executable StreamUTest
[ 52%] Built target StreamUTest
[ 53%] Linking CXX executable GroundedSchemaLocalUTest
[ 54%] Linking CXX executable ExistsLinkUTest
[ 54%] Generating AttentionUTest.cpp
Scanning dependencies of target AttentionUTest
[ 54%] Building CXX object tests/attentionbank/CMakeFiles/AttentionUTest.dir/AttentionUTest.cpp.o
[ 54%] Linking CXX executable ParallelUTest
[ 54%] Built target GroundedSchemaLocalUTest
[ 54%] Built target ExistsLinkUTest
[ 54%] Generating BankAsyncUTest.cpp
[ 54%] Generating AttentionValueUTest.cpp
Scanning dependencies of target BankAsyncUTest
Scanning dependencies of target AttentionValueUTest
[ 54%] Building CXX object tests/attentionbank/CMakeFiles/BankAsyncUTest.dir/BankAsyncUTest.cpp.o
[ 54%] Building CXX object tests/attentionbank/CMakeFiles/AttentionValueUTest.dir/AttentionValueUTest.cpp.o
[ 54%] Built target ParallelUTest
[ 54%] Generating AttentionalFocusCBUTest.cpp
Scanning dependencies of target AttentionalFocusCBUTest
[ 54%] Building CXX object tests/attentionbank/CMakeFiles/AttentionalFocusCBUTest.dir/AttentionalFocusCBUTest.cpp.o
[ 54%] Linking CXX executable UnifyUTest
[ 54%] Built target UnifyUTest
[ 54%] Built target logger
[ 54%] Generating VectorAPIUTest.cpp
Scanning dependencies of target VectorAPIUTest
[ 54%] Building CXX object tests/matrix/CMakeFiles/VectorAPIUTest.dir/VectorAPIUTest.cpp.o
[ 54%] Linking CXX executable ValueOfUTest
[ 54%] Built target ValueOfUTest
[ 54%] Generating NoExceptionUTest.cpp
Scanning dependencies of target NoExceptionUTest
[ 54%] Building CXX object tests/query/CMakeFiles/NoExceptionUTest.dir/NoExceptionUTest.cpp.o
[ 54%] Linking CXX executable AttentionUTest
[ 54%] Built target AttentionUTest
[ 54%] Generating SudokuUTest.cpp
Scanning dependencies of target SudokuUTest
[ 55%] Building CXX object tests/query/CMakeFiles/SudokuUTest.dir/SudokuUTest.cpp.o
[ 55%] Linking CXX executable AttentionalFocusCBUTest
[ 56%] Linking CXX executable BankAsyncUTest
[ 56%] Built target AttentionalFocusCBUTest
[ 56%] Generating FirstNUTest.cpp
[ 56%] Built target BankAsyncUTest
[ 56%] Generating NestedPutUTest.cpp
Scanning dependencies of target FirstNUTest
Scanning dependencies of target NestedPutUTest
[ 56%] Building CXX object tests/query/CMakeFiles/NestedPutUTest.dir/NestedPutUTest.cpp.o
[ 56%] Building CXX object tests/query/CMakeFiles/FirstNUTest.dir/FirstNUTest.cpp.o
[ 57%] Linking CXX executable AttentionValueUTest
[ 57%] Built target AttentionValueUTest
[ 57%] Generating EvalLinkDefaultTVUTest.cpp
[ 57%] Linking CXX executable PutLinkUTest
Scanning dependencies of target EvalLinkDefaultTVUTest
[ 57%] Building CXX object tests/query/CMakeFiles/EvalLinkDefaultTVUTest.dir/EvalLinkDefaultTVUTest.cpp.o
[ 57%] Built target PutLinkUTest
[ 57%] Generating UnorderedUTest.cpp
Scanning dependencies of target UnorderedUTest
[ 57%] Building CXX object tests/query/CMakeFiles/UnorderedUTest.dir/UnorderedUTest.cpp.o
[ 57%] Linking CXX executable BankImplUTest
[ 57%] Built target BankImplUTest
[ 57%] Generating ConstantClausesUTest.cpp
Scanning dependencies of target ConstantClausesUTest
[ 57%] Building CXX object tests/query/CMakeFiles/ConstantClausesUTest.dir/ConstantClausesUTest.cpp.o
[ 58%] Linking CXX executable NoExceptionUTest
[ 58%] Built target NoExceptionUTest
[ 58%] Generating VarTypeNotUTest.cpp
Scanning dependencies of target VarTypeNotUTest
[ 58%] Building CXX object tests/query/CMakeFiles/VarTypeNotUTest.dir/VarTypeNotUTest.cpp.o
[ 58%] Linking CXX executable SudokuUTest
[ 58%] Built target SudokuUTest
[ 58%] Generating BindTVUTest.cpp
Scanning dependencies of target BindTVUTest
[ 58%] Building CXX object tests/query/CMakeFiles/BindTVUTest.dir/BindTVUTest.cpp.o
[ 59%] Linking CXX executable EvalLinkDefaultTVUTest
[ 59%] Linking CXX executable FirstNUTest
[ 59%] Built target EvalLinkDefaultTVUTest
[ 59%] Generating ExecutionOutputUTest.cpp
[ 59%] Linking CXX executable NestedPutUTest
Scanning dependencies of target ExecutionOutputUTest
[ 59%] Building CXX object tests/query/CMakeFiles/ExecutionOutputUTest.dir/ExecutionOutputUTest.cpp.o
[ 59%] Built target FirstNUTest
[ 59%] Generating ScopeUTest.cpp
Scanning dependencies of target ScopeUTest
[ 59%] Building CXX object tests/query/CMakeFiles/ScopeUTest.dir/ScopeUTest.cpp.o
[ 59%] Built target NestedPutUTest
[ 59%] Generating StackUTest.cpp
Scanning dependencies of target StackUTest
[ 60%] Building CXX object tests/query/CMakeFiles/StackUTest.dir/StackUTest.cpp.o
[ 60%] Linking CXX executable UnorderedUTest
[ 60%] Built target UnorderedUTest
[ 60%] Generating FiniteStateMachineUTest.cpp
Scanning dependencies of target FiniteStateMachineUTest
[ 60%] Building CXX object tests/query/CMakeFiles/FiniteStateMachineUTest.dir/FiniteStateMachineUTest.cpp.o
[ 60%] Linking CXX executable VarTypeNotUTest
[ 61%] Linking CXX executable ConstantClausesUTest
[ 61%] Built target VarTypeNotUTest
[ 61%] Generating BigPatternUTest.cpp
[ 61%] Built target ConstantClausesUTest
Scanning dependencies of target BigPatternUTest
[ 61%] Generating ImplicationUTest.cpp
[ 61%] Building CXX object tests/query/CMakeFiles/BigPatternUTest.dir/BigPatternUTest.cpp.o
Scanning dependencies of target ImplicationUTest
[ 61%] Building CXX object tests/query/CMakeFiles/ImplicationUTest.dir/ImplicationUTest.cpp.o
[ 61%] Linking CXX executable VectorAPIUTest
[ 61%] Built target VectorAPIUTest
[ 61%] Generating BuggyLinkUTest.cpp
Scanning dependencies of target BuggyLinkUTest
[ 61%] Building CXX object tests/query/CMakeFiles/BuggyLinkUTest.dir/BuggyLinkUTest.cpp.o
[ 61%] Linking CXX executable BindTVUTest
[ 61%] Built target BindTVUTest
[ 61%] Generating LoopPatternUTest.cpp
Scanning dependencies of target LoopPatternUTest
[ 61%] Building CXX object tests/query/CMakeFiles/LoopPatternUTest.dir/LoopPatternUTest.cpp.o
[ 61%] Linking CXX executable StackUTest
[ 61%] Linking CXX executable ScopeUTest
[ 61%] Built target StackUTest
[ 61%] Built target ScopeUTest
[ 61%] Generating GreaterComputeUTest.cpp
[ 61%] Generating PatternUTest.cpp
Scanning dependencies of target GreaterComputeUTest
Scanning dependencies of target PatternUTest
[ 61%] Building CXX object tests/query/CMakeFiles/GreaterComputeUTest.dir/GreaterComputeUTest.cpp.o
[ 61%] Building CXX object tests/query/CMakeFiles/PatternUTest.dir/PatternUTest.cpp.o
[ 62%] Linking CXX executable FiniteStateMachineUTest
[ 62%] Built target FiniteStateMachineUTest
[ 62%] Generating BooleanUTest.cpp
Scanning dependencies of target BooleanUTest
[ 62%] Building CXX object tests/query/CMakeFiles/BooleanUTest.dir/BooleanUTest.cpp.o
[ 62%] Linking CXX executable ExecutionOutputUTest
[ 62%] Built target ExecutionOutputUTest
[ 62%] Generating RecognizerUTest.cpp
Scanning dependencies of target RecognizerUTest
[ 63%] Building CXX object tests/query/CMakeFiles/RecognizerUTest.dir/RecognizerUTest.cpp.o
[ 64%] Linking CXX executable BuggyLinkUTest
[ 64%] Linking CXX executable BigPatternUTest
[ 64%] Built target BuggyLinkUTest
[ 64%] Generating BuggyStackUTest.cpp
[ 64%] Linking CXX executable ImplicationUTest
Scanning dependencies of target BuggyStackUTest
[ 64%] Built target BigPatternUTest
[ 64%] Building CXX object tests/query/CMakeFiles/BuggyStackUTest.dir/BuggyStackUTest.cpp.o
[ 64%] Generating GetStateUTest.cpp
Scanning dependencies of target GetStateUTest
[ 64%] Building CXX object tests/query/CMakeFiles/GetStateUTest.dir/GetStateUTest.cpp.o
[ 64%] Built target ImplicationUTest
[ 64%] Generating UnquoteUTest.cpp
Scanning dependencies of target UnquoteUTest
[ 65%] Building CXX object tests/query/CMakeFiles/UnquoteUTest.dir/UnquoteUTest.cpp.o
[ 67%] Linking CXX executable LoopPatternUTest
[ 68%] Linking CXX executable GreaterComputeUTest
[ 68%] Built target LoopPatternUTest
[ 68%] Generating StackMoreUTest.cpp
Scanning dependencies of target StackMoreUTest
[ 68%] Built target GreaterComputeUTest
[ 68%] Building CXX object tests/query/CMakeFiles/StackMoreUTest.dir/StackMoreUTest.cpp.o
[ 68%] Generating DefineUTest.cpp
Scanning dependencies of target DefineUTest
[ 68%] Building CXX object tests/query/CMakeFiles/DefineUTest.dir/DefineUTest.cpp.o
[ 68%] Linking CXX executable RecognizerUTest
[ 68%] Built target RecognizerUTest
[ 68%] Generating BuggyNotUTest.cpp
Scanning dependencies of target BuggyNotUTest
[ 68%] Building CXX object tests/query/CMakeFiles/BuggyNotUTest.dir/BuggyNotUTest.cpp.o
[ 68%] Linking CXX executable BooleanUTest
[ 68%] Linking CXX executable PatternUTest
[ 68%] Built target BooleanUTest
[ 68%] Generating DisconnectedUTest.cpp
Scanning dependencies of target DisconnectedUTest
[ 68%] Building CXX object tests/query/CMakeFiles/DisconnectedUTest.dir/DisconnectedUTest.cpp.o
[ 68%] Built target PatternUTest
[ 68%] Generating DeepTypeUTest.cpp
Scanning dependencies of target DeepTypeUTest
[ 68%] Building CXX object tests/query/CMakeFiles/DeepTypeUTest.dir/DeepTypeUTest.cpp.o
[ 69%] Linking CXX executable BuggyStackUTest
[ 69%] Linking CXX executable GetStateUTest
[ 69%] Built target BuggyStackUTest
[ 69%] Generating EinsteinUTest.cpp
Scanning dependencies of target EinsteinUTest
[ 69%] Building CXX object tests/query/CMakeFiles/EinsteinUTest.dir/EinsteinUTest.cpp.o
[ 69%] Built target GetStateUTest
[ 69%] Generating MatchLinkUTest.cpp
Scanning dependencies of target MatchLinkUTest
[ 69%] Building CXX object tests/query/CMakeFiles/MatchLinkUTest.dir/MatchLinkUTest.cpp.o
[ 69%] Linking CXX executable UnquoteUTest
[ 69%] Built target UnquoteUTest
[ 69%] Generating BiggerPatternUTest.cpp
Scanning dependencies of target BiggerPatternUTest
[ 69%] Building CXX object tests/query/CMakeFiles/BiggerPatternUTest.dir/BiggerPatternUTest.cpp.o
[ 70%] Linking CXX executable DefineUTest
[ 70%] Linking CXX executable StackMoreUTest
[ 70%] Built target DefineUTest
[ 70%] Generating ArcanaUTest.cpp
Scanning dependencies of target ArcanaUTest
[ 70%] Built target StackMoreUTest
[ 70%] Building CXX object tests/query/CMakeFiles/ArcanaUTest.dir/ArcanaUTest.cpp.o
[ 70%] Generating SubstitutionUTest.cpp
Scanning dependencies of target SubstitutionUTest
[ 70%] Building CXX object tests/query/CMakeFiles/SubstitutionUTest.dir/SubstitutionUTest.cpp.o
[ 70%] Linking CXX executable BuggyNotUTest
[ 70%] Built target BuggyNotUTest
[ 70%] Generating GetLinkUTest.cpp
Scanning dependencies of target GetLinkUTest
[ 70%] Building CXX object tests/query/CMakeFiles/GetLinkUTest.dir/GetLinkUTest.cpp.o
[ 71%] Linking CXX executable DisconnectedUTest
[ 72%] Linking CXX executable DeepTypeUTest
[ 72%] Built target DisconnectedUTest
[ 72%] Generating NotLinkUTest.cpp
[ 73%] Linking CXX executable MatchLinkUTest
[ 73%] Built target DeepTypeUTest
[ 73%] Generating GreaterThanUTest.cpp
Scanning dependencies of target NotLinkUTest
[ 73%] Building CXX object tests/query/CMakeFiles/NotLinkUTest.dir/NotLinkUTest.cpp.o
Scanning dependencies of target GreaterThanUTest
[ 73%] Building CXX object tests/query/CMakeFiles/GreaterThanUTest.dir/GreaterThanUTest.cpp.o
[ 73%] Built target MatchLinkUTest
[ 73%] Generating Boolean2NotUTest.cpp
Scanning dependencies of target Boolean2NotUTest
[ 73%] Building CXX object tests/query/CMakeFiles/Boolean2NotUTest.dir/Boolean2NotUTest.cpp.o
[ 74%] Linking CXX executable EinsteinUTest
[ 74%] Built target EinsteinUTest
[ 74%] Generating SequenceUTest.cpp
Scanning dependencies of target SequenceUTest
[ 75%] Building CXX object tests/query/CMakeFiles/SequenceUTest.dir/SequenceUTest.cpp.o
[ 75%] Linking CXX executable SubstitutionUTest
[ 76%] Linking CXX executable ArcanaUTest
[ 76%] Built target SubstitutionUTest
[ 76%] Built target ArcanaUTest
[ 76%] Generating DontExecUTest.cpp
[ 76%] Generating EvaluationUTest.cpp
[ 77%] Linking CXX executable BiggerPatternUTest
Scanning dependencies of target DontExecUTest
Scanning dependencies of target EvaluationUTest
[ 77%] Building CXX object tests/query/CMakeFiles/EvaluationUTest.dir/EvaluationUTest.cpp.o
[ 77%] Building CXX object tests/query/CMakeFiles/DontExecUTest.dir/DontExecUTest.cpp.o
[ 77%] Built target BiggerPatternUTest
[ 77%] Generating TypeChoiceUTest.cpp
Scanning dependencies of target TypeChoiceUTest
[ 78%] Building CXX object tests/query/CMakeFiles/TypeChoiceUTest.dir/TypeChoiceUTest.cpp.o
[ 79%] Linking CXX executable GetLinkUTest
[ 79%] Built target GetLinkUTest
[ 79%] Generating GlobUTest.cpp
Scanning dependencies of target GlobUTest
[ 79%] Building CXX object tests/query/CMakeFiles/GlobUTest.dir/GlobUTest.cpp.o
[ 79%] Linking CXX executable GreaterThanUTest
[ 80%] Linking CXX executable NotLinkUTest
[ 80%] Built target GreaterThanUTest
[ 80%] Built target NotLinkUTest
[ 80%] Generating BuggyQuoteUTest.cpp
[ 80%] Generating PatternCrashUTest.cpp
Scanning dependencies of target BuggyQuoteUTest
Scanning dependencies of target PatternCrashUTest
[ 80%] Building CXX object tests/query/CMakeFiles/BuggyQuoteUTest.dir/BuggyQuoteUTest.cpp.o
[ 80%] Building CXX object tests/query/CMakeFiles/PatternCrashUTest.dir/PatternCrashUTest.cpp.o
[ 80%] Linking CXX executable SequenceUTest
[ 80%] Built target SequenceUTest
[ 80%] Generating AbsentUTest.cpp
Scanning dependencies of target AbsentUTest
[ 80%] Building CXX object tests/query/CMakeFiles/AbsentUTest.dir/AbsentUTest.cpp.o
[ 81%] Linking CXX executable Boolean2NotUTest
[ 81%] Built target Boolean2NotUTest
[ 81%] Generating QuoteUTest.cpp
Scanning dependencies of target QuoteUTest
[ 82%] Building CXX object tests/query/CMakeFiles/QuoteUTest.dir/QuoteUTest.cpp.o
[ 82%] Linking CXX executable EvaluationUTest
[ 82%] Linking CXX executable DontExecUTest
[ 82%] Built target EvaluationUTest
[ 82%] Generating LocalQuoteUTest.cpp
[ 82%] Built target DontExecUTest
Scanning dependencies of target LocalQuoteUTest
[ 82%] Linking CXX executable TypeChoiceUTest
[ 82%] Generating BuggyEqualUTest.cpp
[ 82%] Building CXX object tests/query/CMakeFiles/LocalQuoteUTest.dir/LocalQuoteUTest.cpp.o
Scanning dependencies of target BuggyEqualUTest
[ 82%] Building CXX object tests/query/CMakeFiles/BuggyEqualUTest.dir/BuggyEqualUTest.cpp.o
[ 82%] Built target TypeChoiceUTest
[ 82%] Generating BuggySelfGroundUTest.cpp
Scanning dependencies of target BuggySelfGroundUTest
[ 82%] Building CXX object tests/query/CMakeFiles/BuggySelfGroundUTest.dir/BuggySelfGroundUTest.cpp.o
[ 84%] Linking CXX executable GlobUTest
[ 84%] Built target GlobUTest
[ 84%] Generating BuggyBindLinkUTest.cpp
Scanning dependencies of target BuggyBindLinkUTest
[ 84%] Building CXX object tests/query/CMakeFiles/BuggyBindLinkUTest.dir/BuggyBindLinkUTest.cpp.o
[ 85%] Linking CXX executable BuggyQuoteUTest
[ 85%] Built target BuggyQuoteUTest
[ 85%] Generating ChoiceLinkUTest.cpp
Scanning dependencies of target ChoiceLinkUTest
[ 85%] Building CXX object tests/query/CMakeFiles/ChoiceLinkUTest.dir/ChoiceLinkUTest.cpp.o
[ 86%] Linking CXX executable PatternCrashUTest
[ 86%] Built target PatternCrashUTest
[ 86%] Generating SingleUTest.cpp
Scanning dependencies of target SingleUTest
[ 87%] Building CXX object tests/query/CMakeFiles/SingleUTest.dir/SingleUTest.cpp.o
[ 87%] Linking CXX executable AbsentUTest
[ 87%] Built target AbsentUTest
[ 87%] Generating ActionSelectionUTest.cpp
Scanning dependencies of target ActionSelectionUTest
[ 87%] Building CXX object tests/rule-engine/CMakeFiles/ActionSelectionUTest.dir/ActionSelectionUTest.cpp.o
[ 87%] Linking CXX executable BuggyEqualUTest
[ 87%] Built target BuggyEqualUTest
[ 87%] Linking CXX executable BuggySelfGroundUTest
[ 87%] Generating RuleUTest.cpp
[ 87%] Linking CXX executable QuoteUTest
[ 87%] Linking CXX executable LocalQuoteUTest
Scanning dependencies of target RuleUTest
[ 88%] Building CXX object tests/rule-engine/CMakeFiles/RuleUTest.dir/RuleUTest.cpp.o
[ 88%] Built target BuggySelfGroundUTest
[ 88%] Generating BetaDistributionUTest.cpp
Scanning dependencies of target BetaDistributionUTest
[ 88%] Building CXX object tests/rule-engine/CMakeFiles/BetaDistributionUTest.dir/BetaDistributionUTest.cpp.o
[ 88%] Built target LocalQuoteUTest
[ 88%] Built target QuoteUTest
[ 88%] Generating UREConfigUTest.cpp
[ 88%] Generating ForwardChainerUTest.cpp
Scanning dependencies of target UREConfigUTest
Scanning dependencies of target ForwardChainerUTest
[ 88%] Building CXX object tests/rule-engine/CMakeFiles/UREConfigUTest.dir/UREConfigUTest.cpp.o
[ 88%] Building CXX object tests/rule-engine/forwardchainer/CMakeFiles/ForwardChainerUTest.dir/ForwardChainerUTest.cpp.o
[ 89%] Linking CXX executable BuggyBindLinkUTest
[ 89%] Built target BuggyBindLinkUTest
[ 89%] Generating ControlPolicyUTest.cpp
Scanning dependencies of target ControlPolicyUTest
[ 89%] Building CXX object tests/rule-engine/backwardchainer/CMakeFiles/ControlPolicyUTest.dir/ControlPolicyUTest.cpp.o
[ 90%] Linking CXX executable ChoiceLinkUTest
[ 90%] Linking CXX executable SingleUTest
[ 90%] Built target ChoiceLinkUTest
[ 90%] Generating GradientUTest.cpp
Scanning dependencies of target GradientUTest
[ 90%] Building CXX object tests/rule-engine/backwardchainer/CMakeFiles/GradientUTest.dir/GradientUTest.cpp.o
[ 90%] Built target SingleUTest
[ 90%] Generating BITUTest.cpp
Scanning dependencies of target BITUTest
[ 90%] Building CXX object tests/rule-engine/backwardchainer/CMakeFiles/BITUTest.dir/BITUTest.cpp.o
[ 90%] Linking CXX executable UREConfigUTest
[ 91%] Linking CXX executable ActionSelectionUTest
[ 91%] Built target UREConfigUTest
[ 91%] Generating BackwardChainerUTest.cpp
[ 91%] Built target ActionSelectionUTest
[ 92%] Generating PythonEvalUTest.cpp
Scanning dependencies of target BackwardChainerUTest
Scanning dependencies of target PythonEvalUTest
[ 92%] Building CXX object tests/rule-engine/backwardchainer/CMakeFiles/BackwardChainerUTest.dir/BackwardChainerUTest.cpp.o
[ 92%] Building CXX object tests/cython/CMakeFiles/PythonEvalUTest.dir/PythonEvalUTest.cpp.o
[ 92%] Linking CXX executable BetaDistributionUTest
[ 92%] Built target BetaDistributionUTest
[ 93%] Built target backwardchainer_cython
[ 94%] Linking CXX executable ForwardChainerUTest
[ 94%] Generating MultiAtomSpaceUTest.cpp
[ 94%] Linking CXX executable RuleUTest
[ 94%] Linking CXX executable ControlPolicyUTest
Scanning dependencies of target MultiAtomSpaceUTest
[ 94%] Building CXX object tests/scm/CMakeFiles/MultiAtomSpaceUTest.dir/MultiAtomSpaceUTest.cpp.o
[ 94%] Built target ForwardChainerUTest
[ 94%] Generating MultiThreadUTest.cpp
[ 94%] Built target RuleUTest
[ 94%] Built target ControlPolicyUTest
[ 94%] Generating SCMPrimitiveUTest.cpp
[ 94%] Generating BasicSCMUTest.cpp
Scanning dependencies of target MultiThreadUTest
[ 94%] Building CXX object tests/scm/CMakeFiles/MultiThreadUTest.dir/MultiThreadUTest.cpp.o
Scanning dependencies of target SCMPrimitiveUTest
Scanning dependencies of target BasicSCMUTest
[ 95%] Building CXX object tests/scm/CMakeFiles/SCMPrimitiveUTest.dir/SCMPrimitiveUTest.cpp.o
[ 95%] Building CXX object tests/scm/CMakeFiles/BasicSCMUTest.dir/BasicSCMUTest.cpp.o
[ 95%] Linking CXX executable GradientUTest
[ 95%] Built target GradientUTest
[ 95%] Generating SCMUtilsUTest.cpp
Scanning dependencies of target SCMUtilsUTest
[ 95%] Building CXX object tests/scm/CMakeFiles/SCMUtilsUTest.dir/SCMUtilsUTest.cpp.o
[ 96%] Linking CXX executable BITUTest
[ 96%] Built target BITUTest
[ 96%] Generating SCMExecutionOutputUTest.cpp
Scanning dependencies of target SCMExecutionOutputUTest
[ 96%] Building CXX object tests/scm/CMakeFiles/SCMExecutionOutputUTest.dir/SCMExecutionOutputUTest.cpp.o
[ 96%] Linking CXX executable PythonEvalUTest
[ 96%] Built target PythonEvalUTest
[ 96%] Generating PythonUtilitiesUTest.cpp
Scanning dependencies of target PythonUtilitiesUTest
[ 97%] Building CXX object tests/cython/CMakeFiles/PythonUtilitiesUTest.dir/PythonUtilitiesUTest.cpp.o
[ 97%] Linking CXX executable SCMPrimitiveUTest
[ 97%] Linking CXX executable MultiThreadUTest
[ 97%] Built target SCMPrimitiveUTest
[ 97%] Built target MultiThreadUTest
[ 97%] Linking CXX executable SCMUtilsUTest
[ 97%] Linking CXX executable BackwardChainerUTest
[ 97%] Built target SCMUtilsUTest
[ 97%] Built target BackwardChainerUTest
[ 97%] Linking CXX executable MultiAtomSpaceUTest
[ 97%] Built target MultiAtomSpaceUTest
[ 98%] Linking CXX executable BasicSCMUTest
[ 98%] Linking CXX executable PythonUtilitiesUTest
[ 98%] Built target BasicSCMUTest
[ 98%] Built target PythonUtilitiesUTest
[ 98%] Linking CXX executable SCMExecutionOutputUTest
[ 98%] Built target SCMExecutionOutputUTest
Scanning dependencies of target tests
[ 98%] Built target tests
Scanning dependencies of target test
[100%] Running tests...
Test project /home/opencog/atomspace/build/tests
        Start   1: AtomTableUTest
  1/129 Test   #1: AtomTableUTest ...................   Passed    6.17 sec
        Start   2: ClassServerUTest
  2/129 Test   #2: ClassServerUTest .................   Passed    0.00 sec
        Start   3: AtomUTest
  3/129 Test   #3: AtomUTest ........................   Passed    0.00 sec
        Start   4: NodeUTest
  4/129 Test   #4: NodeUTest ........................   Passed    0.00 sec
        Start   5: LinkUTest
  5/129 Test   #5: LinkUTest ........................   Passed    0.00 sec
        Start   6: TLBUTest
  6/129 Test   #6: TLBUTest .........................   Passed    0.00 sec
        Start   7: AtomSpaceUTest
  7/129 Test   #7: AtomSpaceUTest ...................   Passed    0.01 sec
        Start   8: AtomSpaceAsyncUTest
  8/129 Test   #8: AtomSpaceAsyncUTest ..............   Passed    7.54 sec
        Start   9: UseCountUTest
  9/129 Test   #9: UseCountUTest ....................   Passed    7.25 sec
        Start  10: MultiSpaceUTest
 10/129 Test  #10: MultiSpaceUTest ..................   Passed    0.00 sec
        Start  11: COWSpaceUTest
 11/129 Test  #11: COWSpaceUTest ....................   Passed    0.00 sec
        Start  12: RemoveUTest
 12/129 Test  #12: RemoveUTest ......................   Passed    0.02 sec
        Start  13: ThreadSafeHandleMapUTest
 13/129 Test  #13: ThreadSafeHandleMapUTest .........   Passed    0.34 sec
        Start  14: FreeLinkUTest
 14/129 Test  #14: FreeLinkUTest ....................   Passed    0.20 sec
        Start  15: MapLinkUTest
 15/129 Test  #15: MapLinkUTest .....................   Passed    1.35 sec
        Start  16: ParallelUTest
 16/129 Test  #16: ParallelUTest ....................   Passed   11.28 sec
        Start  17: RandomUTest
 17/129 Test  #17: RandomUTest ......................   Passed    0.75 sec
        Start  18: ReductUTest
 18/129 Test  #18: ReductUTest ......................   Passed    0.20 sec
        Start  19: RewriteLinkUTest
 19/129 Test  #19: RewriteLinkUTest .................   Passed    0.33 sec
        Start  20: ScopeLinkUTest
 20/129 Test  #20: ScopeLinkUTest ...................   Passed    0.18 sec
        Start  21: PutLinkUTest
 21/129 Test  #21: PutLinkUTest .....................   Passed    0.96 sec
        Start  22: QuotationUTest
 22/129 Test  #22: QuotationUTest ...................   Passed    0.19 sec
        Start  23: HashUTest
 23/129 Test  #23: HashUTest ........................   Passed    1.27 sec
        Start  24: AlphaConvertUTest
 24/129 Test  #24: AlphaConvertUTest ................   Passed    0.02 sec
        Start  25: BetaReduceUTest
 25/129 Test  #25: BetaReduceUTest ..................   Passed    0.01 sec
        Start  26: DefineLinkUTest
 26/129 Test  #26: DefineLinkUTest ..................   Passed    0.06 sec
        Start  27: DeleteLinkUTest
 27/129 Test  #27: DeleteLinkUTest ..................   Passed    0.01 sec
        Start  28: EqualLinkUTest
 28/129 Test  #28: EqualLinkUTest ...................   Passed    0.01 sec
        Start  29: GroundedSchemaLocalUTest
 29/129 Test  #29: GroundedSchemaLocalUTest .........   Passed    0.01 sec
        Start  30: StateLinkUTest
 30/129 Test  #30: StateLinkUTest ...................   Passed    0.02 sec
        Start  31: VariablesUTest
 31/129 Test  #31: VariablesUTest ...................   Passed    0.02 sec
        Start  32: ExistsLinkUTest
 32/129 Test  #32: ExistsLinkUTest ..................   Passed    0.03 sec
        Start  33: ValueOfUTest
 33/129 Test  #33: ValueOfUTest .....................   Passed    0.02 sec
        Start  34: StreamUTest
 34/129 Test  #34: StreamUTest ......................   Passed    0.31 sec
        Start  35: IdenticalLinkUTest
 35/129 Test  #35: IdenticalLinkUTest ...............   Passed    0.02 sec
        Start  36: SimpleTruthValueUTest
 36/129 Test  #36: SimpleTruthValueUTest ............   Passed    0.00 sec
        Start  37: EvidenceCountTruthValueUTest
 37/129 Test  #37: EvidenceCountTruthValueUTest .....   Passed    0.00 sec
        Start  38: TVMergeUTest
 38/129 Test  #38: TVMergeUTest .....................   Passed    0.00 sec
        Start  39: AtomUtilsUTest
 39/129 Test  #39: AtomUtilsUTest ...................   Passed    0.01 sec
        Start  40: FindUtilsUTest
 40/129 Test  #40: FindUtilsUTest ...................   Passed    0.01 sec
        Start  41: FuzzyUTest
 41/129 Test  #41: FuzzyUTest .......................   Passed    0.01 sec
        Start  42: NeighborUTest
 42/129 Test  #42: NeighborUTest ....................   Passed    0.01 sec
        Start  43: UnifyUTest
 43/129 Test  #43: UnifyUTest .......................   Passed    8.39 sec
        Start  44: AtomSpaceUtilsUTest
 44/129 Test  #44: AtomSpaceUtilsUTest ..............   Passed    0.00 sec
        Start  45: AttentionValueUTest
 45/129 Test  #45: AttentionValueUTest ..............   Passed    0.01 sec
        Start  46: AttentionUTest
 46/129 Test  #46: AttentionUTest ...................   Passed    0.03 sec
        Start  47: BankImplUTest
 47/129 Test  #47: BankImplUTest ....................   Passed    0.01 sec
        Start  48: BankAsyncUTest
 48/129 Test  #48: BankAsyncUTest ...................   Passed    0.01 sec
        Start  49: AttentionalFocusCBUTest
 49/129 Test  #49: AttentionalFocusCBUTest ..........   Passed    0.39 sec
        Start  50: GearmanUTest
 50/129 Test  #50: GearmanUTest .....................   Passed    2.23 sec
        Start  51: BasicSCMUTest
 51/129 Test  #51: BasicSCMUTest ....................   Passed    0.92 sec
        Start  52: SCMPrimitiveUTest
 52/129 Test  #52: SCMPrimitiveUTest ................   Passed    0.46 sec
        Start  53: MultiAtomSpaceUTest
 53/129 Test  #53: MultiAtomSpaceUTest ..............   Passed    1.08 sec
        Start  54: MultiThreadUTest
 54/129 Test  #54: MultiThreadUTest .................   Passed    4.00 sec
        Start  55: SCMUtilsUTest
 55/129 Test  #55: SCMUtilsUTest ....................   Passed    0.34 sec
        Start  56: SCMExecutionOutputUTest
 56/129 Test  #56: SCMExecutionOutputUTest ..........   Passed    0.25 sec
        Start  57: SCMOpenogTestRunnerPass
 57/129 Test  #57: SCMOpenogTestRunnerPass ..........   Passed    0.10 sec
        Start  58: SCMOpenogTestRunnerFail
 58/129 Test  #58: SCMOpenogTestRunnerFail ..........   Passed    0.06 sec
        Start  59: VectorAPIUTest
 59/129 Test  #59: VectorAPIUTest ...................***Failed    5.23 sec
Running cxxtest tests (6 tests);;; note: auto-compilation is enabled, set GUILE_AUTO_COMPILE=0
;;;       or pass the --no-auto-compile argument to disable.
;;; compiling ../../../tests/matrix/basic-api.scm
;;; compiling /home/opencog/atomspace/build/opencog/scm/opencog/persist.scm
;;; compiled /home/jenkins/.cache/guile/ccache/2.2-LE-8-3.A/home/opencog/atomspace/build/opencog/scm/opencog/persist.scm.go
;;; compiling /home/opencog/atomspace/build/opencog/scm/opencog/matrix.scm
;;; compiled /home/jenkins/.cache/guile/ccache/2.2-LE-8-3.A/home/opencog/atomspace/build/opencog/scm/opencog/matrix.scm.go
;;; compiling /home/opencog/atomspace/build/opencog/scm/opencog/matrix/object-api.scm
;;; compiling /home/opencog/atomspace/build/opencog/scm/opencog/exec.scm
;;; compiled /home/jenkins/.cache/guile/ccache/2.2-LE-8-3.A/home/opencog/atomspace/build/opencog/scm/opencog/exec.scm.go
;;; compiled /home/jenkins/.cache/guile/ccache/2.2-LE-8-3.A/home/opencog/atomspace/build/opencog/scm/opencog/matrix/object-api.scm.go
;;; compiling /home/opencog/atomspace/build/opencog/scm/opencog/matrix/dynamic.scm
;;; compiled /home/jenkins/.cache/guile/ccache/2.2-LE-8-3.A/home/opencog/atomspace/build/opencog/scm/opencog/matrix/dynamic.scm.go
;;; compiling /home/opencog/atomspace/build/opencog/scm/opencog/matrix/support.scm
;;; compiled /home/jenkins/.cache/guile/ccache/2.2-LE-8-3.A/home/opencog/atomspace/build/opencog/scm/opencog/matrix/support.scm.go
;;; compiling /home/opencog/atomspace/build/opencog/scm/opencog/matrix/transpose.scm
;;; compiled /home/jenkins/.cache/guile/ccache/2.2-LE-8-3.A/home/opencog/atomspace/build/opencog/scm/opencog/matrix/transpose.scm.go
;;; compiling /home/opencog/atomspace/build/opencog/scm/opencog/matrix/report-api.scm
;;; compiled /home/jenkins/.cache/guile/ccache/2.2-LE-8-3.A/home/opencog/atomspace/build/opencog/scm/opencog/matrix/report-api.scm.go
;;; compiling /home/opencog/atomspace/build/opencog/scm/opencog/matrix/fold-api.scm
;;; compiled /home/jenkins/.cache/guile/ccache/2.2-LE-8-3.A/home/opencog/atomspace/build/opencog/scm/opencog/matrix/fold-api.scm.go
;;; compiling /home/opencog/atomspace/build/opencog/scm/opencog/matrix/loop-api.scm
;;; compiled /home/jenkins/.cache/guile/ccache/2.2-LE-8-3.A/home/opencog/atomspace/build/opencog/scm/opencog/matrix/loop-api.scm.go
;;; compiling /home/opencog/atomspace/build/opencog/scm/opencog/matrix/bin-count.scm
;;; compiled /home/jenkins/.cache/guile/ccache/2.2-LE-8-3.A/home/opencog/atomspace/build/opencog/scm/opencog/matrix/bin-count.scm.go
;;; compiling /home/opencog/atomspace/build/opencog/scm/opencog/matrix/symmetric-mi.scm
;;; compiled /home/jenkins/.cache/guile/ccache/2.2-LE-8-3.A/home/opencog/atomspace/build/opencog/scm/opencog/matrix/symmetric-mi.scm.go
;;; compiling /home/opencog/atomspace/build/opencog/scm/opencog/matrix/cosine.scm
;;; compiled /home/jenkins/.cache/guile/ccache/2.2-LE-8-3.A/home/opencog/atomspace/build/opencog/scm/opencog/matrix/cosine.scm.go
;;; compiling /home/opencog/atomspace/build/opencog/scm/opencog/matrix/entropy.scm
;;; compiled /home/jenkins/.cache/guile/ccache/2.2-LE-8-3.A/home/opencog/atomspace/build/opencog/scm/opencog/matrix/entropy.scm.go
;;; compiling /home/opencog/atomspace/build/opencog/scm/opencog/matrix/compute-mi.scm
;;; compiled /home/jenkins/.cache/guile/ccache/2.2-LE-8-3.A/home/opencog/atomspace/build/opencog/scm/opencog/matrix/compute-mi.scm.go
;;; compiling /home/opencog/atomspace/build/opencog/scm/opencog/matrix/trans-batch.scm
;;; compiled /home/jenkins/.cache/guile/ccache/2.2-LE-8-3.A/home/opencog/atomspace/build/opencog/scm/opencog/matrix/trans-batch.scm.go
;;; compiling /home/opencog/atomspace/build/opencog/scm/opencog/matrix/filter.scm
;;; opencog/matrix/filter.scm:129:28: warning: possibly unbound variable `PAIR'
;;; compiled /home/jenkins/.cache/guile/ccache/2.2-LE-8-3.A/home/opencog/atomspace/build/opencog/scm/opencog/matrix/filter.scm.go
;;; compiling /home/opencog/atomspace/build/opencog/scm/opencog/matrix/similarity-api.scm
;;; compiled [2018-12-27 22:34:57:253] [DEBUG] BEGIN TEST: test_basic
Load of data >>>
Got >>>#t
Got >>>#t
[2018-12-27 22:34:57:297] [DEBUG] END TEST: test_basic
.[2018-12-27 22:34:57:300] [DEBUG] BEGIN TEST: test_marginals
Load of data >>>
[2018-12-27 22:34:57:336] [ERROR] Cannot connect to database: could not connect to server: No such file or directory
	Is the server running locally and accepting
	connections on Unix domain socket "/var/run/postgresql/.s.PGSQL.5432"?
 (/home/opencog/atomspace/opencog/persist/sql/multi-driver/ll-pg-cxx.cc:54)
	Stack Trace:
	2: Logger.cc:513	  opencog::Logger::logva(opencog::Logger::Level, char const*, __va_list_tag*)
	3: Logger.cc:525	  opencog::Logger::Error::operator()(char const*, ...)
	4: exceptions.cc:55	  opencog::StandardException::parse_error_message(char const*, __va_list_tag*, bool)
	5: exceptions.cc:82	  opencog::StandardException::parse_error_message(char const*, char const*, __va_list_tag*, bool)
	6: exceptions.cc:142	  opencog::RuntimeException::RuntimeException(char const*, char const*, ...)
	7: ll-pg-cxx.cc:55	  LLPGConnection::LLPGConnection(char const*)
	8: SQLAtomStorage.cc:106	  opencog::SQLAtomStorage::init(char const*)
	9: SQLAtomStorage.cc:161	  opencog::SQLAtomStorage::SQLAtomStorage(std::__cxx11::basic_string<char, std::char_traits<char>, std::allocator<char> >)
	10: SQLPersistSCM.cc:98	  opencog::SQLPersistSCM::do_open(std::__cxx11::basic_string<char, std::char_traits<char>, std::allocator<char> > const&)
	11: SchemePrimitive.h:315	  void opencog::SchemePrimitiveBase<void, opencog::SQLPersistSCM, std::__cxx11::basic_string<char, std::char_traits<char>, std::allocator<char> > const&>::conv_call_method<0ul>(scm_unused_struct*, std::integer_sequence<unsigned long, 0ul>)
	12: SchemePrimitive.cc:162	  opencog::PrimitiveEnviron::do_call(scm_unused_struct*, scm_unused_struct*)
	13: vm-engine.c:787	vm_regular_engine()
	14: vm.c:1258	scm_call_n()
	15: eval.c:502	scm_call_3()
	16: vm-engine.c:787	vm_regular_engine()
	17: vm.c:1258	scm_call_n()
	18: throw.c:139	catch()
	19: SchemeEval.cc:590	  opencog::SchemeEval::do_eval(std::__cxx11::basic_string<char, std::char_traits<char>, std::allocator<char> > const&)
	20: SchemeEval.cc:509	  opencog::SchemeEval::c_wrap_eval(void*)
	21: continuations.c:422	c_body()
	22: vm-engine.c:787	vm_regular_engine()
	23: vm.c:1258	scm_call_n()
	24: throw.c:139	catch()
	25: continuations.c:367	scm_i_with_continuation_barrier()
	26: continuations.c:461	scm_c_with_continuation_barrier()
	27: [0x21097] ??() ??:0
	28: threads.c:690	with_guile()
	29: [0x1b3c2] ??() ??:0
	30: threads.c:711	scm_with_guile()
	31: SchemeEval.cc:480	  opencog::SchemeEval::eval_expr(std::__cxx11::basic_string<char, std::char_traits<char>, std::allocator<char> > const&)
	32: SchemeEval.h:161	  opencog::SchemeEval::eval(std::__cxx11::basic_string<char, std::char_traits<char>, std::allocator<char> > const&)
	33: VectorAPIUTest.cxxtest:175	  VectorAPIUTest::test_marginals()
	34: RealDescriptions.cpp:125	  CxxTest::RealTestDescription::run()
	35: TestRunner.h:104	  CxxTest::TestRunner::runTest(CxxTest::TestDescription&)
	36: VectorAPIUTest.cpp:20	main()
	37: [0x202e1] ??() ??:0
	38: [0xe18a] ??() ??:0


In VectorAPIUTest::test_marginals:
/home/opencog/atomspace/build/tests/matrix/../../../tests/matrix/VectorAPIUTest.cxxtest:176: Error: Test failed: Caught scm error during eval
/home/opencog/atomspace/build/tests/matrix/../../../tests/matrix/VectorAPIUTest.cxxtest:176: Error: Assertion failed: (false == eval->eval_error())
[2018-12-27 22:34:57:454] [ERROR] No backing store (/home/opencog/atomspace/opencog/atomspace/AtomSpace.cc:335)
	Stack Trace:
	2: Logger.cc:513	  opencog::Logger::logva(opencog::Logger::Level, char const*, __va_list_tag*)
	3: Logger.cc:525	  opencog::Logger::Error::operator()(char const*, ...)
	4: exceptions.cc:55	  opencog::StandardException::parse_error_message(char const*, __va_list_tag*, bool)
	5: exceptions.cc:82	  opencog::StandardException::parse_error_message(char const*, char const*, __va_list_tag*, bool)
	6: exceptions.cc:142	  opencog::RuntimeException::RuntimeException(char const*, char const*, ...)
	7: AtomSpace.cc:338	  opencog::AtomSpace::store_atom(opencog::Handle const&)
	8: shared_ptr_base.h:926	  std::__shared_ptr<opencog::Atom, (__gnu_cxx::_Lock_policy)2>::__shared_ptr(std::__shared_ptr<opencog::Atom, (__gnu_cxx::_Lock_policy)2> const&)
	9: shared_ptr_base.h:661	  std::__shared_count<(__gnu_cxx::_Lock_policy)2>::~__shared_count()
	10: SchemePrimitive.cc:162	  opencog::PrimitiveEnviron::do_call(scm_unused_struct*, scm_unused_struct*)
	11: vm-engine.c:787	vm_regular_engine()
	12: vm.c:1258	scm_call_n()
	13: eval.c:502	scm_call_3()
	14: vm-engine.c:787	vm_regular_engine()
	15: vm.c:1258	scm_call_n()
	16: throw.c:139	catch()
	17: SchemeEval.cc:590	  opencog::SchemeEval::do_eval(std::__cxx11::basic_string<char, std::char_traits<char>, std::allocator<char> > const&)
	18: SchemeEval.cc:509	  opencog::SchemeEval::c_wrap_eval(void*)
	19: continuations.c:422	c_body()
	20: vm-engine.c:787	vm_regular_engine()
	21: vm.c:1258	scm_call_n()
	22: throw.c:139	catch()
	23: continuations.c:367	scm_i_with_continuation_barrier()
	24: continuations.c:461	scm_c_with_continuation_barrier()
	25: [0x21097] ??() ??:0
	26: threads.c:690	with_guile()
	27: [0x1b3c2] ??() ??:0
	28: threads.c:711	scm_with_guile()
	29: SchemeEval.cc:480	  opencog::SchemeEval::eval_expr(std::__cxx11::basic_string<char, std::char_traits<char>, std::allocator<char> > const&)
	30: SchemeEval.h:161	  opencog::SchemeEval::eval(std::__cxx11::basic_string<char, std::char_traits<char>, std::allocator<char> > const&)
	31: VectorAPIUTest.cxxtest:179	  VectorAPIUTest::test_marginals()
	32: RealDescriptions.cpp:125	  CxxTest::RealTestDescription::run()
	33: TestRunner.h:104	  CxxTest::TestRunner::runTest(CxxTest::TestDescription&)
	34: VectorAPIUTest.cpp:20	main()
	35: [0x202e1] ??() ??:0
	36: [0xe18a] ??() ??:0

Batch >>>Start computing the basis
Support: found num left= 3 num right= 4 in 0 secs
Finished left norm marginals in 0 secs
Finished left totals in 0 secs
Finished right norm marginals in 0 secs
Finished right totals in 0 secs
Done with wild-card count N(x,*) and N(*,y) in 0 secs
Total count N(*,*) = 22.0 = 22.0
Finished column (left) norm averages in 0 secs
Finished row (right) norm averages in 0 secs
Going to do individual pair frequencies
Done computing 7 pairs in 0 secs
Start computing log P(*,y)
Done computing 4 left-wilds in 0 secs
Done with -log P(*,y), start -log P(x,*)
Done computing 3 right-wilds in 0 secs
Backtrace:
           8 (apply-smob/1 #<catch-closure 56208a972d20>)
           7 (apply-smob/1 #<catch-closure 56208a972c20>)
In ice-9/boot-9.scm:
   2312:4  6 (save-module-excursion #<procedure 56208a9554e0 at ice-…>)
In ice-9/eval-string.scm:
     38:6  5 (read-and-eval #<input: string 56208a959310> #:lang _)
In opencog/matrix/compute-mi.scm:
    577:8  4 (batch-all-pair-mi _)
   427:24  3 (_ _ . _)
In unknown file:
           2 (opencog-extension store-atom (#))
In ice-9/boot-9.scm:
   751:25  1 (dispatch-exception 0 C++-EXCEPTION ("store-atom" "No…"))
In unknown file:
           0 (apply-smob/1 #<catch-closure 56208a972be0> # "store-a…" …)

ERROR: In procedure apply-smob/1:
In procedure store-atom: No backing store (/home/opencog/atomspace/opencog/atomspace/AtomSpace.cc:335)
Function args:
((EvaluationLink (ctv 0 0 22)
   (PredicateNode "foo")
   (ListLink
      (AnyNode "left-wild")
      (AnyNode "right-wild")
   )
)
)
ABORT: C++-EXCEPTION
/home/opencog/atomspace/build/tests/matrix/../../../tests/matrix/VectorAPIUTest.cxxtest:181: Error: Test failed: Caught scm error during eval
/home/opencog/atomspace/build/tests/matrix/../../../tests/matrix/VectorAPIUTest.cxxtest:181: Error: Assertion failed: (false == eval->eval_error())
[2018-12-27 22:34:57:553] [ERROR] sql-close: Error: Database not open (/home/opencog/atomspace/opencog/persist/sql/multi-driver/SQLPersistSCM.cc:118)
	Stack Trace:
	2: Logger.cc:513	  opencog::Logger::logva(opencog::Logger::Level, char const*, __va_list_tag*)
	3: Logger.cc:525	  opencog::Logger::Error::operator()(char const*, ...)
	4: exceptions.cc:55	  opencog::StandardException::parse_error_message(char const*, __va_list_tag*, bool)
	5: exceptions.cc:82	  opencog::StandardException::parse_error_message(char const*, char const*, __va_list_tag*, bool)
	6: exceptions.cc:142	  opencog::RuntimeException::RuntimeException(char const*, char const*, ...)
	7: SQLPersistSCM.cc:119	  opencog::SQLPersistSCM::do_close()
	8: SchemePrimitive.h:433	  opencog::SchemePrimitive<void, opencog::SQLPersistSCM>::invoke(scm_unused_struct*)
	9: SchemePrimitive.cc:162	  opencog::PrimitiveEnviron::do_call(scm_unused_struct*, scm_unused_struct*)
	10: vm-engine.c:787	vm_regular_engine()
	11: vm.c:1258	scm_call_n()
	12: eval.c:502	scm_call_3()
	13: vm-engine.c:787	vm_regular_engine()
	14: vm.c:1258	scm_call_n()
	15: throw.c:139	catch()
	16: SchemeEval.cc:590	  opencog::SchemeEval::do_eval(std::__cxx11::basic_string<char, std::char_traits<char>, std::allocator<char> > const&)
	17: SchemeEval.cc:509	  opencog::SchemeEval::c_wrap_eval(void*)
	18: continuations.c:422	c_body()
	19: vm-engine.c:787	vm_regular_engine()
	20: vm.c:1258	scm_call_n()
	21: throw.c:139	catch()
	22: continuations.c:367	scm_i_with_continuation_barrier()
	23: continuations.c:461	scm_c_with_continuation_barrier()
	24: [0x21097] ??() ??:0
	25: threads.c:690	with_guile()
	26: [0x1b3c2] ??() ??:0
	27: threads.c:711	scm_with_guile()
	28: SchemeEval.cc:480	  opencog::SchemeEval::eval_expr(std::__cxx11::basic_string<char, std::char_traits<char>, std::allocator<char> > const&)
	29: SchemeEval.h:161	  opencog::SchemeEval::eval(std::__cxx11::basic_string<char, std::char_traits<char>, std::allocator<char> > const&)
	30: VectorAPIUTest.cxxtest:183	  VectorAPIUTest::test_marginals()
	31: RealDescriptions.cpp:125	  CxxTest::RealTestDescription::run()
	32: TestRunner.h:104	  CxxTest::TestRunner::runTest(CxxTest::TestDescription&)
	33: VectorAPIUTest.cpp:20	main()
	34: [0x202e1] ??() ??:0
	35: [0xe18a] ??() ??:0

/home/opencog/atomspace/build/tests/matrix/../../../tests/matrix/VectorAPIUTest.cxxtest:184: Error: Test failed: Caught scm error during eval
/home/opencog/atomspace/build/tests/matrix/../../../tests/matrix/VectorAPIUTest.cxxtest:184: Error: Assertion failed: (false == eval->eval_error())
---------------------------------------------------------
Expect Left size=3 got=3
Expect Right size=4 got=4
Expect Wild-wild count=22 got=22.0
Expect chicken stars=3 got=3
Expect dog stars=3 got=3
Expect table stars=1 got=1
Expect legs stars=3 got=3
Expect eyes stars=2 got=2
Expect wings stars=1 got=1
Expect snouts stars=1 got=1
---------------------------------------------------------
Expect chicken support=3 got=3.0
Expect dog support=3 got=3.0
Expect table support=1 got=1.0
Expect legs support=3 got=3.0
Expect eyes support=2 got=2.0
Expect wings support=1 got=1.0
Expect snouts support=1 got=1.0
---------------------------------------------------------
Expect chicken count=11 got=11.0
Expect dog count=7 got=7.0
Expect table count=4 got=4.0
Expect legs count=11 got=11.0
Expect eyes count=4 got=4.0
Expect wings count=6 got=6.0
Expect snouts count=1 got=1.0
---------------------------------------------------------
Expect chicken support set size=3 got=3
Expect chicken support=3 got=3
Expect dog support=3 got=3
Expect table support=1 got=1
Expect legs stars=3 got=3
Expect wings stars=1 got=1
Expect eyes stars=2 got=2
Expect snouts stars=1 got=1
Expect total support left=7 got=7.0
Expect total support right=7 got=7.0
Expect total count left=22 got=22.0
Expect total count right=22 got=22.0
---------------------------------------------------------
Expect chicken wild-freq=0.500000 got=0.5
Expect dog wild-freq=0.318182 got=0.3181818181818182
Expect table wild-freq=0.181818 got=0.18181818181818182
---------------------------------------------------------
Expect total right support=2.636364 got=2.6363636363636362
Expect total left support=2.181818 got=2.1818181818181817
Expect total right count=8.454545 got=8.454545454545455
Expect total left count=7.909091 got=7.909090909090909
---------------------------------------------------------
Expect left dimension=3 got=3
Expect right dimension=4 got=4
Expect num-pairs=7 got=7
Expect total-count=22 got=22.0
Expect report right support=2.636364 got=2.6363636363636362
Expect report left support=2.181818 got=2.1818181818181817
Expect report right count=8.454545 got=8.454545454545455
Expect report left count=7.909091 got=7.909090909090909
---------------------------------------------------------
Expect chicken wild-mi=0.153481 got=Backtrace:
           6 (apply-smob/1 #<catch-closure 56208a324240>)
           5 (apply-smob/1 #<catch-closure 56208a324140>)
In ice-9/boot-9.scm:
   2312:4  4 (save-module-excursion #<procedure 56208a2e2520 at ice-…>)
In ice-9/eval-string.scm:
     38:6  3 (read-and-eval #<input: string 56208aadc930> #:lang _)
In unknown file:
           2 (scm-error misc-error #f "~A ~S" ("No such value! D…" …) …)
In ice-9/boot-9.scm:
   751:25  1 (dispatch-exception 0 misc-error (#f "~A ~S" ("No…" …) …))
In unknown file:
           0 (apply-smob/1 #<catch-closure 56208a324100> misc-error # …)

ERROR: In procedure apply-smob/1:
No such value! Did you forget to compute frequencies?
 (EvaluationLink
   (PredicateNode "foo")
   (ListLink
      (WordNode "chicken")
      (AnyNode "right-wild")
   )
)

ABORT: misc-error
/home/opencog/atomspace/build/tests/matrix/../../../tests/matrix/VectorAPIUTest.cxxtest:373: Error: Test failed: Caught scm error during eval
/home/opencog/atomspace/build/tests/matrix/../../../tests/matrix/VectorAPIUTest.cxxtest:373: Error: Assertion failed: (false == eval->eval_error())
/home/opencog/atomspace/build/tests/matrix/../../../tests/matrix/VectorAPIUTest.cxxtest:373: Error: Test failed: chicken wild-mi
/home/opencog/atomspace/build/tests/matrix/../../../tests/matrix/VectorAPIUTest.cxxtest:373: Error: Expected (chmi-1.0e-9 < atof(num.c_str())), found (0.1534 >= 0.0000)
Expect dog wild-mi=0.169400 got=Backtrace:
           6 (apply-smob/1 #<catch-closure 562089f5ee60>)
           5 (apply-smob/1 #<catch-closure 562089f5eba0>)
In ice-9/boot-9.scm:
   2312:4  4 (save-module-excursion #<procedure 562089f56920 at ice-…>)
In ice-9/eval-string.scm:
     38:6  3 (read-and-eval #<input: string 562089dda9a0> #:lang _)
In unknown file:
           2 (scm-error misc-error #f "~A ~S" ("No such value! D…" …) …)
In ice-9/boot-9.scm:
   751:25  1 (dispatch-exception 0 misc-error (#f "~A ~S" ("No…" …) …))
In unknown file:
           0 (apply-smob/1 #<catch-closure 562089f5eb60> misc-error # …)

ERROR: In procedure apply-smob/1:
No such value! Did you forget to compute frequencies?
 (EvaluationLink
   (PredicateNode "foo")
   (ListLink
      (WordNode "dog")
      (AnyNode "right-wild")
   )
)

ABORT: misc-error
/home/opencog/atomspace/build/tests/matrix/../../../tests/matrix/VectorAPIUTest.cxxtest:383: Error: Test failed: Caught scm error during eval
/home/opencog/atomspace/build/tests/matrix/../../../tests/matrix/VectorAPIUTest.cxxtest:383: Error: Assertion failed: (false == eval->eval_error())
/home/opencog/atomspace/build/tests/matrix/../../../tests/matrix/VectorAPIUTest.cxxtest:383: Error: Test failed: dog wild-mi
/home/opencog/atomspace/build/tests/matrix/../../../tests/matrix/VectorAPIUTest.cxxtest:383: Error: Expected (domi-1.0e-9 < atof(num.c_str())), found (0.1694 >= 0.0000)
Expect table wild-mi=0.181818 got=Backtrace:
           6 (apply-smob/1 #<catch-closure 56208a7f08e0>)
           5 (apply-smob/1 #<catch-closure 56208a7f07e0>)
In ice-9/boot-9.scm:
   2312:4  4 (save-module-excursion #<procedure 56208a9b6420 at ice-…>)
In ice-9/eval-string.scm:
     38:6  3 (read-and-eval #<input: string 56208a7f1a10> #:lang _)
In unknown file:
           2 (scm-error misc-error #f "~A ~S" ("No such value! D…" …) …)
In ice-9/boot-9.scm:
   751:25  1 (dispatch-exception 0 misc-error (#f "~A ~S" ("No…" …) …))
In unknown file:
           0 (apply-smob/1 #<catch-closure 56208a7f07a0> misc-error # …)

ERROR: In procedure apply-smob/1:
No such value! Did you forget to compute frequencies?
 (EvaluationLink
   (PredicateNode "foo")
   (ListLink
      (WordNode "table")
      (AnyNode "right-wild")
   )
)

ABORT: misc-error
/home/opencog/atomspace/build/tests/matrix/../../../tests/matrix/VectorAPIUTest.cxxtest:393: Error: Test failed: Caught scm error during eval
/home/opencog/atomspace/build/tests/matrix/../../../tests/matrix/VectorAPIUTest.cxxtest:393: Error: Assertion failed: (false == eval->eval_error())
/home/opencog/atomspace/build/tests/matrix/../../../tests/matrix/VectorAPIUTest.cxxtest:393: Error: Test failed: table wild-mi
/home/opencog/atomspace/build/tests/matrix/../../../tests/matrix/VectorAPIUTest.cxxtest:393: Error: Expected (tami-1.0e-9 < atof(num.c_str())), found (0.1818 >= 0.0000)
Expect report total mi=0.504700 got=Backtrace:
           6 (apply-smob/1 #<catch-closure 56208a36b580>)
           5 (apply-smob/1 #<catch-closure 56208a36b480>)
In ice-9/boot-9.scm:
   2312:4  4 (save-module-excursion #<procedure 56208aa2fd00 at ice-…>)
In ice-9/eval-string.scm:
     38:6  3 (read-and-eval #<input: string 56208aa2aa80> #:lang _)
In unknown file:
           2 (cog-value-ref () 0)
In ice-9/boot-9.scm:
   751:25  1 (dispatch-exception 0 wrong-type-arg ("cog-value-ref" …))
In unknown file:
           0 (apply-smob/1 #<catch-closure 56208a36b440> # "cog-val…" …)

ERROR: In procedure apply-smob/1:
In procedure cog-value-ref: Wrong type argument in position 1 (expecting opencog value): ()
ABORT: wrong-type-arg
/home/opencog/atomspace/build/tests/matrix/../../../tests/matrix/VectorAPIUTest.cxxtest:396: Error: Test failed: Caught scm error during eval
/home/opencog/atomspace/build/tests/matrix/../../../tests/matrix/VectorAPIUTest.cxxtest:396: Error: Assertion failed: (false == eval->eval_error())
/home/opencog/atomspace/build/tests/matrix/../../../tests/matrix/VectorAPIUTest.cxxtest:396: Error: Test failed: report total mi
/home/opencog/atomspace/build/tests/matrix/../../../tests/matrix/VectorAPIUTest.cxxtest:396: Error: Expected (chmi+domi+tami-1.0e-9 < atof(num.c_str())), found (0.5047 >= 0.0000)
[2018-12-27 22:34:57:671] [DEBUG] END TEST: test_marginals
[2018-12-27 22:34:57:674] [DEBUG] BEGIN TEST: test_cosines
Load of data >>>
Expect product (table,dog)=16.000000 got=16.0
Expect cosine (table,dog)=0.872872 got=0.8728715609439696
Expect product (chicken,table)=12.000000 got=12.0
Expect cosine (chicken,table)=0.428571 got=0.42857142857142855
Expect product (chicken,dog)=16.000000 got=16.0
Expect cosine (chicken,dog)=0.498784 got=0.4987837491108398
[2018-12-27 22:34:57:676] [DEBUG] END TEST: test_cosines
.[2018-12-27 22:34:57:679] [DEBUG] BEGIN TEST: test_fold
Load of data >>>
Expect length (table - dog)=2.236068 got=2.23606797749979
Expect length (chicken - dog)=6.164414 got=6.164414002968976
[2018-12-27 22:34:57:679] [DEBUG] END TEST: test_fold
.[2018-12-27 22:34:57:682] [DEBUG] BEGIN TEST: test_transpose
Load of data >>>
Support compute >>>Finished left norm marginals in 0 secs
Finished left totals in 0 secs
Finished right norm marginals in 0 secs
Finished right totals in 0 secs
#t
Transpose compute >>>Finished mmt norm marginals in 0 secs
Finished mmt totals in 0 secs
Finished mtm norm marginals in 0 secs
Finished mtm totals in 0 secs
#t
Expect mmt chicken =77.000000 got=77.0
Expect mmt dog =53.000000 got=53.0
Expect mmt table =44.000000 got=44.0
Expect mtm legs =77.000000 got=77.0
Expect mtm eyes =36.000000 got=36.0
Expect mtm wings =66.000000 got=66.0
Expect mtm snouts =7.000000 got=7.0
Expect api mmt chicken =77.000000 got=77.0
Expect api mmt dog =53.000000 got=53.0
Expect api mmt table =44.000000 got=44.0
Expect api mtm legs =77.000000 got=77.0
Expect api mtm eyes =36.000000 got=36.0
Expect api mtm wings =66.000000 got=66.0
Expect api mtm snouts =7.000000 got=7.0
Expect total-mmt =174.000000 got=174.0
Expect total-mtm =186.000000 got=186.0
Expect total-mmt =174.000000 got=174.0
Expect total-mtm =186.000000 got=186.0
[2018-12-27 22:34:57:687] [DEBUG] END TEST: test_transpose
.[2018-12-27 22:34:57:691] [DEBUG] BEGIN TEST: test_symmetric_mi
Load of data >>>
Support compute >>>Finished left norm marginals in 0 secs
Finished left totals in 0 secs
Finished right norm marginals in 0 secs
Finished right totals in 0 secs
#t
Transpose compute >>>Finished mmt norm marginals in 0 secs
Finished mmt totals in 0 secs
Finished mtm norm marginals in 0 secs
Finished mtm totals in 0 secs
#t
Expect chicken-dog fmi=-0.551763 got=-0.5517634994093722
Expect chicken-dog fmi again=-0.551763 got=-0.5517634994093722
Expect chicken-table fmi=-0.698312 got=-0.6983121627623141
Expect dog-table fmi=0.255591 got=0.25559142264823176
Expect chicken-chicken fmi=0.524080 got=0.5240802585741339
Expect dog-dog fmi=0.379420 got=0.3794200095010901
Expect table-table fmi=0.524080 got=0.5240802585741339
Expect wings-eyes fmi=-0.090198 got=-0.09019780897157814
Expect eyes-wings=-0.090198 got=-0.09019780897157814
Expect wings-eyes fmi=-0.090198 got=-0.09019780897157814
Expect eyes-legs fmi=-0.090198 got=-0.09019780897157814
Expect eyes-snouts fmi=0.561879 got=0.561878887608115
Expect wings-wings fmi=0.620296 got=0.6202955738334369
Expect wings-legs fmi=-0.602097 got=-0.6020968475030112
Expect legs-legs fmi=0.363138 got=0.36313773433631225
Expect legs-snouts fmi=0.465017 got=0.465017348355526
Expect snouts-snouts fmi=1.924449 got=1.9244489669928233
[2018-12-27 22:34:57:702] [DEBUG] END TEST: test_symmetric_mi
.
Failed 1 and Skipped 0 of 6 tests
Success rate: 83%
/home/jenkins/.cache/guile/ccache/2.2-LE-8-3.A/home/opencog/atomspace/build/opencog/scm/opencog/matrix/similarity-api.scm.go
;;; compiling /home/opencog/atomspace/build/opencog/scm/opencog/matrix/thresh-pca.scm
;;; compiled /home/jenkins/.cache/guile/ccache/2.2-LE-8-3.A/home/opencog/atomspace/build/opencog/scm/opencog/matrix/thresh-pca.scm.go
;;; compiled /home/jenkins/.cache/guile/ccache/2.2-LE-8-3.A/home/opencog/atomspace/tests/matrix/basic-api.scm.go
;;; compiling ../../../tests/matrix/basic-data.scm
;;; compiled /home/jenkins/.cache/guile/ccache/2.2-LE-8-3.A/home/opencog/atomspace/tests/matrix/basic-data.scm.go
;;; compiling /home/opencog/atomspace/build/opencog/scm/opencog/persist-sql.scm
;;; compiled /home/jenkins/.cache/guile/ccache/2.2-LE-8-3.A/home/opencog/atomspace/build/opencog/scm/opencog/persist-sql.scm.go

        Start  60: PatternUTest
 60/129 Test  #60: PatternUTest .....................   Passed    0.01 sec
        Start  61: StackUTest
 61/129 Test  #61: StackUTest .......................   Passed    0.02 sec
        Start  62: BigPatternUTest
 62/129 Test  #62: BigPatternUTest ..................   Passed    0.01 sec
        Start  63: BiggerPatternUTest
 63/129 Test  #63: BiggerPatternUTest ...............   Passed    0.01 sec
        Start  64: LoopPatternUTest
 64/129 Test  #64: LoopPatternUTest .................   Passed    0.02 sec
        Start  65: BooleanUTest
 65/129 Test  #65: BooleanUTest .....................   Passed    0.01 sec
        Start  66: Boolean2NotUTest
 66/129 Test  #66: Boolean2NotUTest .................   Passed    0.01 sec
        Start  67: ConstantClausesUTest
 67/129 Test  #67: ConstantClausesUTest .............   Passed    0.38 sec
        Start  68: PatternCrashUTest
 68/129 Test  #68: PatternCrashUTest ................   Passed    0.18 sec
        Start  69: DisconnectedUTest
 69/129 Test  #69: DisconnectedUTest ................   Passed    0.63 sec
        Start  70: ImplicationUTest
 70/129 Test  #70: ImplicationUTest .................   Passed    0.19 sec
        Start  71: ExecutionOutputUTest
 71/129 Test  #71: ExecutionOutputUTest .............   Passed    0.21 sec
        Start  72: BindTVUTest
 72/129 Test  #72: BindTVUTest ......................   Passed    0.22 sec
        Start  73: EvalLinkDefaultTVUTest
 73/129 Test  #73: EvalLinkDefaultTVUTest ...........   Passed    0.23 sec
        Start  74: BuggyStackUTest
 74/129 Test  #74: BuggyStackUTest ..................   Passed    0.33 sec
        Start  75: VarTypeNotUTest
 75/129 Test  #75: VarTypeNotUTest ..................   Passed    0.30 sec
        Start  76: BuggyNotUTest
 76/129 Test  #76: BuggyNotUTest ....................   Passed    0.29 sec
        Start  77: MatchLinkUTest
 77/129 Test  #77: MatchLinkUTest ...................   Passed    0.40 sec
        Start  78: UnorderedUTest
 78/129 Test  #78: UnorderedUTest ...................   Passed    0.69 sec
        Start  79: StackMoreUTest
 79/129 Test  #79: StackMoreUTest ...................   Passed    2.27 sec
        Start  80: GlobUTest
 80/129 Test  #80: GlobUTest ........................   Passed    1.14 sec
        Start  81: RecognizerUTest
 81/129 Test  #81: RecognizerUTest ..................   Passed    0.35 sec
        Start  82: ArcanaUTest
 82/129 Test  #82: ArcanaUTest ......................   Passed    4.58 sec
        Start  83: SubstitutionUTest
 83/129 Test  #83: SubstitutionUTest ................   Passed    0.29 sec
        Start  84: GetLinkUTest
 84/129 Test  #84: GetLinkUTest .....................   Passed    0.36 sec
        Start  85: NotLinkUTest
 85/129 Test  #85: NotLinkUTest .....................   Passed    0.18 sec
        Start  86: GetStateUTest
 86/129 Test  #86: GetStateUTest ....................   Passed    1.13 sec
        Start  87: DeepTypeUTest
 87/129 Test  #87: DeepTypeUTest ....................   Passed    0.31 sec
        Start  88: GreaterThanUTest
 88/129 Test  #88: GreaterThanUTest .................   Passed    0.35 sec
        Start  89: GreaterComputeUTest
 89/129 Test  #89: GreaterComputeUTest ..............   Passed    0.28 sec
        Start  90: SequenceUTest
 90/129 Test  #90: SequenceUTest ....................   Passed    0.47 sec
        Start  91: EvaluationUTest
 91/129 Test  #91: EvaluationUTest ..................   Passed    0.52 sec
        Start  92: DontExecUTest
 92/129 Test  #92: DontExecUTest ....................   Passed    0.35 sec
        Start  93: QuoteUTest
 93/129 Test  #93: QuoteUTest .......................   Passed    0.62 sec
        Start  94: UnquoteUTest
 94/129 Test  #94: UnquoteUTest .....................   Passed    0.01 sec
        Start  95: LocalQuoteUTest
 95/129 Test  #95: LocalQuoteUTest ..................   Passed    0.01 sec
        Start  96: BuggyLinkUTest
 96/129 Test  #96: BuggyLinkUTest ...................   Passed    0.25 sec
        Start  97: BuggyQuoteUTest
 97/129 Test  #97: BuggyQuoteUTest ..................   Passed    0.27 sec
        Start  98: BuggyEqualUTest
 98/129 Test  #98: BuggyEqualUTest ..................   Passed    0.33 sec
        Start  99: BuggySelfGroundUTest
 99/129 Test  #99: BuggySelfGroundUTest .............   Passed    0.22 sec
        Start 100: BuggyBindLinkUTest
100/129 Test #100: BuggyBindLinkUTest ...............   Passed    0.27 sec
        Start 101: ChoiceLinkUTest
101/129 Test #101: ChoiceLinkUTest ..................   Passed    0.94 sec
        Start 102: DefineUTest
102/129 Test #102: DefineUTest ......................   Passed    0.31 sec
        Start 103: FiniteStateMachineUTest
103/129 Test #103: FiniteStateMachineUTest ..........   Passed    0.25 sec
        Start 104: AbsentUTest
104/129 Test #104: AbsentUTest ......................   Passed    0.51 sec
        Start 105: SingleUTest
105/129 Test #105: SingleUTest ......................   Passed    0.23 sec
        Start 106: ScopeUTest
106/129 Test #106: ScopeUTest .......................   Passed    0.69 sec
        Start 107: NestedPutUTest
107/129 Test #107: NestedPutUTest ...................   Passed    0.23 sec
        Start 108: FirstNUTest
108/129 Test #108: FirstNUTest ......................   Passed    0.32 sec
        Start 109: SudokuUTest
109/129 Test #109: SudokuUTest ......................   Passed    0.45 sec
        Start 110: EinsteinUTest
110/129 Test #110: EinsteinUTest ....................   Passed    5.00 sec
        Start 111: TypeChoiceUTest
111/129 Test #111: TypeChoiceUTest ..................   Passed    0.01 sec
        Start 112: NoExceptionUTest
112/129 Test #112: NoExceptionUTest .................   Passed    0.27 sec
        Start 113: UREConfigUTest
113/129 Test #113: UREConfigUTest ...................   Passed    0.37 sec
        Start 114: BetaDistributionUTest
114/129 Test #114: BetaDistributionUTest ............   Passed    0.02 sec
        Start 115: ActionSelectionUTest
115/129 Test #115: ActionSelectionUTest .............   Passed    0.01 sec
        Start 116: RuleUTest
116/129 Test #116: RuleUTest ........................   Passed    0.70 sec
        Start 117: ForwardChainerUTest
117/129 Test #117: ForwardChainerUTest ..............   Passed    0.81 sec
        Start 118: BackwardChainerUTest
118/129 Test #118: BackwardChainerUTest .............   Passed    3.59 sec
        Start 119: ControlPolicyUTest
119/129 Test #119: ControlPolicyUTest ...............   Passed    0.34 sec
        Start 120: BITUTest
120/129 Test #120: BITUTest .........................   Passed    1.67 sec
        Start 121: GradientUTest
121/129 Test #121: GradientUTest ....................   Passed    0.02 sec
        Start 122: PythonEvalUTest
122/129 Test #122: PythonEvalUTest ..................   Passed    0.38 sec
        Start 123: PythonUtilitiesUTest
123/129 Test #123: PythonUtilitiesUTest .............   Passed    0.04 sec
        Start 124: Cython
124/129 Test #124: Cython ...........................   Passed    1.89 sec
        Start 125: CythonAtomSpace
125/129 Test #125: CythonAtomSpace ..................   Passed    1.25 sec
        Start 126: CythonUtilities
126/129 Test #126: CythonUtilities ..................   Passed    0.20 sec
        Start 127: CythonBindlink
127/129 Test #127: CythonBindlink ...................   Passed    0.20 sec
        Start 128: CythonBackwardchainer
128/129 Test #128: CythonBackwardchainer ............   Passed    0.64 sec
        Start 129: CythonGuile
129/129 Test #129: CythonGuile ......................   Passed    0.41 sec

99% tests passed, 1 tests failed out of 129

Total Test time (real) = 102.64 sec

The following tests FAILED:
	 59 - VectorAPIUTest (Failed)
Errors while running CTest
make[3]: *** [CMakeFiles/test] Error 8
make[2]: *** [CMakeFiles/test.dir/all] Error 2
CMakeFiles/test.dir/build.make:57: recipe for target 'CMakeFiles/test' failed
CMakeFiles/Makefile2:99: recipe for target 'CMakeFiles/test.dir/all' failed
CMakeFiles/Makefile2:106: recipe for target 'CMakeFiles/test.dir/rule' failed
Makefile:197: recipe for target 'test' failed
make[1]: *** [CMakeFiles/test.dir/rule] Error 2
make: *** [test] Error 2
+ DSTATUS=TESTFAIL
+ /var/lib/jenkins/status/updateStatus TESTFAIL /var/lib/jenkins/jobs/OpenCOG_DebStab_AtomSpace/builds/347/log OpenCOG_DebStab_AtomSpace
Auto packing the repository in background for optimum performance.
See "git help gc" for manual housekeeping.
error: The last gc run reported the following. Please correct the root cause
and remove .git/gc.log.
Automatic cleanup will not be performed until the file is removed.

error: pack-objects died of signal 15
error: failed to run repack

Already up-to-date.
